gcc -fopenmp -o demo.o demo.c -lm
./demo.o
demo
demo
demo
demo
MAX_FAILURES	= 10000
TARGET_STEPS	= 10000
LAST_STEPS	= 100
STEPSIZE (ms)	= 1.00
TAU      (ms)	= 20
MAX_FORCE 	= 1000

------------- Run 1 -------------
0 (0) L 0 R 1 push 1 force 0.00
1 (1) L 0 R 1 push 1 force 0.95
3 (3) L 0 R 1 push 1 force 4.39
9 (9) L 1 R 0 push -1 force 15.55
12 (12) L 0 R 1 push 1 force 16.09
13 (13) L 0 R 1 push 1 force 17.11
14 (14) L 1 R 0 push -1 force 18.95
15 (15) L 0 R 1 push 1 force 19.62
16 (16) L 1 R 0 push -1 force 21.13
18 (18) L 0 R 1 push 1 force 21.77
19 (19) L 0 R 1 push 1 force 22.92
20 (20) L 0 R 1 push 1 force 24.86
25 (25) L 0 R 1 push 1 force 35.15
26 (26) L 1 R 0 push -1 force 37.39
28 (28) L 1 R 0 push -1 force 39.18
32 (32) L 0 R 1 push 1 force 37.56
34 (34) L 0 R 1 push 1 force 38.28
35 (35) L 0 R 1 push 1 force 39.40
37 (37) L 0 R 1 push 1 force 42.88
40 (40) L 1 R 0 push -1 force 48.81
41 (41) L 1 R 0 push -1 force 49.26
54 (54) L 0 R 1 push 1 force 38.10
55 (55) L 0 R 1 push 1 force 38.10
56 (56) L 1 R 0 push -1 force 38.96
58 (58) L 0 R 1 push 1 force 38.36
59 (59) L 0 R 1 push 1 force 38.92
61 (61) L 0 R 1 push 1 force 41.42
62 (62) L 0 R 1 push 1 force 43.30
63 (63) L 0 R 1 push 1 force 45.86
64 (64) L 1 R 0 push -1 force 49.01
65 (65) L 1 R 0 push -1 force 50.79
69 (69) L 1 R 0 push -1 force 51.98
70 (70) L 1 R 0 push -1 force 50.97
72 (72) L 0 R 1 push 1 force 47.06
74 (74) L 1 R 0 push -1 force 45.24
75 (75) L 0 R 1 push 1 force 43.35
76 (76) L 0 R 1 push 1 force 42.49
80 (80) L 1 R 0 push -1 force 42.16
81 (81) L 0 R 1 push 1 force 40.90
82 (82) L 1 R 0 push -1 force 40.62
86 (86) L 0 R 1 push 1 force 35.60
87 (87) L 0 R 1 push 1 force 35.37
88 (88) L 1 R 0 push -1 force 36.03
90 (90) L 0 R 1 push 1 force 35.10
91 (91) L 0 R 1 push 1 force 35.54
92 (92) L 0 R 1 push 1 force 36.79
93 (93) L 1 R 0 push -1 force 38.79
95 (95) L 0 R 1 push 1 force 40.16
97 (97) L 1 R 0 push -1 force 42.73
98 (98) L 0 R 1 push 1 force 42.73
107 (100) L 0 R 1 push 1 force 44.96
17 (17) L 0 R 1 push 1 force 0.00
Pole not balanced. Stopping after 10000 failures 
Max steps: 2852, Total Steps: 6104466 
Firing rate (spikes/sec): 0.05 (L: 0.02, R: 0.03)
Number of spikes        : 298 (L: 141, R: 157)
Elapsed time: 1018 seconds

------------- Run 2 -------------
0 (0) L 0 R 1 push 1 force 0.00
4 (4) L 1 R 0 push -1 force 3.27
5 (5) L 0 R 1 push 1 force 2.94
6 (6) L 0 R 1 push 1 force 3.59
8 (8) L 0 R 1 push 1 force 6.48
9 (9) L 0 R 1 push 1 force 8.65
12 (12) L 0 R 1 push 1 force 16.46
13 (13) L 0 R 1 push 1 force 19.46
14 (14) L 1 R 0 push -1 force 23.09
17 (17) L 1 R 0 push -1 force 29.10
19 (19) L 1 R 0 push -1 force 30.09
21 (21) L 1 R 0 push -1 force 28.81
22 (22) L 0 R 1 push 1 force 27.21
26 (26) L 1 R 0 push -1 force 24.92
28 (28) L 0 R 1 push 1 force 21.93
29 (29) L 0 R 1 push 1 force 21.52
30 (30) L 0 R 1 push 1 force 22.04
31 (31) L 1 R 0 push -1 force 23.42
34 (34) L 0 R 1 push 1 force 23.90
35 (35) L 1 R 0 push -1 force 24.88
42 (42) L 0 R 1 push 1 force 23.15
44 (44) L 1 R 0 push -1 force 24.21
47 (47) L 1 R 0 push -1 force 22.47
52 (52) L 0 R 1 push 1 force 15.72
53 (53) L 0 R 1 push 1 force 15.57
54 (54) L 1 R 0 push -1 force 16.34
57 (57) L 0 R 1 push 1 force 15.44
59 (59) L 0 R 1 push 1 force 16.62
60 (60) L 0 R 1 push 1 force 18.01
61 (61) L 0 R 1 push 1 force 20.19
64 (64) L 1 R 0 push -1 force 27.84
68 (68) L 1 R 0 push -1 force 30.93
70 (70) L 1 R 0 push -1 force 29.87
72 (72) L 0 R 1 push 1 force 26.91
73 (73) L 0 R 1 push 1 force 26.50
74 (74) L 0 R 1 push 1 force 27.01
76 (76) L 0 R 1 push 1 force 29.51
79 (79) L 1 R 0 push -1 force 34.54
81 (81) L 1 R 0 push -1 force 34.95
82 (82) L 1 R 0 push -1 force 34.06
83 (83) L 0 R 1 push 1 force 32.22
86 (86) L 0 R 1 push 1 force 29.84
88 (88) L 1 R 0 push -1 force 30.09
89 (89) L 0 R 1 push 1 force 29.13
91 (91) L 0 R 1 push 1 force 29.10
92 (92) L 0 R 1 push 1 force 29.94
93 (93) L 0 R 1 push 1 force 31.58
96 (96) L 1 R 0 push -1 force 37.76
97 (97) L 0 R 1 push 1 force 38.32
98 (98) L 0 R 1 push 1 force 39.69
99 (99) L 0 R 1 push 1 force 41.78
100 (100) L 0 R 1 push 1 force 44.53
103 (100) L 0 R 1 push 1 force 50.68
104 (100) L 0 R 1 push 1 force 52.13
105 (100) L 0 R 1 push 1 force 53.31
106 (100) L 0 R 1 push 1 force 54.26
107 (100) L 1 R 0 push -1 force 54.98
110 (100) L 0 R 1 push 1 force 56.03
111 (100) L 0 R 1 push 1 force 56.06
113 (100) L 1 R 0 push -1 force 55.72
114 (100) L 1 R 0 push -1 force 55.38
115 (100) L 0 R 1 push 1 force 54.94
117 (100) L 0 R 1 push 1 force 53.80
118 (100) L 0 R 1 push 1 force 53.12
120 (100) L 0 R 1 push 1 force 51.59
121 (100) L 1 R 0 push -1 force 50.75
122 (100) L 1 R 0 push -1 force 49.87
123 (100) L 1 R 0 push -1 force 48.95
124 (100) L 0 R 1 push 1 force 48.00
125 (100) L 0 R 1 push 1 force 47.03
126 (100) L 0 R 1 push 1 force 46.04
128 (100) L 1 R 0 push -1 force 44.02
129 (100) L 1 R 0 push -1 force 43.00
130 (100) L 0 R 1 push 1 force 41.97
131 (100) L 0 R 1 push 1 force 40.94
132 (100) L 1 R 0 push -1 force 39.91
136 (100) L 0 R 1 push 1 force 35.84
137 (100) L 1 R 0 push -1 force 34.84
142 (100) L 0 R 1 push 1 force 30.06
315 (100) L 1 R 0 push -1 force 0.00
Pole not balanced. Stopping after 10000 failures 
Max steps: 3302, Total Steps: 6122232 
Firing rate (spikes/sec): 0.58 (L: 0.29, R: 0.29)
Number of spikes        : 3534 (L: 1757, R: 1777)
Elapsed time: 1020 seconds

------------- Run 3 -------------
0 (0) L 1 R 0 push -1 force 0.00
1 (1) L 1 R 0 push -1 force -0.95
2 (2) L 0 R 1 push 1 force -2.76
4 (4) L 0 R 1 push 1 force -4.05
5 (5) L 1 R 0 push -1 force -3.64
6 (6) L 0 R 1 push 1 force -4.21
9 (9) L 0 R 1 push 1 force -2.97
10 (10) L 1 R 0 push -1 force -1.66
11 (11) L 1 R 0 push -1 force -1.43
12 (12) L 0 R 1 push 1 force -2.17
13 (13) L 0 R 1 push 1 force -1.88
14 (14) L 0 R 1 push 1 force -0.67
16 (16) L 1 R 0 push -1 force 3.24
17 (17) L 0 R 1 push 1 force 3.96
18 (18) L 1 R 0 push -1 force 5.55
19 (19) L 0 R 1 push 1 force 6.03
21 (21) L 1 R 0 push -1 force 8.62
23 (23) L 1 R 0 push -1 force 8.85
24 (24) L 1 R 0 push -1 force 7.97
25 (25) L 0 R 1 push 1 force 6.20
26 (26) L 0 R 1 push 1 force 5.54
28 (28) L 1 R 0 push -1 force 6.17
29 (29) L 0 R 1 push 1 force 5.46
30 (30) L 1 R 0 push -1 force 5.77
31 (31) L 1 R 0 push -1 force 5.07
35 (35) L 0 R 1 push 1 force -0.46
37 (37) L 0 R 1 push 1 force -0.70
39 (39) L 1 R 0 push -1 force 0.93
40 (40) L 0 R 1 push 1 force 0.67
45 (45) L 1 R 0 push -1 force 3.60
47 (47) L 1 R 0 push -1 force 2.56
49 (49) L 1 R 0 push -1 force -0.13
50 (50) L 1 R 0 push -1 force -2.23
51 (51) L 0 R 1 push 1 force -5.08
54 (54) L 1 R 0 push -1 force -9.44
55 (55) L 0 R 1 push 1 force -11.53
56 (56) L 0 R 1 push 1 force -12.45
57 (57) L 0 R 1 push 1 force -12.30
58 (58) L 0 R 1 push 1 force -11.18
60 (60) L 0 R 1 push 1 force -7.38
61 (61) L 1 R 0 push -1 force -4.76
66 (66) L 1 R 0 push -1 force 1.19
67 (67) L 0 R 1 push 1 force 1.11
70 (70) L 0 R 1 push 1 force 3.48
72 (72) L 0 R 1 push 1 force 6.49
73 (73) L 0 R 1 push 1 force 8.71
79 (79) L 1 R 0 push -1 force 22.18
80 (80) L 0 R 1 push 1 force 22.64
82 (82) L 0 R 1 push 1 force 25.08
83 (83) L 1 R 0 push -1 force 27.00
84 (84) L 1 R 0 push -1 force 27.72
89 (89) L 1 R 0 push -1 force 25.61
90 (90) L 1 R 0 push -1 force 24.18
91 (91) L 1 R 0 push -1 force 21.87
94 (94) L 0 R 1 push 1 force 13.34
95 (95) L 1 R 0 push -1 force 11.89
97 (97) L 0 R 1 push 1 force 7.52
99 (99) L 1 R 0 push -1 force 5.69
101 (100) L 0 R 1 push 1 force 2.32
103 (100) L 1 R 0 push -1 force -0.46
104 (100) L 1 R 0 push -1 force -1.65
105 (100) L 0 R 1 push 1 force -2.73
106 (100) L 1 R 0 push -1 force -3.69
108 (100) L 1 R 0 push -1 force -5.33
109 (100) L 1 R 0 push -1 force -6.02
112 (100) L 1 R 0 push -1 force -7.62
115 (100) L 1 R 0 push -1 force -8.67
118 (100) L 1 R 0 push -1 force -9.27
120 (100) L 1 R 0 push -1 force -9.48
121 (100) L 0 R 1 push 1 force -9.54
122 (100) L 0 R 1 push 1 force -9.57
123 (100) L 1 R 0 push -1 force -9.57
124 (100) L 0 R 1 push 1 force -9.55
127 (100) L 0 R 1 push 1 force -9.38
128 (100) L 1 R 0 push -1 force -9.28
129 (100) L 0 R 1 push 1 force -9.18
130 (100) L 0 R 1 push 1 force -9.06
133 (100) L 0 R 1 push 1 force -8.66
134 (100) L 1 R 0 push -1 force -8.51
135 (100) L 0 R 1 push 1 force -8.35
136 (100) L 0 R 1 push 1 force -8.19
140 (100) L 0 R 1 push 1 force -7.51
143 (100) L 1 R 0 push -1 force -6.98
144 (100) L 0 R 1 push 1 force -6.80
146 (100) L 0 R 1 push 1 force -6.45
147 (100) L 0 R 1 push 1 force -6.28
148 (100) L 0 R 1 push 1 force -6.11
150 (100) L 1 R 0 push -1 force -5.77
152 (100) L 1 R 0 push -1 force -5.44
157 (100) L 1 R 0 push -1 force -4.67
158 (100) L 1 R 0 push -1 force -4.52
160 (100) L 1 R 0 push -1 force -4.24
161 (100) L 1 R 0 push -1 force -4.10
163 (100) L 1 R 0 push -1 force -3.84
164 (100) L 0 R 1 push 1 force -3.71
167 (100) L 0 R 1 push 1 force -3.35
168 (100) L 0 R 1 push 1 force -3.24
170 (100) L 0 R 1 push 1 force -3.02
171 (100) L 1 R 0 push -1 force -2.92
174 (100) L 0 R 1 push 1 force -2.62
176 (100) L 1 R 0 push -1 force -2.44
177 (100) L 0 R 1 push 1 force -2.35
178 (100) L 0 R 1 push 1 force -2.26
180 (100) L 1 R 0 push -1 force -2.10
182 (100) L 0 R 1 push 1 force -1.95
184 (100) L 0 R 1 push 1 force -1.81
185 (100) L 0 R 1 push 1 force -1.74
187 (100) L 0 R 1 push 1 force -1.62
190 (100) L 1 R 0 push -1 force -1.44
192 (100) L 0 R 1 push 1 force -1.33
193 (100) L 0 R 1 push 1 force -1.28
194 (100) L 1 R 0 push -1 force -1.23
195 (100) L 0 R 1 push 1 force -1.19
196 (100) L 0 R 1 push 1 force -1.14
198 (100) L 1 R 0 push -1 force -1.05
199 (100) L 1 R 0 push -1 force -1.01
200 (100) L 1 R 0 push -1 force -0.97
206 (100) L 0 R 1 push 1 force -0.77
207 (100) L 0 R 1 push 1 force -0.74
210 (100) L 1 R 0 push -1 force -0.65
213 (100) L 0 R 1 push 1 force -0.58
216 (100) L 1 R 0 push -1 force -0.51
217 (100) L 0 R 1 push 1 force -0.49
218 (100) L 1 R 0 push -1 force -0.47
219 (100) L 1 R 0 push -1 force -0.45
220 (100) L 0 R 1 push 1 force -0.43
221 (100) L 1 R 0 push -1 force -0.41
222 (100) L 0 R 1 push 1 force -0.40
224 (100) L 0 R 1 push 1 force -0.37
227 (100) L 1 R 0 push -1 force -0.32
230 (100) L 1 R 0 push -1 force -0.28
237 (100) L 0 R 1 push 1 force -0.21
239 (100) L 0 R 1 push 1 force -0.19
240 (100) L 1 R 0 push -1 force -0.19
241 (100) L 1 R 0 push -1 force -0.18
242 (100) L 1 R 0 push -1 force -0.17
244 (100) L 0 R 1 push 1 force -0.16
245 (100) L 1 R 0 push -1 force -0.15
246 (100) L 1 R 0 push -1 force -0.14
247 (100) L 1 R 0 push -1 force -0.14
248 (100) L 1 R 0 push -1 force -0.13
250 (100) L 0 R 1 push 1 force -0.12
251 (100) L 0 R 1 push 1 force -0.12
252 (100) L 0 R 1 push 1 force -0.11
254 (100) L 0 R 1 push 1 force -0.10
256 (100) L 0 R 1 push 1 force -0.09
259 (100) L 1 R 0 push -1 force -0.08
260 (100) L 1 R 0 push -1 force -0.08
263 (100) L 1 R 0 push -1 force -0.07
264 (100) L 0 R 1 push 1 force -0.07
265 (100) L 1 R 0 push -1 force -0.06
267 (100) L 0 R 1 push 1 force -0.06
269 (100) L 1 R 0 push -1 force -0.05
270 (100) L 1 R 0 push -1 force -0.05
271 (100) L 0 R 1 push 1 force -0.05
277 (100) L 0 R 1 push 1 force -0.04
278 (100) L 1 R 0 push -1 force -0.04
280 (100) L 1 R 0 push -1 force -0.03
282 (100) L 1 R 0 push -1 force -0.03
283 (100) L 1 R 0 push -1 force -0.03
284 (100) L 1 R 0 push -1 force -0.03
285 (100) L 1 R 0 push -1 force -0.03
287 (100) L 0 R 1 push 1 force -0.02
290 (100) L 1 R 0 push -1 force -0.02
291 (100) L 0 R 1 push 1 force -0.02
293 (100) L 1 R 0 push -1 force -0.02
294 (100) L 1 R 0 push -1 force -0.02
295 (100) L 0 R 1 push 1 force -0.02
296 (100) L 1 R 0 push -1 force -0.02
298 (100) L 0 R 1 push 1 force -0.01
300 (100) L 0 R 1 push 1 force -0.01
301 (100) L 0 R 1 push 1 force -0.01
303 (100) L 0 R 1 push 1 force -0.01
304 (100) L 0 R 1 push 1 force -0.01
305 (100) L 1 R 0 push -1 force -0.01
307 (100) L 0 R 1 push 1 force -0.01
309 (100) L 0 R 1 push 1 force -0.01
312 (100) L 1 R 0 push -1 force -0.01
314 (100) L 0 R 1 push 1 force -0.01
315 (100) L 1 R 0 push -1 force -0.01
319 (100) L 1 R 0 push -1 force -0.01
321 (100) L 0 R 1 push 1 force -0.01
322 (100) L 1 R 0 push -1 force -0.00
323 (100) L 0 R 1 push 1 force -0.00
326 (100) L 0 R 1 push 1 force -0.00
327 (100) L 0 R 1 push 1 force -0.00
328 (100) L 0 R 1 push 1 force -0.00
331 (100) L 0 R 1 push 1 force -0.00
333 (100) L 1 R 0 push -1 force -0.00
334 (100) L 1 R 0 push -1 force -0.00
338 (100) L 1 R 0 push -1 force -0.00
339 (100) L 0 R 1 push 1 force -0.00
340 (100) L 0 R 1 push 1 force -0.00
341 (100) L 1 R 0 push -1 force -0.00
344 (100) L 1 R 0 push -1 force -0.00
345 (100) L 1 R 0 push -1 force -0.00
346 (100) L 1 R 0 push -1 force -0.00
348 (100) L 0 R 1 push 1 force -0.00
350 (100) L 1 R 0 push -1 force -0.00
351 (100) L 0 R 1 push 1 force -0.00
352 (100) L 1 R 0 push -1 force -0.00
353 (100) L 1 R 0 push -1 force -0.00
355 (100) L 0 R 1 push 1 force -0.00
357 (100) L 1 R 0 push -1 force -0.00
360 (100) L 1 R 0 push -1 force -0.00
362 (100) L 0 R 1 push 1 force -0.00
364 (100) L 0 R 1 push 1 force -0.00
366 (100) L 1 R 0 push -1 force -0.00
368 (100) L 0 R 1 push 1 force -0.00
370 (100) L 1 R 0 push -1 force -0.00
371 (100) L 1 R 0 push -1 force -0.00
372 (100) L 0 R 1 push 1 force -0.00
375 (100) L 0 R 1 push 1 force -0.00
379 (100) L 0 R 1 push 1 force -0.00
380 (100) L 0 R 1 push 1 force -0.00
383 (100) L 1 R 0 push -1 force -0.00
384 (100) L 0 R 1 push 1 force -0.00
385 (100) L 0 R 1 push 1 force -0.00
386 (100) L 1 R 0 push -1 force -0.00
388 (100) L 0 R 1 push 1 force -0.00
390 (100) L 0 R 1 push 1 force -0.00
397 (100) L 1 R 0 push -1 force -0.00
401 (100) L 0 R 1 push 1 force -0.00
403 (100) L 1 R 0 push -1 force -0.00
404 (100) L 1 R 0 push -1 force -0.00
405 (100) L 1 R 0 push -1 force -0.00
407 (100) L 0 R 1 push 1 force -0.00
409 (100) L 0 R 1 push 1 force -0.00
411 (100) L 0 R 1 push 1 force -0.00
415 (100) L 0 R 1 push 1 force -0.00
417 (100) L 0 R 1 push 1 force -0.00
418 (100) L 0 R 1 push 1 force -0.00
419 (100) L 1 R 0 push -1 force -0.00
420 (100) L 0 R 1 push 1 force -0.00
422 (100) L 1 R 0 push -1 force -0.00
423 (100) L 0 R 1 push 1 force -0.00
425 (100) L 0 R 1 push 1 force -0.00
427 (100) L 1 R 0 push -1 force -0.00
430 (100) L 0 R 1 push 1 force -0.00
431 (100) L 0 R 1 push 1 force -0.00
433 (100) L 0 R 1 push 1 force -0.00
434 (100) L 0 R 1 push 1 force -0.00
437 (100) L 1 R 0 push -1 force -0.00
439 (100) L 0 R 1 push 1 force -0.00
440 (100) L 1 R 0 push -1 force -0.00
441 (100) L 0 R 1 push 1 force -0.00
443 (100) L 1 R 0 push -1 force -0.00
449 (100) L 1 R 0 push -1 force -0.00
450 (100) L 0 R 1 push 1 force -0.00
454 (100) L 0 R 1 push 1 force -0.00
455 (100) L 0 R 1 push 1 force -0.00
456 (100) L 0 R 1 push 1 force -0.00
457 (100) L 0 R 1 push 1 force -0.00
459 (100) L 0 R 1 push 1 force -0.00
460 (100) L 0 R 1 push 1 force -0.00
463 (100) L 0 R 1 push 1 force -0.00
465 (100) L 0 R 1 push 1 force -0.00
469 (100) L 1 R 0 push -1 force -0.00
471 (100) L 1 R 0 push -1 force -0.00
475 (100) L 0 R 1 push 1 force -0.00
478 (100) L 0 R 1 push 1 force -0.00
481 (100) L 1 R 0 push -1 force -0.00
482 (100) L 1 R 0 push -1 force -0.00
483 (100) L 0 R 1 push 1 force -0.00
484 (100) L 1 R 0 push -1 force -0.00
485 (100) L 0 R 1 push 1 force -0.00
488 (100) L 1 R 0 push -1 force -0.00
491 (100) L 1 R 0 push -1 force -0.00
500 (100) L 0 R 1 push 1 force -0.00
501 (100) L 0 R 1 push 1 force -0.00
503 (100) L 0 R 1 push 1 force -0.00
504 (100) L 1 R 0 push -1 force -0.00
506 (100) L 1 R 0 push -1 force -0.00
507 (100) L 0 R 1 push 1 force -0.00
508 (100) L 1 R 0 push -1 force -0.00
509 (100) L 0 R 1 push 1 force -0.00
511 (100) L 1 R 0 push -1 force -0.00
512 (100) L 0 R 1 push 1 force -0.00
513 (100) L 1 R 0 push -1 force -0.00
516 (100) L 1 R 0 push -1 force -0.00
521 (100) L 0 R 1 push 1 force -0.00
523 (100) L 1 R 0 push -1 force -0.00
524 (100) L 0 R 1 push 1 force -0.00
527 (100) L 1 R 0 push -1 force -0.00
530 (100) L 0 R 1 push 1 force -0.00
532 (100) L 1 R 0 push -1 force -0.00
533 (100) L 1 R 0 push -1 force -0.00
535 (100) L 1 R 0 push -1 force -0.00
536 (100) L 0 R 1 push 1 force -0.00
537 (100) L 0 R 1 push 1 force -0.00
539 (100) L 1 R 0 push -1 force -0.00
540 (100) L 1 R 0 push -1 force -0.00
542 (100) L 1 R 0 push -1 force -0.00
543 (100) L 0 R 1 push 1 force -0.00
544 (100) L 1 R 0 push -1 force -0.00
548 (100) L 1 R 0 push -1 force -0.00
549 (100) L 1 R 0 push -1 force -0.00
553 (100) L 0 R 1 push 1 force -0.00
554 (100) L 0 R 1 push 1 force -0.00
555 (100) L 1 R 0 push -1 force -0.00
558 (100) L 1 R 0 push -1 force -0.00
560 (100) L 1 R 0 push -1 force -0.00
561 (100) L 1 R 0 push -1 force -0.00
562 (100) L 1 R 0 push -1 force -0.00
564 (100) L 0 R 1 push 1 force -0.00
566 (100) L 1 R 0 push -1 force -0.00
567 (100) L 0 R 1 push 1 force -0.00
569 (100) L 0 R 1 push 1 force -0.00
572 (100) L 0 R 1 push 1 force -0.00
574 (100) L 0 R 1 push 1 force -0.00
575 (100) L 0 R 1 push 1 force -0.00
576 (100) L 1 R 0 push -1 force -0.00
578 (100) L 0 R 1 push 1 force -0.00
580 (100) L 0 R 1 push 1 force -0.00
583 (100) L 1 R 0 push -1 force -0.00
584 (100) L 1 R 0 push -1 force -0.00
586 (100) L 0 R 1 push 1 force -0.00
588 (100) L 0 R 1 push 1 force -0.00
590 (100) L 0 R 1 push 1 force -0.00
594 (100) L 1 R 0 push -1 force -0.00
595 (100) L 0 R 1 push 1 force -0.00
596 (100) L 0 R 1 push 1 force -0.00
597 (100) L 1 R 0 push -1 force -0.00
599 (100) L 1 R 0 push -1 force -0.00
601 (100) L 0 R 1 push 1 force -0.00
604 (100) L 0 R 1 push 1 force -0.00
605 (100) L 0 R 1 push 1 force -0.00
608 (100) L 0 R 1 push 1 force -0.00
611 (100) L 0 R 1 push 1 force -0.00
619 (100) L 0 R 1 push 1 force -0.00
621 (100) L 0 R 1 push 1 force -0.00
626 (100) L 0 R 1 push 1 force -0.00
627 (100) L 0 R 1 push 1 force -0.00
629 (100) L 1 R 0 push -1 force -0.00
630 (100) L 0 R 1 push 1 force -0.00
634 (100) L 0 R 1 push 1 force -0.00
637 (100) L 0 R 1 push 1 force -0.00
639 (100) L 1 R 0 push -1 force -0.00
640 (100) L 1 R 0 push -1 force -0.00
641 (100) L 1 R 0 push -1 force -0.00
642 (100) L 0 R 1 push 1 force -0.00
643 (100) L 1 R 0 push -1 force -0.00
644 (100) L 0 R 1 push 1 force -0.00
645 (100) L 0 R 1 push 1 force -0.00
648 (100) L 1 R 0 push -1 force -0.00
649 (100) L 1 R 0 push -1 force -0.00
651 (100) L 1 R 0 push -1 force -0.00
652 (100) L 1 R 0 push -1 force -0.00
655 (100) L 0 R 1 push 1 force -0.00
656 (100) L 0 R 1 push 1 force -0.00
657 (100) L 1 R 0 push -1 force -0.00
659 (100) L 1 R 0 push -1 force -0.00
662 (100) L 0 R 1 push 1 force -0.00
668 (100) L 0 R 1 push 1 force -0.00
669 (100) L 1 R 0 push -1 force -0.00
673 (100) L 1 R 0 push -1 force -0.00
674 (100) L 1 R 0 push -1 force -0.00
675 (100) L 1 R 0 push -1 force -0.00
678 (100) L 1 R 0 push -1 force -0.00
684 (100) L 0 R 1 push 1 force -0.00
686 (100) L 0 R 1 push 1 force -0.00
689 (100) L 1 R 0 push -1 force -0.00
690 (100) L 1 R 0 push -1 force -0.00
693 (100) L 0 R 1 push 1 force -0.00
694 (100) L 1 R 0 push -1 force -0.00
695 (100) L 1 R 0 push -1 force -0.00
697 (100) L 0 R 1 push 1 force -0.00
698 (100) L 1 R 0 push -1 force -0.00
701 (100) L 1 R 0 push -1 force -0.00
704 (100) L 0 R 1 push 1 force -0.00
708 (100) L 1 R 0 push -1 force -0.00
711 (100) L 0 R 1 push 1 force -0.00
712 (100) L 1 R 0 push -1 force -0.00
715 (100) L 0 R 1 push 1 force -0.00
717 (100) L 1 R 0 push -1 force -0.00
718 (100) L 1 R 0 push -1 force -0.00
721 (100) L 1 R 0 push -1 force -0.00
734 (100) L 0 R 1 push 1 force -0.00
736 (100) L 1 R 0 push -1 force -0.00
739 (100) L 0 R 1 push 1 force -0.00
740 (100) L 1 R 0 push -1 force -0.00
743 (100) L 0 R 1 push 1 force -0.00
744 (100) L 0 R 1 push 1 force -0.00
745 (100) L 0 R 1 push 1 force -0.00
746 (100) L 1 R 0 push -1 force -0.00
748 (100) L 0 R 1 push 1 force -0.00
752 (100) L 0 R 1 push 1 force -0.00
753 (100) L 1 R 0 push -1 force -0.00
758 (100) L 0 R 1 push 1 force -0.00
759 (100) L 0 R 1 push 1 force -0.00
762 (100) L 1 R 0 push -1 force -0.00
767 (100) L 1 R 0 push -1 force -0.00
770 (100) L 0 R 1 push 1 force -0.00
10 (10) L 0 R 1 push 1 force 0.00
Pole not balanced. Stopping after 10000 failures 
Max steps: 2647, Total Steps: 6170638 
Firing rate (spikes/sec): 0.12 (L: 0.06, R: 0.06)
Number of spikes        : 764 (L: 374, R: 390)
Elapsed time: 1028 seconds

------------- Run 4 -------------
1 (1) L 0 R 1 push 1 force 0.00
2 (2) L 1 R 0 push -1 force 0.95
9 (9) L 0 R 1 push 1 force 0.43
11 (11) L 0 R 1 push 1 force 2.14
13 (13) L 1 R 0 push -1 force 5.32
14 (14) L 0 R 1 push 1 force 5.73
17 (17) L 1 R 0 push -1 force 9.22
18 (18) L 1 R 0 push -1 force 9.18
19 (19) L 0 R 1 push 1 force 8.17
20 (20) L 0 R 1 push 1 force 8.19
22 (22) L 1 R 0 push -1 force 9.97
23 (23) L 1 R 0 push -1 force 9.75
25 (25) L 0 R 1 push 1 force 7.50
27 (27) L 0 R 1 push 1 force 7.40
29 (29) L 1 R 0 push -1 force 9.06
30 (30) L 0 R 1 push 1 force 8.79
31 (31) L 0 R 1 push 1 force 9.47
32 (32) L 0 R 1 push 1 force 11.02
38 (38) L 1 R 0 push -1 force 21.56
40 (40) L 0 R 1 push 1 force 21.73
41 (41) L 0 R 1 push 1 force 22.68
42 (42) L 0 R 1 push 1 force 24.44
43 (43) L 1 R 0 push -1 force 26.93
44 (44) L 1 R 0 push -1 force 28.16
47 (47) L 1 R 0 push -1 force 28.23
49 (49) L 0 R 1 push 1 force 26.14
50 (50) L 0 R 1 push 1 force 26.10
51 (51) L 1 R 0 push -1 force 26.95
53 (53) L 0 R 1 push 1 force 26.42
56 (56) L 1 R 0 push -1 force 27.96
57 (57) L 1 R 0 push -1 force 27.30
58 (58) L 1 R 0 push -1 force 25.68
60 (60) L 0 R 1 push 1 force 20.91
62 (62) L 1 R 0 push -1 force 18.63
63 (63) L 0 R 1 push 1 force 16.63
64 (64) L 1 R 0 push -1 force 15.74
72 (72) L 0 R 1 push 1 force 4.73
74 (74) L 1 R 0 push -1 force 4.77
78 (78) L 0 R 1 push 1 force 1.44
79 (79) L 1 R 0 push -1 force 1.73
80 (80) L 0 R 1 push 1 force 1.04
82 (82) L 0 R 1 push 1 force 1.66
84 (84) L 1 R 0 push -1 force 3.96
85 (85) L 0 R 1 push 1 force 3.98
88 (88) L 1 R 0 push -1 force 6.57
91 (91) L 0 R 1 push 1 force 5.78
92 (92) L 1 R 0 push -1 force 6.49
98 (98) L 0 R 1 push 1 force 4.76
100 (100) L 1 R 0 push -1 force 6.11
101 (100) L 1 R 0 push -1 force 6.66
103 (100) L 1 R 0 push -1 force 7.57
106 (100) L 1 R 0 push -1 force 8.52
107 (100) L 0 R 1 push 1 force 8.73
108 (100) L 0 R 1 push 1 force 8.91
109 (100) L 1 R 0 push -1 force 9.05
110 (100) L 1 R 0 push -1 force 9.15
111 (100) L 0 R 1 push 1 force 9.22
112 (100) L 1 R 0 push -1 force 9.27
113 (100) L 1 R 0 push -1 force 9.28
114 (100) L 1 R 0 push -1 force 9.28
115 (100) L 0 R 1 push 1 force 9.25
120 (100) L 1 R 0 push -1 force 8.86
122 (100) L 0 R 1 push 1 force 8.61
123 (100) L 1 R 0 push -1 force 8.48
125 (100) L 1 R 0 push -1 force 8.18
127 (100) L 1 R 0 push -1 force 7.87
128 (100) L 0 R 1 push 1 force 7.71
129 (100) L 0 R 1 push 1 force 7.54
130 (100) L 1 R 0 push -1 force 7.38
131 (100) L 1 R 0 push -1 force 7.21
132 (100) L 0 R 1 push 1 force 7.04
134 (100) L 0 R 1 push 1 force 6.70
137 (100) L 1 R 0 push -1 force 6.19
138 (100) L 1 R 0 push -1 force 6.02
140 (100) L 1 R 0 push -1 force 5.69
144 (100) L 0 R 1 push 1 force 5.06
145 (100) L 1 R 0 push -1 force 4.90
147 (100) L 0 R 1 push 1 force 4.61
149 (100) L 1 R 0 push -1 force 4.33
152 (100) L 1 R 0 push -1 force 3.92
154 (100) L 1 R 0 push -1 force 3.67
155 (100) L 0 R 1 push 1 force 3.55
158 (100) L 0 R 1 push 1 force 3.20
160 (100) L 1 R 0 push -1 force 2.99
162 (100) L 0 R 1 push 1 force 2.78
163 (100) L 1 R 0 push -1 force 2.69
164 (100) L 0 R 1 push 1 force 2.59
168 (100) L 0 R 1 push 1 force 2.24
170 (100) L 1 R 0 push -1 force 2.08
172 (100) L 0 R 1 push 1 force 1.93
173 (100) L 1 R 0 push -1 force 1.86
174 (100) L 0 R 1 push 1 force 1.79
175 (100) L 1 R 0 push -1 force 1.73
176 (100) L 1 R 0 push -1 force 1.66
178 (100) L 1 R 0 push -1 force 1.54
183 (100) L 1 R 0 push -1 force 1.27
185 (100) L 1 R 0 push -1 force 1.18
186 (100) L 1 R 0 push -1 force 1.13
187 (100) L 0 R 1 push 1 force 1.09
190 (100) L 1 R 0 push -1 force 0.97
191 (100) L 1 R 0 push -1 force 0.93
192 (100) L 0 R 1 push 1 force 0.89
193 (100) L 1 R 0 push -1 force 0.86
194 (100) L 0 R 1 push 1 force 0.82
196 (100) L 0 R 1 push 1 force 0.76
197 (100) L 0 R 1 push 1 force 0.73
199 (100) L 0 R 1 push 1 force 0.67
201 (100) L 1 R 0 push -1 force 0.62
202 (100) L 0 R 1 push 1 force 0.60
204 (100) L 1 R 0 push -1 force 0.55
206 (100) L 0 R 1 push 1 force 0.51
208 (100) L 1 R 0 push -1 force 0.47
209 (100) L 1 R 0 push -1 force 0.45
210 (100) L 0 R 1 push 1 force 0.43
211 (100) L 1 R 0 push -1 force 0.41
212 (100) L 1 R 0 push -1 force 0.39
216 (100) L 0 R 1 push 1 force 0.33
222 (100) L 0 R 1 push 1 force 0.26
223 (100) L 1 R 0 push -1 force 0.25
226 (100) L 1 R 0 push -1 force 0.22
229 (100) L 1 R 0 push -1 force 0.19
230 (100) L 0 R 1 push 1 force 0.18
232 (100) L 0 R 1 push 1 force 0.17
238 (100) L 0 R 1 push 1 force 0.13
239 (100) L 0 R 1 push 1 force 0.13
242 (100) L 1 R 0 push -1 force 0.11
245 (100) L 0 R 1 push 1 force 0.10
247 (100) L 0 R 1 push 1 force 0.09
248 (100) L 0 R 1 push 1 force 0.09
250 (100) L 1 R 0 push -1 force 0.08
251 (100) L 1 R 0 push -1 force 0.07
252 (100) L 0 R 1 push 1 force 0.07
255 (100) L 0 R 1 push 1 force 0.06
256 (100) L 1 R 0 push -1 force 0.06
257 (100) L 0 R 1 push 1 force 0.06
258 (100) L 0 R 1 push 1 force 0.05
259 (100) L 0 R 1 push 1 force 0.05
260 (100) L 0 R 1 push 1 force 0.05
262 (100) L 0 R 1 push 1 force 0.05
264 (100) L 1 R 0 push -1 force 0.04
265 (100) L 1 R 0 push -1 force 0.04
266 (100) L 0 R 1 push 1 force 0.04
268 (100) L 1 R 0 push -1 force 0.04
269 (100) L 1 R 0 push -1 force 0.03
273 (100) L 0 R 1 push 1 force 0.03
278 (100) L 0 R 1 push 1 force 0.02
279 (100) L 0 R 1 push 1 force 0.02
280 (100) L 1 R 0 push -1 force 0.02
281 (100) L 0 R 1 push 1 force 0.02
282 (100) L 1 R 0 push -1 force 0.02
283 (100) L 0 R 1 push 1 force 0.02
286 (100) L 0 R 1 push 1 force 0.02
289 (100) L 0 R 1 push 1 force 0.01
290 (100) L 0 R 1 push 1 force 0.01
293 (100) L 0 R 1 push 1 force 0.01
294 (100) L 1 R 0 push -1 force 0.01
295 (100) L 1 R 0 push -1 force 0.01
296 (100) L 0 R 1 push 1 force 0.01
300 (100) L 1 R 0 push -1 force 0.01
302 (100) L 1 R 0 push -1 force 0.01
304 (100) L 0 R 1 push 1 force 0.01
307 (100) L 1 R 0 push -1 force 0.01
310 (100) L 0 R 1 push 1 force 0.01
312 (100) L 0 R 1 push 1 force 0.00
315 (100) L 0 R 1 push 1 force 0.00
319 (100) L 1 R 0 push -1 force 0.00
320 (100) L 1 R 0 push -1 force 0.00
321 (100) L 1 R 0 push -1 force 0.00
323 (100) L 0 R 1 push 1 force 0.00
324 (100) L 1 R 0 push -1 force 0.00
327 (100) L 1 R 0 push -1 force 0.00
329 (100) L 0 R 1 push 1 force 0.00
330 (100) L 1 R 0 push -1 force 0.00
331 (100) L 1 R 0 push -1 force 0.00
334 (100) L 0 R 1 push 1 force 0.00
337 (100) L 0 R 1 push 1 force 0.00
338 (100) L 0 R 1 push 1 force 0.00
340 (100) L 1 R 0 push -1 force 0.00
342 (100) L 1 R 0 push -1 force 0.00
343 (100) L 1 R 0 push -1 force 0.00
0 (0) L 0 R 1 push 1 force 0.00
1 (1) L 0 R 1 push 1 force 0.95
2 (2) L 1 R 0 push -1 force 2.76
6 (6) L 1 R 0 push -1 force 5.06
7 (7) L 1 R 0 push -1 force 4.53
10 (10) L 1 R 0 push -1 force 0.58
12 (12) L 0 R 1 push 1 force -3.28
13 (13) L 1 R 0 push -1 force -3.98
14 (14) L 0 R 1 push 1 force -5.56
17 (17) L 0 R 1 push 1 force -6.77
21 (21) L 0 R 1 push 1 force -4.44
22 (22) L 0 R 1 push 1 force -3.01
31 (31) L 1 R 0 push -1 force 10.78
32 (32) L 0 R 1 push 1 force 10.65
37 (37) L 1 R 0 push -1 force 13.71
38 (38) L 1 R 0 push -1 force 13.12
43 (43) L 0 R 1 push 1 force 6.64
46 (46) L 0 R 1 push 1 force 6.44
47 (47) L 1 R 0 push -1 force 7.31
48 (48) L 0 R 1 push 1 force 7.13
49 (49) L 0 R 1 push 1 force 7.90
50 (50) L 0 R 1 push 1 force 9.53
51 (51) L 1 R 0 push -1 force 11.93
52 (52) L 0 R 1 push 1 force 13.12
53 (53) L 0 R 1 push 1 force 15.12
55 (55) L 1 R 0 push -1 force 20.27
56 (56) L 1 R 0 push -1 force 21.46
57 (57) L 1 R 0 push -1 force 21.54
59 (59) L 1 R 0 push -1 force 19.72
61 (61) L 1 R 0 push -1 force 16.23
62 (62) L 0 R 1 push 1 force 13.73
64 (64) L 0 R 1 push 1 force 11.13
66 (66) L 0 R 1 push 1 force 10.71
68 (68) L 1 R 0 push -1 force 12.08
77 (77) L 0 R 1 push 1 force 8.81
80 (80) L 1 R 0 push -1 force 10.49
81 (81) L 1 R 0 push -1 force 9.94
82 (82) L 0 R 1 push 1 force 8.48
83 (83) L 0 R 1 push 1 force 8.08
85 (85) L 1 R 0 push -1 force 9.15
86 (86) L 1 R 0 push -1 force 8.63
87 (87) L 0 R 1 push 1 force 7.19
88 (88) L 0 R 1 push 1 force 6.82
89 (89) L 0 R 1 push 1 force 7.42
91 (91) L 1 R 0 push -1 force 10.20
92 (92) L 1 R 0 push -1 force 10.42
93 (93) L 1 R 0 push -1 force 9.63
95 (95) L 0 R 1 push 1 force 6.41
98 (98) L 1 R 0 push -1 force 5.12
99 (99) L 1 R 0 push -1 force 3.79
101 (100) L 0 R 1 push 1 force -0.33
102 (100) L 0 R 1 push 1 force -2.10
103 (100) L 0 R 1 push 1 force -3.70
105 (100) L 0 R 1 push 1 force -6.42
107 (100) L 1 R 0 push -1 force -8.60
110 (100) L 0 R 1 push 1 force -10.99
113 (100) L 1 R 0 push -1 force -12.56
115 (100) L 1 R 0 push -1 force -13.23
117 (100) L 0 R 1 push 1 force -13.66
119 (100) L 0 R 1 push 1 force -13.89
120 (100) L 1 R 0 push -1 force -13.94
121 (100) L 0 R 1 push 1 force -13.95
123 (100) L 0 R 1 push 1 force -13.87
125 (100) L 1 R 0 push -1 force -13.69
126 (100) L 1 R 0 push -1 force -13.56
129 (100) L 1 R 0 push -1 force -13.06
130 (100) L 1 R 0 push -1 force -12.86
131 (100) L 1 R 0 push -1 force -12.65
132 (100) L 0 R 1 push 1 force -12.44
140 (100) L 1 R 0 push -1 force -10.48
141 (100) L 1 R 0 push -1 force -10.22
142 (100) L 0 R 1 push 1 force -9.96
143 (100) L 1 R 0 push -1 force -9.71
144 (100) L 1 R 0 push -1 force -9.45
145 (100) L 1 R 0 push -1 force -9.20
146 (100) L 1 R 0 push -1 force -8.95
148 (100) L 0 R 1 push 1 force -8.46
149 (100) L 0 R 1 push 1 force -8.21
150 (100) L 0 R 1 push 1 force -7.98
152 (100) L 0 R 1 push 1 force -7.51
153 (100) L 1 R 0 push -1 force -7.28
154 (100) L 1 R 0 push -1 force -7.06
155 (100) L 1 R 0 push -1 force -6.84
156 (100) L 0 R 1 push 1 force -6.63
157 (100) L 0 R 1 push 1 force -6.42
158 (100) L 1 R 0 push -1 force -6.22
159 (100) L 0 R 1 push 1 force -6.02
161 (100) L 1 R 0 push -1 force -5.63
162 (100) L 0 R 1 push 1 force -5.45
163 (100) L 0 R 1 push 1 force -5.26
164 (100) L 0 R 1 push 1 force -5.09
167 (100) L 0 R 1 push 1 force -4.59
168 (100) L 0 R 1 push 1 force -4.43
171 (100) L 1 R 0 push -1 force -3.98
174 (100) L 1 R 0 push -1 force -3.57
175 (100) L 1 R 0 push -1 force -3.45
176 (100) L 0 R 1 push 1 force -3.32
177 (100) L 0 R 1 push 1 force -3.20
178 (100) L 0 R 1 push 1 force -3.09
179 (100) L 1 R 0 push -1 force -2.97
180 (100) L 0 R 1 push 1 force -2.87
182 (100) L 0 R 1 push 1 force -2.66
184 (100) L 1 R 0 push -1 force -2.46
185 (100) L 1 R 0 push -1 force -2.37
187 (100) L 1 R 0 push -1 force -2.20
188 (100) L 0 R 1 push 1 force -2.11
189 (100) L 0 R 1 push 1 force -2.03
190 (100) L 0 R 1 push 1 force -1.96
193 (100) L 1 R 0 push -1 force -1.74
194 (100) L 0 R 1 push 1 force -1.67
195 (100) L 1 R 0 push -1 force -1.61
196 (100) L 1 R 0 push -1 force -1.55
197 (100) L 1 R 0 push -1 force -1.49
200 (100) L 0 R 1 push 1 force -1.32
201 (100) L 0 R 1 push 1 force -1.27
202 (100) L 0 R 1 push 1 force -1.22
205 (100) L 1 R 0 push -1 force -1.08
210 (100) L 0 R 1 push 1 force -0.88
211 (100) L 1 R 0 push -1 force -0.85
219 (100) L 1 R 0 push -1 force -0.61
221 (100) L 1 R 0 push -1 force -0.56
224 (100) L 1 R 0 push -1 force -0.49
225 (100) L 1 R 0 push -1 force -0.47
226 (100) L 0 R 1 push 1 force -0.45
228 (100) L 0 R 1 push 1 force -0.42
229 (100) L 0 R 1 push 1 force -0.40
231 (100) L 1 R 0 push -1 force -0.37
233 (100) L 0 R 1 push 1 force -0.34
235 (100) L 0 R 1 push 1 force -0.31
236 (100) L 0 R 1 push 1 force -0.30
238 (100) L 0 R 1 push 1 force -0.27
242 (100) L 0 R 1 push 1 force -0.23
244 (100) L 0 R 1 push 1 force -0.21
245 (100) L 1 R 0 push -1 force -0.20
246 (100) L 1 R 0 push -1 force -0.19
252 (100) L 1 R 0 push -1 force -0.15
256 (100) L 0 R 1 push 1 force -0.13
257 (100) L 0 R 1 push 1 force -0.12
258 (100) L 0 R 1 push 1 force -0.12
260 (100) L 1 R 0 push -1 force -0.11
261 (100) L 1 R 0 push -1 force -0.10
262 (100) L 1 R 0 push -1 force -0.10
265 (100) L 1 R 0 push -1 force -0.08
267 (100) L 0 R 1 push 1 force -0.08
269 (100) L 1 R 0 push -1 force -0.07
270 (100) L 0 R 1 push 1 force -0.07
271 (100) L 0 R 1 push 1 force -0.07
272 (100) L 1 R 0 push -1 force -0.06
273 (100) L 0 R 1 push 1 force -0.06
274 (100) L 0 R 1 push 1 force -0.06
275 (100) L 1 R 0 push -1 force -0.05
277 (100) L 1 R 0 push -1 force -0.05
278 (100) L 0 R 1 push 1 force -0.05
280 (100) L 0 R 1 push 1 force -0.04
281 (100) L 1 R 0 push -1 force -0.04
282 (100) L 1 R 0 push -1 force -0.04
283 (100) L 0 R 1 push 1 force -0.04
284 (100) L 0 R 1 push 1 force -0.04
285 (100) L 0 R 1 push 1 force -0.03
286 (100) L 1 R 0 push -1 force -0.03
287 (100) L 0 R 1 push 1 force -0.03
288 (100) L 0 R 1 push 1 force -0.03
291 (100) L 1 R 0 push -1 force -0.03
292 (100) L 0 R 1 push 1 force -0.03
296 (100) L 0 R 1 push 1 force -0.02
297 (100) L 0 R 1 push 1 force -0.02
298 (100) L 1 R 0 push -1 force -0.02
299 (100) L 1 R 0 push -1 force -0.02
301 (100) L 1 R 0 push -1 force -0.02
302 (100) L 0 R 1 push 1 force -0.02
304 (100) L 0 R 1 push 1 force -0.01
306 (100) L 1 R 0 push -1 force -0.01
307 (100) L 1 R 0 push -1 force -0.01
309 (100) L 1 R 0 push -1 force -0.01
313 (100) L 0 R 1 push 1 force -0.01
315 (100) L 1 R 0 push -1 force -0.01
316 (100) L 0 R 1 push 1 force -0.01
318 (100) L 1 R 0 push -1 force -0.01
320 (100) L 1 R 0 push -1 force -0.01
322 (100) L 1 R 0 push -1 force -0.01
324 (100) L 0 R 1 push 1 force -0.01
327 (100) L 1 R 0 push -1 force -0.01
328 (100) L 0 R 1 push 1 force -0.01
333 (100) L 0 R 1 push 1 force -0.00
337 (100) L 0 R 1 push 1 force -0.00
338 (100) L 1 R 0 push -1 force -0.00
339 (100) L 1 R 0 push -1 force -0.00
345 (100) L 1 R 0 push -1 force -0.00
347 (100) L 0 R 1 push 1 force -0.00
348 (100) L 1 R 0 push -1 force -0.00
350 (100) L 1 R 0 push -1 force -0.00
352 (100) L 0 R 1 push 1 force -0.00
355 (100) L 0 R 1 push 1 force -0.00
356 (100) L 0 R 1 push 1 force -0.00
357 (100) L 1 R 0 push -1 force -0.00
360 (100) L 1 R 0 push -1 force -0.00
361 (100) L 1 R 0 push -1 force -0.00
363 (100) L 1 R 0 push -1 force -0.00
364 (100) L 0 R 1 push 1 force -0.00
366 (100) L 0 R 1 push 1 force -0.00
367 (100) L 1 R 0 push -1 force -0.00
368 (100) L 0 R 1 push 1 force -0.00
369 (100) L 1 R 0 push -1 force -0.00
371 (100) L 0 R 1 push 1 force -0.00
372 (100) L 0 R 1 push 1 force -0.00
374 (100) L 1 R 0 push -1 force -0.00
379 (100) L 1 R 0 push -1 force -0.00
382 (100) L 1 R 0 push -1 force -0.00
385 (100) L 0 R 1 push 1 force -0.00
386 (100) L 1 R 0 push -1 force -0.00
387 (100) L 0 R 1 push 1 force -0.00
390 (100) L 1 R 0 push -1 force -0.00
391 (100) L 0 R 1 push 1 force -0.00
393 (100) L 0 R 1 push 1 force -0.00
395 (100) L 1 R 0 push -1 force -0.00
396 (100) L 1 R 0 push -1 force -0.00
397 (100) L 1 R 0 push -1 force -0.00
405 (100) L 0 R 1 push 1 force -0.00
406 (100) L 1 R 0 push -1 force -0.00
408 (100) L 0 R 1 push 1 force -0.00
409 (100) L 1 R 0 push -1 force -0.00
411 (100) L 1 R 0 push -1 force -0.00
415 (100) L 1 R 0 push -1 force -0.00
418 (100) L 1 R 0 push -1 force -0.00
419 (100) L 0 R 1 push 1 force -0.00
431 (100) L 1 R 0 push -1 force -0.00
Pole not balanced. Stopping after 10000 failures 
Max steps: 2972, Total Steps: 6179486 
Firing rate (spikes/sec): 0.12 (L: 0.06, R: 0.06)
Number of spikes        : 758 (L: 381, R: 377)
Elapsed time: 1030 seconds

------------- Run 5 -------------
0 (0) L 1 R 0 push -1 force 0.00
9 (9) L 0 R 1 push 1 force -5.74
10 (10) L 0 R 1 push 1 force -5.11
11 (11) L 1 R 0 push -1 force -3.59
12 (12) L 1 R 0 push -1 force -3.15
13 (13) L 0 R 1 push 1 force -3.69
17 (17) L 0 R 1 push 1 force -2.03
18 (18) L 0 R 1 push 1 force -0.75
20 (20) L 0 R 1 push 1 force 3.28
21 (21) L 0 R 1 push 1 force 5.95
25 (25) L 1 R 0 push -1 force 17.42
26 (26) L 0 R 1 push 1 force 18.61
28 (28) L 0 R 1 push 1 force 22.33
30 (30) L 1 R 0 push -1 force 26.98
31 (31) L 0 R 1 push 1 force 27.94
32 (32) L 0 R 1 push 1 force 29.69
33 (33) L 0 R 1 push 1 force 32.15
34 (34) L 0 R 1 push 1 force 35.25
35 (35) L 1 R 0 push -1 force 38.93
37 (37) L 0 R 1 push 1 force 43.18
38 (38) L 1 R 0 push -1 force 45.81
41 (41) L 0 R 1 push 1 force 49.07
44 (44) L 1 R 0 push -1 force 53.12
47 (47) L 0 R 1 push 1 force 52.50
50 (50) L 1 R 0 push -1 force 53.61
53 (53) L 0 R 1 push 1 force 50.81
55 (55) L 1 R 0 push -1 force 50.60
59 (59) L 0 R 1 push 1 force 45.73
60 (60) L 0 R 1 push 1 force 45.47
61 (61) L 0 R 1 push 1 force 46.08
63 (63) L 1 R 0 push -1 force 48.62
66 (66) L 1 R 0 push -1 force 48.21
69 (69) L 0 R 1 push 1 force 44.39
70 (70) L 1 R 0 push -1 force 44.09
72 (72) L 0 R 1 push 1 force 41.47
73 (73) L 1 R 0 push -1 force 41.15
74 (74) L 0 R 1 push 1 force 39.80
77 (77) L 1 R 0 push -1 force 38.56
79 (79) L 1 R 0 push -1 force 35.67
82 (82) L 0 R 1 push 1 force 29.13
85 (85) L 0 R 1 push 1 force 26.31
86 (86) L 1 R 0 push -1 force 26.36
89 (89) L 1 R 0 push -1 force 23.57
90 (90) L 0 R 1 push 1 force 21.75
91 (91) L 0 R 1 push 1 force 21.00
92 (92) L 1 R 0 push -1 force 21.23
96 (96) L 1 R 0 push -1 force 18.19
100 (100) L 1 R 0 push -1 force 12.29
102 (100) L 1 R 0 push -1 force 9.94
103 (100) L 0 R 1 push 1 force 8.89
107 (100) L 0 R 1 push 1 force 5.44
108 (100) L 1 R 0 push -1 force 4.74
112 (100) L 1 R 0 push -1 force 2.45
114 (100) L 0 R 1 push 1 force 1.57
115 (100) L 0 R 1 push 1 force 1.18
116 (100) L 0 R 1 push 1 force 0.83
119 (100) L 1 R 0 push -1 force -0.04
121 (100) L 1 R 0 push -1 force -0.49
122 (100) L 0 R 1 push 1 force -0.69
125 (100) L 1 R 0 push -1 force -1.15
128 (100) L 1 R 0 push -1 force -1.47
129 (100) L 1 R 0 push -1 force -1.56
134 (100) L 0 R 1 push 1 force -1.81
135 (100) L 0 R 1 push 1 force -1.83
136 (100) L 0 R 1 push 1 force -1.85
137 (100) L 0 R 1 push 1 force -1.86
138 (100) L 0 R 1 push 1 force -1.87
139 (100) L 1 R 0 push -1 force -1.87
141 (100) L 1 R 0 push -1 force -1.86
145 (100) L 1 R 0 push -1 force -1.80
146 (100) L 0 R 1 push 1 force -1.78
149 (100) L 1 R 0 push -1 force -1.70
150 (100) L 1 R 0 push -1 force -1.67
151 (100) L 1 R 0 push -1 force -1.64
152 (100) L 1 R 0 push -1 force -1.61
153 (100) L 1 R 0 push -1 force -1.57
154 (100) L 1 R 0 push -1 force -1.54
156 (100) L 1 R 0 push -1 force -1.47
157 (100) L 0 R 1 push 1 force -1.44
159 (100) L 0 R 1 push 1 force -1.37
161 (100) L 0 R 1 push 1 force -1.30
163 (100) L 1 R 0 push -1 force -1.23
164 (100) L 0 R 1 push 1 force -1.20
166 (100) L 1 R 0 push -1 force -1.13
167 (100) L 0 R 1 push 1 force -1.10
168 (100) L 0 R 1 push 1 force -1.07
169 (100) L 1 R 0 push -1 force -1.04
173 (100) L 0 R 1 push 1 force -0.92
174 (100) L 0 R 1 push 1 force -0.89
177 (100) L 0 R 1 push 1 force -0.81
178 (100) L 0 R 1 push 1 force -0.78
181 (100) L 1 R 0 push -1 force -0.71
186 (100) L 1 R 0 push -1 force -0.59
187 (100) L 1 R 0 push -1 force -0.57
189 (100) L 0 R 1 push 1 force -0.53
190 (100) L 0 R 1 push 1 force -0.52
194 (100) L 0 R 1 push 1 force -0.45
195 (100) L 0 R 1 push 1 force -0.43
197 (100) L 1 R 0 push -1 force -0.40
198 (100) L 1 R 0 push -1 force -0.38
199 (100) L 0 R 1 push 1 force -0.37
202 (100) L 0 R 1 push 1 force -0.33
203 (100) L 0 R 1 push 1 force -0.32
210 (100) L 0 R 1 push 1 force -0.24
212 (100) L 1 R 0 push -1 force -0.22
215 (100) L 0 R 1 push 1 force -0.20
217 (100) L 0 R 1 push 1 force -0.18
218 (100) L 0 R 1 push 1 force -0.18
225 (100) L 0 R 1 push 1 force -0.13
226 (100) L 0 R 1 push 1 force -0.13
227 (100) L 0 R 1 push 1 force -0.12
231 (100) L 0 R 1 push 1 force -0.10
233 (100) L 0 R 1 push 1 force -0.10
234 (100) L 0 R 1 push 1 force -0.09
235 (100) L 1 R 0 push -1 force -0.09
240 (100) L 0 R 1 push 1 force -0.07
241 (100) L 1 R 0 push -1 force -0.07
243 (100) L 0 R 1 push 1 force -0.06
250 (100) L 0 R 1 push 1 force -0.05
251 (100) L 0 R 1 push 1 force -0.05
252 (100) L 0 R 1 push 1 force -0.04
254 (100) L 1 R 0 push -1 force -0.04
258 (100) L 1 R 0 push -1 force -0.03
259 (100) L 0 R 1 push 1 force -0.03
260 (100) L 1 R 0 push -1 force -0.03
262 (100) L 1 R 0 push -1 force -0.03
263 (100) L 0 R 1 push 1 force -0.03
264 (100) L 1 R 0 push -1 force -0.03
267 (100) L 1 R 0 push -1 force -0.02
268 (100) L 0 R 1 push 1 force -0.02
269 (100) L 0 R 1 push 1 force -0.02
271 (100) L 0 R 1 push 1 force -0.02
275 (100) L 0 R 1 push 1 force -0.02
279 (100) L 1 R 0 push -1 force -0.01
281 (100) L 0 R 1 push 1 force -0.01
285 (100) L 1 R 0 push -1 force -0.01
290 (100) L 0 R 1 push 1 force -0.01
292 (100) L 0 R 1 push 1 force -0.01
293 (100) L 1 R 0 push -1 force -0.01
298 (100) L 0 R 1 push 1 force -0.01
299 (100) L 0 R 1 push 1 force -0.01
301 (100) L 1 R 0 push -1 force -0.01
311 (100) L 0 R 1 push 1 force -0.00
318 (100) L 1 R 0 push -1 force -0.00
319 (100) L 0 R 1 push 1 force -0.00
320 (100) L 0 R 1 push 1 force -0.00
321 (100) L 1 R 0 push -1 force -0.00
322 (100) L 0 R 1 push 1 force -0.00
324 (100) L 0 R 1 push 1 force -0.00
325 (100) L 0 R 1 push 1 force -0.00
326 (100) L 1 R 0 push -1 force -0.00
327 (100) L 0 R 1 push 1 force -0.00
329 (100) L 1 R 0 push -1 force -0.00
330 (100) L 0 R 1 push 1 force -0.00
331 (100) L 0 R 1 push 1 force -0.00
334 (100) L 0 R 1 push 1 force -0.00
336 (100) L 0 R 1 push 1 force -0.00
337 (100) L 1 R 0 push -1 force -0.00
338 (100) L 0 R 1 push 1 force -0.00
339 (100) L 0 R 1 push 1 force -0.00
340 (100) L 1 R 0 push -1 force -0.00
346 (100) L 1 R 0 push -1 force -0.00
349 (100) L 0 R 1 push 1 force -0.00
352 (100) L 0 R 1 push 1 force -0.00
353 (100) L 1 R 0 push -1 force -0.00
355 (100) L 0 R 1 push 1 force -0.00
361 (100) L 0 R 1 push 1 force -0.00
365 (100) L 1 R 0 push -1 force -0.00
3 (3) L 0 R 1 push 1 force 0.00
Pole not balanced. Stopping after 10000 failures 
Max steps: 2562, Total Steps: 6112370 
Firing rate (spikes/sec): 0.75 (L: 0.37, R: 0.38)
Number of spikes        : 4601 (L: 2285, R: 2316)
Elapsed time: 1020 seconds

============== SUMMARY ===============
Final Max Steps: 3302
Success rate: 0.00 percent (0/5)
Elapsed time: 5116 seconds
MAX_FAILURES	= 10000
TARGET_STEPS	= 10000
LAST_STEPS	= 100
STEPSIZE (ms)	= 1.00
TAU      (ms)	= 20
MAX_FORCE 	= 1000
#./demo.o > demo.log
