gcc -fopenmp -o demo.o demo.c -lm
./demo.o
demo
demo
demo
demo
MAX_FAILURES	= 10000
TARGET_STEPS	= 1000
LAST_STEPS	= 100
STEPSIZE (ms)	= 5.00
TAU      (ms)	= 20
MAX_FORCE 	= 1000

------------- Run 1 -------------
1 (1) L 1 R 0 push -1 force 0.00
6 (6) L 1 R 0 push -1 force -7.16
9 (9) L 1 R 0 push -1 force -12.50
12 (12) L 0 R 1 push 1 force -17.30
13 (13) L 0 R 1 push 1 force -12.53
14 (14) L 0 R 1 push 1 force -5.14
16 (16) L 1 R 0 push -1 force 8.56
21 (21) L 1 R 0 push -1 force 3.65
25 (25) L 1 R 0 push -1 force -5.66
26 (26) L 0 R 1 push 1 force -9.67
28 (28) L 1 R 0 push -1 force -6.18
29 (29) L 0 R 1 push 1 force -8.83
30 (30) L 1 R 0 push -1 force -6.11
31 (31) L 0 R 1 push 1 force -8.05
32 (32) L 0 R 1 push 1 force -4.95
35 (35) L 0 R 1 push 1 force 6.63
36 (36) L 1 R 0 push -1 force 11.38
38 (38) L 1 R 0 push -1 force 8.39
39 (39) L 1 R 0 push -1 force 3.21
41 (41) L 0 R 1 push 1 force -8.14
44 (44) L 1 R 0 push -1 force -3.91
46 (46) L 1 R 0 push -1 force -8.46
50 (50) L 0 R 1 push 1 force -14.95
51 (51) L 0 R 1 push 1 force -10.06
52 (52) L 1 R 0 push -1 force -2.70
54 (54) L 1 R 0 push -1 force -1.48
59 (59) L 0 R 1 push 1 force -7.47
60 (60) L 1 R 0 push -1 force -3.02
61 (61) L 0 R 1 push 1 force -4.07
62 (62) L 0 R 1 push 1 force -0.61
63 (63) L 1 R 0 push -1 force 5.41
64 (64) L 0 R 1 push 1 force 4.90
65 (65) L 0 R 1 push 1 force 8.25
68 (68) L 0 R 1 push 1 force 17.26
70 (70) L 0 R 1 push 1 force 21.94
71 (71) L 0 R 1 push 1 force 25.45
73 (73) L 0 R 1 push 1 force 31.64
75 (75) L 0 R 1 push 1 force 35.09
76 (76) L 0 R 1 push 1 force 37.41
77 (77) L 0 R 1 push 1 force 40.88
78 (78) L 0 R 1 push 1 force 44.88
80 (80) L 1 R 0 push -1 force 49.11
81 (81) L 0 R 1 push 1 force 42.87
83 (83) L 1 R 0 push -1 force 37.68
85 (85) L 0 R 1 push 1 force 23.88
98 (98) L 1 R 0 push -1 force 3.70
38 (38) L 0 R 1 push 1 force 0.00
Pole not balanced. Stopping after 10000 failures 
Max steps: 467, Total Steps: 1236931 
Firing rate (spikes/sec): 0.91 (L: 0.45, R: 0.45)
Number of spikes        : 5603 (L: 2798, R: 2805)
Elapsed time: 201 seconds

------------- Run 2 -------------
0 (0) L 1 R 0 push -1 force 0.00
1 (1) L 1 R 0 push -1 force -3.89
3 (3) L 1 R 0 push -1 force -13.15
6 (6) L 0 R 1 push 1 force -20.94
7 (7) L 1 R 0 push -1 force -16.24
8 (8) L 0 R 1 push 1 force -16.49
9 (9) L 0 R 1 push 1 force -11.94
12 (12) L 0 R 1 push 1 force 2.73
13 (13) L 1 R 0 push -1 force 8.19
15 (15) L 0 R 1 push 1 force 6.26
16 (16) L 1 R 0 push -1 force 9.27
19 (19) L 1 R 0 push -1 force 3.53
21 (21) L 1 R 0 push -1 force -4.27
22 (22) L 1 R 0 push -1 force -9.72
23 (23) L 0 R 1 push 1 force -16.44
25 (25) L 0 R 1 push 1 force -14.67
27 (27) L 0 R 1 push 1 force -5.68
30 (30) L 0 R 1 push 1 force 6.68
38 (38) L 0 R 1 push 1 force 9.70
39 (39) L 0 R 1 push 1 force 12.30
40 (40) L 0 R 1 push 1 force 17.17
41 (41) L 0 R 1 push 1 force 23.18
42 (42) L 0 R 1 push 1 force 29.59
46 (46) L 1 R 0 push -1 force 35.21
49 (49) L 0 R 1 push 1 force 18.17
50 (50) L 0 R 1 push 1 force 18.44
53 (53) L 1 R 0 push -1 force 21.88
54 (54) L 0 R 1 push 1 force 16.56
55 (55) L 1 R 0 push -1 force 16.42
57 (57) L 0 R 1 push 1 force 8.17
60 (60) L 1 R 0 push -1 force 9.68
61 (61) L 0 R 1 push 1 force 5.15
64 (64) L 0 R 1 push 1 force 6.14
66 (66) L 1 R 0 push -1 force 11.29
67 (67) L 1 R 0 push -1 force 7.84
68 (68) L 1 R 0 push -1 force 1.48
71 (71) L 0 R 1 push 1 force -12.95
72 (72) L 0 R 1 push 1 force -9.74
73 (73) L 1 R 0 push -1 force -3.42
75 (75) L 1 R 0 push -1 force -3.08
76 (76) L 1 R 0 push -1 force -6.69
77 (77) L 1 R 0 push -1 force -12.44
0 (0) L 0 R 1 push 1 force 0.00
2 (2) L 0 R 1 push 1 force 6.07
4 (4) L 1 R 0 push -1 force 13.42
5 (5) L 1 R 0 push -1 force 10.35
9 (9) L 0 R 1 push 1 force -3.70
13 (13) L 0 R 1 push 1 force 3.24
14 (14) L 1 R 0 push -1 force 7.31
19 (19) L 1 R 0 push -1 force 1.79
20 (20) L 0 R 1 push 1 force -2.55
21 (21) L 0 R 1 push 1 force -1.16
23 (23) L 1 R 0 push -1 force 6.36
26 (26) L 0 R 1 push 1 force 0.93
31 (31) L 1 R 0 push -1 force 6.44
32 (32) L 1 R 0 push -1 force 2.08
35 (35) L 0 R 1 push 1 force -10.26
37 (37) L 0 R 1 push 1 force -4.70
42 (42) L 1 R 0 push -1 force 6.90
45 (45) L 1 R 0 push -1 force -1.49
46 (46) L 0 R 1 push 1 force -6.28
48 (48) L 0 R 1 push 1 force -3.96
49 (49) L 0 R 1 push 1 force 0.75
51 (51) L 1 R 0 push -1 force 11.17
55 (55) L 0 R 1 push 1 force 4.64
58 (58) L 0 R 1 push 1 force 9.46
59 (59) L 0 R 1 push 1 force 13.15
1 (1) L 0 R 1 push 1 force 0.00
4 (4) L 0 R 1 push 1 force 7.09
6 (6) L 1 R 0 push -1 force 13.23
11 (11) L 0 R 1 push 1 force 3.02
15 (15) L 0 R 1 push 1 force 8.24
18 (18) L 0 R 1 push 1 force 13.51
19 (19) L 0 R 1 push 1 force 16.91
22 (22) L 0 R 1 push 1 force 24.13
23 (23) L 0 R 1 push 1 force 26.87
24 (24) L 0 R 1 push 1 force 31.12
25 (25) L 0 R 1 push 1 force 36.07
28 (28) L 0 R 1 push 1 force 40.89
30 (30) L 0 R 1 push 1 force 40.51
31 (31) L 1 R 0 push -1 force 41.56
33 (33) L 1 R 0 push -1 force 31.29
34 (34) L 0 R 1 push 1 force 22.84
38 (38) L 0 R 1 push 1 force 13.51
43 (43) L 1 R 0 push -1 force 12.86
46 (46) L 1 R 0 push -1 force 1.54
17 (17) L 0 R 1 push 1 force 0.00
54 (54) L 0 R 1 push 1 force 0.02
57 (57) L 1 R 0 push -1 force 7.09
58 (58) L 0 R 1 push 1 force 3.47
59 (59) L 0 R 1 push 1 force 5.00
63 (63) L 1 R 0 push -1 force 12.57
65 (65) L 0 R 1 push 1 force 4.81
67 (67) L 1 R 0 push -1 force 7.28
68 (68) L 1 R 0 push -1 force 3.47
69 (69) L 1 R 0 push -1 force -2.90
70 (70) L 1 R 0 push -1 force -10.52
95 (95) L 1 R 0 push -1 force 0.00
Pole not balanced. Stopping after 10000 failures 
Max steps: 575, Total Steps: 1241100 
Firing rate (spikes/sec): 0.08 (L: 0.04, R: 0.04)
Number of spikes        : 472 (L: 229, R: 243)
Elapsed time: 203 seconds

------------- Run 3 -------------
0 (0) L 0 R 1 push 1 force 0.00
1 (1) L 0 R 1 push 1 force 3.89
4 (4) L 1 R 0 push -1 force 14.44
10 (10) L 0 R 1 push 1 force 2.15
16 (16) L 1 R 0 push -1 force 6.94
17 (17) L 0 R 1 push 1 force 2.35
19 (19) L 1 R 0 push -1 force 3.78
20 (20) L 1 R 0 push -1 force -0.03
21 (21) L 0 R 1 push 1 force -6.24
23 (23) L 0 R 1 push 1 force -5.25
25 (25) L 0 R 1 push 1 force 1.99
26 (26) L 0 R 1 push 1 force 7.46
29 (29) L 1 R 0 push -1 force 18.98
35 (35) L 1 R 0 push -1 force 4.44
36 (36) L 1 R 0 push -1 force -0.41
37 (37) L 1 R 0 push -1 force -7.22
40 (40) L 0 R 1 push 1 force -20.28
41 (41) L 1 R 0 push -1 force -16.28
43 (43) L 0 R 1 push 1 force -16.53
44 (44) L 1 R 0 push -1 force -11.57
45 (45) L 1 R 0 push -1 force -11.89
46 (46) L 0 R 1 push 1 force -15.40
47 (47) L 0 R 1 push 1 force -12.88
50 (50) L 0 R 1 push 1 force -0.25
51 (51) L 1 R 0 push -1 force 5.21
52 (52) L 1 R 0 push -1 force 4.38
56 (56) L 0 R 1 push 1 force -5.28
58 (58) L 1 R 0 push -1 force 0.77
59 (59) L 0 R 1 push 1 force -1.74
60 (60) L 1 R 0 push -1 force 0.71
64 (64) L 1 R 0 push -1 force -4.06
66 (66) L 1 R 0 push -1 force -9.83
67 (67) L 0 R 1 push 1 force -14.42
69 (69) L 0 R 1 push 1 force -10.89
71 (71) L 0 R 1 push 1 force -1.84
72 (72) L 0 R 1 push 1 force 4.32
74 (74) L 0 R 1 push 1 force 15.66
77 (77) L 0 R 1 push 1 force 23.72
78 (78) L 0 R 1 push 1 force 26.61
79 (79) L 1 R 0 push -1 force 30.95
80 (80) L 1 R 0 push -1 force 28.17
81 (81) L 0 R 1 push 1 force 21.22
82 (82) L 0 R 1 push 1 force 19.86
83 (83) L 0 R 1 push 1 force 21.95
84 (84) L 1 R 0 push -1 force 26.04
86 (86) L 1 R 0 push -1 force 20.58
87 (87) L 0 R 1 push 1 force 14.00
93 (93) L 0 R 1 push 1 force 7.10
94 (94) L 1 R 0 push -1 force 9.94
95 (95) L 0 R 1 push 1 force 7.28
96 (96) L 0 R 1 push 1 force 9.21
97 (97) L 1 R 0 push -1 force 13.82
98 (98) L 0 R 1 push 1 force 12.05
99 (99) L 1 R 0 push -1 force 14.27
100 (100) L 1 R 0 push -1 force 11.03
101 (100) L 1 R 0 push -1 force 8.53
102 (100) L 0 R 1 push 1 force 6.59
103 (100) L 0 R 1 push 1 force 5.09
106 (100) L 1 R 0 push -1 force 2.35
0 (0) L 1 R 0 push -1 force 0.00
2 (2) L 0 R 1 push 1 force -6.07
3 (3) L 0 R 1 push 1 force -3.19
5 (5) L 1 R 0 push -1 force 5.99
6 (6) L 0 R 1 push 1 force 3.86
9 (9) L 1 R 0 push -1 force 7.76
10 (10) L 1 R 0 push -1 force 3.69
11 (11) L 0 R 1 push 1 force -2.85
12 (12) L 0 R 1 push 1 force -2.78
17 (17) L 1 R 0 push -1 force 5.56
18 (18) L 0 R 1 push 1 force 1.42
19 (19) L 1 R 0 push -1 force 2.74
20 (20) L 1 R 0 push -1 force -0.49
21 (21) L 0 R 1 push 1 force -6.32
23 (23) L 0 R 1 push 1 force -4.97
24 (24) L 1 R 0 push -1 force -0.42
27 (27) L 0 R 1 push 1 force -2.39
28 (28) L 0 R 1 push 1 force 1.46
29 (29) L 0 R 1 push 1 force 7.62
31 (31) L 0 R 1 push 1 force 18.55
33 (33) L 1 R 0 push -1 force 25.77
34 (34) L 1 R 0 push -1 force 21.82
37 (37) L 1 R 0 push -1 force 5.71
38 (38) L 1 R 0 push -1 force -0.64
39 (39) L 1 R 0 push -1 force -8.35
42 (42) L 0 R 1 push 1 force -22.16
43 (43) L 1 R 0 push -1 force -18.10
50 (50) L 1 R 0 push -1 force -10.24
51 (51) L 1 R 0 push -1 force -12.66
52 (52) L 0 R 1 push 1 force -17.40
58 (58) L 1 R 0 push -1 force -7.29
15 (15) L 1 R 0 push -1 force 0.00
Pole not balanced. Stopping after 10000 failures 
Max steps: 587, Total Steps: 1238981 
Firing rate (spikes/sec): 4.44 (L: 2.22, R: 2.22)
Number of spikes        : 27485 (L: 13742, R: 13743)
Elapsed time: 200 seconds

------------- Run 4 -------------
0 (0) L 0 R 1 push 1 force 0.00
2 (2) L 1 R 0 push -1 force 6.07
3 (3) L 1 R 0 push -1 force 3.19
10 (10) L 0 R 1 push 1 force -7.39
11 (11) L 1 R 0 push -1 force -2.75
13 (13) L 0 R 1 push 1 force -4.08
14 (14) L 0 R 1 push 1 force -0.22
16 (16) L 1 R 0 push -1 force 9.51
22 (22) L 0 R 1 push 1 force 1.89
23 (23) L 1 R 0 push -1 force 5.33
25 (25) L 1 R 0 push -1 force 1.86
26 (26) L 1 R 0 push -1 force -2.99
30 (30) L 1 R 0 push -1 force -14.98
33 (33) L 0 R 1 push 1 force -19.08
35 (35) L 1 R 0 push -1 force -10.36
37 (37) L 0 R 1 push 1 force -11.61
38 (38) L 0 R 1 push 1 force -7.23
39 (39) L 1 R 0 push -1 force -0.32
40 (40) L 1 R 0 push -1 force -0.01
43 (43) L 1 R 0 push -1 force -6.75
45 (45) L 0 R 1 push 1 force -12.88
46 (46) L 0 R 1 push 1 force -9.56
49 (49) L 1 R 0 push -1 force 3.23
50 (50) L 0 R 1 push 1 force 0.64
51 (51) L 0 R 1 push 1 force 2.93
52 (52) L 0 R 1 push 1 force 8.06
4 (4) L 0 R 1 push 1 force 0.00
Pole not balanced. Stopping after 10000 failures 
Max steps: 541, Total Steps: 1239202 
Firing rate (spikes/sec): 1.14 (L: 0.57, R: 0.57)
Number of spikes        : 7081 (L: 3540, R: 3541)
Elapsed time: 202 seconds

------------- Run 5 -------------
3 (3) L 0 R 1 push 1 force 0.00
4 (4) L 0 R 1 push 1 force 3.89
5 (5) L 1 R 0 push -1 force 9.96
6 (6) L 1 R 0 push -1 force 9.26
10 (10) L 0 R 1 push 1 force -1.74
11 (11) L 1 R 0 push -1 force 1.53
12 (12) L 0 R 1 push 1 force -0.45
14 (14) L 0 R 1 push 1 force 3.80
15 (15) L 0 R 1 push 1 force 8.44
16 (16) L 0 R 1 push 1 force 14.74
17 (17) L 0 R 1 push 1 force 21.73
18 (18) L 0 R 1 push 1 force 28.80
21 (21) L 1 R 0 push -1 force 37.52
22 (22) L 0 R 1 push 1 force 31.54
23 (23) L 1 R 0 push -1 force 30.26
26 (26) L 1 R 0 push -1 force 15.28
31 (31) L 1 R 0 push -1 force -2.31
35 (35) L 0 R 1 push 1 force -10.18
40 (40) L 1 R 0 push -1 force 0.91
42 (42) L 0 R 1 push 1 force -4.59
43 (43) L 0 R 1 push 1 force -1.68
44 (44) L 0 R 1 push 1 force 4.06
46 (46) L 0 R 1 push 1 force 15.04
47 (47) L 0 R 1 push 1 force 20.51
48 (48) L 1 R 0 push -1 force 26.71
50 (50) L 0 R 1 push 1 force 23.16
52 (52) L 1 R 0 push -1 force 24.34
54 (54) L 1 R 0 push -1 force 14.94
56 (56) L 0 R 1 push 1 force 3.10
57 (57) L 0 R 1 push 1 force 3.99
59 (59) L 0 R 1 push 1 force 10.39
60 (60) L 0 R 1 push 1 force 15.09
62 (62) L 0 R 1 push 1 force 23.71
65 (65) L 0 R 1 push 1 force 28.60
66 (66) L 0 R 1 push 1 force 30.68
69 (69) L 1 R 0 push -1 force 33.50
70 (70) L 0 R 1 push 1 force 27.13
71 (71) L 1 R 0 push -1 force 25.83
76 (76) L 1 R 0 push -1 force 6.98
0 (0) L 0 R 1 push 1 force 0.00
2 (2) L 1 R 0 push -1 force 6.07
3 (3) L 1 R 0 push -1 force 3.19
5 (5) L 0 R 1 push 1 force -5.99
6 (6) L 1 R 0 push -1 force -3.86
7 (7) L 0 R 1 push 1 force -6.27
8 (8) L 1 R 0 push -1 force -3.53
9 (9) L 1 R 0 push -1 force -5.59
11 (11) L 1 R 0 push -1 force -12.90
15 (15) L 0 R 1 push 1 force -19.10
17 (17) L 1 R 0 push -1 force -9.87
20 (20) L 1 R 0 push -1 force -10.54
21 (21) L 0 R 1 push 1 force -13.62
23 (23) L 0 R 1 push 1 force -8.77
25 (25) L 0 R 1 push 1 force 0.44
27 (27) L 1 R 0 push -1 force 9.82
28 (28) L 0 R 1 push 1 force 7.48
30 (30) L 1 R 0 push -1 force 10.39
34 (34) L 1 R 0 push -1 force 0.77
37 (37) L 0 R 1 push 1 force -7.80
46 (46) L 1 R 0 push -1 force 1.34
47 (47) L 1 R 0 push -1 force -2.66
48 (48) L 0 R 1 push 1 force -8.86
49 (49) L 1 R 0 push -1 force -8.28
51 (51) L 1 R 0 push -1 force -12.77
59 (59) L 0 R 1 push 1 force -11.34
5 (5) L 0 R 1 push 1 force 0.00
Pole not balanced. Stopping after 10000 failures 
Max steps: 575, Total Steps: 1237497 
Firing rate (spikes/sec): 1.07 (L: 0.53, R: 0.53)
Number of spikes        : 6604 (L: 3298, R: 3306)
Elapsed time: 201 seconds

============== SUMMARY ===============
Final Max Steps: 587
Success rate: 0.00 percent (0/5)
Elapsed time: 1007 seconds
MAX_FAILURES	= 10000
TARGET_STEPS	= 1000
LAST_STEPS	= 100
STEPSIZE (ms)	= 5.00
TAU      (ms)	= 20
MAX_FORCE 	= 1000
#./demo.o > demo.log
