Run 1:
Pole not balanced. Stopping after 10000 failures 
Max steps: 180, Total Steps: 115818
Elapsed time is 155.846681 seconds.
Firing rate = 1.1798 (L: 0.59005, R: 0.58973)
Run 2:
Pole balanced successfully for at least 100000 steps at 2970 trials
Max steps: 100000, Total Steps: 474284
Elapsed time is 5656.751165 seconds.
Firing rate = 0.99788 (L: 0.47508, R: 0.52281)
Balanced = 1
Run 3:
Pole balanced successfully for at least 100000 steps at 1783 trials
Max steps: 100000, Total Steps: 178664
Elapsed time is 3850.620682 seconds.
Firing rate = 0.97787 (L: 0.50346, R: 0.47442)
Balanced = 2
Run 4:

Run 1:
Pole not balanced. Stopping after 10000 failures 
Max steps: 39
Elapsed time is 149.534471 seconds.
Run 2:
Pole not balanced. Stopping after 10000 failures 
Max steps: 52
Elapsed time is 158.701782 seconds.
Run 3:
Pole not balanced. Stopping after 10000 failures 
Max steps: 66
Elapsed time is 159.156821 seconds.
Run 4:
Pole balanced successfully for at least 100000 steps at 5044 trials
Max steps: 100000
Elapsed time is 7776.041593 seconds. (2hours 10min)
bal = 1
Run 5:
Pole not balanced. Stopping after 10000 failures 
Max steps: 54
Elapsed time is 150.968171 seconds.
Run 6:

  test 
test
