Run 1:
Pole not balanced. Stopping after 10000 failures 
Max steps: 414
Elapsed time is 147.673438 seconds.
Run 2:
Pole not balanced. Stopping after 10000 failures 
Max steps: 681
Elapsed time is 161.829664 seconds.
Run 3:
Pole not balanced. Stopping after 10000 failures 
Max steps: 540
Elapsed time is 147.976536 seconds.
Run 4:
Pole not balanced. Stopping after 10000 failures 
Max steps: 1170
Elapsed time is 151.657241 seconds.
Run 5:
Pole not balanced. Stopping after 10000 failures 
Max steps: 652
Elapsed time is 152.464106 seconds.
Run 6:
Pole not balanced. Stopping after 10000 failures 
Max steps: 582
Elapsed time is 148.534128 seconds.
Run 7:
Pole not balanced. Stopping after 10000 failures 
Max steps: 801
Elapsed time is 149.177452 seconds.
Run 8:
Pole not balanced. Stopping after 10000 failures 
Max steps: 46
Elapsed time is 129.060584 seconds.
Run 9:
Pole not balanced. Stopping after 10000 failures 
Max steps: 582
Elapsed time is 149.562404 seconds.
Run 10:
Pole not balanced. Stopping after 10000 failures 
Max steps: 47
Elapsed time is 131.347649 seconds.
Run 11:
Pole not balanced. Stopping after 10000 failures 
Max steps: 394
Elapsed time is 150.502113 seconds.
Run 12:
Pole not balanced. Stopping after 10000 failures 
Max steps: 49
Elapsed time is 129.940215 seconds.
Run 13:
Pole not balanced. Stopping after 10000 failures 
Max steps: 47
Elapsed time is 129.515780 seconds.
Run 14:
Pole not balanced. Stopping after 10000 failures 
Max steps: 491
Elapsed time is 152.807795 seconds.
Run 15:
Pole not balanced. Stopping after 10000 failures 
Max steps: 49
Elapsed time is 133.740900 seconds.
Run 16:
Pole not balanced. Stopping after 10000 failures 
Max steps: 417
Elapsed time is 155.714107 seconds.
Run 17:
Pole not balanced. Stopping after 10000 failures 
Max steps: 585
Elapsed time is 152.865064 seconds.
Run 18:
Pole not balanced. Stopping after 10000 failures 
Max steps: 774
Elapsed time is 153.826911 seconds.
Run 19:
Pole not balanced. Stopping after 10000 failures 
Max steps: 481
Elapsed time is 151.657719 seconds.
Run 20:
Pole not balanced. Stopping after 10000 failures 
Max steps: 441
Elapsed time is 151.053087 seconds.
Success rate: 0 (0/20)
Final Max steps: 1170