balanced 0 test_flag 0
[Run 1] Ep 10000 not balanced. Max 116 steps (0.0006 hrs). 17 sec
[Run 2] Ep 10000 not balanced. Max 123 steps (0.0007 hrs). 17 sec
[Run 3] Ep 10000 not balanced. Max 116 steps (0.0006 hrs). 17 sec
[Run 4] Ep 10000 not balanced. Max 92 steps (0.0005 hrs). 17 sec
[Run 5] Ep 10000 not balanced. Max 106 steps (0.0006 hrs). 18 sec
[Run 6] Ep 10000 not balanced. Max 753 steps (0.0042 hrs). 18 sec
[Run 7] Ep 10000 not balanced. Max 107 steps (0.0006 hrs). 16 sec
[Run 8] Ep 10000 not balanced. Max 116 steps (0.0006 hrs). 18 sec
[Run 9] Ep 10000 not balanced. Max 144 steps (0.0008 hrs). 17 sec
[Run 10] Ep 10000 not balanced. Max 100 steps (0.0006 hrs). 17 sec
[Run 11] Ep 10000 not balanced. Max 113 steps (0.0006 hrs). 17 sec
[Run 12] Ep 10000 not balanced. Max 141 steps (0.0008 hrs). 17 sec
[Run 13] Ep 10000 not balanced. Max 132 steps (0.0007 hrs). 18 sec
[Run 14] Ep 10000 not balanced. Max 106 steps (0.0006 hrs). 17 sec
[Run 15] Ep 10000 not balanced. Max 99 steps (0.0005 hrs). 17 sec
[Run 16] Ep 10000 not balanced. Max 118 steps (0.0007 hrs). 18 sec
[Run 17] Ep 10000 not balanced. Max 110 steps (0.0006 hrs). 17 sec
[Run 18] Ep 10000 not balanced. Max 105 steps (0.0006 hrs). 17 sec
[Run 19] Ep 10000 not balanced. Max 120 steps (0.0007 hrs). 17 sec
[Run 20] Ep 10000 not balanced. Max 133 steps (0.0007 hrs). 18 sec
[Run 21] Ep 10000 not balanced. Max 116 steps (0.0006 hrs). 17 sec
[Run 22] Ep 10000 not balanced. Max 121 steps (0.0007 hrs). 17 sec
[Run 23] Ep 10000 not balanced. Max 134 steps (0.0007 hrs). 18 sec
[Run 24] Ep 10000 not balanced. Max 84 steps (0.0005 hrs). 17 sec
[Run 25] Ep 10000 not balanced. Max 102 steps (0.0006 hrs). 17 sec
[Run 26] Ep 10000 not balanced. Max 110 steps (0.0006 hrs). 18 sec
[Run 27] Ep 10000 not balanced. Max 76 steps (0.0004 hrs). 17 sec
[Run 28] Ep 10000 not balanced. Max 133 steps (0.0007 hrs). 18 sec
[Run 29] Ep 10000 not balanced. Max 108 steps (0.0006 hrs). 17 sec
[Run 30] Ep 10000 not balanced. Max 82 steps (0.0005 hrs). 17 sec
[Run 31] Ep 10000 not balanced. Max 116 steps (0.0006 hrs). 17 sec
[Run 32] Ep 10000 not balanced. Max 121 steps (0.0007 hrs). 18 sec
[Run 33] Ep 6961 balanced for 180000 steps (1.0000 hrs). 20 sec
Wrote current weights to latest.weights
Total Elapsed time: 573 seconds
Wrote current data to latest.train
