Run 1:
Pole not balanced. Stopping after 10000 failures 
Max steps: 60
Elapsed time is 180.554654 seconds.
Run 2:
Pole not balanced. Stopping after 10000 failures 
Max steps: 53
Elapsed time is 189.731151 seconds.
Run 3:
Pole not balanced. Stopping after 10000 failures 
Max steps: 727
Elapsed time is 228.566469 seconds.
Run 4:
Pole not balanced. Stopping after 10000 failures 
Max steps: 1011
Elapsed time is 230.719851 seconds.
Run 5:
Pole not balanced. Stopping after 10000 failures 
Max steps: 1003
Elapsed time is 226.233764 seconds.
Run 6:
Pole not balanced. Stopping after 10000 failures 
Max steps: 39
Elapsed time is 194.169680 seconds.
Run 7:
Pole not balanced. Stopping after 10000 failures 
Max steps: 660
Elapsed time is 226.308053 seconds.
Run 8:
Pole not balanced. Stopping after 10000 failures 
Max steps: 549
Elapsed time is 221.718741 seconds.
Run 9:
Pole not balanced. Stopping after 10000 failures 
Max steps: 560
Elapsed time is 219.499000 seconds.
Run 10:
Pole not balanced. Stopping after 10000 failures 
Max steps: 44
Elapsed time is 190.401554 seconds.
Elapsed time is 2107.993023 seconds.
Success rate: 0 (0/10)
Final Max Steps: 1011