
 ****** Running generation 0 ****** 

Population's average fitness: 0.00103 stdev: 0.00090
Best fitness: 0.004 - size: (0, 3) - species 2 - id 19
Species length: 7 totalizing 150 individuals
Species ID       : [1, 2, 3, 4, 5, 6, 7]
Each species size: [95, 40, 4, 6, 2, 2, 1]
Amount to spawn  : [15, 23, 18, 20, 20, 8, 46]
Species age      : [0, 0, 0, 0, 0, 0, 0]
Species no improv: [0, 0, 0, 0, 0, 0, 0]

 ****** Running generation 1 ****** 

Population's average fitness: 0.00179 stdev: 0.00101
Best fitness: 0.0038 - size: (0, 3) - species 1 - id 177
Species length: 9 totalizing 150 individuals
Species ID       : [1, 2, 3, 4, 5, 6, 7, 8, 9]
Each species size: [61, 4, 43, 20, 5, 13, 2, 1, 1]
Amount to spawn  : [22, 24, 24, 27, 14, 14, 15, 5, 5]
Species age      : [1, 1, 1, 1, 1, 1, 1, 0, 0]
Species no improv: [0, 0, 0, 0, 1, 0, 1, 0, 0]

 ****** Running generation 2 ****** 

Population's average fitness: 0.00179 stdev: 0.00101
Best fitness: 0.0049 - size: (0, 3) - species 1 - id 369
Species length: 13 totalizing 150 individuals
Species ID       : [1, 2, 3, 4, 5, 6, 7, 8, 9, 10, 11, 12, 13]
Each species size: [49, 19, 30, 9, 23, 2, 3, 7, 3, 1, 1, 1, 2]
Amount to spawn  : [20, 17, 16, 21, 11, 4, 8, 9, 4, 18, 14, 4, 4]
Species age      : [2, 2, 2, 2, 2, 2, 2, 1, 1, 0, 0, 0, 0]
Species no improv: [0, 1, 1, 0, 0, 1, 2, 0, 0, 0, 0, 0, 0]

 ****** Running generation 3 ****** 

Population's average fitness: 0.00184 stdev: 0.00087
Best fitness: 0.0037 - size: (0, 3) - species 16 - id 514
Species length: 20 totalizing 150 individuals
Species ID       : [1, 2, 3, 4, 5, 6, 7, 8, 9, 10, 11, 12, 13, 14, 15, 16, 17, 18, 19, 20]
Each species size: [28, 15, 12, 23, 10, 4, 9, 12, 1, 1, 6, 4, 2, 1, 2, 16, 1, 1, 1, 1]
Amount to spawn  : [9, 11, 8, 11, 7, 9, 7, 11, 2, 2, 8, 2, 2, 8, 8, 12, 13, 3, 10, 7]
Species age      : [3, 3, 3, 3, 3, 3, 3, 2, 2, 1, 1, 1, 1, 0, 0, 0, 0, 0, 0, 0]
Species no improv: [1, 0, 2, 1, 0, 0, 3, 0, 1, 1, 1, 0, 1, 0, 0, 0, 0, 0, 0, 0]

 ****** Running generation 4 ****** 

Removing species 12 for being empty
Removing species 14 for being empty
Removing species 17 for being empty
Removing species 19 for being empty
Population's average fitness: 0.00196 stdev: 0.00085
Best fitness: 0.0044 - size: (0, 3) - species 1 - id 601
Species length: 24 totalizing 150 individuals
Species ID       : [1, 2, 3, 4, 5, 6, 7, 8, 9, 10, 11, 13, 15, 16, 18, 20, 21, 22, 23, 24, 25, 26, 27, 28]
Each species size: [15, 9, 22, 12, 7, 8, 16, 10, 3, 3, 3, 1, 6, 11, 9, 4, 1, 2, 1, 1, 1, 1, 3, 1]
Amount to spawn  : [8, 6, 7, 8, 7, 8, 7, 7, 5, 1, 9, 2, 8, 6, 4, 6, 7, 6, 9, 2, 12, 2, 4, 10]
Species age      : [4, 4, 4, 4, 4, 4, 4, 3, 3, 2, 2, 2, 1, 1, 1, 1, 0, 0, 0, 0, 0, 0, 0, 0]
Species no improv: [0, 1, 0, 0, 0, 0, 4, 1, 0, 2, 0, 0, 0, 1, 0, 0, 0, 0, 0, 0, 0, 0, 0, 0]
   Removing 1 excess individual(s) from the new population

 ****** Running generation 5 ****** 

Removing species 15 for being empty
Removing species 28 for being empty
Population's average fitness: 0.00205 stdev: 0.00089
Best fitness: 0.0042 - size: (0, 3) - species 18 - id 790
Species length: 35 totalizing 150 individuals
Species ID       : [1, 2, 3, 4, 5, 6, 7, 8, 9, 10, 11, 13, 16, 18, 20, 21, 22, 23, 24, 25, 26, 27, 29, 30, 31, 32, 33, 34, 35, 36, 37, 38, 39, 40, 41]
Each species size: [14, 4, 10, 15, 5, 9, 9, 14, 8, 1, 5, 2, 3, 3, 8, 7, 1, 9, 1, 1, 1, 2, 1, 1, 1, 2, 1, 1, 1, 3, 1, 3, 1, 1, 1]
Amount to spawn  : [5, 6, 5, 6, 4, 3, 6, 5, 5, 1, 5, 2, 8, 7, 6, 6, 5, 5, 4, 7, 1, 3, 4, 6, 1, 5, 4, 6, 4, 3, 3, 5, 1, 1, 7]
Species age      : [5, 5, 5, 5, 5, 5, 5, 4, 4, 3, 3, 3, 2, 2, 2, 1, 1, 1, 1, 1, 1, 1, 0, 0, 0, 0, 0, 0, 0, 0, 0, 0, 0, 0, 0]
Species no improv: [1, 0, 1, 0, 1, 1, 5, 2, 0, 3, 1, 0, 0, 0, 0, 0, 0, 1, 0, 1, 1, 0, 0, 0, 0, 0, 0, 0, 0, 0, 0, 0, 0, 0, 0]
   Removing 5 excess individual(s) from the new population

 ****** Running generation 6 ****** 

Removing species 13 for being empty
Removing species 24 for being empty
Removing species 31 for being empty
Removing species 35 for being empty
Removing species 40 for being empty
Population's average fitness: 0.00219 stdev: 0.00112
Best fitness: 0.0054 - size: (0, 4) - species 1 - id 904
Species length: 36 totalizing 150 individuals
Species ID       : [1, 2, 3, 4, 5, 6, 7, 8, 9, 10, 11, 16, 18, 20, 21, 22, 23, 25, 26, 27, 29, 30, 32, 33, 34, 36, 37, 38, 39, 41, 42, 43, 44, 45, 46, 47]
Each species size: [11, 7, 7, 11, 10, 4, 5, 9, 3, 2, 2, 8, 5, 6, 4, 4, 8, 4, 1, 3, 4, 6, 3, 4, 4, 3, 1, 1, 1, 1, 2, 1, 1, 2, 1, 1]
Amount to spawn  : [7, 3, 4, 5, 3, 2, 7, 4, 4, 2, 5, 4, 5, 7, 6, 4, 4, 5, 1, 4, 2, 3, 5, 4, 5, 3, 3, 6, 1, 3, 7, 5, 3, 2, 4, 6]
Species age      : [6, 6, 6, 6, 6, 6, 6, 5, 5, 4, 4, 3, 3, 3, 2, 2, 2, 2, 2, 2, 1, 1, 1, 1, 1, 1, 1, 1, 1, 1, 0, 0, 0, 0, 0, 0]
Species no improv: [0, 1, 2, 0, 2, 2, 0, 3, 0, 4, 0, 1, 1, 0, 0, 1, 2, 2, 2, 0, 1, 1, 0, 0, 1, 0, 0, 0, 1, 1, 0, 0, 0, 0, 0, 0]
   Producing 2 more individual(s) to fill up the new population

 ****** Running generation 7 ****** 

Removing species 44 for being empty
Removing species 45 for being empty
Population's average fitness: 0.00236 stdev: 0.00111
Best fitness: 0.0072 - size: (0, 4) - species 20 - id 1116
Species length: 35 totalizing 150 individuals
Species ID       : [1, 2, 3, 4, 5, 6, 7, 8, 9, 10, 11, 16, 18, 20, 21, 22, 23, 25, 26, 27, 29, 30, 32, 33, 34, 36, 37, 38, 39, 41, 42, 43, 46, 47, 48]
Each species size: [10, 1, 11, 8, 2, 3, 8, 8, 7, 2, 7, 1, 11, 10, 2, 5, 7, 5, 1, 2, 3, 4, 4, 2, 5, 2, 1, 1, 1, 3, 5, 2, 1, 2, 3]
Amount to spawn  : [6, 1, 4, 6, 4, 5, 8, 5, 5, 2, 6, 6, 6, 5, 3, 3, 4, 2, 1, 3, 3, 4, 5, 6, 4, 4, 6, 4, 1, 5, 8, 4, 4, 6, 3]
Species age      : [7, 7, 7, 7, 7, 7, 7, 6, 6, 5, 5, 4, 4, 4, 3, 3, 3, 3, 3, 3, 2, 2, 2, 2, 2, 2, 2, 2, 2, 2, 1, 1, 1, 1, 0]
Species no improv: [1, 2, 3, 0, 3, 0, 0, 0, 0, 5, 0, 2, 0, 1, 1, 2, 3, 3, 3, 1, 2, 2, 1, 0, 2, 0, 0, 1, 2, 2, 0, 1, 0, 1, 0]
   Removing 2 excess individual(s) from the new population

 ****** Running generation 8 ****** 

Removing species 26 for being empty
Removing species 38 for being empty
Removing species 46 for being empty
Removing species 48 for being empty
Population's average fitness: 0.00240 stdev: 0.00124
Best fitness: 0.0066 - size: (1, 5) - species 34 - id 1340
Species length: 38 totalizing 150 individuals
Species ID       : [1, 2, 3, 4, 5, 6, 7, 8, 9, 10, 11, 16, 18, 20, 21, 22, 23, 25, 27, 29, 30, 32, 33, 34, 36, 37, 39, 41, 42, 43, 47, 49, 50, 51, 52, 53, 54, 55]
Each species size: [17, 1, 6, 15, 3, 2, 3, 5, 7, 2, 5, 3, 5, 4, 5, 3, 6, 1, 3, 3, 4, 5, 6, 5, 6, 2, 1, 6, 5, 2, 2, 1, 1, 1, 1, 1, 1, 1]
Amount to spawn  : [5, 1, 4, 6, 4, 1, 2, 4, 5, 1, 3, 4, 6, 6, 5, 4, 3, 1, 4, 3, 3, 4, 3, 7, 4, 5, 1, 5, 5, 4, 5, 7, 5, 5, 5, 4, 3, 5]
Species age      : [8, 8, 8, 8, 8, 8, 8, 7, 7, 6, 6, 5, 5, 5, 4, 4, 4, 4, 4, 3, 3, 3, 3, 3, 3, 3, 3, 3, 2, 2, 2, 0, 0, 0, 0, 0, 0, 0]
Species no improv: [2, 3, 4, 0, 0, 1, 1, 0, 0, 6, 1, 3, 0, 2, 2, 3, 4, 4, 2, 3, 3, 2, 1, 0, 0, 1, 3, 3, 1, 2, 2, 0, 0, 0, 0, 0, 0, 0]
   Removing 2 excess individual(s) from the new population

 ****** Running generation 9 ****** 

Removing species 10 for being empty
Removing species 16 for being empty
Removing species 25 for being empty
Removing species 32 for being empty
Removing species 47 for being empty
Removing species 51 for being empty
Removing species 53 for being empty
Removing species 54 for being empty
Population's average fitness: 0.00245 stdev: 0.00105
Best fitness: 0.0056 - size: (0, 4) - species 18 - id 1403
Species length: 39 totalizing 150 individuals
Species ID       : [1, 2, 3, 4, 5, 6, 7, 8, 9, 11, 18, 20, 21, 22, 23, 27, 29, 30, 33, 34, 36, 37, 39, 41, 42, 43, 49, 50, 52, 55, 56, 57, 58, 59, 60, 61, 62, 63, 64]
Each species size: [8, 1, 9, 7, 4, 2, 5, 8, 5, 7, 5, 4, 6, 4, 10, 3, 2, 3, 7, 7, 4, 4, 1, 11, 3, 1, 1, 1, 5, 1, 1, 1, 2, 1, 1, 1, 2, 1, 1]
Amount to spawn  : [3, 1, 4, 6, 3, 1, 5, 4, 4, 4, 7, 7, 4, 3, 3, 4, 3, 4, 4, 6, 3, 4, 1, 4, 3, 4, 3, 4, 5, 4, 4, 3, 4, 1, 7, 3, 6, 4, 2]
Species age      : [9, 9, 9, 9, 9, 9, 9, 8, 8, 7, 6, 6, 5, 5, 5, 5, 4, 4, 4, 4, 4, 4, 4, 4, 3, 3, 1, 1, 1, 1, 0, 0, 0, 0, 0, 0, 0, 0, 0]
Species no improv: [3, 4, 0, 1, 1, 2, 2, 0, 1, 2, 0, 0, 3, 4, 5, 0, 4, 4, 2, 1, 1, 2, 4, 4, 2, 3, 1, 0, 0, 1, 0, 0, 0, 0, 0, 0, 0, 0, 0]
   Producing 1 more individual(s) to fill up the new population

 ****** Running generation 10 ****** 

Population's average fitness: 0.00255 stdev: 0.00148
Best fitness: 0.0087 - size: (1, 5) - species 18 - id 1550
Species length: 44 totalizing 150 individuals
Species ID       : [1, 2, 3, 4, 5, 6, 7, 8, 9, 11, 18, 20, 21, 22, 23, 27, 29, 30, 33, 34, 36, 37, 39, 41, 42, 43, 49, 50, 52, 55, 56, 57, 58, 59, 60, 61, 62, 63, 64, 65, 66, 67, 68, 69]
Each species size: [5, 1, 5, 12, 3, 1, 2, 5, 8, 5, 7, 13, 3, 3, 6, 4, 1, 3, 4, 6, 3, 1, 1, 2, 1, 6, 3, 1, 4, 4, 5, 2, 2, 1, 1, 1, 4, 3, 2, 1, 2, 1, 1, 1]
Amount to spawn  : [4, 1, 3, 6, 3, 1, 4, 4, 3, 4, 7, 5, 3, 2, 3, 3, 3, 3, 4, 6, 3, 2, 1, 3, 3, 4, 2, 4, 7, 3, 4, 2, 3, 1, 5, 5, 6, 3, 1, 5, 4, 3, 1, 3]
Species age      : [10, 10, 10, 10, 10, 10, 10, 9, 9, 8, 7, 7, 6, 6, 6, 6, 5, 5, 5, 5, 5, 5, 5, 5, 4, 4, 2, 2, 2, 2, 1, 1, 1, 1, 1, 1, 1, 1, 1, 0, 0, 0, 0, 0]
Species no improv: [4, 5, 1, 0, 2, 3, 3, 1, 2, 3, 0, 1, 4, 5, 6, 1, 5, 5, 3, 2, 0, 3, 5, 5, 3, 4, 2, 1, 0, 2, 0, 1, 1, 1, 1, 0, 0, 1, 1, 0, 0, 0, 0, 0]

 ****** Running generation 11 ****** 

Removing species 29 for being empty
Removing species 49 for being empty
Removing species 59 for being empty
Removing species 62 for being empty
Removing species 66 for being empty
Removing species 69 for being empty
Population's average fitness: 0.00269 stdev: 0.00148
Best fitness: 0.0074 - size: (0, 4) - species 20 - id 1701
Species length: 41 totalizing 150 individuals
Species ID       : [1, 2, 3, 4, 5, 6, 7, 8, 9, 11, 18, 20, 21, 22, 23, 27, 30, 33, 34, 36, 37, 39, 41, 42, 43, 50, 52, 55, 56, 57, 58, 60, 61, 63, 64, 65, 67, 68, 70, 71, 72]
Each species size: [6, 1, 7, 1, 4, 1, 1, 6, 3, 12, 5, 6, 6, 1, 5, 7, 3, 4, 6, 4, 1, 1, 7, 3, 6, 1, 12, 6, 1, 2, 4, 4, 2, 2, 1, 1, 2, 1, 1, 1, 2]
Amount to spawn  : [3, 1, 3, 5, 4, 1, 2, 3, 3, 5, 5, 6, 3, 3, 3, 3, 3, 4, 5, 3, 1, 1, 4, 3, 4, 4, 7, 3, 8, 3, 3, 6, 6, 4, 1, 7, 3, 5, 1, 5, 7]
Species age      : [11, 11, 11, 11, 11, 11, 11, 10, 10, 9, 8, 8, 7, 7, 7, 7, 6, 6, 6, 6, 6, 6, 6, 5, 5, 3, 3, 3, 2, 2, 2, 2, 2, 2, 2, 1, 1, 1, 0, 0, 0]
Species no improv: [5, 6, 2, 1, 0, 4, 4, 2, 3, 0, 1, 2, 5, 6, 7, 0, 6, 4, 3, 1, 4, 6, 6, 4, 5, 0, 0, 3, 0, 0, 2, 2, 0, 0, 2, 0, 0, 0, 0, 0, 0]
   Removing 4 excess individual(s) from the new population

 ****** Running generation 12 ****** 

Removing species 22 for being empty
Removing species 37 for being empty
Removing species 57 for being empty
Removing species 60 for being empty
Removing species 70 for being empty
Population's average fitness: 0.00258 stdev: 0.00157
Best fitness: 0.0099 - size: (1, 6) - species 18 - id 1844
Species length: 47 totalizing 150 individuals
Species ID       : [1, 2, 3, 4, 5, 6, 7, 8, 9, 11, 18, 20, 21, 23, 27, 30, 33, 34, 36, 39, 41, 42, 43, 50, 52, 55, 56, 58, 61, 63, 64, 65, 67, 68, 71, 72, 73, 74, 75, 76, 77, 78, 79, 80, 81, 82, 83]
Each species size: [4, 1, 4, 6, 7, 1, 1, 3, 4, 14, 12, 2, 3, 3, 5, 3, 4, 5, 2, 1, 3, 2, 6, 1, 12, 3, 2, 2, 1, 4, 1, 3, 2, 4, 2, 3, 1, 1, 1, 1, 1, 1, 1, 1, 2, 1, 3]
Amount to spawn  : [3, 1, 3, 5, 5, 1, 2, 3, 2, 6, 5, 3, 5, 3, 2, 2, 5, 4, 3, 1, 2, 4, 4, 2, 6, 3, 1, 4, 1, 2, 1, 4, 3, 3, 3, 6, 1, 4, 8, 2, 3, 2, 1, 1, 4, 6, 4]
Species age      : [12, 12, 12, 12, 12, 12, 12, 11, 11, 10, 9, 9, 8, 8, 8, 7, 7, 7, 7, 7, 7, 6, 6, 4, 4, 4, 3, 3, 3, 3, 3, 2, 2, 2, 1, 1, 0, 0, 0, 0, 0, 0, 0, 0, 0, 0, 0]
Species no improv: [6, 7, 3, 2, 0, 5, 5, 3, 4, 0, 2, 3, 0, 8, 1, 7, 0, 4, 2, 7, 7, 5, 0, 1, 1, 4, 1, 0, 1, 1, 3, 1, 0, 1, 1, 1, 0, 0, 0, 0, 0, 0, 0, 0, 0, 0, 0]
   Producing 1 more individual(s) to fill up the new population

 ****** Running generation 13 ****** 

Removing species 43 for being empty
Removing species 61 for being empty
Removing species 71 for being empty
Removing species 78 for being empty
Removing species 80 for being empty
Removing species 82 for being empty
Population's average fitness: 0.00270 stdev: 0.00160
Best fitness: 0.0088 - size: (0, 4) - species 11 - id 1992
Species length: 48 totalizing 150 individuals
Species ID       : [1, 2, 3, 4, 5, 6, 7, 8, 9, 11, 18, 20, 21, 23, 27, 30, 33, 34, 36, 39, 41, 42, 50, 52, 55, 56, 58, 63, 64, 65, 67, 68, 72, 73, 74, 75, 76, 77, 79, 81, 83, 84, 85, 86, 87, 88, 89, 90]
Each species size: [3, 1, 3, 6, 7, 1, 2, 3, 9, 10, 4, 6, 3, 3, 4, 2, 4, 2, 3, 1, 2, 4, 2, 5, 4, 3, 11, 2, 1, 2, 3, 2, 3, 1, 3, 8, 2, 4, 1, 2, 1, 1, 1, 1, 1, 1, 1, 1]
Amount to spawn  : [3, 1, 3, 6, 5, 1, 2, 3, 3, 5, 7, 3, 4, 3, 3, 2, 2, 6, 3, 1, 4, 3, 2, 3, 4, 4, 5, 3, 1, 6, 3, 3, 6, 2, 3, 4, 1, 2, 3, 2, 6, 1, 5, 4, 1, 1, 1, 3]
Species age      : [13, 13, 13, 13, 13, 13, 13, 12, 12, 11, 10, 10, 9, 9, 9, 8, 8, 8, 8, 8, 8, 7, 5, 5, 5, 4, 4, 4, 4, 3, 3, 3, 2, 1, 1, 1, 1, 1, 1, 1, 1, 0, 0, 0, 0, 0, 0, 0]
Species no improv: [7, 8, 4, 0, 0, 6, 6, 4, 5, 0, 0, 4, 1, 9, 0, 8, 1, 0, 3, 8, 8, 6, 2, 2, 0, 2, 0, 2, 4, 2, 1, 2, 2, 0, 1, 1, 1, 1, 0, 1, 0, 0, 0, 0, 0, 0, 0, 0]
   Removing 2 excess individual(s) from the new population

 ****** Running generation 14 ****** 

Removing species 75 for being empty
Removing species 76 for being empty
Removing species 86 for being empty
Population's average fitness: 0.00267 stdev: 0.00163
Best fitness: 0.0086 - size: (0, 4) - species 52 - id 2191
Species length: 52 totalizing 150 individuals
Species ID       : [1, 2, 3, 4, 5, 6, 7, 8, 9, 11, 18, 20, 21, 23, 27, 30, 33, 34, 36, 39, 41, 42, 50, 52, 55, 56, 58, 63, 64, 65, 67, 68, 72, 73, 74, 77, 79, 81, 83, 84, 85, 87, 88, 89, 90, 91, 92, 93, 94, 95, 96, 97]
Each species size: [3, 1, 3, 6, 6, 1, 2, 3, 4, 8, 10, 3, 3, 4, 4, 2, 5, 6, 7, 1, 3, 3, 2, 7, 1, 3, 2, 2, 1, 7, 2, 3, 5, 2, 1, 2, 1, 2, 3, 1, 2, 1, 1, 1, 1, 1, 2, 1, 1, 2, 1, 1]
Amount to spawn  : [4, 1, 2, 4, 4, 1, 1, 3, 4, 3, 7, 3, 3, 2, 2, 2, 3, 5, 5, 1, 3, 4, 2, 6, 1, 6, 3, 4, 1, 5, 2, 3, 5, 1, 2, 3, 3, 2, 3, 1, 1, 1, 1, 1, 1, 6, 4, 2, 2, 4, 2, 8]
Species age      : [14, 14, 14, 14, 14, 14, 14, 13, 13, 12, 11, 11, 10, 10, 10, 9, 9, 9, 9, 9, 9, 8, 6, 6, 6, 5, 5, 5, 5, 4, 4, 4, 3, 2, 2, 2, 2, 2, 2, 1, 1, 1, 1, 1, 1, 0, 0, 0, 0, 0, 0, 0]
Species no improv: [8, 9, 5, 1, 1, 7, 7, 5, 6, 1, 0, 5, 2, 10, 1, 9, 2, 1, 0, 9, 9, 7, 3, 3, 1, 3, 1, 0, 5, 3, 2, 3, 3, 1, 2, 0, 0, 2, 1, 1, 1, 1, 1, 1, 1, 0, 0, 0, 0, 0, 0, 0]
   Removing 3 excess individual(s) from the new population

 ****** Running generation 15 ****** 

Removing species 85 for being empty
Removing species 95 for being empty
Removing species 97 for being empty
   Species  2 age 15 removed: produced no offspring
   Species 39 age 10 removed: produced no offspring
   Species 64 age  6 removed: produced no offspring
   Species 73 age  3 removed: produced no offspring
   Species 87 age  2 removed: produced no offspring
   Species 88 age  2 removed: produced no offspring
   Species 102 age  0 removed: produced no offspring
Population's average fitness: 0.00282 stdev: 0.00163
Best fitness: 0.0095 - size: (0, 4) - species 72 - id 2414
Species length: 48 totalizing 142 individuals
Species ID       : [1, 3, 4, 5, 6, 7, 8, 9, 11, 18, 20, 21, 23, 27, 30, 33, 34, 36, 41, 42, 50, 52, 55, 56, 58, 63, 65, 67, 68, 72, 74, 77, 79, 81, 83, 84, 89, 90, 91, 92, 93, 94, 96, 98, 99, 100, 101, 103]
Each species size: [4, 2, 8, 6, 1, 1, 6, 3, 3, 7, 2, 3, 1, 6, 2, 3, 5, 4, 6, 1, 2, 3, 1, 2, 3, 4, 7, 1, 2, 14, 2, 3, 1, 2, 1, 1, 1, 3, 4, 1, 1, 2, 2, 1, 1, 1, 1, 1]
Amount to spawn  : [2, 3, 5, 6, 1, 2, 3, 2, 4, 5, 3, 3, 3, 5, 3, 3, 3, 4, 3, 4, 3, 3, 2, 4, 2, 3, 3, 2, 1, 5, 2, 5, 3, 1, 5, 1, 1, 4, 4, 7, 2, 1, 2, 4, 4, 2, 3, 2]
Species age      : [15, 15, 15, 15, 15, 15, 14, 14, 13, 12, 12, 11, 11, 11, 10, 10, 10, 10, 10, 9, 7, 7, 7, 6, 6, 6, 5, 5, 5, 4, 3, 3, 3, 3, 3, 2, 2, 2, 1, 1, 1, 1, 1, 0, 0, 0, 0, 0]
Species no improv: [9, 0, 2, 0, 8, 8, 0, 7, 2, 1, 6, 3, 0, 0, 10, 3, 2, 1, 10, 8, 4, 4, 2, 4, 2, 1, 4, 3, 4, 4, 3, 0, 1, 3, 2, 2, 0, 0, 1, 0, 0, 1, 1, 0, 0, 0, 0, 0]
   Producing 2 more individual(s) to fill up the new population

 ****** Running generation 16 ****** 

Removing species 36 for being empty
Removing species 79 for being empty
Removing species 92 for being empty
Removing species 94 for being empty
Removing species 99 for being empty
Removing species 103 for being empty
   Species 100 age  1 removed: produced no offspring
Population's average fitness: 0.00285 stdev: 0.00177
Best fitness: 0.0133116738 - size: (0, 4) - species 90 - id 2545
Species length: 49 totalizing 149 individuals
Species ID       : [1, 3, 4, 5, 6, 7, 8, 9, 11, 18, 20, 21, 23, 27, 30, 33, 34, 41, 42, 50, 52, 55, 56, 58, 63, 65, 67, 68, 72, 74, 77, 81, 83, 84, 89, 90, 91, 93, 96, 98, 101, 104, 105, 106, 107, 108, 109, 110, 111]
Each species size: [7, 3, 9, 8, 1, 2, 4, 5, 8, 6, 5, 4, 2, 6, 3, 4, 3, 7, 3, 3, 5, 2, 3, 1, 2, 2, 2, 1, 5, 2, 3, 1, 1, 1, 1, 6, 3, 2, 2, 1, 1, 1, 1, 1, 1, 1, 2, 1, 1]
Amount to spawn  : [3, 4, 3, 5, 1, 2, 2, 3, 4, 5, 3, 3, 2, 5, 3, 3, 4, 4, 4, 2, 4, 2, 1, 3, 2, 3, 2, 1, 4, 2, 4, 1, 6, 1, 1, 7, 5, 3, 2, 3, 2, 1, 1, 3, 3, 6, 5, 2, 2]
Species age      : [16, 16, 16, 16, 16, 16, 15, 15, 14, 13, 13, 12, 12, 12, 11, 11, 11, 11, 10, 8, 8, 8, 7, 7, 7, 6, 6, 6, 5, 4, 4, 4, 4, 3, 3, 3, 2, 2, 2, 1, 1, 0, 0, 0, 0, 0, 0, 0, 0]
Species no improv: [10, 1, 3, 1, 9, 9, 1, 8, 3, 2, 7, 4, 1, 0, 11, 4, 3, 11, 9, 5, 5, 3, 5, 3, 2, 5, 4, 5, 5, 4, 1, 4, 0, 3, 0, 0, 0, 0, 0, 1, 1, 0, 0, 0, 0, 0, 0, 0, 0]
   Producing 3 more individual(s) to fill up the new population

 ****** Running generation 17 ****** 

Removing species 52 for being empty
Removing species 89 for being empty
Removing species 106 for being empty
Removing species 107 for being empty
Removing species 110 for being empty
Population's average fitness: 0.00287 stdev: 0.00152
Best fitness: 0.0086 - size: (0, 4) - species 1 - id 2582
Species length: 52 totalizing 150 individuals
Species ID       : [1, 3, 4, 5, 6, 7, 8, 9, 11, 18, 20, 21, 23, 27, 30, 33, 34, 41, 42, 50, 55, 56, 58, 63, 65, 67, 68, 72, 74, 77, 81, 83, 84, 90, 91, 93, 96, 98, 101, 104, 105, 108, 109, 111, 112, 113, 114, 115, 116, 117, 118, 119]
Each species size: [5, 5, 6, 1, 2, 1, 2, 4, 3, 5, 7, 2, 1, 6, 2, 4, 4, 15, 4, 2, 1, 1, 3, 5, 2, 2, 1, 8, 2, 2, 1, 4, 2, 2, 2, 2, 2, 3, 1, 1, 1, 1, 6, 1, 2, 1, 1, 1, 1, 2, 4, 1]
Amount to spawn  : [5, 3, 5, 3, 1, 3, 3, 2, 4, 4, 5, 4, 1, 4, 3, 2, 3, 5, 6, 2, 1, 1, 2, 3, 3, 2, 1, 4, 1, 2, 2, 4, 1, 4, 4, 3, 2, 3, 4, 1, 1, 6, 3, 2, 3, 1, 3, 3, 1, 2, 4, 3]
Species age      : [17, 17, 17, 17, 17, 17, 16, 16, 15, 14, 14, 13, 13, 13, 12, 12, 12, 12, 11, 9, 9, 8, 8, 8, 7, 7, 7, 6, 5, 5, 5, 5, 4, 4, 3, 3, 3, 2, 2, 1, 1, 1, 1, 1, 0, 0, 0, 0, 0, 0, 0, 0]
Species no improv: [0, 2, 4, 2, 10, 10, 0, 9, 4, 3, 0, 0, 2, 1, 0, 5, 4, 0, 0, 6, 4, 6, 4, 3, 6, 5, 6, 6, 5, 2, 5, 1, 0, 1, 1, 1, 1, 2, 0, 0, 1, 0, 1, 0, 0, 0, 0, 0, 0, 0, 0, 0]
   Producing 2 more individual(s) to fill up the new population

 ****** Running generation 18 ****** 

Removing species 27 for being empty
Removing species 77 for being empty
Removing species 111 for being empty
Removing species 113 for being empty
Removing species 115 for being empty
Removing species 116 for being empty
Population's average fitness: 0.00286 stdev: 0.00158
Best fitness: 0.0082 - size: (0, 4) - species 42 - id 2781
Species length: 54 totalizing 150 individuals
Species ID       : [1, 3, 4, 5, 6, 7, 8, 9, 11, 18, 20, 21, 23, 30, 33, 34, 41, 42, 50, 55, 56, 58, 63, 65, 67, 68, 72, 74, 81, 83, 84, 90, 91, 93, 96, 98, 101, 104, 105, 108, 109, 112, 114, 117, 118, 119, 120, 121, 122, 123, 124, 125, 126, 127]
Each species size: [9, 3, 5, 2, 1, 2, 3, 4, 10, 4, 6, 4, 7, 6, 5, 3, 4, 6, 2, 1, 1, 2, 3, 1, 1, 1, 2, 1, 2, 1, 1, 1, 4, 5, 2, 2, 1, 2, 1, 7, 3, 3, 2, 2, 2, 1, 1, 1, 2, 1, 1, 1, 1, 1]
Amount to spawn  : [3, 3, 3, 1, 1, 2, 3, 3, 4, 6, 4, 4, 4, 2, 3, 3, 3, 5, 2, 1, 1, 2, 2, 7, 2, 1, 3, 1, 2, 3, 2, 2, 4, 3, 3, 2, 1, 1, 1, 5, 3, 3, 4, 2, 1, 3, 2, 7, 5, 2, 7, 1, 3, 1]
Species age      : [18, 18, 18, 18, 18, 18, 17, 17, 16, 15, 15, 14, 14, 13, 13, 13, 13, 12, 10, 10, 9, 9, 9, 8, 8, 8, 7, 6, 6, 6, 5, 5, 4, 4, 4, 3, 3, 2, 2, 2, 2, 1, 1, 1, 1, 1, 0, 0, 0, 0, 0, 0, 0, 0]
Species no improv: [1, 0, 5, 3, 11, 11, 0, 10, 0, 0, 1, 0, 0, 1, 6, 5, 1, 1, 7, 5, 7, 5, 4, 0, 6, 7, 7, 6, 6, 2, 0, 2, 2, 2, 0, 3, 1, 0, 2, 1, 2, 0, 0, 1, 1, 1, 0, 0, 0, 0, 0, 0, 0, 0]
   Removing 2 excess individual(s) from the new population

 ****** Running generation 19 ****** 

Removing species 23 for being empty
Removing species 56 for being empty
Removing species 83 for being empty
Removing species 108 for being empty
Removing species 120 for being empty
Removing species 127 for being empty
   Species 131 age  0 removed: produced no offspring
Population's average fitness: 0.00305 stdev: 0.00176
Best fitness: 0.0096 - size: (1, 5) - species 18 - id 2999
Species length: 52 totalizing 149 individuals
Species ID       : [1, 3, 4, 5, 6, 7, 8, 9, 11, 18, 20, 21, 30, 33, 34, 41, 42, 50, 55, 58, 63, 65, 67, 68, 72, 74, 81, 84, 90, 91, 93, 96, 98, 101, 104, 105, 109, 112, 114, 117, 118, 119, 121, 122, 123, 124, 125, 126, 128, 129, 130, 132]
Each species size: [5, 3, 4, 1, 1, 3, 5, 3, 2, 12, 12, 5, 1, 4, 3, 8, 2, 1, 1, 1, 2, 11, 2, 2, 3, 1, 2, 2, 2, 5, 4, 2, 2, 1, 1, 1, 2, 2, 4, 1, 3, 2, 1, 3, 1, 3, 2, 1, 1, 1, 1, 1]
Amount to spawn  : [3, 2, 4, 1, 1, 2, 4, 2, 4, 5, 5, 3, 5, 4, 5, 4, 4, 2, 1, 3, 2, 6, 2, 1, 2, 3, 1, 2, 4, 4, 3, 1, 2, 2, 1, 1, 4, 4, 3, 7, 2, 1, 7, 3, 1, 4, 4, 4, 2, 1, 2, 2]
Species age      : [19, 19, 19, 19, 19, 19, 18, 18, 17, 16, 16, 15, 14, 14, 14, 14, 13, 11, 11, 10, 10, 9, 9, 9, 8, 7, 7, 6, 6, 5, 5, 5, 4, 4, 3, 3, 3, 2, 2, 2, 2, 2, 1, 1, 1, 1, 1, 1, 0, 0, 0, 0]
Species no improv: [2, 1, 6, 4, 12, 12, 0, 11, 1, 1, 2, 1, 0, 7, 6, 2, 2, 8, 6, 6, 5, 1, 7, 8, 8, 7, 7, 1, 3, 3, 0, 1, 4, 2, 1, 3, 3, 0, 1, 0, 2, 2, 1, 1, 1, 1, 0, 0, 0, 0, 0, 0]
   Removing 2 excess individual(s) from the new population

 ****** Running generation 20 ****** 

Removing species 93 for being empty
Removing species 98 for being empty
Removing species 123 for being empty
Removing species 128 for being empty
Removing species 132 for being empty
   Species 105 age  4 removed: produced no offspring
Population's average fitness: 0.00316 stdev: 0.00158
Best fitness: 0.0082 - size: (0, 4) - species 20 - id 3053
Species length: 54 totalizing 149 individuals
Species ID       : [1, 3, 4, 5, 6, 7, 8, 9, 11, 18, 20, 21, 30, 33, 34, 41, 42, 50, 55, 58, 63, 65, 67, 68, 72, 74, 81, 84, 90, 91, 96, 101, 104, 109, 112, 114, 117, 118, 119, 121, 122, 124, 125, 126, 129, 130, 133, 134, 135, 136, 137, 138, 139, 140]
Each species size: [5, 1, 6, 3, 1, 6, 4, 2, 6, 11, 5, 3, 4, 2, 5, 8, 3, 2, 1, 3, 1, 6, 2, 1, 2, 3, 1, 2, 3, 2, 1, 2, 1, 3, 1, 3, 5, 3, 2, 1, 3, 3, 4, 3, 1, 1, 1, 1, 1, 1, 1, 1, 1, 1]
Amount to spawn  : [4, 1, 4, 3, 1, 3, 1, 2, 3, 4, 5, 3, 4, 4, 5, 4, 5, 2, 1, 1, 3, 4, 3, 1, 2, 2, 1, 1, 4, 4, 1, 2, 1, 3, 3, 3, 5, 2, 3, 4, 2, 5, 5, 3, 2, 2, 1, 2, 3, 2, 3, 3, 2, 3]
Species age      : [20, 20, 20, 20, 20, 20, 19, 19, 18, 17, 17, 16, 15, 15, 15, 15, 14, 12, 12, 11, 11, 10, 10, 10, 9, 8, 8, 7, 7, 6, 6, 5, 4, 4, 3, 3, 3, 3, 3, 2, 2, 2, 2, 2, 1, 1, 0, 0, 0, 0, 0, 0, 0, 0]
Species no improv: [3, 2, 7, 5, 13, 13, 1, 12, 2, 2, 0, 2, 1, 0, 0, 0, 3, 9, 7, 7, 0, 2, 0, 9, 9, 8, 8, 2, 4, 4, 2, 3, 2, 4, 1, 2, 1, 3, 0, 2, 2, 2, 0, 1, 0, 1, 0, 0, 0, 0, 0, 0, 0, 0]

 ****** Running generation 21 ****** 

Removing species 7 for being empty
Removing species 58 for being empty
Removing species 101 for being empty
Removing species 138 for being empty
   Species 104 age  5 removed: produced no offspring
Population's average fitness: 0.00320 stdev: 0.00220
Best fitness: 0.0215268270 - size: (1, 7) - species 34 - id 3217
Species length: 52 totalizing 149 individuals
Species ID       : [1, 3, 4, 5, 6, 8, 9, 11, 18, 20, 21, 30, 33, 34, 41, 42, 50, 55, 63, 65, 67, 68, 72, 74, 81, 84, 90, 91, 96, 109, 112, 114, 117, 118, 119, 121, 122, 124, 125, 126, 129, 130, 133, 134, 135, 136, 137, 139, 140, 141, 142, 143]
Each species size: [7, 1, 5, 8, 1, 2, 2, 3, 6, 6, 3, 4, 4, 7, 6, 2, 2, 1, 3, 2, 3, 1, 2, 2, 1, 1, 4, 4, 3, 3, 1, 6, 5, 2, 3, 2, 2, 3, 5, 2, 1, 2, 1, 2, 3, 1, 3, 1, 2, 1, 1, 1]
Amount to spawn  : [4, 1, 4, 4, 1, 3, 2, 1, 5, 4, 4, 4, 3, 8, 4, 2, 2, 1, 2, 4, 1, 1, 2, 2, 2, 2, 4, 5, 3, 3, 2, 3, 4, 4, 2, 6, 3, 5, 3, 3, 1, 2, 1, 2, 3, 1, 2, 5, 2, 3, 2, 3]
Species age      : [21, 21, 21, 21, 21, 20, 20, 19, 18, 18, 17, 16, 16, 16, 16, 15, 13, 13, 12, 11, 11, 11, 10, 9, 9, 8, 8, 7, 7, 5, 4, 4, 4, 4, 4, 3, 3, 3, 3, 3, 2, 2, 1, 1, 1, 1, 1, 1, 1, 0, 0, 0]
Species no improv: [4, 3, 8, 6, 14, 2, 13, 3, 3, 1, 0, 2, 1, 0, 1, 4, 10, 8, 1, 3, 1, 10, 10, 9, 9, 3, 5, 0, 3, 5, 2, 3, 2, 0, 1, 3, 3, 3, 1, 2, 1, 0, 1, 1, 1, 1, 1, 0, 1, 0, 0, 0]

 ****** Running generation 22 ****** 

Removing species 109 for being empty
Removing species 112 for being empty
Removing species 122 for being empty
Removing species 126 for being empty
Removing species 139 for being empty
   Species 11 age 20 removed: produced no offspring
   Species 133 age  2 removed: produced no offspring
Population's average fitness: 0.00335 stdev: 0.00261
Best fitness: 0.0211132422 - size: (1, 8) - species 34 - id 3364
Species length: 49 totalizing 148 individuals
Species ID       : [1, 3, 4, 5, 6, 8, 9, 18, 20, 21, 30, 33, 34, 41, 42, 50, 55, 63, 65, 67, 68, 72, 74, 81, 84, 90, 91, 96, 114, 117, 118, 119, 121, 124, 125, 129, 130, 134, 135, 136, 137, 140, 141, 142, 143, 144, 145, 146, 147]
Each species size: [6, 1, 5, 7, 1, 3, 2, 7, 5, 4, 4, 3, 5, 7, 1, 2, 1, 3, 5, 1, 2, 2, 2, 2, 2, 7, 7, 3, 4, 4, 3, 2, 2, 4, 3, 1, 2, 2, 2, 1, 2, 2, 3, 2, 3, 1, 3, 1, 1]
Amount to spawn  : [4, 1, 4, 3, 1, 2, 3, 4, 4, 3, 4, 4, 12, 4, 2, 2, 1, 3, 3, 1, 2, 2, 2, 2, 2, 5, 4, 2, 4, 4, 3, 3, 5, 4, 4, 1, 1, 2, 3, 2, 2, 2, 3, 2, 2, 7, 5, 1, 1]
Species age      : [22, 22, 22, 22, 22, 21, 21, 19, 19, 18, 17, 17, 17, 17, 16, 14, 14, 13, 12, 12, 12, 11, 10, 10, 9, 9, 8, 8, 5, 5, 5, 5, 4, 4, 4, 3, 3, 2, 2, 2, 2, 2, 1, 1, 1, 0, 0, 0, 0]
Species no improv: [5, 4, 9, 7, 15, 3, 0, 4, 2, 1, 3, 0, 0, 2, 5, 11, 9, 2, 4, 2, 11, 11, 10, 10, 0, 6, 1, 4, 0, 3, 1, 0, 4, 4, 2, 2, 1, 2, 2, 2, 2, 2, 1, 1, 1, 0, 0, 0, 0]
   Producing 3 more individual(s) to fill up the new population

 ****** Running generation 23 ****** 

Removing species 42 for being empty
Removing species 63 for being empty
Removing species 129 for being empty
Removing species 143 for being empty
   Species 67 age 13 removed: produced no offspring
   Species 146 age  1 removed: produced no offspring
Population's average fitness: 0.00364 stdev: 0.00265
Best fitness: 0.0204605799 - size: (1, 9) - species 34 - id 3622
Species length: 54 totalizing 148 individuals
Species ID       : [1, 3, 4, 5, 6, 8, 9, 18, 20, 21, 30, 33, 34, 41, 50, 55, 65, 68, 72, 74, 81, 84, 90, 91, 96, 114, 117, 118, 119, 121, 124, 125, 130, 134, 135, 136, 137, 140, 141, 142, 144, 145, 147, 148, 149, 150, 151, 152, 153, 154, 155, 156, 157, 158]
Each species size: [7, 1, 4, 5, 1, 4, 3, 2, 3, 1, 4, 7, 13, 4, 2, 1, 3, 7, 3, 2, 2, 2, 3, 1, 2, 3, 2, 2, 3, 1, 3, 3, 1, 1, 3, 1, 2, 3, 4, 2, 4, 4, 2, 1, 1, 3, 3, 2, 2, 1, 1, 1, 1, 1]
Amount to spawn  : [4, 1, 4, 2, 1, 3, 1, 3, 3, 5, 4, 3, 6, 4, 2, 1, 3, 4, 2, 3, 1, 2, 1, 2, 3, 2, 3, 3, 2, 2, 3, 4, 1, 6, 2, 2, 2, 2, 2, 1, 4, 4, 3, 4, 5, 4, 4, 2, 3, 4, 2, 3, 2, 1]
Species age      : [23, 23, 23, 23, 23, 22, 22, 20, 20, 19, 18, 18, 18, 18, 15, 15, 13, 13, 12, 11, 11, 10, 10, 9, 9, 6, 6, 6, 6, 5, 5, 5, 4, 3, 3, 3, 3, 3, 2, 2, 1, 1, 1, 0, 0, 0, 0, 0, 0, 0, 0, 0, 0, 0]
Species no improv: [0, 5, 10, 8, 16, 4, 1, 5, 3, 0, 0, 1, 1, 0, 12, 10, 5, 0, 12, 0, 11, 1, 7, 2, 0, 1, 4, 0, 1, 5, 5, 0, 2, 0, 3, 3, 3, 0, 0, 2, 1, 1, 0, 0, 0, 0, 0, 0, 0, 0, 0, 0, 0, 0]

 ****** Running generation 24 ****** 

Removing species 33 for being empty
Removing species 147 for being empty
Removing species 149 for being empty
Removing species 154 for being empty
Removing species 156 for being empty
Removing species 158 for being empty

   Species  6 (with  1 individuals) is stagnated: removing it
Population's average fitness: 0.00356 stdev: 0.00198
Best fitness: 0.0153434307 - size: (1, 7) - species 157 - id 3771
Species length: 52 totalizing 149 individuals
Species ID       : [1, 3, 4, 5, 8, 9, 18, 20, 21, 30, 34, 41, 50, 55, 65, 68, 72, 74, 81, 84, 90, 91, 96, 114, 117, 118, 119, 121, 124, 125, 130, 134, 135, 136, 137, 140, 141, 142, 144, 145, 148, 150, 151, 152, 153, 155, 157, 159, 160, 161, 162, 163]
Each species size: [7, 1, 5, 4, 8, 1, 3, 6, 2, 4, 3, 9, 3, 1, 4, 8, 2, 3, 1, 2, 2, 4, 3, 5, 3, 1, 2, 1, 3, 7, 1, 5, 2, 1, 1, 1, 2, 2, 5, 4, 1, 2, 1, 1, 2, 1, 2, 2, 1, 1, 2, 1]
Amount to spawn  : [4, 1, 3, 4, 4, 2, 5, 4, 4, 5, 4, 4, 2, 1, 2, 3, 2, 3, 1, 1, 2, 3, 1, 3, 3, 2, 2, 3, 4, 4, 1, 2, 2, 3, 2, 2, 3, 1, 4, 3, 3, 4, 2, 3, 4, 2, 8, 4, 4, 1, 4, 4]
Species age      : [24, 24, 24, 24, 23, 23, 21, 21, 20, 19, 19, 19, 16, 16, 14, 14, 13, 12, 12, 11, 11, 10, 10, 7, 7, 7, 7, 6, 6, 6, 5, 4, 4, 4, 4, 4, 3, 3, 2, 2, 1, 1, 1, 1, 1, 1, 1, 0, 0, 0, 0, 0]
Species no improv: [1, 6, 11, 9, 0, 2, 0, 4, 1, 0, 2, 1, 13, 11, 6, 1, 13, 0, 12, 2, 8, 3, 1, 0, 5, 1, 2, 6, 6, 1, 3, 1, 4, 0, 4, 1, 0, 3, 2, 2, 1, 1, 1, 0, 0, 1, 0, 0, 0, 0, 0, 0]
   Removing 2 excess individual(s) from the new population

 ****** Running generation 25 ****** 

Removing species 117 for being empty
Removing species 134 for being empty
Removing species 148 for being empty
Removing species 152 for being empty
Removing species 155 for being empty
Removing species 160 for being empty
Removing species 162 for being empty
   Species  3 age 25 removed: produced no offspring
   Species 168 age  0 removed: produced no offspring
Population's average fitness: 0.00403 stdev: 0.00269
Best fitness: 0.0206076811 - size: (1, 5) - species 121 - id 3849
Species length: 51 totalizing 148 individuals
Species ID       : [1, 4, 5, 8, 9, 18, 20, 21, 30, 34, 41, 50, 55, 65, 68, 72, 74, 81, 84, 90, 91, 96, 114, 118, 119, 121, 124, 125, 130, 135, 136, 137, 140, 141, 142, 144, 145, 150, 151, 153, 157, 159, 161, 163, 164, 165, 166, 167, 169, 170, 171]
Each species size: [2, 4, 5, 5, 2, 5, 5, 8, 5, 10, 3, 2, 1, 2, 2, 2, 3, 1, 1, 4, 9, 1, 3, 1, 2, 3, 4, 4, 1, 2, 1, 2, 2, 3, 1, 4, 3, 4, 2, 4, 8, 2, 1, 2, 1, 1, 1, 1, 1, 1, 1]
Amount to spawn  : [2, 3, 3, 4, 1, 5, 3, 2, 3, 4, 3, 2, 1, 3, 3, 2, 3, 1, 1, 2, 3, 1, 4, 2, 2, 6, 2, 3, 1, 4, 2, 2, 2, 3, 1, 4, 5, 3, 1, 4, 7, 3, 3, 4, 2, 2, 2, 12, 1, 1, 6]
Species age      : [25, 25, 25, 24, 24, 22, 22, 21, 20, 20, 20, 17, 17, 15, 15, 14, 13, 13, 12, 12, 11, 11, 8, 8, 8, 7, 7, 7, 6, 5, 5, 5, 5, 4, 4, 3, 3, 2, 2, 2, 2, 1, 1, 1, 0, 0, 0, 0, 0, 0, 0]
Species no improv: [2, 12, 10, 0, 3, 0, 5, 2, 1, 3, 2, 0, 12, 7, 2, 14, 0, 13, 3, 9, 4, 2, 0, 2, 3, 0, 7, 2, 4, 0, 1, 5, 2, 0, 4, 3, 0, 2, 2, 0, 1, 1, 0, 0, 0, 0, 0, 0, 0, 0, 0]
   Producing 1 more individual(s) to fill up the new population

 ****** Running generation 26 ****** 

Removing species 142 for being empty
Removing species 159 for being empty
   Species 81 age 14 removed: produced no offspring
Population's average fitness: 0.00380 stdev: 0.00266
Best fitness: 0.0189285831 - size: (1, 6) - species 180 - id 4059
Species length: 59 totalizing 149 individuals
Species ID       : [1, 4, 5, 8, 9, 18, 20, 21, 30, 34, 41, 50, 55, 65, 68, 72, 74, 84, 90, 91, 96, 114, 118, 119, 121, 124, 125, 130, 135, 136, 137, 140, 141, 144, 145, 150, 151, 153, 157, 161, 163, 164, 165, 166, 167, 169, 170, 171, 172, 173, 174, 175, 176, 177, 178, 179, 180, 181, 182]
Each species size: [2, 4, 5, 5, 1, 5, 2, 2, 3, 6, 6, 2, 1, 1, 3, 2, 3, 1, 1, 3, 1, 6, 1, 2, 6, 1, 3, 1, 4, 2, 2, 2, 1, 2, 5, 2, 1, 8, 5, 2, 3, 2, 1, 2, 9, 1, 1, 1, 1, 2, 1, 1, 1, 1, 1, 1, 3, 1, 1]
Amount to spawn  : [3, 2, 2, 3, 2, 3, 3, 1, 3, 3, 3, 2, 1, 3, 4, 2, 3, 1, 5, 3, 2, 3, 2, 2, 2, 3, 2, 1, 3, 1, 1, 2, 3, 3, 4, 1, 2, 4, 2, 2, 3, 2, 2, 1, 4, 1, 2, 3, 5, 5, 3, 2, 2, 2, 1, 4, 6, 3, 3]
Species age      : [26, 26, 26, 25, 25, 23, 23, 22, 21, 21, 21, 18, 18, 16, 16, 15, 14, 13, 13, 12, 12, 9, 9, 9, 8, 8, 8, 7, 6, 6, 6, 6, 5, 4, 4, 3, 3, 3, 3, 2, 2, 1, 1, 1, 1, 1, 1, 1, 0, 0, 0, 0, 0, 0, 0, 0, 0, 0, 0]
Species no improv: [0, 13, 11, 1, 4, 1, 6, 3, 2, 4, 3, 0, 13, 8, 0, 15, 0, 4, 0, 5, 3, 1, 3, 4, 1, 8, 3, 5, 1, 2, 6, 3, 0, 4, 1, 3, 3, 0, 2, 1, 1, 0, 0, 1, 1, 0, 0, 1, 0, 0, 0, 0, 0, 0, 0, 0, 0, 0, 0]
   Removing 1 excess individual(s) from the new population

 ****** Running generation 27 ****** 

Removing species 124 for being empty
Removing species 164 for being empty
Removing species 170 for being empty
Removing species 178 for being empty
Removing species 179 for being empty
Removing species 182 for being empty
Population's average fitness: 0.00350 stdev: 0.00201
Best fitness: 0.0094 - size: (1, 5) - species 167 - id 4184
Species length: 60 totalizing 150 individuals
Species ID       : [1, 4, 5, 8, 9, 18, 20, 21, 30, 34, 41, 50, 55, 65, 68, 72, 74, 84, 90, 91, 96, 114, 118, 119, 121, 125, 130, 135, 136, 137, 140, 141, 144, 145, 150, 151, 153, 157, 161, 163, 165, 166, 167, 169, 171, 172, 173, 174, 175, 176, 177, 180, 181, 183, 184, 185, 186, 187, 188, 189]
Each species size: [4, 2, 3, 3, 2, 3, 6, 1, 3, 3, 8, 2, 1, 1, 4, 3, 3, 1, 2, 3, 2, 1, 2, 2, 4, 1, 1, 3, 1, 1, 2, 4, 4, 3, 1, 2, 4, 2, 3, 6, 2, 1, 7, 1, 3, 4, 5, 3, 1, 2, 1, 3, 3, 1, 1, 1, 1, 1, 1, 1]
Amount to spawn  : [4, 3, 3, 4, 1, 3, 4, 2, 3, 1, 3, 2, 1, 4, 3, 2, 3, 1, 4, 4, 1, 4, 2, 3, 1, 3, 1, 2, 2, 1, 1, 3, 3, 5, 2, 2, 3, 1, 2, 4, 3, 3, 5, 1, 2, 3, 5, 4, 1, 2, 2, 1, 3, 1, 3, 3, 2, 5, 2, 3]
Species age      : [27, 27, 27, 26, 26, 24, 24, 23, 22, 22, 22, 19, 19, 17, 17, 16, 15, 14, 14, 13, 13, 10, 10, 10, 9, 9, 8, 7, 7, 7, 7, 6, 5, 5, 4, 4, 4, 4, 3, 3, 2, 2, 2, 2, 2, 1, 1, 1, 1, 1, 1, 1, 1, 0, 0, 0, 0, 0, 0, 0]
Species no improv: [0, 14, 12, 2, 5, 2, 7, 4, 3, 5, 4, 1, 14, 9, 1, 16, 1, 5, 1, 6, 4, 2, 4, 0, 2, 4, 6, 2, 3, 7, 4, 1, 5, 2, 4, 4, 1, 3, 2, 2, 0, 0, 2, 1, 2, 1, 1, 0, 1, 1, 1, 1, 0, 0, 0, 0, 0, 0, 0, 0]
   Removing 5 excess individual(s) from the new population

 ****** Running generation 28 ****** 

Removing species 135 for being empty
Removing species 144 for being empty
Removing species 175 for being empty
Removing species 177 for being empty
Removing species 188 for being empty
Removing species 189 for being empty

   Species 72 (with  2 individuals) is stagnated: removing it
   Species 84 age 15 removed: produced no offspring
   Species 169 age  3 removed: produced no offspring
   Species 183 age  1 removed: produced no offspring
Population's average fitness: 0.00363 stdev: 0.00218
Best fitness: 0.0158357497 - size: (1, 10) - species 173 - id 4346
Species length: 55 totalizing 145 individuals
Species ID       : [1, 4, 5, 8, 9, 18, 20, 21, 30, 34, 41, 50, 55, 65, 68, 74, 90, 91, 96, 114, 118, 119, 121, 125, 130, 136, 137, 140, 141, 145, 150, 151, 153, 157, 161, 163, 165, 166, 167, 171, 172, 173, 174, 176, 180, 181, 184, 185, 186, 187, 190, 191, 192, 193, 194]
Each species size: [8, 2, 5, 2, 1, 3, 6, 2, 3, 1, 3, 2, 1, 3, 3, 3, 3, 4, 2, 3, 2, 3, 1, 3, 1, 3, 1, 1, 3, 9, 2, 2, 4, 1, 2, 4, 3, 2, 3, 4, 3, 5, 4, 2, 1, 1, 2, 3, 2, 1, 2, 1, 1, 1, 2]
Amount to spawn  : [3, 3, 3, 1, 2, 5, 2, 2, 3, 1, 3, 2, 1, 3, 3, 3, 4, 2, 1, 3, 2, 2, 3, 3, 1, 1, 2, 1, 4, 4, 1, 2, 5, 6, 2, 4, 3, 2, 2, 2, 3, 5, 3, 2, 2, 3, 2, 2, 2, 4, 3, 3, 4, 6, 2]
Species age      : [28, 28, 28, 27, 27, 25, 25, 24, 23, 23, 23, 20, 20, 18, 18, 16, 15, 14, 14, 11, 11, 11, 10, 10, 9, 8, 8, 8, 7, 6, 5, 5, 5, 5, 4, 4, 3, 3, 3, 3, 2, 2, 2, 2, 2, 2, 1, 1, 1, 1, 0, 0, 0, 0, 0]
Species no improv: [1, 15, 13, 3, 0, 3, 8, 5, 4, 6, 5, 2, 15, 10, 2, 0, 2, 7, 5, 3, 5, 1, 3, 5, 7, 4, 8, 5, 0, 3, 5, 5, 0, 4, 3, 0, 0, 1, 3, 3, 2, 0, 1, 2, 2, 0, 1, 1, 0, 1, 0, 0, 0, 0, 0]
   Producing 2 more individual(s) to fill up the new population

 ****** Running generation 29 ****** 

Removing species 190 for being empty
Removing species 191 for being empty
Removing species 192 for being empty
Removing species 193 for being empty
   Species 167 age  4 removed: produced no offspring
   Species 196 age  0 removed: produced no offspring
Population's average fitness: 0.00360 stdev: 0.00229
Best fitness: 0.0146087633 - size: (1, 7) - species 157 - id 4468
Species length: 53 totalizing 147 individuals
Species ID       : [1, 4, 5, 8, 9, 18, 20, 21, 30, 34, 41, 50, 55, 65, 68, 74, 90, 91, 96, 114, 118, 119, 121, 125, 130, 136, 137, 140, 141, 145, 150, 151, 153, 157, 161, 163, 165, 166, 171, 172, 173, 174, 176, 180, 181, 184, 185, 186, 187, 194, 195, 197, 198]
Each species size: [2, 2, 3, 4, 2, 5, 4, 2, 3, 1, 8, 2, 1, 1, 3, 3, 3, 2, 1, 7, 2, 2, 2, 3, 1, 1, 3, 1, 4, 8, 8, 1, 4, 6, 2, 4, 4, 2, 2, 1, 5, 3, 2, 2, 3, 2, 2, 2, 1, 2, 1, 1, 1]
Amount to spawn  : [5, 3, 3, 2, 1, 4, 4, 1, 2, 1, 3, 2, 1, 3, 6, 3, 6, 4, 1, 4, 2, 2, 1, 3, 1, 1, 2, 2, 4, 5, 3, 2, 3, 6, 2, 4, 3, 2, 1, 2, 5, 4, 2, 4, 3, 4, 3, 2, 1, 1, 2, 2, 3]
Species age      : [29, 29, 29, 28, 28, 26, 26, 25, 24, 24, 24, 21, 21, 19, 19, 17, 16, 15, 15, 12, 12, 12, 11, 11, 10, 9, 9, 9, 8, 7, 6, 6, 6, 6, 5, 5, 4, 4, 4, 3, 3, 3, 3, 3, 3, 2, 2, 2, 2, 1, 0, 0, 0]
Species no improv: [2, 16, 14, 4, 1, 4, 0, 6, 5, 7, 6, 3, 16, 11, 0, 1, 3, 8, 6, 4, 6, 2, 4, 6, 8, 5, 9, 6, 1, 4, 6, 6, 1, 5, 4, 1, 1, 2, 4, 3, 1, 0, 3, 3, 1, 0, 0, 1, 2, 1, 0, 0, 0]
   Producing 4 more individual(s) to fill up the new population

 ****** Running generation 30 ****** 

Removing species 65 for being empty
Removing species 197 for being empty

   Species  4 (with  3 individuals) is stagnated: removing it

   Species 55 (with  1 individuals) is stagnated: removing it
   Species 121 age 12 removed: produced no offspring
Population's average fitness: 0.00347 stdev: 0.00213
Best fitness: 0.0152197343 - size: (0, 4) - species 195 - id 4672
Species length: 53 totalizing 145 individuals
Species ID       : [1, 5, 8, 9, 18, 20, 21, 30, 34, 41, 50, 68, 74, 90, 91, 96, 114, 118, 119, 125, 130, 136, 137, 140, 141, 145, 150, 151, 153, 157, 161, 163, 165, 166, 171, 172, 173, 174, 176, 180, 181, 184, 185, 186, 187, 194, 195, 198, 199, 200, 201, 202, 203]
Each species size: [5, 3, 7, 1, 4, 4, 1, 3, 1, 6, 2, 5, 4, 6, 4, 1, 1, 3, 2, 3, 1, 1, 2, 2, 4, 4, 7, 2, 3, 6, 1, 4, 3, 2, 1, 1, 5, 3, 1, 4, 3, 4, 1, 2, 1, 1, 2, 3, 1, 1, 1, 1, 1]
Amount to spawn  : [3, 4, 3, 1, 5, 2, 1, 3, 1, 3, 1, 4, 3, 3, 3, 1, 4, 3, 2, 4, 1, 1, 2, 1, 5, 5, 2, 2, 4, 3, 2, 5, 3, 2, 2, 2, 4, 4, 2, 3, 4, 2, 2, 2, 5, 1, 7, 3, 1, 2, 1, 8, 2]
Species age      : [30, 30, 29, 29, 27, 27, 26, 25, 25, 25, 22, 20, 18, 17, 16, 16, 13, 13, 13, 12, 11, 10, 10, 10, 9, 8, 7, 7, 7, 7, 6, 6, 5, 5, 5, 4, 4, 4, 4, 4, 4, 3, 3, 3, 3, 2, 1, 1, 0, 0, 0, 0, 0]
Species no improv: [3, 15, 5, 2, 5, 1, 7, 6, 8, 7, 4, 1, 2, 4, 9, 7, 5, 7, 3, 7, 9, 6, 10, 7, 0, 5, 7, 7, 2, 6, 5, 2, 2, 3, 5, 4, 2, 1, 4, 4, 2, 1, 1, 2, 3, 2, 0, 0, 0, 0, 0, 0, 0]
   Producing 1 more individual(s) to fill up the new population

 ****** Running generation 31 ****** 

Removing species 172 for being empty
Removing species 199 for being empty
Removing species 200 for being empty
Removing species 201 for being empty
   Species 205 age  0 removed: produced no offspring
Population's average fitness: 0.00357 stdev: 0.00232
Best fitness: 0.0163737441 - size: (1, 8) - species 145 - id 4750
Species length: 54 totalizing 149 individuals
Species ID       : [1, 5, 8, 9, 18, 20, 21, 30, 34, 41, 50, 68, 74, 90, 91, 96, 114, 118, 119, 125, 130, 136, 137, 140, 141, 145, 150, 151, 153, 157, 161, 163, 165, 166, 171, 173, 174, 176, 180, 181, 184, 185, 186, 187, 194, 195, 198, 202, 203, 204, 206, 207, 208, 209]
Each species size: [4, 4, 2, 1, 5, 2, 1, 3, 1, 3, 1, 5, 3, 3, 3, 1, 4, 3, 2, 3, 1, 2, 2, 1, 5, 8, 6, 2, 2, 3, 3, 4, 3, 1, 2, 4, 7, 1, 3, 3, 1, 1, 2, 5, 1, 6, 2, 5, 4, 1, 1, 1, 1, 1]
Amount to spawn  : [3, 3, 5, 1, 6, 4, 2, 2, 1, 4, 1, 3, 3, 2, 4, 1, 3, 2, 2, 3, 1, 1, 2, 2, 3, 5, 3, 2, 8, 3, 2, 4, 4, 3, 2, 3, 5, 2, 3, 4, 2, 4, 2, 2, 1, 2, 3, 4, 2, 1, 3, 2, 3, 1]
Species age      : [31, 31, 30, 30, 28, 28, 27, 26, 26, 26, 23, 21, 19, 18, 17, 17, 14, 14, 14, 13, 12, 11, 11, 11, 10, 9, 8, 8, 8, 8, 7, 7, 6, 6, 6, 5, 5, 5, 5, 5, 4, 4, 4, 4, 3, 2, 2, 1, 1, 0, 0, 0, 0, 0]
Species no improv: [4, 16, 0, 3, 0, 2, 8, 7, 9, 8, 5, 2, 3, 5, 10, 8, 6, 8, 4, 8, 10, 7, 11, 8, 1, 6, 8, 8, 0, 7, 6, 3, 0, 4, 6, 3, 0, 5, 5, 0, 2, 0, 3, 4, 3, 1, 0, 1, 0, 0, 0, 0, 0, 0]
   Producing 1 more individual(s) to fill up the new population

 ****** Running generation 32 ****** 

Removing species 176 for being empty
Removing species 185 for being empty
Removing species 198 for being empty
Removing species 204 for being empty

   Species  5 (with  4 individuals) is stagnated: removing it
   Species 130 age 13 removed: produced no offspring
   Species 136 age 12 removed: produced no offspring
Population's average fitness: 0.00377 stdev: 0.00218
Best fitness: 0.0155841346 - size: (0, 4) - species 20 - id 4853
Species length: 51 totalizing 144 individuals
Species ID       : [1, 8, 9, 18, 20, 21, 30, 34, 41, 50, 68, 74, 90, 91, 96, 114, 118, 119, 125, 137, 140, 141, 145, 150, 151, 153, 157, 161, 163, 165, 166, 171, 173, 174, 180, 181, 184, 186, 187, 194, 195, 202, 203, 206, 207, 208, 209, 210, 211, 212, 213]
Each species size: [5, 5, 1, 6, 4, 1, 2, 1, 4, 1, 3, 3, 3, 4, 1, 7, 2, 1, 5, 2, 2, 1, 5, 7, 2, 5, 3, 2, 6, 4, 3, 2, 3, 5, 3, 3, 2, 2, 2, 1, 4, 4, 2, 1, 2, 1, 1, 1, 1, 1, 2]
Amount to spawn  : [3, 4, 1, 5, 7, 2, 4, 1, 4, 1, 4, 2, 2, 3, 1, 4, 3, 2, 3, 2, 2, 3, 4, 4, 2, 4, 5, 2, 4, 4, 3, 1, 4, 4, 4, 4, 1, 2, 1, 1, 4, 4, 5, 3, 2, 3, 1, 2, 2, 2, 4]
Species age      : [32, 31, 31, 29, 29, 28, 27, 27, 27, 24, 22, 20, 19, 18, 18, 15, 15, 15, 14, 12, 12, 11, 10, 9, 9, 9, 9, 8, 8, 7, 7, 7, 6, 6, 6, 6, 5, 5, 5, 4, 3, 2, 2, 1, 1, 1, 1, 0, 0, 0, 0]
Species no improv: [5, 1, 4, 1, 0, 9, 8, 10, 9, 6, 3, 4, 6, 11, 9, 7, 9, 5, 9, 12, 9, 2, 7, 0, 9, 1, 8, 7, 4, 0, 5, 7, 4, 1, 6, 1, 3, 4, 5, 4, 2, 2, 0, 1, 0, 1, 1, 0, 0, 0, 0]
   Producing 1 more individual(s) to fill up the new population

 ****** Running generation 33 ****** 

   Species 50 age 25 removed: produced no offspring
Population's average fitness: 0.00373 stdev: 0.00211
Best fitness: 0.0157436607 - size: (0, 4) - species 153 - id 5058
Species length: 58 totalizing 149 individuals
Species ID       : [1, 8, 9, 18, 20, 21, 30, 34, 41, 68, 74, 90, 91, 96, 114, 118, 119, 125, 137, 140, 141, 145, 150, 151, 153, 157, 161, 163, 165, 166, 171, 173, 174, 180, 181, 184, 186, 187, 194, 195, 202, 203, 206, 207, 208, 209, 210, 211, 212, 213, 214, 215, 216, 217, 218, 219, 220, 221]
Each species size: [4, 4, 1, 5, 5, 1, 4, 1, 4, 4, 2, 6, 3, 1, 4, 3, 2, 4, 2, 2, 4, 4, 3, 2, 3, 3, 2, 2, 4, 2, 1, 4, 5, 4, 2, 1, 2, 1, 1, 2, 4, 4, 2, 1, 5, 1, 2, 2, 2, 2, 1, 1, 1, 2, 2, 1, 1, 1]
Amount to spawn  : [5, 3, 2, 4, 3, 2, 2, 1, 3, 2, 2, 3, 4, 1, 3, 2, 2, 3, 1, 1, 3, 3, 5, 2, 6, 2, 2, 3, 3, 3, 1, 4, 4, 1, 6, 2, 1, 1, 1, 4, 5, 2, 2, 2, 2, 1, 3, 1, 2, 3, 2, 2, 2, 3, 1, 2, 5, 3]
Species age      : [33, 32, 32, 30, 30, 29, 28, 28, 28, 23, 21, 20, 19, 19, 16, 16, 16, 15, 13, 13, 12, 11, 10, 10, 10, 10, 9, 9, 8, 8, 8, 7, 7, 7, 7, 6, 6, 6, 5, 4, 3, 3, 2, 2, 2, 2, 1, 1, 1, 1, 0, 0, 0, 0, 0, 0, 0, 0]
Species no improv: [0, 2, 5, 2, 1, 10, 9, 11, 10, 4, 5, 7, 0, 10, 8, 10, 6, 10, 13, 10, 3, 8, 0, 10, 2, 9, 8, 5, 1, 0, 8, 5, 2, 7, 0, 4, 5, 6, 5, 3, 3, 1, 2, 0, 2, 0, 0, 1, 0, 1, 0, 0, 0, 0, 0, 0, 0, 0]
   Producing 1 more individual(s) to fill up the new population

 ****** Running generation 34 ****** 

Removing species 209 for being empty
Removing species 218 for being empty
Removing species 220 for being empty
   Species 30 age 29 removed: produced no offspring
   Species 180 age  8 removed: produced no offspring
Population's average fitness: 0.00380 stdev: 0.00194
Best fitness: 0.0097 - size: (0, 4) - species 195 - id 5237
Species length: 57 totalizing 148 individuals
Species ID       : [1, 8, 9, 18, 20, 21, 34, 41, 68, 74, 90, 91, 96, 114, 118, 119, 125, 137, 140, 141, 145, 150, 151, 153, 157, 161, 163, 165, 166, 171, 173, 174, 181, 184, 186, 187, 194, 195, 202, 203, 206, 207, 208, 210, 211, 212, 213, 214, 215, 216, 217, 219, 221, 222, 223, 224, 225]
Each species size: [7, 3, 2, 4, 3, 3, 1, 3, 2, 2, 9, 4, 1, 3, 2, 2, 3, 1, 1, 3, 3, 6, 2, 2, 3, 2, 4, 3, 2, 1, 4, 4, 4, 2, 1, 1, 1, 3, 5, 7, 2, 2, 1, 3, 1, 2, 3, 2, 1, 1, 2, 2, 3, 1, 1, 1, 1]
Amount to spawn  : [3, 3, 2, 6, 2, 2, 1, 3, 4, 3, 3, 3, 1, 3, 3, 2, 3, 2, 1, 4, 4, 4, 1, 2, 2, 2, 4, 4, 1, 1, 4, 4, 4, 1, 2, 2, 2, 5, 5, 2, 3, 1, 3, 4, 2, 2, 2, 3, 2, 2, 2, 4, 3, 1, 2, 7, 1]
Species age      : [34, 33, 33, 31, 31, 30, 29, 29, 24, 22, 21, 20, 20, 17, 17, 17, 16, 14, 14, 13, 12, 11, 11, 11, 11, 10, 10, 9, 9, 9, 8, 8, 8, 7, 7, 7, 6, 5, 4, 4, 3, 3, 3, 2, 2, 2, 2, 1, 1, 1, 1, 1, 1, 0, 0, 0, 0]
Species no improv: [1, 3, 6, 0, 2, 11, 12, 11, 5, 6, 8, 1, 11, 9, 11, 7, 11, 14, 11, 4, 9, 1, 11, 3, 10, 9, 6, 2, 1, 9, 6, 3, 1, 5, 6, 7, 6, 4, 4, 2, 3, 1, 3, 0, 0, 1, 2, 0, 1, 0, 1, 0, 1, 0, 0, 0, 0]
   Removing 4 excess individual(s) from the new population

 ****** Running generation 35 ****** 

Removing species 184 for being empty
Removing species 208 for being empty
Removing species 225 for being empty
   Species 96 age 21 removed: produced no offspring
   Species 211 age  3 removed: produced no offspring
   Species 222 age  1 removed: produced no offspring
Population's average fitness: 0.00410 stdev: 0.00240
Best fitness: 0.0155465919 - size: (2, 6) - species 68 - id 5305
Species length: 57 totalizing 147 individuals
Species ID       : [1, 8, 9, 18, 20, 21, 34, 41, 68, 74, 90, 91, 114, 118, 119, 125, 137, 140, 141, 145, 150, 151, 153, 157, 161, 163, 165, 166, 171, 173, 174, 181, 186, 187, 194, 195, 202, 203, 206, 207, 210, 212, 213, 214, 215, 216, 217, 219, 221, 223, 224, 226, 227, 228, 229, 230, 231]
Each species size: [3, 4, 2, 6, 2, 2, 1, 3, 4, 3, 4, 3, 4, 2, 1, 3, 2, 1, 4, 4, 5, 1, 1, 2, 3, 6, 4, 1, 2, 4, 4, 2, 2, 2, 2, 5, 4, 2, 3, 2, 2, 2, 2, 3, 2, 1, 1, 4, 3, 2, 4, 1, 1, 1, 1, 1, 1]
Amount to spawn  : [2, 3, 2, 4, 2, 2, 1, 2, 5, 2, 3, 3, 3, 4, 2, 3, 1, 2, 3, 2, 5, 2, 3, 5, 2, 3, 4, 1, 1, 3, 3, 3, 2, 1, 2, 4, 6, 3, 2, 1, 3, 2, 2, 3, 1, 2, 4, 3, 3, 1, 5, 4, 2, 2, 4, 1, 1]
Species age      : [35, 34, 34, 32, 32, 31, 30, 30, 25, 23, 22, 21, 18, 18, 18, 17, 15, 15, 14, 13, 12, 12, 12, 12, 11, 11, 10, 10, 10, 9, 9, 9, 8, 8, 7, 6, 5, 5, 4, 4, 3, 3, 3, 2, 2, 2, 2, 2, 2, 1, 1, 0, 0, 0, 0, 0, 0]
Species no improv: [2, 4, 7, 1, 3, 12, 13, 12, 0, 7, 9, 2, 10, 0, 8, 12, 15, 0, 5, 10, 0, 12, 4, 11, 10, 7, 0, 2, 10, 7, 4, 2, 7, 8, 7, 5, 5, 3, 4, 2, 1, 0, 3, 1, 2, 1, 0, 1, 0, 1, 1, 0, 0, 0, 0, 0, 0]

 ****** Running generation 36 ****** 

Removing species 181 for being empty
Removing species 219 for being empty
Removing species 223 for being empty
Removing species 226 for being empty
Removing species 227 for being empty
   Species 231 age  1 removed: produced no offspring
   Species 236 age  0 removed: produced no offspring
Population's average fitness: 0.00397 stdev: 0.00244
Best fitness: 0.0174614825 - size: (2, 6) - species 68 - id 5456
Species length: 55 totalizing 148 individuals
Species ID       : [1, 8, 9, 18, 20, 21, 34, 41, 68, 74, 90, 91, 114, 118, 119, 125, 137, 140, 141, 145, 150, 151, 153, 157, 161, 163, 165, 166, 171, 173, 174, 186, 187, 194, 195, 202, 203, 206, 207, 210, 212, 213, 214, 215, 216, 217, 221, 224, 228, 229, 230, 232, 233, 234, 235]
Each species size: [2, 4, 2, 4, 3, 1, 1, 2, 5, 2, 8, 3, 4, 5, 2, 2, 1, 2, 3, 2, 6, 2, 3, 5, 4, 1, 6, 1, 1, 3, 3, 2, 1, 2, 4, 7, 3, 2, 3, 2, 2, 4, 2, 1, 2, 2, 1, 5, 2, 3, 1, 1, 1, 1, 1]
Amount to spawn  : [4, 2, 2, 4, 2, 2, 1, 1, 5, 1, 3, 3, 3, 3, 2, 3, 2, 2, 4, 3, 4, 2, 7, 3, 4, 2, 3, 1, 1, 2, 5, 2, 1, 1, 3, 4, 4, 2, 3, 4, 2, 3, 3, 2, 2, 3, 2, 4, 2, 5, 1, 1, 1, 6, 5]
Species age      : [36, 35, 35, 33, 33, 32, 31, 31, 26, 24, 23, 22, 19, 19, 19, 18, 16, 16, 15, 14, 13, 13, 13, 13, 12, 12, 11, 11, 11, 10, 10, 9, 9, 8, 7, 6, 6, 5, 5, 4, 4, 4, 3, 3, 3, 3, 3, 2, 1, 1, 1, 0, 0, 0, 0]
Species no improv: [3, 5, 8, 2, 4, 13, 14, 13, 1, 8, 10, 3, 11, 1, 9, 13, 16, 1, 6, 11, 1, 13, 5, 12, 0, 8, 1, 3, 11, 8, 0, 8, 9, 8, 6, 6, 4, 5, 0, 2, 1, 4, 2, 3, 0, 1, 1, 2, 0, 0, 1, 0, 0, 0, 0]
   Removing 2 excess individual(s) from the new population

 ****** Running generation 37 ****** 

Removing species 163 for being empty
Removing species 195 for being empty
Removing species 206 for being empty
Removing species 215 for being empty

   Species 137 (with  2 individuals) is stagnated: removing it
Population's average fitness: 0.00376 stdev: 0.00246
Best fitness: 0.0184792587 - size: (0, 4) - species 153 - id 5645
Species length: 56 totalizing 148 individuals
Species ID       : [1, 8, 9, 18, 20, 21, 34, 41, 68, 74, 90, 91, 114, 118, 119, 125, 140, 141, 145, 150, 151, 153, 157, 161, 165, 166, 171, 173, 174, 186, 187, 194, 202, 203, 207, 210, 212, 213, 214, 216, 217, 221, 224, 228, 229, 230, 232, 233, 234, 235, 237, 238, 239, 240, 241, 242]
Each species size: [5, 2, 2, 3, 2, 4, 1, 1, 5, 1, 6, 3, 5, 5, 1, 4, 2, 3, 3, 4, 2, 9, 3, 6, 6, 1, 1, 2, 5, 2, 1, 1, 3, 3, 5, 2, 2, 1, 3, 2, 4, 2, 1, 2, 5, 1, 1, 1, 2, 1, 1, 1, 1, 1, 1, 1]
Amount to spawn  : [3, 3, 2, 4, 2, 2, 1, 4, 1, 1, 5, 3, 4, 4, 1, 3, 2, 4, 2, 3, 2, 5, 3, 3, 4, 2, 1, 4, 3, 2, 1, 4, 3, 2, 3, 3, 2, 2, 5, 4, 3, 1, 3, 2, 6, 2, 1, 1, 2, 4, 2, 2, 2, 6, 2, 2]
Species age      : [37, 36, 36, 34, 34, 33, 32, 32, 27, 25, 24, 23, 20, 20, 20, 19, 17, 16, 15, 14, 14, 14, 14, 13, 12, 12, 12, 11, 11, 10, 10, 9, 7, 7, 6, 5, 5, 5, 4, 4, 4, 4, 3, 2, 2, 2, 1, 1, 1, 1, 0, 0, 0, 0, 0, 0]
Species no improv: [4, 6, 9, 3, 5, 14, 15, 14, 2, 9, 11, 4, 12, 2, 10, 14, 0, 7, 12, 2, 14, 6, 13, 1, 2, 4, 12, 9, 1, 9, 10, 0, 7, 5, 1, 3, 2, 5, 0, 0, 2, 2, 3, 0, 0, 0, 1, 1, 1, 1, 0, 0, 0, 0, 0, 0]
   Removing 3 excess individual(s) from the new population

 ****** Running generation 38 ****** 

Removing species 203 for being empty
Removing species 210 for being empty
Removing species 221 for being empty
Removing species 242 for being empty
   Species 91 age 24 removed: produced no offspring
   Species 230 age  3 removed: produced no offspring
Population's average fitness: 0.00406 stdev: 0.00294
Best fitness: 0.0279988700 - size: (0, 4) - species 153 - id 5798
Species length: 54 totalizing 145 individuals
Species ID       : [1, 8, 9, 18, 20, 21, 34, 41, 68, 74, 90, 114, 118, 119, 125, 140, 141, 145, 150, 151, 153, 157, 161, 165, 166, 171, 173, 174, 186, 187, 194, 202, 207, 212, 213, 214, 216, 217, 224, 228, 229, 232, 233, 234, 235, 237, 238, 239, 240, 241, 243, 244, 245, 246]
Each species size: [5, 3, 2, 3, 3, 1, 1, 4, 1, 1, 4, 7, 8, 1, 3, 2, 5, 2, 3, 2, 5, 3, 2, 5, 2, 1, 4, 4, 2, 1, 4, 3, 1, 2, 3, 4, 4, 3, 1, 2, 6, 1, 1, 1, 4, 2, 2, 1, 5, 1, 1, 1, 1, 1]
Amount to spawn  : [2, 3, 2, 4, 2, 3, 1, 3, 1, 6, 5, 3, 3, 1, 2, 2, 3, 2, 4, 1, 7, 3, 3, 3, 1, 1, 4, 5, 2, 1, 3, 4, 2, 2, 3, 2, 2, 3, 4, 2, 5, 1, 1, 3, 2, 4, 2, 3, 5, 3, 7, 4, 2, 1]
Species age      : [38, 37, 37, 35, 35, 34, 33, 33, 28, 26, 25, 21, 21, 21, 20, 18, 17, 16, 15, 15, 15, 15, 14, 13, 13, 13, 12, 12, 11, 11, 10, 8, 7, 6, 6, 5, 5, 5, 4, 3, 3, 2, 2, 2, 2, 1, 1, 1, 1, 1, 0, 0, 0, 0]
Species no improv: [5, 7, 10, 4, 6, 15, 16, 15, 3, 0, 0, 13, 3, 11, 15, 1, 8, 13, 3, 15, 7, 14, 2, 3, 5, 13, 10, 0, 10, 11, 1, 8, 2, 3, 6, 1, 1, 3, 4, 1, 1, 2, 2, 2, 2, 0, 0, 0, 1, 0, 0, 0, 0, 0]
   Removing 3 excess individual(s) from the new population

 ****** Running generation 39 ****** 

Removing species 235 for being empty
Removing species 245 for being empty
Removing species 246 for being empty

   Species 34 (with  1 individuals) is stagnated: removing it
   Species 166 age 14 removed: produced no offspring
Population's average fitness: 0.00413 stdev: 0.00228
Best fitness: 0.0161522246 - size: (0, 4) - species 248 - id 6035
Species length: 52 totalizing 148 individuals
Species ID       : [1, 8, 9, 18, 20, 21, 41, 68, 74, 90, 114, 118, 119, 125, 140, 141, 145, 150, 151, 153, 157, 161, 165, 171, 173, 174, 186, 187, 194, 202, 207, 212, 213, 214, 216, 217, 224, 228, 229, 232, 233, 234, 237, 238, 239, 240, 241, 243, 244, 247, 248, 249]
Each species size: [2, 3, 2, 4, 2, 3, 3, 1, 6, 5, 3, 4, 1, 2, 2, 4, 2, 4, 1, 7, 3, 3, 3, 1, 4, 5, 2, 1, 3, 4, 3, 2, 3, 2, 2, 2, 2, 2, 5, 1, 1, 3, 4, 2, 5, 5, 3, 4, 2, 1, 3, 1]
Amount to spawn  : [5, 3, 2, 4, 2, 3, 2, 1, 2, 6, 2, 3, 1, 2, 2, 4, 4, 4, 2, 2, 3, 4, 3, 1, 3, 4, 2, 1, 3, 4, 3, 2, 2, 3, 2, 4, 3, 2, 3, 1, 1, 2, 5, 2, 3, 3, 3, 5, 3, 3, 8, 1]
Species age      : [39, 38, 38, 36, 36, 35, 34, 29, 27, 26, 22, 22, 22, 21, 19, 18, 17, 16, 16, 16, 16, 15, 14, 14, 13, 13, 12, 12, 11, 9, 8, 7, 7, 6, 6, 6, 5, 4, 4, 3, 3, 3, 2, 2, 2, 2, 2, 1, 1, 0, 0, 0]
Species no improv: [0, 8, 11, 5, 7, 16, 16, 4, 1, 0, 14, 4, 12, 16, 0, 9, 14, 4, 16, 8, 15, 0, 4, 14, 11, 1, 11, 12, 2, 9, 3, 4, 7, 2, 2, 4, 5, 2, 2, 0, 3, 3, 0, 0, 1, 2, 0, 1, 1, 0, 0, 0]
   Producing 2 more individual(s) to fill up the new population

 ****** Running generation 40 ****** 

Removing species 228 for being empty
Removing species 248 for being empty
Removing species 249 for being empty

   Species 21 (with  3 individuals) is stagnated: removing it

   Species 41 (with  2 individuals) is stagnated: removing it

   Species 125 (with  4 individuals) is stagnated: removing it

   Species 151 (with  2 individuals) is stagnated: removing it
   Species 68 age 30 removed: produced no offspring
   Species 251 age  0 removed: produced no offspring
Population's average fitness: 0.00461 stdev: 0.00354
Best fitness: 0.0219144342 - size: (0, 4) - species 153 - id 6186
Species length: 51 totalizing 137 individuals
Species ID       : [1, 8, 9, 18, 20, 74, 90, 114, 118, 119, 140, 141, 145, 150, 153, 157, 161, 165, 171, 173, 174, 186, 187, 194, 202, 207, 212, 213, 214, 216, 217, 224, 229, 232, 233, 234, 237, 238, 239, 240, 241, 243, 244, 247, 250, 252, 253, 254, 255, 256, 257]
Each species size: [3, 7, 2, 5, 3, 2, 9, 2, 3, 1, 2, 6, 4, 4, 9, 3, 2, 3, 1, 3, 4, 2, 1, 3, 4, 4, 1, 1, 3, 2, 2, 1, 3, 1, 1, 2, 5, 2, 3, 3, 3, 3, 1, 1, 1, 1, 1, 1, 1, 1, 1]
Amount to spawn  : [4, 3, 2, 4, 4, 2, 6, 2, 1, 1, 2, 3, 5, 6, 7, 4, 3, 3, 1, 4, 6, 2, 1, 2, 3, 4, 2, 3, 3, 1, 4, 1, 2, 1, 1, 2, 6, 2, 3, 4, 3, 6, 4, 1, 3, 3, 2, 1, 3, 2, 2]
Species age      : [40, 39, 39, 37, 37, 28, 27, 23, 23, 23, 20, 19, 18, 17, 17, 17, 16, 15, 15, 14, 14, 13, 13, 12, 10, 9, 8, 8, 7, 7, 7, 6, 5, 4, 4, 4, 3, 3, 3, 3, 3, 2, 2, 1, 0, 0, 0, 0, 0, 0, 0]
Species no improv: [1, 9, 12, 6, 8, 2, 1, 15, 5, 13, 1, 10, 0, 0, 9, 16, 1, 5, 15, 12, 0, 12, 13, 3, 10, 0, 5, 8, 3, 3, 5, 6, 3, 0, 4, 4, 0, 1, 2, 3, 1, 2, 0, 1, 0, 0, 0, 0, 0, 0, 0]

 ****** Running generation 41 ****** 

Removing species 224 for being empty
Removing species 244 for being empty
Removing species 250 for being empty
Removing species 253 for being empty
Removing species 254 for being empty
Removing species 256 for being empty

   Species 157 (with  2 individuals) is stagnated: removing it
Population's average fitness: 0.00448 stdev: 0.00324
Best fitness: 0.0194365043 - size: (0, 4) - species 90 - id 6216
Species length: 48 totalizing 148 individuals
Species ID       : [1, 8, 9, 18, 20, 74, 90, 114, 118, 119, 140, 141, 145, 150, 153, 161, 165, 171, 173, 174, 186, 187, 194, 202, 207, 212, 213, 214, 216, 217, 229, 232, 233, 234, 237, 238, 239, 240, 241, 243, 247, 252, 255, 257, 258, 259, 260, 261]
Each species size: [7, 3, 2, 3, 6, 2, 3, 2, 2, 1, 2, 6, 5, 5, 10, 6, 3, 1, 4, 6, 2, 1, 2, 3, 6, 2, 5, 3, 1, 2, 2, 1, 1, 2, 6, 2, 4, 4, 3, 4, 1, 2, 3, 2, 1, 1, 1, 2]
Amount to spawn  : [3, 3, 2, 5, 5, 2, 8, 3, 5, 2, 2, 4, 4, 5, 6, 3, 4, 1, 3, 5, 2, 1, 1, 3, 4, 2, 3, 3, 3, 2, 4, 1, 1, 3, 4, 2, 3, 2, 3, 8, 1, 2, 3, 3, 3, 6, 1, 1]
Species age      : [41, 40, 40, 38, 38, 29, 28, 24, 24, 24, 21, 20, 19, 18, 18, 17, 16, 16, 15, 15, 14, 14, 13, 11, 10, 9, 9, 8, 8, 8, 6, 5, 5, 5, 4, 4, 4, 4, 4, 3, 2, 1, 1, 1, 0, 0, 0, 0]
Species no improv: [2, 10, 13, 7, 9, 3, 0, 16, 0, 14, 2, 11, 1, 1, 10, 2, 6, 16, 13, 1, 13, 14, 4, 11, 1, 6, 9, 4, 4, 6, 4, 1, 5, 5, 1, 2, 3, 4, 2, 0, 2, 1, 0, 0, 0, 0, 0, 0]

 ****** Running generation 42 ****** 


   Species 114 (with  2 individuals) is stagnated: removing it

   Species 171 (with  1 individuals) is stagnated: removing it
   Species 260 age  1 removed: produced no offspring
Population's average fitness: 0.00515 stdev: 0.00498
Best fitness: 0.0319687283 - size: (0, 4) - species 20 - id 6361
Species length: 50 totalizing 146 individuals
Species ID       : [1, 8, 9, 18, 20, 74, 90, 118, 119, 140, 141, 145, 150, 153, 161, 165, 173, 174, 186, 187, 194, 202, 207, 212, 213, 214, 216, 217, 229, 232, 233, 234, 237, 238, 239, 240, 241, 243, 247, 252, 255, 257, 258, 259, 261, 262, 263, 264, 265, 266]
Each species size: [3, 3, 2, 5, 11, 2, 5, 8, 2, 1, 5, 4, 5, 3, 3, 4, 2, 5, 2, 1, 1, 3, 2, 2, 3, 3, 3, 1, 4, 1, 1, 2, 4, 2, 2, 2, 3, 6, 1, 2, 3, 3, 3, 6, 1, 1, 1, 1, 2, 1]
Amount to spawn  : [4, 3, 1, 4, 12, 1, 4, 2, 2, 1, 3, 2, 3, 6, 3, 3, 4, 4, 2, 1, 1, 3, 3, 2, 2, 3, 1, 4, 2, 1, 1, 3, 6, 1, 5, 3, 3, 8, 4, 2, 3, 2, 2, 4, 2, 5, 1, 2, 6, 2]
Species age      : [42, 41, 41, 39, 39, 30, 29, 25, 25, 22, 21, 20, 19, 19, 18, 17, 16, 16, 15, 15, 14, 12, 11, 10, 10, 9, 9, 9, 7, 6, 6, 6, 5, 5, 5, 5, 5, 4, 3, 2, 2, 2, 1, 1, 1, 0, 0, 0, 0, 0]
Species no improv: [3, 11, 14, 8, 0, 4, 1, 1, 15, 3, 12, 2, 2, 11, 3, 7, 14, 2, 14, 15, 5, 12, 2, 7, 10, 5, 5, 7, 5, 2, 6, 6, 0, 3, 0, 5, 3, 0, 0, 2, 0, 1, 1, 1, 0, 0, 0, 0, 0, 0]
   Removing 2 excess individual(s) from the new population

 ****** Running generation 43 ****** 

Removing species 258 for being empty
Removing species 265 for being empty
Removing species 266 for being empty
   Species 74 age 31 removed: produced no offspring
Population's average fitness: 0.00614 stdev: 0.00628
Best fitness: 0.0360059135 - size: (0, 4) - species 20 - id 6506
Species length: 53 totalizing 149 individuals
Species ID       : [1, 8, 9, 18, 20, 90, 118, 119, 140, 141, 145, 150, 153, 161, 165, 173, 174, 186, 187, 194, 202, 207, 212, 213, 214, 216, 217, 229, 232, 233, 234, 237, 238, 239, 240, 241, 243, 247, 252, 255, 257, 259, 261, 262, 263, 264, 267, 268, 269, 270, 271, 272, 273]
Each species size: [4, 5, 1, 4, 12, 1, 1, 2, 1, 3, 2, 3, 8, 3, 3, 5, 4, 2, 1, 1, 2, 10, 2, 2, 3, 1, 2, 2, 1, 1, 3, 7, 1, 5, 3, 1, 6, 4, 2, 2, 2, 3, 2, 2, 1, 1, 5, 1, 1, 1, 2, 1, 1]
Amount to spawn  : [3, 2, 1, 4, 10, 1, 1, 2, 1, 4, 4, 2, 10, 3, 2, 3, 3, 2, 1, 1, 4, 4, 2, 3, 2, 2, 2, 2, 1, 3, 3, 3, 1, 3, 4, 2, 7, 2, 2, 2, 3, 4, 2, 2, 1, 4, 10, 1, 2, 2, 2, 2, 3]
Species age      : [43, 42, 42, 40, 40, 30, 26, 26, 23, 22, 21, 20, 20, 19, 18, 17, 17, 16, 16, 15, 13, 12, 11, 11, 10, 10, 10, 8, 7, 7, 7, 6, 6, 6, 6, 6, 5, 4, 3, 3, 3, 2, 2, 1, 1, 1, 0, 0, 0, 0, 0, 0, 0]
Species no improv: [4, 12, 15, 9, 1, 2, 2, 16, 4, 0, 3, 3, 0, 4, 8, 15, 3, 15, 16, 6, 13, 0, 8, 11, 6, 6, 8, 6, 3, 0, 7, 1, 4, 1, 6, 4, 0, 1, 3, 1, 2, 2, 1, 1, 0, 0, 0, 0, 0, 0, 0, 0, 0]
   Removing 2 excess individual(s) from the new population

 ****** Running generation 44 ****** 

Removing species 150 for being empty
Removing species 264 for being empty
Removing species 268 for being empty
Removing species 269 for being empty
Removing species 273 for being empty

   Species 119 (with  2 individuals) is stagnated: removing it

   Species 187 (with  1 individuals) is stagnated: removing it
   Species 194 age 16 removed: produced no offspring
Population's average fitness: 0.00644 stdev: 0.00683
Best fitness: 0.0347228297 - size: (0, 4) - species 267 - id 6781
Species length: 54 totalizing 146 individuals
Species ID       : [1, 8, 9, 18, 20, 90, 118, 140, 141, 145, 153, 161, 165, 173, 174, 186, 202, 207, 212, 213, 214, 216, 217, 229, 232, 233, 234, 237, 238, 239, 240, 241, 243, 247, 252, 255, 257, 259, 261, 262, 263, 267, 270, 271, 272, 274, 275, 276, 277, 278, 279, 280, 281, 282]
Each species size: [3, 2, 1, 3, 12, 2, 1, 1, 3, 4, 12, 3, 2, 6, 3, 2, 4, 5, 3, 2, 2, 2, 3, 2, 1, 3, 3, 3, 1, 2, 3, 2, 3, 4, 2, 3, 1, 4, 2, 1, 1, 11, 1, 1, 2, 1, 1, 1, 1, 1, 1, 1, 1, 1]
Amount to spawn  : [2, 2, 1, 4, 7, 1, 1, 2, 3, 2, 7, 3, 2, 2, 2, 1, 4, 4, 2, 2, 4, 1, 3, 2, 1, 1, 3, 6, 2, 2, 5, 3, 15, 2, 2, 1, 1, 3, 1, 2, 1, 7, 2, 2, 3, 2, 2, 2, 3, 1, 3, 5, 2, 1]
Species age      : [44, 43, 43, 41, 41, 31, 27, 24, 23, 22, 21, 20, 19, 18, 18, 17, 14, 13, 12, 12, 11, 11, 11, 9, 8, 8, 8, 7, 7, 7, 7, 7, 6, 5, 4, 4, 4, 3, 3, 2, 2, 1, 1, 1, 1, 0, 0, 0, 0, 0, 0, 0, 0, 0]
Species no improv: [5, 13, 16, 0, 2, 3, 3, 0, 1, 4, 1, 5, 9, 16, 4, 16, 14, 0, 0, 12, 0, 7, 0, 7, 4, 1, 8, 0, 0, 2, 0, 0, 0, 2, 4, 2, 3, 3, 2, 2, 1, 1, 0, 0, 0, 0, 0, 0, 0, 0, 0, 0, 0, 0]

 ****** Running generation 45 ****** 

Removing species 257 for being empty
Removing species 262 for being empty
Removing species 278 for being empty
Removing species 279 for being empty

Best individual found in epoch 45 - complexity: (0, 4)
Number of evaluations: 6886
Winner score: 353
