>> repsRL
Sampling...
Preprocessing...
500 absorbing samples out of 3533.
Quantization...
Cover tree quantization...
101 representive vertices at depth 5 (out of 128).
Building model...
Number of states:      128 / 128
Heat parameter:        0.009706
Non-zero entries:      P 14.77% | G 67.14% | Nza 100.00% | Ksz 8.48%
Policy computation...
7 policy iteration steps.
Policy evaluation...
Number of trials:      1
Worst-case quantization error: 0.037614 \pm 0.000000
Average quantization error:    0.007369 \pm 0.000000
Absorbing probability: 0.000 \pm 0.000
Steps to absorption:   3000.000 \pm 0.000
Reward:                0.000 \pm 0.000
Computation time:      3.742s

Sampling...
Preprocessing...
500 absorbing samples out of 3691.
Quantization...
Cover tree quantization...
96 representive vertices at depth 5 (out of 128).
Building model...
Number of states:      128 / 128
Heat parameter:        0.009544
Non-zero entries:      P 13.42% | G 63.59% | Nza 99.74% | Ksz 6.71%
Policy computation...
6 policy iteration steps.
Policy evaluation...
Number of trials:      2
Worst-case quantization error: 0.037224 \pm 0.000552
Average quantization error:    0.007288 \pm 0.000115
Absorbing probability: 0.000 \pm 0.000
Steps to absorption:   3000.000 \pm 0.000
Reward:                0.000 \pm 0.000
Computation time:      3.232s

Sampling...
Preprocessing...
500 absorbing samples out of 3572.
Quantization...
Cover tree quantization...
93 representive vertices at depth 5 (out of 128).
Building model...
Number of states:      128 / 128
Heat parameter:        0.009415
Non-zero entries:      P 14.18% | G 65.30% | Nza 100.00% | Ksz 7.05%
Policy computation...
8 policy iteration steps.
Policy evaluation...
Number of trials:      3
Worst-case quantization error: 0.036703 \pm 0.000983
Average quantization error:    0.007066 \pm 0.000394
Absorbing probability: 0.000 \pm 0.000
Steps to absorption:   3000.000 \pm 0.000
Reward:                0.000 \pm 0.000
Computation time:      3.220s

Sampling...
Preprocessing...
500 absorbing samples out of 3594.
Quantization...
Cover tree quantization...
94 representive vertices at depth 5 (out of 128).
Building model...
Number of states:      128 / 128
Heat parameter:        0.009470
Non-zero entries:      P 14.38% | G 66.74% | Nza 100.00% | Ksz 7.31%
Policy computation...
7 policy iteration steps.
Policy evaluation...
Number of trials:      4
Worst-case quantization error: 0.036253 \pm 0.001206
Average quantization error:    0.007056 \pm 0.000322
Absorbing probability: 0.000 \pm 0.000
Steps to absorption:   3000.000 \pm 0.000
Reward:                0.000 \pm 0.000
Computation time:      3.176s

Sampling...
Preprocessing...
500 absorbing samples out of 3535.
Quantization...
Cover tree quantization...
95 representive vertices at depth 5 (out of 128).
Building model...
Number of states:      128 / 128
Heat parameter:        0.009451
Non-zero entries:      P 13.56% | G 64.94% | Nza 100.00% | Ksz 6.11%
Policy computation...
7 policy iteration steps.
Policy evaluation...
Number of trials:      5
Worst-case quantization error: 0.036087 \pm 0.001109
Average quantization error:    0.006941 \pm 0.000380
Absorbing probability: 0.000 \pm 0.000
Steps to absorption:   3000.000 \pm 0.000
Reward:                0.000 \pm 0.000
Computation time:      3.210s

Sampling...
Preprocessing...
500 absorbing samples out of 3629.
Quantization...
Cover tree quantization...
99 representive vertices at depth 5 (out of 128).
Building model...
Number of states:      128 / 128
Heat parameter:        0.009573
Non-zero entries:      P 13.58% | G 64.71% | Nza 100.00% | Ksz 6.12%
Policy computation...
7 policy iteration steps.
Policy evaluation...
Number of trials:      6
Worst-case quantization error: 0.035990 \pm 0.001020
Average quantization error:    0.006993 \pm 0.000364
Absorbing probability: 0.000 \pm 0.000
Steps to absorption:   3000.000 \pm 0.000
Reward:                0.000 \pm 0.000
Computation time:      3.296s

Sampling...
Preprocessing...
500 absorbing samples out of 3520.
Quantization...
Cover tree quantization...
99 representive vertices at depth 5 (out of 128).
Building model...
Number of states:      128 / 128
Heat parameter:        0.009650
Non-zero entries:      P 14.31% | G 65.95% | Nza 100.00% | Ksz 7.02%
Policy computation...
7 policy iteration steps.
Policy evaluation...
Number of trials:      7
Worst-case quantization error: 0.036032 \pm 0.000937
Average quantization error:    0.007033 \pm 0.000348
Absorbing probability: 0.000 \pm 0.000
Steps to absorption:   3000.000 \pm 0.000
Reward:                0.000 \pm 0.000
Computation time:      3.301s

Sampling...
Preprocessing...
500 absorbing samples out of 3616.
Quantization...
Cover tree quantization...
100 representive vertices at depth 5 (out of 128).
Building model...
Number of states:      128 / 128
Heat parameter:        0.009684
Non-zero entries:      P 15.29% | G 67.75% | Nza 100.00% | Ksz 7.65%
Policy computation...
8 policy iteration steps.
Policy evaluation...
Number of trials:      8
Worst-case quantization error: 0.036158 \pm 0.000938
Average quantization error:    0.007040 \pm 0.000323
Absorbing probability: 0.000 \pm 0.000
Steps to absorption:   3000.000 \pm 0.000
Reward:                0.000 \pm 0.000
Computation time:      3.319s

Sampling...
Preprocessing...
500 absorbing samples out of 3508.
Quantization...
Cover tree quantization...
100 representive vertices at depth 5 (out of 128).
Building model...
Number of states:      128 / 128
Heat parameter:        0.009606
Non-zero entries:      P 13.12% | G 65.72% | Nza 100.00% | Ksz 6.67%
Policy computation...
7 policy iteration steps.
Policy evaluation...
Number of trials:      9
Worst-case quantization error: 0.035981 \pm 0.001026
Average quantization error:    0.007107 \pm 0.000363
Absorbing probability: 0.000 \pm 0.000
Steps to absorption:   3000.000 \pm 0.000
Reward:                0.000 \pm 0.000
Computation time:      3.352s

Sampling...
Preprocessing...
500 absorbing samples out of 3594.
Quantization...
Cover tree quantization...
96 representive vertices at depth 5 (out of 128).
Building model...
Number of states:      128 / 128
Heat parameter:        0.009553
Non-zero entries:      P 15.14% | G 67.10% | Nza 100.00% | Ksz 7.91%
Policy computation...
6 policy iteration steps.
Policy evaluation...
Number of trials:      10
Worst-case quantization error: 0.036753 \pm 0.002627
Average quantization error:    0.007107 \pm 0.000342
Absorbing probability: 0.000 \pm 0.000
Steps to absorption:   3000.000 \pm 0.000
Reward:                0.000 \pm 0.000
Computation time:      3.407s