 
TRAINING AGAIN BUT WITHOUT GRAPHICS
balanced 0 test_flag 0
Run 1: Trial 10000 not balanced. Max 121 steps (0.000672 hours).
Run 2: Trial 10000 not balanced. Max 74 steps (0.000411 hours).
Run 3: Trial 10000 not balanced. Max 118 steps (0.000656 hours).
Run 4: Trial 10000 not balanced. Max 2732 steps (0.015178 hours).
Run 5: Trial 10000 not balanced. Max 1526 steps (0.008478 hours).
Run 6: Trial 10000 not balanced. Max 138 steps (0.000767 hours).
Run 7: Trial 10000 not balanced. Max 111 steps (0.000617 hours).
Run 8: Trial 10000 not balanced. Max 100 steps (0.000556 hours).
Run 9: Trial 10000 not balanced. Max 111 steps (0.000617 hours).
Run 10: Trial 10000 not balanced. Max 120 steps (0.000667 hours).
Run 11: Trial 10000 not balanced. Max 544 steps (0.003022 hours).
Run 12: Trial 10000 not balanced. Max 119 steps (0.000661 hours).
Run 13: Trial 10000 not balanced. Max 145 steps (0.000806 hours).
Run 14: Trial 10000 not balanced. Max 130 steps (0.000722 hours).
Run 15: Trial 10000 not balanced. Max 80 steps (0.000444 hours).
Run 16: Trial 10000 not balanced. Max 120 steps (0.000667 hours).
Run 17: Trial 10000 not balanced. Max 134 steps (0.000744 hours).
Run 18: Trial 10000 not balanced. Max 119 steps (0.000661 hours).
Run 19: Trial 10000 not balanced. Max 121 steps (0.000672 hours).
Run 20: Trial 10000 not balanced. Max 130 steps (0.000722 hours).
Run 21: Trial 10000 not balanced. Max 129 steps (0.000717 hours).
Run 22: Trial 10000 not balanced. Max 109 steps (0.000606 hours).
Run 23: Trial 10000 not balanced. Max 150 steps (0.000833 hours).
Run 24: Trial 10000 not balanced. Max 97 steps (0.000539 hours).
Run 25: Trial 10000 not balanced. Max 78 steps (0.000433 hours).
Run 26: Trial 10000 not balanced. Max 114 steps (0.000633 hours).
Run 27: Trial 10000 not balanced. Max 113 steps (0.000628 hours).
Run 28: Trial 10000 not balanced. Max 103 steps (0.000572 hours).
Run 29: Trial 10000 not balanced. Max 1435 steps (0.007972 hours).
Run 30: Trial 10000 not balanced. Max 101 steps (0.000561 hours).
Run 31: Trial 10000 not balanced. Max 144 steps (0.000800 hours).
Run 32: Trial 10000 not balanced. Max 122 steps (0.000678 hours).
Run 33: Trial 10000 not balanced. Max 124 steps (0.000689 hours).
Run 34: Trial 10000 not balanced. Max 97 steps (0.000539 hours).
Run 35: Trial 10000 not balanced. Max 127 steps (0.000706 hours).
Run 36: Trial 10000 not balanced. Max 102 steps (0.000567 hours).
Run 37: Trial 10000 not balanced. Max 100 steps (0.000556 hours).
Run 38: Trial 10000 not balanced. Max 114 steps (0.000633 hours).
Run 39: Trial 10000 not balanced. Max 145 steps (0.000806 hours).
Run 40: Trial 10000 not balanced. Max 103 steps (0.000572 hours).
Run 41: Trial 10000 not balanced. Max 1861 steps (0.010339 hours).
Run 42: Trial 10000 not balanced. Max 3240 steps (0.018000 hours).
Run 43: Trial 10000 not balanced. Max 14886 steps (0.082700 hours).
Run 44: Trial 10000 not balanced. Max 118 steps (0.000656 hours).
Run 45: Trial 10000 not balanced. Max 111 steps (0.000617 hours).
Run 46: Trial 10000 not balanced. Max 100 steps (0.000556 hours).
Run 47: Trial 10000 not balanced. Max 126 steps (0.000700 hours).
Run 48: Trial 10000 not balanced. Max 108 steps (0.000600 hours).
Run 49: Trial 10000 not balanced. Max 102 steps (0.000567 hours).
Run 50: Trial 10000 not balanced. Max 45 steps (0.000250 hours).
Run 51: Trial 10000 not balanced. Max 112 steps (0.000622 hours).
Run 52: Trial 10000 not balanced. Max 1971 steps (0.010950 hours).
Run 53: Trial 10000 not balanced. Max 102 steps (0.000567 hours).
Run 54: Trial 10000 not balanced. Max 105 steps (0.000583 hours).
Run 55: Trial 10000 not balanced. Max 6777 steps (0.037650 hours).
Run 56: Trial 10000 not balanced. Max 14487 steps (0.080483 hours).
Run 57: Trial 10000 not balanced. Max 1219 steps (0.006772 hours).
Run 58: Trial 10000 not balanced. Max 147 steps (0.000817 hours).
Run 59: Trial 10000 not balanced. Max 88 steps (0.000489 hours).
Run 60: Trial 10000 not balanced. Max 143 steps (0.000794 hours).
Run 61: Trial 10000 not balanced. Max 110 steps (0.000611 hours).
Run 62: Trial 10000 not balanced. Max 127 steps (0.000706 hours).
Run 63: Trial 10000 not balanced. Max 104 steps (0.000578 hours).
Run 64: Trial 10000 not balanced. Max 1084 steps (0.006022 hours).
Run 65: Trial 10000 not balanced. Max 108 steps (0.000600 hours).
Run 66: Trial 10000 not balanced. Max 135 steps (0.000750 hours).
Run 67: Trial 10000 not balanced. Max 7041 steps (0.039117 hours).
Run 68: Trial 10000 not balanced. Max 46 steps (0.000256 hours).
Run 69: Trial 10000 not balanced. Max 112 steps (0.000622 hours).
Run 70: Trial 10000 not balanced. Max 149 steps (0.000828 hours).
Run 71: Trial 10000 not balanced. Max 135 steps (0.000750 hours).
Run 72: Trial 10000 not balanced. Max 128 steps (0.000711 hours).
Run 73: Trial 10000 not balanced. Max 123 steps (0.000683 hours).
Run 74: Trial 10000 not balanced. Max 130 steps (0.000722 hours).
Run 75: Trial 10000 not balanced. Max 115 steps (0.000639 hours).
Run 76: Trial 10000 not balanced. Max 78 steps (0.000433 hours).
Run 77: Trial 10000 not balanced. Max 79 steps (0.000439 hours).
Run 78: Trial 10000 not balanced. Max 99 steps (0.000550 hours).
Run 79: Trial 10000 not balanced. Max 3886 steps (0.021589 hours).
Run 80: Trial 10000 not balanced. Max 138 steps (0.000767 hours).
Run 81: Trial 10000 not balanced. Max 109 steps (0.000606 hours).
Run 82: Trial 10000 not balanced. Max 51 steps (0.000283 hours).
Run 83: Trial 10000 not balanced. Max 114 steps (0.000633 hours).
Run 84: Trial 10000 not balanced. Max 121 steps (0.000672 hours).
Run 85: Trial 10000 not balanced. Max 93 steps (0.000517 hours).
Run 86: Trial 10000 not balanced. Max 138 steps (0.000767 hours).
Run 87: Trial 10000 not balanced. Max 107 steps (0.000594 hours).
Run 88: Trial 10000 not balanced. Max 151 steps (0.000839 hours).
Run 89: Trial 10000 not balanced. Max 109 steps (0.000606 hours).
Run 90: Trial 10000 not balanced. Max 129 steps (0.000717 hours).
Run 91: Trial 10000 not balanced. Max 114 steps (0.000633 hours).
Run 92: Trial 10000 not balanced. Max 117 steps (0.000650 hours).
Run 93: Trial 10000 not balanced. Max 45 steps (0.000250 hours).
Run 94: Trial 10000 not balanced. Max 45 steps (0.000250 hours).
Run 95: Trial 10000 not balanced. Max 118 steps (0.000656 hours).
Run 96: Trial 10000 not balanced. Max 109 steps (0.000606 hours).
Run 97: Trial 10000 not balanced. Max 59 steps (0.000328 hours).
Run 98: Trial 10000 not balanced. Max 113 steps (0.000628 hours).
Run 99: Trial 10000 not balanced. Max 120 steps (0.000667 hours).
Run 100: Trial 10000 not balanced. Max 113 steps (0.000628 hours).
Run 101: Trial 10000 not balanced. Max 127 steps (0.000706 hours).
Run 102: Trial 10000 not balanced. Max 108 steps (0.000600 hours).
Run 103: Trial 10000 not balanced. Max 112 steps (0.000622 hours).
Run 104: Trial 10000 not balanced. Max 11164 steps (0.062022 hours).
Run 105: Trial 10000 not balanced. Max 50 steps (0.000278 hours).
Run 106: Trial 10000 not balanced. Max 101 steps (0.000561 hours).
Run 107: Trial 10000 not balanced. Max 1884 steps (0.010467 hours).
Run 108: Trial 10000 not balanced. Max 107 steps (0.000594 hours).
Run 109: Trial 10000 not balanced. Max 1704 steps (0.009467 hours).
Run 110: Trial 10000 not balanced. Max 2932 steps (0.016289 hours).
Run 111: Trial 10000 not balanced. Max 131 steps (0.000728 hours).
Run 112: Trial 10000 not balanced. Max 113 steps (0.000628 hours).
Run 113: Trial 10000 not balanced. Max 107 steps (0.000594 hours).
Run 114: Trial 10000 not balanced. Max 107 steps (0.000594 hours).
Run 115: Trial 10000 not balanced. Max 45 steps (0.000250 hours).
Run 116: Trial 10000 not balanced. Max 14131 steps (0.078506 hours).
Run 117: Trial 10000 not balanced. Max 128 steps (0.000711 hours).
Run 118: Trial 10000 not balanced. Max 110 steps (0.000611 hours).
Run 119: Trial 10000 not balanced. Max 1982 steps (0.011011 hours).
Run 120: Trial 10000 not balanced. Max 122 steps (0.000678 hours).
Run 121: Trial 10000 not balanced. Max 116 steps (0.000644 hours).
Run 122: Trial 10000 not balanced. Max 13432 steps (0.074622 hours).
Run 123: Trial 10000 not balanced. Max 114 steps (0.000633 hours).
Run 124: Trial 10000 not balanced. Max 136 steps (0.000756 hours).
Run 125: Trial 10000 not balanced. Max 110 steps (0.000611 hours).
Run 126: Trial 10000 not balanced. Max 1527 steps (0.008483 hours).
Run 127: Trial 10000 not balanced. Max 111 steps (0.000617 hours).
Run 128: Trial 10000 not balanced. Max 55 steps (0.000306 hours).
Run 129: Trial 10000 not balanced. Max 3630 steps (0.020167 hours).
Run 130: Trial 10000 not balanced. Max 136 steps (0.000756 hours).
Run 131: Trial 10000 not balanced. Max 155 steps (0.000861 hours).
Run 132: Trial 10000 not balanced. Max 105 steps (0.000583 hours).
Run 133: Trial 10000 not balanced. Max 111 steps (0.000617 hours).
Run 134: Trial 10000 not balanced. Max 137 steps (0.000761 hours).
Run 135: Trial 10000 not balanced. Max 106 steps (0.000589 hours).
Run 136: Trial 10000 not balanced. Max 118 steps (0.000656 hours).
Run 137: Trial 10000 not balanced. Max 167 steps (0.000928 hours).
Run 138: Trial 10000 not balanced. Max 115 steps (0.000639 hours).
Run 139: Trial 10000 not balanced. Max 158 steps (0.000878 hours).
Run 140: Trial 10000 not balanced. Max 114 steps (0.000633 hours).
Run 141: Trial 10000 not balanced. Max 109 steps (0.000606 hours).
Run 142: Trial 10000 not balanced. Max 50 steps (0.000278 hours).
Run 143: Trial 10000 not balanced. Max 45 steps (0.000250 hours).
Run 144: Trial 10000 not balanced. Max 109 steps (0.000606 hours).
Run 145: Trial 10000 not balanced. Max 109 steps (0.000606 hours).
Run 146: Trial 10000 not balanced. Max 115 steps (0.000639 hours).
Run 147: Trial 10000 not balanced. Max 2732 steps (0.015178 hours).
Run 148: Trial 10000 not balanced. Max 127 steps (0.000706 hours).
Run 149: Trial 10000 not balanced. Max 117 steps (0.000650 hours).
Run 150: Trial 10000 not balanced. Max 108 steps (0.000600 hours).
Run 151: Trial 10000 not balanced. Max 135 steps (0.000750 hours).
Run 152: Trial 10000 not balanced. Max 148 steps (0.000822 hours).
Run 153: Trial 10000 not balanced. Max 122 steps (0.000678 hours).
Run 154: Trial 10000 not balanced. Max 107 steps (0.000594 hours).
Run 155: Trial 10000 not balanced. Max 117 steps (0.000650 hours).
Run 156: Trial 10000 not balanced. Max 4977 steps (0.027650 hours).
Run 157: Trial 10000 not balanced. Max 118 steps (0.000656 hours).
Run 158: Trial 10000 not balanced. Max 1575 steps (0.008750 hours).
Run 159: Trial 10000 not balanced. Max 52 steps (0.000289 hours).
Run 160: Trial 10000 not balanced. Max 144580 steps (0.803222 hours).
Run 161: Trial 10000 not balanced. Max 128 steps (0.000711 hours).
Run 162: Trial 10000 not balanced. Max 126 steps (0.000700 hours).
Run 163: Trial 10000 not balanced. Max 110 steps (0.000611 hours).
Run 164: Trial 10000 not balanced. Max 117 steps (0.000650 hours).
Run 165: Trial 10000 not balanced. Max 138 steps (0.000767 hours).
Run 166: Trial 10000 not balanced. Max 105 steps (0.000583 hours).
Run 167: Trial 10000 not balanced. Max 112 steps (0.000622 hours).
Run 168: Trial 10000 not balanced. Max 115 steps (0.000639 hours).
Run 169: Trial 10000 not balanced. Max 110 steps (0.000611 hours).
Run 170: Trial 10000 not balanced. Max 2772 steps (0.015400 hours).
Run 171: Trial 10000 not balanced. Max 120 steps (0.000667 hours).
Run 172: Trial 10000 not balanced. Max 107 steps (0.000594 hours).
Run 173: Trial 10000 not balanced. Max 134 steps (0.000744 hours).
Run 174: Trial 10000 not balanced. Max 520 steps (0.002889 hours).
Run 175: Trial 10000 not balanced. Max 117 steps (0.000650 hours).
Run 176: Trial 10000 not balanced. Max 140 steps (0.000778 hours).
Run 177: Trial 10000 not balanced. Max 1584 steps (0.008800 hours).
Run 178: Trial 10000 not balanced. Max 2660 steps (0.014778 hours).
Run 179: Trial 10000 not balanced. Max 172 steps (0.000956 hours).
Run 180: Trial 10000 not balanced. Max 105 steps (0.000583 hours).
Run 181: Trial 10000 not balanced. Max 125 steps (0.000694 hours).
Run 182: Trial 10000 not balanced. Max 130 steps (0.000722 hours).
Run 183: Trial 10000 not balanced. Max 107 steps (0.000594 hours).
Run 184: Trial 10000 not balanced. Max 121 steps (0.000672 hours).
Run 185: Trial 10000 not balanced. Max 3515 steps (0.019528 hours).
Run 186: Trial 10000 not balanced. Max 110 steps (0.000611 hours).
Run 187: Trial 10000 not balanced. Max 80 steps (0.000444 hours).
Run 188: Trial 10000 not balanced. Max 132 steps (0.000733 hours).
Run 189: Trial 10000 not balanced. Max 103 steps (0.000572 hours).
Run 190: Trial 10000 not balanced. Max 2571 steps (0.014283 hours).
Run 191: Trial 10000 not balanced. Max 118 steps (0.000656 hours).
Run 192: Trial 10000 not balanced. Max 116 steps (0.000644 hours).
Run 193: Trial 10000 not balanced. Max 104 steps (0.000578 hours).
Run 194: Trial 10000 not balanced. Max 78 steps (0.000433 hours).
Run 195: Trial 10000 not balanced. Max 103 steps (0.000572 hours).
Run 196: Trial 10000 not balanced. Max 98 steps (0.000544 hours).
Run 197: Trial 10000 not balanced. Max 170 steps (0.000944 hours).
Run 198: Trial 10000 not balanced. Max 2673 steps (0.014850 hours).
Run 199: Trial 10000 not balanced. Max 103 steps (0.000572 hours).
Run 200: Trial 10000 not balanced. Max 2528 steps (0.014044 hours).
Run 201: Trial 10000 not balanced. Max 123 steps (0.000683 hours).
Run 202: Trial 10000 not balanced. Max 2964 steps (0.016467 hours).
Run 203: Trial 10000 not balanced. Max 115 steps (0.000639 hours).
Run 204: Trial 10000 not balanced. Max 48 steps (0.000267 hours).
Run 205: Trial 10000 not balanced. Max 120 steps (0.000667 hours).
Run 206: Trial 10000 not balanced. Max 98 steps (0.000544 hours).
Run 207: Trial 10000 not balanced. Max 123 steps (0.000683 hours).
Run 208: Trial 10000 not balanced. Max 4618 steps (0.025656 hours).
Run 209: Trial 10000 not balanced. Max 133 steps (0.000739 hours).
Run 210: Trial 10000 not balanced. Max 115 steps (0.000639 hours).
Run 211: Trial 10000 not balanced. Max 123 steps (0.000683 hours).
Run 212: Trial 10000 not balanced. Max 150 steps (0.000833 hours).
Run 213: Trial 10000 not balanced. Max 130 steps (0.000722 hours).
Run 214: Trial 10000 not balanced. Max 31631 steps (0.175728 hours).
Run 215: Trial 10000 not balanced. Max 53 steps (0.000294 hours).
Run 216: Trial 10000 not balanced. Max 153 steps (0.000850 hours).
Run 217: Trial 10000 not balanced. Max 106 steps (0.000589 hours).
Run 218: Trial 10000 not balanced. Max 110 steps (0.000611 hours).
Run 219: Trial 10000 not balanced. Max 98 steps (0.000544 hours).
Run 220: Trial 10000 not balanced. Max 8274 steps (0.045967 hours).
Run 221: Trial 10000 not balanced. Max 141 steps (0.000783 hours).
Run 222: Trial 10000 not balanced. Max 128 steps (0.000711 hours).
Run 223: Trial 10000 not balanced. Max 45 steps (0.000250 hours).
Run 224: Trial 10000 not balanced. Max 124 steps (0.000689 hours).
Run 225: Trial 10000 not balanced. Max 101 steps (0.000561 hours).
Run 226: Trial 10000 not balanced. Max 107 steps (0.000594 hours).
Run 227: Trial 10000 not balanced. Max 83 steps (0.000461 hours).
Run 228: Trial 10000 not balanced. Max 113 steps (0.000628 hours).
Run 229: Trial 10000 not balanced. Max 108 steps (0.000600 hours).
Run 230: Trial 10000 not balanced. Max 106 steps (0.000589 hours).
Run 231: Trial 10000 not balanced. Max 111 steps (0.000617 hours).
Run 232: Trial 10000 not balanced. Max 120 steps (0.000667 hours).
Run 233: Trial 10000 not balanced. Max 98 steps (0.000544 hours).
Run 234: Trial 10000 not balanced. Max 159 steps (0.000883 hours).
Run 235: Trial 10000 not balanced. Max 120 steps (0.000667 hours).
Run 236: Trial 10000 not balanced. Max 112 steps (0.000622 hours).
Run 237: Trial 10000 not balanced. Max 126 steps (0.000700 hours).
Run 238: Trial 10000 not balanced. Max 1895 steps (0.010528 hours).
Run 239: Trial 10000 not balanced. Max 112 steps (0.000622 hours).
Run 240: Trial 10000 not balanced. Max 132 steps (0.000733 hours).
Run 241: Trial 10000 not balanced. Max 89 steps (0.000494 hours).
Run 242: Trial 10000 not balanced. Max 103 steps (0.000572 hours).
Run 243: Trial 10000 not balanced. Max 111 steps (0.000617 hours).
Run 244: Trial 10000 not balanced. Max 104 steps (0.000578 hours).
Run 245: Trial 10000 not balanced. Max 4752 steps (0.026400 hours).
Run 246: Trial 10000 not balanced. Max 109 steps (0.000606 hours).
Run 247: Trial 10000 not balanced. Max 124 steps (0.000689 hours).
Run 248: Trial 10000 not balanced. Max 116 steps (0.000644 hours).
Run 249: Trial 10000 not balanced. Max 151 steps (0.000839 hours).
Run 250: Trial 10000 not balanced. Max 274 steps (0.001522 hours).
Run 251: Trial 10000 not balanced. Max 90 steps (0.000500 hours).
Run 252: Trial 10000 not balanced. Max 128 steps (0.000711 hours).
Run 253: Trial 10000 not balanced. Max 128 steps (0.000711 hours).
Run 254: Trial 10000 not balanced. Max 146 steps (0.000811 hours).
Run 255: Trial 10000 not balanced. Max 113 steps (0.000628 hours).
Run 256: Trial 10000 not balanced. Max 108 steps (0.000600 hours).
Run 257: Trial 10000 not balanced. Max 106 steps (0.000589 hours).
Run 258: Trial 10000 not balanced. Max 155 steps (0.000861 hours).
Run 259: Trial 10000 not balanced. Max 124 steps (0.000689 hours).
Run 260: Trial 10000 not balanced. Max 103 steps (0.000572 hours).
Run 261: Trial 10000 not balanced. Max 138 steps (0.000767 hours).
Run 262: Trial 10000 not balanced. Max 137 steps (0.000761 hours).
Run 263: Trial 10000 not balanced. Max 122 steps (0.000678 hours).
Run 264: Trial 10000 not balanced. Max 137 steps (0.000761 hours).
Run 265: Trial 10000 not balanced. Max 125 steps (0.000694 hours).
Run 266: Trial 10000 not balanced. Max 124 steps (0.000689 hours).
Run 267: Trial 10000 not balanced. Max 45 steps (0.000250 hours).
Run 268: Trial 10000 not balanced. Max 90 steps (0.000500 hours).
Run 269: Trial 10000 not balanced. Max 574 steps (0.003189 hours).
Run 270: Trial 10000 not balanced. Max 169 steps (0.000939 hours).
Run 271: Trial 10000 not balanced. Max 46 steps (0.000256 hours).
Run 272: Trial 10000 not balanced. Max 113 steps (0.000628 hours).
Run 273: Trial 10000 not balanced. Max 46 steps (0.000256 hours).
Run 274: Trial 10000 not balanced. Max 729 steps (0.004050 hours).
Run 275: Trial 10000 not balanced. Max 85 steps (0.000472 hours).
Run 276: Trial 10000 not balanced. Max 97 steps (0.000539 hours).
Run 277: Trial 10000 not balanced. Max 107 steps (0.000594 hours).
Run 278: Trial 10000 not balanced. Max 149 steps (0.000828 hours).
Run 279: Trial 10000 not balanced. Max 82 steps (0.000456 hours).
Run 280: Trial 10000 not balanced. Max 7228 steps (0.040156 hours).
Run 281: Trial 10000 not balanced. Max 1273 steps (0.007072 hours).
Run 282: Trial 10000 not balanced. Max 106 steps (0.000589 hours).
Run 283: Trial 10000 not balanced. Max 4089 steps (0.022717 hours).
Run 284: Trial 10000 not balanced. Max 107 steps (0.000594 hours).
Run 285: Trial 10000 not balanced. Max 125 steps (0.000694 hours).
Run 286: Trial 10000 not balanced. Max 8404 steps (0.046689 hours).
Run 287: Trial 10000 not balanced. Max 119 steps (0.000661 hours).
Run 288: Trial 10000 not balanced. Max 99 steps (0.000550 hours).
Run 289: Trial 10000 not balanced. Max 5771 steps (0.032061 hours).
Run 290: Trial 10000 not balanced. Max 104 steps (0.000578 hours).
Run 291: Trial 10000 not balanced. Max 127 steps (0.000706 hours).
Run 292: Trial 10000 not balanced. Max 103 steps (0.000572 hours).
Run 293: Trial 10000 not balanced. Max 1344 steps (0.007467 hours).
Run 294: Trial 10000 not balanced. Max 6957 steps (0.038650 hours).
Run 295: Trial 10000 not balanced. Max 128 steps (0.000711 hours).
Run 296: Trial 10000 not balanced. Max 114 steps (0.000633 hours).
Run 297: Trial 10000 not balanced. Max 115 steps (0.000639 hours).
Run 298: Trial 10000 not balanced. Max 2589 steps (0.014383 hours).
Run 299: Trial 10000 not balanced. Max 144 steps (0.000800 hours).
Run 300: Trial 10000 not balanced. Max 4166 steps (0.023144 hours).
Run 301: Trial 10000 not balanced. Max 109 steps (0.000606 hours).
Run 302: Trial 10000 not balanced. Max 120 steps (0.000667 hours).
Run 303: Trial 10000 not balanced. Max 3815 steps (0.021194 hours).
Run 304: Trial 10000 not balanced. Max 148 steps (0.000822 hours).
Run 305: Trial 10000 not balanced. Max 123 steps (0.000683 hours).
Run 306: Trial 10000 not balanced. Max 153 steps (0.000850 hours).
Run 307: Trial 10000 not balanced. Max 122 steps (0.000678 hours).
Run 308: Trial 10000 not balanced. Max 91 steps (0.000506 hours).
Run 309: Trial 10000 not balanced. Max 111 steps (0.000617 hours).
Run 310: Trial 10000 not balanced. Max 107 steps (0.000594 hours).
Run 311: Trial 10000 not balanced. Max 99 steps (0.000550 hours).
Run 312: Trial 10000 not balanced. Max 98 steps (0.000544 hours).
Run 313: Trial 10000 not balanced. Max 105 steps (0.000583 hours).
Run 314: Trial 10000 not balanced. Max 65 steps (0.000361 hours).
Run 315: Trial 10000 not balanced. Max 99 steps (0.000550 hours).
Run 316: Trial 10000 not balanced. Max 60 steps (0.000333 hours).
Run 317: Trial 10000 not balanced. Max 50 steps (0.000278 hours).
Run 318: Trial 10000 not balanced. Max 116 steps (0.000644 hours).
Run 319: Trial 10000 not balanced. Max 156371 steps (0.868728 hours).
Run 320: Trial 10000 not balanced. Max 97 steps (0.000539 hours).
Run 321: Trial 10000 not balanced. Max 98 steps (0.000544 hours).
Run 322: Trial 10000 not balanced. Max 97 steps (0.000539 hours).
Run 323: Trial 10000 not balanced. Max 126 steps (0.000700 hours).
Run 324: Trial 10000 not balanced. Max 116 steps (0.000644 hours).
Run 325: Trial 10000 not balanced. Max 5902 steps (0.032789 hours).
Run 326: Trial 10000 not balanced. Max 124 steps (0.000689 hours).
Run 327: Trial 10000 not balanced. Max 118 steps (0.000656 hours).
Run 328: Trial 10000 not balanced. Max 103 steps (0.000572 hours).
Run 329: Trial 10000 not balanced. Max 114 steps (0.000633 hours).
Run 330: Trial 10000 not balanced. Max 53 steps (0.000294 hours).
Run 331: Trial 10000 not balanced. Max 148 steps (0.000822 hours).
Run 332: Trial 10000 not balanced. Max 120 steps (0.000667 hours).
Run 333: Trial 10000 not balanced. Max 108 steps (0.000600 hours).
Run 334: Trial 10000 not balanced. Max 6373 steps (0.035406 hours).
Run 335: Trial 10000 not balanced. Max 123 steps (0.000683 hours).
Run 336: Trial 10000 not balanced. Max 144 steps (0.000800 hours).
Run 337: Trial 10000 not balanced. Max 125 steps (0.000694 hours).
Run 338: Trial 10000 not balanced. Max 101 steps (0.000561 hours).
Run 339: Trial 10000 not balanced. Max 1257 steps (0.006983 hours).
Run 340: Trial 10000 not balanced. Max 121 steps (0.000672 hours).
Run 341: Trial 10000 not balanced. Max 119 steps (0.000661 hours).
Run 342: Trial 10000 not balanced. Max 155 steps (0.000861 hours).
Run 343: Trial 10000 not balanced. Max 120 steps (0.000667 hours).
Run 344: Trial 10000 not balanced. Max 118 steps (0.000656 hours).
Run 345: Trial 10000 not balanced. Max 108 steps (0.000600 hours).
Run 346: Trial 10000 not balanced. Max 45 steps (0.000250 hours).
Run 347: Trial 10000 not balanced. Max 102 steps (0.000567 hours).
Run 348: Trial 10000 not balanced. Max 93 steps (0.000517 hours).
Run 349: Trial 10000 not balanced. Max 99 steps (0.000550 hours).
Run 350: Trial 10000 not balanced. Max 100 steps (0.000556 hours).
Run 351: Trial 10000 not balanced. Max 139 steps (0.000772 hours).
Run 352: Trial 10000 not balanced. Max 109 steps (0.000606 hours).
Run 353: Trial 10000 not balanced. Max 105 steps (0.000583 hours).
Run 354: Trial 10000 not balanced. Max 134 steps (0.000744 hours).
Run 355: Trial 10000 not balanced. Max 154 steps (0.000856 hours).
Run 356: Trial 10000 not balanced. Max 126 steps (0.000700 hours).
Run 357: Trial 10000 not balanced. Max 120 steps (0.000667 hours).
Run 358: Trial 10000 not balanced. Max 64 steps (0.000356 hours).
Run 359: Trial 10000 not balanced. Max 4064 steps (0.022578 hours).
Run 360: Trial 10000 not balanced. Max 109 steps (0.000606 hours).
Run 361: Trial 10000 not balanced. Max 135 steps (0.000750 hours).
Run 362: Trial 10000 not balanced. Max 112 steps (0.000622 hours).
Run 363: Trial 10000 not balanced. Max 109 steps (0.000606 hours).
Run 364: Trial 10000 not balanced. Max 46 steps (0.000256 hours).
Run 365: Trial 10000 not balanced. Max 149 steps (0.000828 hours).
Run 366: Trial 10000 not balanced. Max 59 steps (0.000328 hours).
Run 367: Trial 10000 not balanced. Max 118 steps (0.000656 hours).
Run 368: Trial 10000 not balanced. Max 128 steps (0.000711 hours).
Run 369: Trial 10000 not balanced. Max 134 steps (0.000744 hours).
Run 370: Trial 10000 not balanced. Max 2191 steps (0.012172 hours).
Run 371: Trial 10000 not balanced. Max 111 steps (0.000617 hours).
Run 372: Trial 10000 not balanced. Max 2045 steps (0.011361 hours).
Run 373: Trial 10000 not balanced. Max 100 steps (0.000556 hours).
Run 374: Trial 10000 not balanced. Max 70 steps (0.000389 hours).
Run 375: Trial 10000 not balanced. Max 115 steps (0.000639 hours).
Run 376: Trial 10000 not balanced. Max 100 steps (0.000556 hours).
Run 377: Trial 10000 not balanced. Max 95 steps (0.000528 hours).
Run 378: Trial 10000 not balanced. Max 98 steps (0.000544 hours).
Run 379: Trial 10000 not balanced. Max 60 steps (0.000333 hours).
Run 380: Trial 10000 not balanced. Max 161 steps (0.000894 hours).
Run 381: Trial 10000 not balanced. Max 3670 steps (0.020389 hours).
Run 382: Trial 10000 not balanced. Max 115 steps (0.000639 hours).
Run 383: Trial 10000 not balanced. Max 112 steps (0.000622 hours).
Run 384: Trial 10000 not balanced. Max 248 steps (0.001378 hours).
Run 385: Trial 10000 not balanced. Max 131 steps (0.000728 hours).
Run 386: Trial 10000 not balanced. Max 130 steps (0.000722 hours).
Run 387: Trial 10000 not balanced. Max 108 steps (0.000600 hours).
Run 388: Trial 10000 not balanced. Max 114 steps (0.000633 hours).
Run 389: Trial 10000 not balanced. Max 112 steps (0.000622 hours).
Run 390: Trial 10000 not balanced. Max 107 steps (0.000594 hours).
Run 391: Trial 10000 not balanced. Max 108 steps (0.000600 hours).
Run 392: Trial 10000 not balanced. Max 86 steps (0.000478 hours).
Run 393: Trial 10000 not balanced. Max 119 steps (0.000661 hours).
Run 394: Trial 10000 not balanced. Max 102 steps (0.000567 hours).
Run 395: Trial 10000 not balanced. Max 92 steps (0.000511 hours).
Run 396: Trial 10000 not balanced. Max 62 steps (0.000344 hours).
Run 397: Trial 10000 not balanced. Max 124 steps (0.000689 hours).
Run 398: Trial 10000 not balanced. Max 109 steps (0.000606 hours).
Run 399: Trial 10000 not balanced. Max 123 steps (0.000683 hours).
Run 400: Trial 10000 not balanced. Max 110 steps (0.000611 hours).
Run 401: Trial 10000 not balanced. Max 127 steps (0.000706 hours).
Run 402: Trial 10000 not balanced. Max 2007 steps (0.011150 hours).
Run 403: Trial 10000 not balanced. Max 6428 steps (0.035711 hours).
Run 404: Trial 10000 not balanced. Max 114 steps (0.000633 hours).
Run 405: Trial 10000 not balanced. Max 117 steps (0.000650 hours).
Run 406: Trial 10000 not balanced. Max 144 steps (0.000800 hours).
Run 407: Trial 10000 not balanced. Max 99 steps (0.000550 hours).
Run 408: Trial 10000 not balanced. Max 82 steps (0.000456 hours).
Run 409: Trial 10000 not balanced. Max 123 steps (0.000683 hours).
Run 410: Trial 10000 not balanced. Max 119 steps (0.000661 hours).
Run 411: Trial 10000 not balanced. Max 126 steps (0.000700 hours).
Run 412: Trial 10000 not balanced. Max 114 steps (0.000633 hours).
Run 413: Trial 10000 not balanced. Max 130 steps (0.000722 hours).
Run 414: Trial 10000 not balanced. Max 94 steps (0.000522 hours).
Run 415: Trial 10000 not balanced. Max 124 steps (0.000689 hours).
Run 416: Trial 10000 not balanced. Max 1257 steps (0.006983 hours).
Run 417: Trial 10000 not balanced. Max 73 steps (0.000406 hours).
Run 418: Trial 10000 not balanced. Max 151 steps (0.000839 hours).
Run 419: Trial 10000 not balanced. Max 71 steps (0.000394 hours).
Run 420: Trial 10000 not balanced. Max 116 steps (0.000644 hours).
Run 421: Trial 10000 not balanced. Max 111 steps (0.000617 hours).
Run 422: Trial 10000 not balanced. Max 137 steps (0.000761 hours).
Run 423: Trial 10000 not balanced. Max 113 steps (0.000628 hours).
Run 424: Trial 10000 not balanced. Max 100 steps (0.000556 hours).
Run 425: Trial 10000 not balanced. Max 121 steps (0.000672 hours).
Run 426: Trial 10000 not balanced. Max 130 steps (0.000722 hours).
Run 427: Trial 10000 not balanced. Max 18092 steps (0.100511 hours).
Run 428: Trial 10000 not balanced. Max 103 steps (0.000572 hours).
Run 429: Trial 10000 not balanced. Max 130 steps (0.000722 hours).
Run 430: Trial 10000 not balanced. Max 110 steps (0.000611 hours).
Run 431: Trial 10000 not balanced. Max 57 steps (0.000317 hours).
Run 432: Trial 10000 not balanced. Max 52 steps (0.000289 hours).
Run 433: Trial 10000 not balanced. Max 132 steps (0.000733 hours).
Run 434: Trial 10000 not balanced. Max 148 steps (0.000822 hours).
Run 435: Trial 10000 not balanced. Max 117 steps (0.000650 hours).
Run 436: Trial 10000 not balanced. Max 145 steps (0.000806 hours).
Run 437: Trial 10000 not balanced. Max 102 steps (0.000567 hours).
Run 438: Trial 10000 not balanced. Max 1802 steps (0.010011 hours).
Run 439: Trial 10000 not balanced. Max 7976 steps (0.044311 hours).
Run 440: Trial 10000 not balanced. Max 102 steps (0.000567 hours).
Run 441: Trial 10000 not balanced. Max 90 steps (0.000500 hours).
Run 442: Trial 10000 not balanced. Max 1117 steps (0.006206 hours).
Run 443: Trial 10000 not balanced. Max 53 steps (0.000294 hours).
Run 444: Trial 10000 not balanced. Max 2380 steps (0.013222 hours).
Run 445: Trial 10000 not balanced. Max 153 steps (0.000850 hours).
Run 446: Trial 10000 not balanced. Max 3828 steps (0.021267 hours).
Run 447: Trial 10000 not balanced. Max 103 steps (0.000572 hours).
Run 448: Trial 10000 not balanced. Max 124 steps (0.000689 hours).
Run 449: Trial 10000 not balanced. Max 99 steps (0.000550 hours).
Run 450: Trial 10000 not balanced. Max 4137 steps (0.022983 hours).
Run 451: Trial 10000 not balanced. Max 101 steps (0.000561 hours).
Run 452: Trial 10000 not balanced. Max 1673 steps (0.009294 hours).
Run 453: Trial 10000 not balanced. Max 116 steps (0.000644 hours).
Run 454: Trial 10000 not balanced. Max 117 steps (0.000650 hours).
Run 455: Trial 10000 not balanced. Max 127 steps (0.000706 hours).
Run 456: Trial 10000 not balanced. Max 129 steps (0.000717 hours).
Run 457: Trial 10000 not balanced. Max 1955 steps (0.010861 hours).
Run 458: Trial 10000 not balanced. Max 62 steps (0.000344 hours).
Run 459: Trial 10000 not balanced. Max 104 steps (0.000578 hours).
Run 460: Trial 10000 not balanced. Max 136 steps (0.000756 hours).
Run 461: Trial 10000 not balanced. Max 120 steps (0.000667 hours).
Run 462: Trial 10000 not balanced. Max 45 steps (0.000250 hours).
Run 463: Trial 10000 not balanced. Max 117 steps (0.000650 hours).
Run 464: Trial 10000 not balanced. Max 2129 steps (0.011828 hours).
Run 465: Trial 10000 not balanced. Max 114 steps (0.000633 hours).
Run 466: Trial 10000 not balanced. Max 160 steps (0.000889 hours).
Run 467: Trial 10000 not balanced. Max 4805 steps (0.026694 hours).
Run 468: Trial 10000 not balanced. Max 130 steps (0.000722 hours).
Run 469: Trial 10000 not balanced. Max 102 steps (0.000567 hours).
Run 470: Trial 10000 not balanced. Max 3708 steps (0.020600 hours).
Run 471: Trial 10000 not balanced. Max 122 steps (0.000678 hours).
Run 472: Trial 10000 not balanced. Max 5311 steps (0.029506 hours).
Run 473: Trial 10000 not balanced. Max 3752 steps (0.020844 hours).
Run 474: Trial 10000 not balanced. Max 2404 steps (0.013356 hours).
Run 475: Trial 10000 not balanced. Max 6683 steps (0.037128 hours).
Run 476: Trial 10000 not balanced. Max 128 steps (0.000711 hours).
Run 477: Trial 10000 not balanced. Max 108 steps (0.000600 hours).
Run 478: Trial 10000 not balanced. Max 1779 steps (0.009883 hours).
Run 479: Trial 10000 not balanced. Max 101 steps (0.000561 hours).
Run 480: Trial 10000 not balanced. Max 10421 steps (0.057894 hours).
Run 481: Trial 10000 not balanced. Max 76 steps (0.000422 hours).
Run 482: Trial 10000 not balanced. Max 54 steps (0.000300 hours).
Run 483: Trial 10000 not balanced. Max 106 steps (0.000589 hours).
Run 484: Trial 10000 not balanced. Max 118 steps (0.000656 hours).
Run 485: Trial 10000 not balanced. Max 131 steps (0.000728 hours).
Run 486: Trial 10000 not balanced. Max 109 steps (0.000606 hours).
Run 487: Trial 10000 not balanced. Max 114 steps (0.000633 hours).
Run 488: Trial 10000 not balanced. Max 462 steps (0.002567 hours).
Run 489: Trial 10000 not balanced. Max 2740 steps (0.015222 hours).
Run 490: Trial 10000 not balanced. Max 3504 steps (0.019467 hours).
Run 491: Trial 10000 not balanced. Max 192 steps (0.001067 hours).
Run 492: Trial 10000 not balanced. Max 114 steps (0.000633 hours).
Run 493: Trial 10000 not balanced. Max 129 steps (0.000717 hours).
Run 494: Trial 10000 not balanced. Max 45 steps (0.000250 hours).
Run 495: Trial 10000 not balanced. Max 63 steps (0.000350 hours).
Run 496: Trial 10000 not balanced. Max 123 steps (0.000683 hours).
Run 497: Trial 10000 not balanced. Max 135 steps (0.000750 hours).
Run 498: Trial 10000 not balanced. Max 105 steps (0.000583 hours).
Run 499: Trial 10000 not balanced. Max 45 steps (0.000250 hours).
Run 500: Trial 10000 not balanced. Max 141 steps (0.000783 hours).
Run 501: Trial 10000 not balanced. Max 119 steps (0.000661 hours).
Run 502: Trial 10000 not balanced. Max 118 steps (0.000656 hours).
Run 503: Trial 10000 not balanced. Max 133 steps (0.000739 hours).
Run 504: Trial 10000 not balanced. Max 97 steps (0.000539 hours).
Run 505: Trial 10000 not balanced. Max 1916 steps (0.010644 hours).
Run 506: Trial 10000 not balanced. Max 12086 steps (0.067144 hours).
Run 507: Trial 10000 not balanced. Max 66 steps (0.000367 hours).
Run 508: Trial 10000 not balanced. Max 3852 steps (0.021400 hours).
Run 509: Trial 10000 not balanced. Max 102 steps (0.000567 hours).
Run 510: Trial 10000 not balanced. Max 69 steps (0.000383 hours).
Run 511: Trial 10000 not balanced. Max 542 steps (0.003011 hours).
Run 512: Trial 10000 not balanced. Max 122 steps (0.000678 hours).
Run 513: Trial 10000 not balanced. Max 2341 steps (0.013006 hours).
Run 514: Trial 10000 not balanced. Max 115 steps (0.000639 hours).
Run 515: Trial 10000 not balanced. Max 133 steps (0.000739 hours).
Run 516: Trial 10000 not balanced. Max 165 steps (0.000917 hours).
Run 517: Trial 10000 not balanced. Max 54 steps (0.000300 hours).
Run 518: Trial 10000 not balanced. Max 106 steps (0.000589 hours).
Run 519: Trial 10000 not balanced. Max 124 steps (0.000689 hours).
Run 520: Trial 10000 not balanced. Max 116 steps (0.000644 hours).
Run 521: Trial 10000 not balanced. Max 116 steps (0.000644 hours).
Run 522: Trial 10000 not balanced. Max 119 steps (0.000661 hours).
Run 523: Trial 10000 not balanced. Max 1988 steps (0.011044 hours).
Run 524: Trial 10000 not balanced. Max 107 steps (0.000594 hours).
Run 525: Trial 10000 not balanced. Max 9887 steps (0.054928 hours).
Run 526: Trial 10000 not balanced. Max 104 steps (0.000578 hours).
Run 527: Trial 10000 not balanced. Max 50 steps (0.000278 hours).
Run 528: Trial 10000 not balanced. Max 146 steps (0.000811 hours).
Run 529: Trial 10000 not balanced. Max 130 steps (0.000722 hours).
Run 530: Trial 10000 not balanced. Max 429 steps (0.002383 hours).
Run 531: Trial 10000 not balanced. Max 127 steps (0.000706 hours).
Run 532: Trial 10000 not balanced. Max 117 steps (0.000650 hours).
Run 533: Trial 10000 not balanced. Max 115 steps (0.000639 hours).
Run 534: Trial 10000 not balanced. Max 136 steps (0.000756 hours).
Run 535: Trial 10000 not balanced. Max 110 steps (0.000611 hours).
Run 536: Trial 10000 not balanced. Max 48 steps (0.000267 hours).
Run 537: Trial 10000 not balanced. Max 112 steps (0.000622 hours).
Run 538: Trial 10000 not balanced. Max 120 steps (0.000667 hours).
Run 539: Trial 10000 not balanced. Max 110 steps (0.000611 hours).
Run 540: Trial 10000 not balanced. Max 127 steps (0.000706 hours).
Run 541: Trial 10000 not balanced. Max 118 steps (0.000656 hours).
Run 542: Trial 10000 not balanced. Max 129 steps (0.000717 hours).
Run 543: Trial 10000 not balanced. Max 101 steps (0.000561 hours).
Run 544: Trial 10000 not balanced. Max 144 steps (0.000800 hours).
Run 545: Trial 10000 not balanced. Max 128 steps (0.000711 hours).
Run 546: Trial 10000 not balanced. Max 122 steps (0.000678 hours).
Run 547: Trial 10000 not balanced. Max 106 steps (0.000589 hours).
Run 548: Trial 10000 not balanced. Max 139 steps (0.000772 hours).
Run 549: Trial 10000 not balanced. Max 87 steps (0.000483 hours).
Run 550: Trial 10000 not balanced. Max 76 steps (0.000422 hours).
Run 551: Trial 10000 not balanced. Max 102 steps (0.000567 hours).
Run 552: Trial 10000 not balanced. Max 111 steps (0.000617 hours).
Run 553: Trial 10000 not balanced. Max 113 steps (0.000628 hours).
Run 554: Trial 10000 not balanced. Max 119 steps (0.000661 hours).
Run 555: Trial 8042 balanced for 180000 steps (1.000000 hours).
Wrote current weights to latest.weights
11736.229u 0.252s 3:16:37.58 99.4%	0+0k 0+432io 0pf+0w
 
TESTING USING THE TRAINED WEIGHTS
