180k-fm200-choke1-r1
TRAINING AGAIN BUT WITHOUT GRAPHICS
balanced 0 test_flag 0
[Run 1] Ep 10000 not balanced. Max 118 steps (0.0007 hrs). 17 sec
[Run 2] Ep 10000 not balanced. Max 92 steps (0.0005 hrs). 16 sec
[Run 3] Ep 10000 not balanced. Max 112 steps (0.0006 hrs). 16 sec
[Run 4] Ep 10000 not balanced. Max 103 steps (0.0006 hrs). 16 sec
[Run 5] Ep 10000 not balanced. Max 122 steps (0.0007 hrs). 16 sec
[Run 6] Ep 10000 not balanced. Max 133 steps (0.0007 hrs). 15 sec
[Run 7] Ep 10000 not balanced. Max 131 steps (0.0007 hrs). 15 sec
[Run 8] Ep 10000 not balanced. Max 102 steps (0.0006 hrs). 15 sec
[Run 9] Ep 10000 not balanced. Max 84 steps (0.0005 hrs). 15 sec
[Run 10] Ep 10000 not balanced. Max 99 steps (0.0005 hrs). 15 sec
[Run 11] Ep 10000 not balanced. Max 107 steps (0.0006 hrs). 15 sec
[Run 12] Ep 10000 not balanced. Max 76 steps (0.0004 hrs). 14 sec
[Run 13] Ep 10000 not balanced. Max 138 steps (0.0008 hrs). 15 sec
[Run 14] Ep 10000 not balanced. Max 113 steps (0.0006 hrs). 15 sec
[Run 15] Ep 10000 not balanced. Max 127 steps (0.0007 hrs). 16 sec
[Run 16] Ep 10000 not balanced. Max 126 steps (0.0007 hrs). 16 sec
[Run 17] Ep 10000 not balanced. Max 160 steps (0.0009 hrs). 16 sec
[Run 18] Ep 10000 not balanced. Max 124 steps (0.0007 hrs). 16 sec
[Run 19] Ep 10000 not balanced. Max 101 steps (0.0006 hrs). 16 sec
[Run 20] Ep 10000 not balanced. Max 125 steps (0.0007 hrs). 17 sec
[Run 21] Ep 10000 not balanced. Max 96 steps (0.0005 hrs). 16 sec
[Run 22] Ep 8332 balanced for 180000 steps (1.0000 hrs). 23 sec
Wrote current weights to latest.weights
Total Elapsed time: 351 seconds
Wrote current data to latest.train

real    5m50.908s
user    0m35.650s
sys     0m34.298s
Copied to 180k-fm200-choke1-r1.train, 180k-fm200-choke1-r1.weights
0 0 0.0015 0.0015 -0.0271 0.3035 -2.1006 -0.0235 0.0000
0 0 -0.0011 -0.0011 -0.0189 -0.0652 -1.8241 -0.0053 0.0000
0 1 -0.0072 -0.0071 -0.0482 0.0101 -1.9888 -0.0109 -200.0000

7.38 spikes/sec (L:3.69 R:3.69)
0.15 spikes/step (L:0.07 R:0.07)
26584 spikes (L:13292 R:13292), j = 180000, dt = 0.0200
