balanced 0 test_flag 0
[Run 1] Ep 10000 not balanced. Max 126 steps (0.0007 hrs). 20 sec
[Run 2] Ep 10000 not balanced. Max 109 steps (0.0006 hrs). 20 sec
[Run 3] Ep 10000 not balanced. Max 110 steps (0.0006 hrs). 20 sec
[Run 4] Ep 10000 not balanced. Max 145 steps (0.0008 hrs). 20 sec
[Run 5] Ep 10000 not balanced. Max 105 steps (0.0006 hrs). 22 sec
[Run 6] Ep 10000 not balanced. Max 87 steps (0.0005 hrs). 21 sec
[Run 7] Ep 10000 not balanced. Max 129 steps (0.0007 hrs). 22 sec
[Run 8] Ep 10000 not balanced. Max 126 steps (0.0007 hrs). 20 sec
[Run 9] Ep 10000 not balanced. Max 72 steps (0.0004 hrs). 20 sec
[Run 10] Ep 10000 not balanced. Max 79 steps (0.0004 hrs). 19 sec
[Run 11] Ep 10000 not balanced. Max 81 steps (0.0004 hrs). 20 sec
[Run 12] Ep 10000 not balanced. Max 125 steps (0.0007 hrs). 20 sec
[Run 13] Ep 10000 not balanced. Max 127 steps (0.0007 hrs). 19 sec
[Run 14] Ep 10000 not balanced. Max 138 steps (0.0008 hrs). 20 sec
[Run 15] Ep 10000 not balanced. Max 142 steps (0.0008 hrs). 20 sec
[Run 16] Ep 10000 not balanced. Max 141 steps (0.0008 hrs). 20 sec
[Run 17] Ep 10000 not balanced. Max 54 steps (0.0003 hrs). 19 sec
[Run 18] Ep 10000 not balanced. Max 95 steps (0.0005 hrs). 22 sec
[Run 19] Ep 10000 not balanced. Max 116 steps (0.0006 hrs). 20 sec
[Run 20] Ep 10000 not balanced. Max 103 steps (0.0006 hrs). 20 sec
[Run 21] Ep 10000 not balanced. Max 113 steps (0.0006 hrs). 20 sec
[Run 22] Ep 10000 not balanced. Max 138 steps (0.0008 hrs). 19 sec
[Run 23] Ep 10000 not balanced. Max 132 steps (0.0007 hrs). 20 sec
[Run 24] Ep 10000 not balanced. Max 113 steps (0.0006 hrs). 20 sec
[Run 25] Ep 10000 not balanced. Max 114 steps (0.0006 hrs). 20 sec
[Run 26] Ep 10000 not balanced. Max 79 steps (0.0004 hrs). 20 sec
[Run 27] Ep 10000 not balanced. Max 111 steps (0.0006 hrs). 20 sec
[Run 28] Ep 10000 not balanced. Max 132 steps (0.0007 hrs). 20 sec
[Run 29] Ep 10000 not balanced. Max 85 steps (0.0005 hrs). 20 sec
[Run 30] Ep 10000 not balanced. Max 122 steps (0.0007 hrs). 20 sec
[Run 31] Ep 10000 not balanced. Max 117 steps (0.0006 hrs). 19 sec
[Run 32] Ep 10000 not balanced. Max 121 steps (0.0007 hrs). 20 sec
[Run 33] Ep 10000 not balanced. Max 131 steps (0.0007 hrs). 20 sec
[Run 34] Ep 10000 not balanced. Max 124 steps (0.0007 hrs). 22 sec
[Run 35] Ep 10000 not balanced. Max 74 steps (0.0004 hrs). 20 sec
[Run 36] Ep 10000 not balanced. Max 119 steps (0.0007 hrs). 20 sec
[Run 37] Ep 10000 not balanced. Max 102 steps (0.0006 hrs). 19 sec
[Run 38] Ep 10000 not balanced. Max 104 steps (0.0006 hrs). 22 sec
[Run 39] Ep 10000 not balanced. Max 115 steps (0.0006 hrs). 20 sec
[Run 40] Ep 10000 not balanced. Max 114 steps (0.0006 hrs). 20 sec
[Run 41] Ep 10000 not balanced. Max 107 steps (0.0006 hrs). 22 sec
[Run 42] Ep 10000 not balanced. Max 103 steps (0.0006 hrs). 20 sec
[Run 43] Ep 10000 not balanced. Max 113 steps (0.0006 hrs). 20 sec
[Run 44] Ep 10000 not balanced. Max 130 steps (0.0007 hrs). 20 sec
[Run 45] Ep 10000 not balanced. Max 97 steps (0.0005 hrs). 22 sec
[Run 46] Ep 10000 not balanced. Max 108 steps (0.0006 hrs). 20 sec
[Run 47] Ep 10000 not balanced. Max 93 steps (0.0005 hrs). 19 sec
[Run 48] Ep 10000 not balanced. Max 123 steps (0.0007 hrs). 20 sec
[Run 49] Ep 10000 not balanced. Max 112 steps (0.0006 hrs). 20 sec
[Run 50] Ep 10000 not balanced. Max 122 steps (0.0007 hrs). 20 sec
[Run 51] Ep 10000 not balanced. Max 119 steps (0.0007 hrs). 20 sec
[Run 52] Ep 10000 not balanced. Max 86 steps (0.0005 hrs). 19 sec
[Run 53] Ep 10000 not balanced. Max 91 steps (0.0005 hrs). 20 sec
[Run 54] Ep 10000 not balanced. Max 118 steps (0.0007 hrs). 20 sec
[Run 55] Ep 10000 not balanced. Max 127 steps (0.0007 hrs). 20 sec
[Run 56] Ep 10000 not balanced. Max 135 steps (0.0007 hrs). 22 sec
[Run 57] Ep 10000 not balanced. Max 106 steps (0.0006 hrs). 20 sec
[Run 58] Ep 10000 not balanced. Max 111 steps (0.0006 hrs). 20 sec
[Run 59] Ep 10000 not balanced. Max 116 steps (0.0006 hrs). 20 sec
[Run 60] Ep 10000 not balanced. Max 135 steps (0.0007 hrs). 20 sec
[Run 61] Ep 10000 not balanced. Max 104 steps (0.0006 hrs). 20 sec
[Run 62] Ep 10000 not balanced. Max 94 steps (0.0005 hrs). 21 sec
[Run 63] Ep 10000 not balanced. Max 113 steps (0.0006 hrs). 19 sec
[Run 64] Ep 10000 not balanced. Max 101 steps (0.0006 hrs). 20 sec
[Run 65] Ep 10000 not balanced. Max 113 steps (0.0006 hrs). 20 sec
[Run 66] Ep 10000 not balanced. Max 139 steps (0.0008 hrs). 20 sec
[Run 67] Ep 10000 not balanced. Max 151 steps (0.0008 hrs). 20 sec
[Run 68] Ep 10000 not balanced. Max 117 steps (0.0006 hrs). 20 sec
[Run 69] Ep 10000 not balanced. Max 88 steps (0.0005 hrs). 22 sec
[Run 70] Ep 10000 not balanced. Max 94 steps (0.0005 hrs). 20 sec
[Run 71] Ep 10000 not balanced. Max 121 steps (0.0007 hrs). 20 sec
[Run 72] Ep 10000 not balanced. Max 98 steps (0.0005 hrs). 20 sec
[Run 73] Ep 10000 not balanced. Max 109 steps (0.0006 hrs). 20 sec
[Run 74] Ep 10000 not balanced. Max 100 steps (0.0006 hrs). 20 sec
[Run 75] Ep 10000 not balanced. Max 126 steps (0.0007 hrs). 20 sec
[Run 76] Ep 10000 not balanced. Max 110 steps (0.0006 hrs). 20 sec
[Run 77] Ep 10000 not balanced. Max 103 steps (0.0006 hrs). 20 sec
[Run 78] Ep 10000 not balanced. Max 111 steps (0.0006 hrs). 20 sec
[Run 79] Ep 10000 not balanced. Max 121 steps (0.0007 hrs). 20 sec
[Run 80] Ep 10000 not balanced. Max 113 steps (0.0006 hrs). 20 sec
[Run 81] Ep 10000 not balanced. Max 130 steps (0.0007 hrs). 19 sec
[Run 82] Ep 10000 not balanced. Max 121 steps (0.0007 hrs). 20 sec
[Run 83] Ep 10000 not balanced. Max 132 steps (0.0007 hrs). 20 sec
[Run 84] Ep 10000 not balanced. Max 105 steps (0.0006 hrs). 20 sec
[Run 85] Ep 10000 not balanced. Max 136 steps (0.0008 hrs). 20 sec
[Run 86] Ep 10000 not balanced. Max 124 steps (0.0007 hrs). 20 sec
[Run 87] Ep 10000 not balanced. Max 131 steps (0.0007 hrs). 20 sec
[Run 88] Ep 6168 balanced for 180000 steps (1.0000 hrs). 25 sec
Wrote current weights to latest.weights
Total Elapsed time: 1775 seconds
Wrote current data to latest.train

real    29m34.878s
user    1m53.523s
sys     2m15.768s
Copied to 180k-fm200-choke1-r2.train, 180k-fm200-choke1-r2.weights
0 0 -0.0006 -0.0006 -0.0423 0.1135 -1.6458 -0.0122 0.0000
0 0 -0.0003 -0.0003 -0.0818 -0.0955 -1.6556 0.0003 0.0000
1 0 0.0047 0.0049 0.0472 0.1228 -1.6731 -0.0110 200.0000

7.24 spikes/sec (L:3.62 R:3.62)
0.14 spikes/step (L:0.07 R:0.07)
26068 spikes (L:13034 R:13034), j = 180000, dt = 0.0200
