balanced 0 test_flag 0
[Run 1] Ep 10000 not balanced. Max 5491 steps (0.0015 hrs). 23 sec
[Run 2] Ep 10000 not balanced. Max 2306 steps (0.0006 hrs). 25 sec
[Run 3] Ep 10000 not balanced. Max 18487 steps (0.0051 hrs). 34 sec
[Run 4] Ep 10000 not balanced. Max 2106 steps (0.0006 hrs). 20 sec
[Run 5] Ep 10000 not balanced. Max 4943 steps (0.0014 hrs). 21 sec
[Run 6] Ep 10000 not balanced. Max 1993 steps (0.0006 hrs). 20 sec
[Run 7] Ep 10000 not balanced. Max 125533 steps (0.0349 hrs). 37 sec
[Run 8] Ep 10000 not balanced. Max 5624 steps (0.0016 hrs). 28 sec
[Run 9] Ep 10000 not balanced. Max 2860 steps (0.0008 hrs). 19 sec
[Run 10] Ep 10000 not balanced. Max 2340 steps (0.0007 hrs). 16 sec
[Run 11] Ep 10000 not balanced. Max 1993 steps (0.0006 hrs). 22 sec
[Run 12] Ep 10000 not balanced. Max 6275 steps (0.0017 hrs). 18 sec
[Run 13] Ep 10000 not balanced. Max 2152 steps (0.0006 hrs). 24 sec
[Run 14] Ep 10000 not balanced. Max 2910 steps (0.0008 hrs). 20 sec
[Run 15] Ep 10000 not balanced. Max 5061 steps (0.0014 hrs). 23 sec
[Run 16] Ep 10000 not balanced. Max 2165 steps (0.0006 hrs). 21 sec
[Run 17] Ep 10000 not balanced. Max 2167 steps (0.0006 hrs). 25 sec
[Run 18] Ep 10000 not balanced. Max 60870 steps (0.0169 hrs). 63 sec
[Run 19] Ep 10000 not balanced. Max 2703 steps (0.0008 hrs). 23 sec
[Run 20] Ep 10000 not balanced. Max 2319 steps (0.0006 hrs). 22 sec
[Run 21] Ep 10000 not balanced. Max 24046 steps (0.0067 hrs). 25 sec
[Run 22] Ep 10000 not balanced. Max 5190 steps (0.0014 hrs). 28 sec
[Run 23] Ep 10000 not balanced. Max 2044 steps (0.0006 hrs). 16 sec
[Run 24] Ep 10000 not balanced. Max 18788 steps (0.0052 hrs). 25 sec
[Run 25] Ep 10000 not balanced. Max 1675 steps (0.0005 hrs). 19 sec
[Run 26] Ep 10000 not balanced. Max 2373 steps (0.0007 hrs). 22 sec
[Run 27] Ep 10000 not balanced. Max 2778 steps (0.0008 hrs). 20 sec
[Run 28] Ep 10000 not balanced. Max 2099 steps (0.0006 hrs). 22 sec
[Run 29] Ep 10000 not balanced. Max 3010 steps (0.0008 hrs). 21 sec
[Run 30] Ep 10000 not balanced. Max 6155 steps (0.0017 hrs). 21 sec
[Run 31] Ep 10000 not balanced. Max 2011 steps (0.0006 hrs). 21 sec
[Run 32] Ep 10000 not balanced. Max 4350 steps (0.0012 hrs). 21 sec
[Run 33] Ep 10000 not balanced. Max 3066 steps (0.0009 hrs). 21 sec
[Run 34] Ep 10000 not balanced. Max 2465 steps (0.0007 hrs). 24 sec
[Run 35] Ep 10000 not balanced. Max 2472 steps (0.0007 hrs). 18 sec
[Run 36] Ep 10000 not balanced. Max 2454 steps (0.0007 hrs). 25 sec
[Run 37] Ep 10000 not balanced. Max 2125 steps (0.0006 hrs). 24 sec
[Run 38] Ep 10000 not balanced. Max 30328 steps (0.0084 hrs). 22 sec
[Run 39] Ep 10000 not balanced. Max 1877 steps (0.0005 hrs). 23 sec
[Run 40] Ep 10000 not balanced. Max 79965 steps (0.0222 hrs). 35 sec
[Run 41] Ep 10000 not balanced. Max 13250 steps (0.0037 hrs). 23 sec
[Run 42] Ep 10000 not balanced. Max 2137 steps (0.0006 hrs). 24 sec
[Run 43] Ep 10000 not balanced. Max 7521 steps (0.0021 hrs). 22 sec
[Run 44] Ep 10000 not balanced. Max 9396 steps (0.0026 hrs). 24 sec
[Run 45] Ep 10000 not balanced. Max 2859 steps (0.0008 hrs). 23 sec
[Run 46] Ep 10000 not balanced. Max 2024 steps (0.0006 hrs). 23 sec
[Run 47] Ep 10000 not balanced. Max 1885 steps (0.0005 hrs). 21 sec
[Run 48] Ep 10000 not balanced. Max 2614 steps (0.0007 hrs). 26 sec
[Run 49] Ep 3589 balanced for 180000 steps (0.0500 hrs). 21 sec
Wrote current weights to latest.weights
Total Elapsed time: 1164 seconds
Wrote current data to latest.train
