balanced 0 test_flag 0
[Run 1] Ep 10000 not balanced. Max 2728 steps (0.0008 hrs). 25 sec
[Run 2] Ep 10000 not balanced. Max 2402 steps (0.0007 hrs). 20 sec
[Run 3] Ep 10000 not balanced. Max 12040 steps (0.0033 hrs). 19 sec
[Run 4] Ep 10000 not balanced. Max 4759 steps (0.0013 hrs). 22 sec
[Run 5] Ep 10000 not balanced. Max 2149 steps (0.0006 hrs). 25 sec
[Run 6] Ep 10000 not balanced. Max 2183 steps (0.0006 hrs). 19 sec
[Run 7] Ep 10000 not balanced. Max 16913 steps (0.0047 hrs). 24 sec
[Run 8] Ep 10000 not balanced. Max 3749 steps (0.0010 hrs). 18 sec
[Run 9] Ep 10000 not balanced. Max 3039299 steps (0.8442 hrs). 55 sec
[Run 10] Ep 10000 not balanced. Max 1868 steps (0.0005 hrs). 20 sec
[Run 11] Ep 10000 not balanced. Max 1976 steps (0.0005 hrs). 12 sec
[Run 12] Ep 10000 not balanced. Max 2591 steps (0.0007 hrs). 23 sec
[Run 13] Ep 10000 not balanced. Max 4469 steps (0.0012 hrs). 21 sec
[Run 14] Ep 10000 not balanced. Max 2667 steps (0.0007 hrs). 25 sec
[Run 15] Ep 10000 not balanced. Max 2873 steps (0.0008 hrs). 23 sec
[Run 16] Ep 10000 not balanced. Max 2776 steps (0.0008 hrs). 23 sec
[Run 17] Ep 10000 not balanced. Max 11080 steps (0.0031 hrs). 26 sec
[Run 18] Ep 10000 not balanced. Max 2525 steps (0.0007 hrs). 25 sec
[Run 19] Ep 10000 not balanced. Max 331820 steps (0.0922 hrs). 43 sec
[Run 20] Ep 10000 not balanced. Max 2401 steps (0.0007 hrs). 20 sec
[Run 21] Ep 10000 not balanced. Max 10746 steps (0.0030 hrs). 16 sec
[Run 22] Ep 10000 not balanced. Max 1953 steps (0.0005 hrs). 25 sec
[Run 23] Ep 10000 not balanced. Max 9225 steps (0.0026 hrs). 25 sec
[Run 24] Ep 10000 not balanced. Max 11267 steps (0.0031 hrs). 29 sec
[Run 25] Ep 10000 not balanced. Max 25567 steps (0.0071 hrs). 26 sec
[Run 26] Ep 10000 not balanced. Max 2216 steps (0.0006 hrs). 23 sec
[Run 27] Ep 10000 not balanced. Max 2227 steps (0.0006 hrs). 25 sec
[Run 28] Ep 10000 not balanced. Max 2272 steps (0.0006 hrs). 23 sec
[Run 29] Ep 10000 not balanced. Max 18066 steps (0.0050 hrs). 25 sec
[Run 30] Ep 10000 not balanced. Max 49078 steps (0.0136 hrs). 26 sec
[Run 31] Ep 10000 not balanced. Max 2118 steps (0.0006 hrs). 24 sec
[Run 32] Ep 10000 not balanced. Max 3919 steps (0.0011 hrs). 25 sec
[Run 33] Ep 10000 not balanced. Max 1691 steps (0.0005 hrs). 19 sec
[Run 34] Ep 10000 not balanced. Max 12565 steps (0.0035 hrs). 22 sec
[Run 35] Ep 10000 not balanced. Max 2099 steps (0.0006 hrs). 24 sec
[Run 36] Ep 10000 not balanced. Max 19575 steps (0.0054 hrs). 20 sec
[Run 37] Ep 10000 not balanced. Max 32364 steps (0.0090 hrs). 31 sec
[Run 38] Ep 10000 not balanced. Max 3435 steps (0.0010 hrs). 27 sec
[Run 39] Ep 10000 not balanced. Max 2445 steps (0.0007 hrs). 24 sec
[Run 40] Ep 10000 not balanced. Max 5481 steps (0.0015 hrs). 19 sec
[Run 41] Ep 10000 not balanced. Max 2163 steps (0.0006 hrs). 21 sec
[Run 42] Ep 10000 not balanced. Max 2249 steps (0.0006 hrs). 25 sec
[Run 43] Ep 10000 not balanced. Max 2590 steps (0.0007 hrs). 25 sec
[Run 44] Ep 10000 not balanced. Max 1937 steps (0.0005 hrs). 20 sec
[Run 45] Ep 10000 not balanced. Max 1249 steps (0.0003 hrs). 13 sec
[Run 46] Ep 10000 not balanced. Max 1325 steps (0.0004 hrs). 14 sec
[Run 47] Ep 10000 not balanced. Max 7670 steps (0.0021 hrs). 15 sec
[Run 48] Ep 10000 not balanced. Max 2738 steps (0.0008 hrs). 25 sec
[Run 49] Ep 10000 not balanced. Max 2281 steps (0.0006 hrs). 20 sec
[Run 50] Ep 10000 not balanced. Max 7970 steps (0.0022 hrs). 20 sec
[Run 51] Ep 10000 not balanced. Max 2761 steps (0.0008 hrs). 25 sec
[Run 52] Ep 10000 not balanced. Max 2609 steps (0.0007 hrs). 21 sec
[Run 53] Ep 10000 not balanced. Max 1938 steps (0.0005 hrs). 23 sec
[Run 54] Ep 10000 not balanced. Max 15845 steps (0.0044 hrs). 23 sec
[Run 55] Ep 10000 not balanced. Max 2335 steps (0.0006 hrs). 25 sec
[Run 56] Ep 10000 not balanced. Max 2019 steps (0.0006 hrs). 18 sec
[Run 57] Ep 10000 not balanced. Max 21778 steps (0.0060 hrs). 25 sec
[Run 58] Ep 10000 not balanced. Max 1869 steps (0.0005 hrs). 14 sec
[Run 59] Ep 10000 not balanced. Max 3009 steps (0.0008 hrs). 23 sec
[Run 60] Ep 10000 not balanced. Max 2745 steps (0.0008 hrs). 19 sec
[Run 61] Ep 10000 not balanced. Max 5225 steps (0.0015 hrs). 15 sec
[Run 62] Ep 10000 not balanced. Max 6070 steps (0.0017 hrs). 13 sec
[Run 63] Ep 10000 not balanced. Max 2902 steps (0.0008 hrs). 24 sec
[Run 64] Ep 10000 not balanced. Max 9915 steps (0.0028 hrs). 30 sec
[Run 65] Ep 10000 not balanced. Max 2180 steps (0.0006 hrs). 22 sec
[Run 66] Ep 10000 not balanced. Max 2585 steps (0.0007 hrs). 21 sec
[Run 67] Ep 10000 not balanced. Max 1936 steps (0.0005 hrs). 25 sec
[Run 68] Ep 10000 not balanced. Max 12770 steps (0.0035 hrs). 15 sec
[Run 69] Ep 10000 not balanced. Max 2576 steps (0.0007 hrs). 19 sec
[Run 70] Ep 10000 not balanced. Max 2643 steps (0.0007 hrs). 23 sec
[Run 71] Ep 10000 not balanced. Max 2399 steps (0.0007 hrs). 21 sec
[Run 72] Ep 10000 not balanced. Max 2008 steps (0.0006 hrs). 24 sec
[Run 73] Ep 10000 not balanced. Max 466031 steps (0.1295 hrs). 26 sec
[Run 74] Ep 10000 not balanced. Max 2100 steps (0.0006 hrs). 22 sec
[Run 75] Ep 10000 not balanced. Max 151126 steps (0.0420 hrs). 31 sec
[Run 76] Ep 10000 not balanced. Max 2602 steps (0.0007 hrs). 23 sec
[Run 77] Ep 10000 not balanced. Max 1232907 steps (0.3425 hrs). 46 sec
[Run 78] Ep 10000 not balanced. Max 1861 steps (0.0005 hrs). 19 sec
[Run 79] Ep 10000 not balanced. Max 9469 steps (0.0026 hrs). 20 sec
[Run 80] Ep 10000 not balanced. Max 1595 steps (0.0004 hrs). 16 sec
[Run 81] Ep 10000 not balanced. Max 2072 steps (0.0006 hrs). 20 sec
[Run 82] Ep 10000 not balanced. Max 2407 steps (0.0007 hrs). 22 sec
[Run 83] Ep 10000 not balanced. Max 2002 steps (0.0006 hrs). 20 sec
[Run 84] Ep 10000 not balanced. Max 2699 steps (0.0007 hrs). 26 sec
[Run 85] Ep 10000 not balanced. Max 26269 steps (0.0073 hrs). 30 sec
[Run 86] Ep 10000 not balanced. Max 2167 steps (0.0006 hrs). 20 sec
[Run 87] Ep 10000 not balanced. Max 1998 steps (0.0006 hrs). 21 sec
[Run 88] Ep 10000 not balanced. Max 1901 steps (0.0005 hrs). 20 sec
[Run 89] Ep 10000 not balanced. Max 3170 steps (0.0009 hrs). 24 sec
[Run 90] Ep 10000 not balanced. Max 3907 steps (0.0011 hrs). 21 sec
[Run 91] Ep 10000 not balanced. Max 2718 steps (0.0008 hrs). 25 sec
[Run 92] Ep 10000 not balanced. Max 3939 steps (0.0011 hrs). 23 sec
[Run 93] Ep 10000 not balanced. Max 2386 steps (0.0007 hrs). 20 sec
[Run 94] Ep 10000 not balanced. Max 2159 steps (0.0006 hrs). 23 sec
[Run 95] Ep 10000 not balanced. Max 7534 steps (0.0021 hrs). 21 sec
[Run 96] Ep 10000 not balanced. Max 1633 steps (0.0005 hrs). 13 sec
[Run 97] Ep 10000 not balanced. Max 2078 steps (0.0006 hrs). 21 sec
[Run 98] Ep 10000 not balanced. Max 7322 steps (0.0020 hrs). 20 sec
[Run 99] Ep 10000 not balanced. Max 2305 steps (0.0006 hrs). 18 sec
[Run 100] Ep 10000 not balanced. Max 2410 steps (0.0007 hrs). 24 sec
[Run 101] Ep 10000 not balanced. Max 285380 steps (0.0793 hrs). 16 sec
[Run 102] Ep 10000 not balanced. Max 8406 steps (0.0023 hrs). 21 sec
[Run 103] Ep 10000 not balanced. Max 14751 steps (0.0041 hrs). 26 sec
[Run 104] Ep 10000 not balanced. Max 2677 steps (0.0007 hrs). 25 sec
[Run 105] Ep 10000 not balanced. Max 2736 steps (0.0008 hrs). 24 sec
[Run 106] Ep 10000 not balanced. Max 2224 steps (0.0006 hrs). 22 sec
[Run 107] Ep 10000 not balanced. Max 2298 steps (0.0006 hrs). 20 sec
[Run 108] Ep 10000 not balanced. Max 1967 steps (0.0005 hrs). 21 sec
[Run 109] Ep 10000 not balanced. Max 2150035 steps (0.5972 hrs). 74 sec
[Run 110] Ep 10000 not balanced. Max 7962 steps (0.0022 hrs). 19 sec
[Run 111] Ep 10000 not balanced. Max 1625 steps (0.0005 hrs). 13 sec
[Run 112] Ep 10000 not balanced. Max 6803 steps (0.0019 hrs). 27 sec
[Run 113] Ep 10000 not balanced. Max 6417 steps (0.0018 hrs). 24 sec
[Run 114] Ep 10000 not balanced. Max 2170 steps (0.0006 hrs). 20 sec
[Run 115] Ep 10000 not balanced. Max 3025 steps (0.0008 hrs). 25 sec
[Run 116] Ep 10000 not balanced. Max 1745 steps (0.0005 hrs). 17 sec
[Run 117] Ep 10000 not balanced. Max 12375 steps (0.0034 hrs). 21 sec
[Run 118] Ep 10000 not balanced. Max 28115 steps (0.0078 hrs). 38 sec
[Run 119] Ep 10000 not balanced. Max 12388 steps (0.0034 hrs). 23 sec
[Run 120] Ep 10000 not balanced. Max 2020000 steps (0.5611 hrs). 42 sec
[Run 121] Ep 10000 not balanced. Max 2133 steps (0.0006 hrs). 13 sec
[Run 122] Ep 10000 not balanced. Max 2088 steps (0.0006 hrs). 16 sec
[Run 123] Ep 10000 not balanced. Max 2941 steps (0.0008 hrs). 20 sec
[Run 124] Ep 10000 not balanced. Max 9649 steps (0.0027 hrs). 19 sec
[Run 125] Ep 10000 not balanced. Max 2610 steps (0.0007 hrs). 22 sec
[Run 126] Ep 10000 not balanced. Max 1575 steps (0.0004 hrs). 13 sec
[Run 127] Ep 10000 not balanced. Max 1878 steps (0.0005 hrs). 18 sec
[Run 128] Ep 10000 not balanced. Max 4219 steps (0.0012 hrs). 20 sec
[Run 129] Ep 10000 not balanced. Max 26395 steps (0.0073 hrs). 23 sec
[Run 130] Ep 10000 not balanced. Max 2172 steps (0.0006 hrs). 19 sec
[Run 131] Ep 10000 not balanced. Max 2779 steps (0.0008 hrs). 24 sec
[Run 132] Ep 10000 not balanced. Max 2943 steps (0.0008 hrs). 27 sec
[Run 133] Ep 10000 not balanced. Max 8656 steps (0.0024 hrs). 21 sec
[Run 134] Ep 10000 not balanced. Max 2327 steps (0.0006 hrs). 19 sec
[Run 135] Ep 10000 not balanced. Max 2786 steps (0.0008 hrs). 20 sec
[Run 136] Ep 10000 not balanced. Max 6962 steps (0.0019 hrs). 24 sec
[Run 137] Ep 10000 not balanced. Max 6822 steps (0.0019 hrs). 19 sec
[Run 138] Ep 10000 not balanced. Max 2316 steps (0.0006 hrs). 19 sec
[Run 139] Ep 10000 not balanced. Max 1920 steps (0.0005 hrs). 15 sec
[Run 140] Ep 10000 not balanced. Max 3784 steps (0.0011 hrs). 21 sec
[Run 141] Ep 10000 not balanced. Max 9655 steps (0.0027 hrs). 19 sec
[Run 142] Ep 10000 not balanced. Max 2378 steps (0.0007 hrs). 17 sec
[Run 143] Ep 10000 not balanced. Max 2270 steps (0.0006 hrs). 23 sec
[Run 144] Ep 10000 not balanced. Max 2435 steps (0.0007 hrs). 25 sec
[Run 145] Ep 10000 not balanced. Max 2664 steps (0.0007 hrs). 23 sec
[Run 146] Ep 10000 not balanced. Max 3025 steps (0.0008 hrs). 19 sec
[Run 147] Ep 10000 not balanced. Max 1784 steps (0.0005 hrs). 20 sec
[Run 148] Ep 10000 not balanced. Max 9732 steps (0.0027 hrs). 23 sec
[Run 149] Ep 10000 not balanced. Max 2435 steps (0.0007 hrs). 25 sec
[Run 150] Ep 10000 not balanced. Max 11045 steps (0.0031 hrs). 30 sec
[Run 151] Ep 10000 not balanced. Max 2795 steps (0.0008 hrs). 22 sec
[Run 152] Ep 10000 not balanced. Max 10763 steps (0.0030 hrs). 27 sec
[Run 153] Ep 10000 not balanced. Max 1962 steps (0.0005 hrs). 20 sec
[Run 154] Ep 10000 not balanced. Max 2245 steps (0.0006 hrs). 16 sec
[Run 155] Ep 10000 not balanced. Max 1891 steps (0.0005 hrs). 16 sec
[Run 156] Ep 10000 not balanced. Max 6674 steps (0.0019 hrs). 18 sec
[Run 157] Ep 10000 not balanced. Max 2837 steps (0.0008 hrs). 20 sec
[Run 158] Ep 10000 not balanced. Max 13728 steps (0.0038 hrs). 20 sec
[Run 159] Ep 10000 not balanced. Max 1906 steps (0.0005 hrs). 20 sec
[Run 160] Ep 10000 not balanced. Max 2196 steps (0.0006 hrs). 24 sec
[Run 161] Ep 10000 not balanced. Max 11417 steps (0.0032 hrs). 22 sec
[Run 162] Ep 10000 not balanced. Max 9859 steps (0.0027 hrs). 32 sec
[Run 163] Ep 10000 not balanced. Max 1599 steps (0.0004 hrs). 19 sec
[Run 164] Ep 10000 not balanced. Max 22791 steps (0.0063 hrs). 25 sec
[Run 165] Ep 10000 not balanced. Max 2201 steps (0.0006 hrs). 21 sec
[Run 166] Ep 10000 not balanced. Max 4741 steps (0.0013 hrs). 24 sec
[Run 167] Ep 10000 not balanced. Max 1827 steps (0.0005 hrs). 12 sec
[Run 168] Ep 10000 not balanced. Max 2257 steps (0.0006 hrs). 25 sec
[Run 169] Ep 10000 not balanced. Max 3135 steps (0.0009 hrs). 14 sec
[Run 170] Ep 10000 not balanced. Max 2022247 steps (0.5617 hrs). 63 sec
[Run 171] Ep 10000 not balanced. Max 4247 steps (0.0012 hrs). 20 sec
[Run 172] Ep 10000 not balanced. Max 2384 steps (0.0007 hrs). 25 sec
[Run 173] Ep 10000 not balanced. Max 23187 steps (0.0064 hrs). 30 sec
[Run 174] Ep 10000 not balanced. Max 7186 steps (0.0020 hrs). 26 sec
[Run 175] Ep 10000 not balanced. Max 29445 steps (0.0082 hrs). 25 sec
[Run 176] Ep 10000 not balanced. Max 11007 steps (0.0031 hrs). 19 sec
[Run 177] Ep 10000 not balanced. Max 4570 steps (0.0013 hrs). 22 sec
[Run 178] Ep 10000 not balanced. Max 2420 steps (0.0007 hrs). 21 sec
[Run 179] Ep 10000 not balanced. Max 2030 steps (0.0006 hrs). 19 sec
[Run 180] Ep 10000 not balanced. Max 2227 steps (0.0006 hrs). 21 sec
[Run 181] Ep 10000 not balanced. Max 5237 steps (0.0015 hrs). 19 sec
[Run 182] Ep 10000 not balanced. Max 2157 steps (0.0006 hrs). 25 sec
[Run 183] Ep 10000 not balanced. Max 4388 steps (0.0012 hrs). 22 sec
[Run 184] Ep 10000 not balanced. Max 3825 steps (0.0011 hrs). 25 sec
[Run 185] Ep 10000 not balanced. Max 123028 steps (0.0342 hrs). 27 sec
[Run 186] Ep 10000 not balanced. Max 2241 steps (0.0006 hrs). 21 sec
[Run 187] Ep 10000 not balanced. Max 1666 steps (0.0005 hrs). 13 sec
[Run 188] Ep 10000 not balanced. Max 34065 steps (0.0095 hrs). 26 sec
[Run 189] Ep 10000 not balanced. Max 2209 steps (0.0006 hrs). 18 sec
[Run 190] Ep 10000 not balanced. Max 7385 steps (0.0021 hrs). 29 sec
[Run 191] Ep 10000 not balanced. Max 4020 steps (0.0011 hrs). 18 sec
[Run 192] Ep 10000 not balanced. Max 8887 steps (0.0025 hrs). 21 sec
[Run 193] Ep 10000 not balanced. Max 5825 steps (0.0016 hrs). 20 sec
[Run 194] Ep 10000 not balanced. Max 28989 steps (0.0081 hrs). 15 sec
[Run 195] Ep 10000 not balanced. Max 1603 steps (0.0004 hrs). 19 sec
[Run 196] Ep 10000 not balanced. Max 2575 steps (0.0007 hrs). 24 sec
[Run 197] Ep 10000 not balanced. Max 1999 steps (0.0006 hrs). 24 sec
[Run 198] Ep 10000 not balanced. Max 12930 steps (0.0036 hrs). 19 sec
[Run 199] Ep 10000 not balanced. Max 2084 steps (0.0006 hrs). 24 sec
[Run 200] Ep 10000 not balanced. Max 1952 steps (0.0005 hrs). 25 sec
[Run 201] Ep 10000 not balanced. Max 2438 steps (0.0007 hrs). 20 sec
[Run 202] Ep 10000 not balanced. Max 2850 steps (0.0008 hrs). 22 sec
[Run 203] Ep 10000 not balanced. Max 4475 steps (0.0012 hrs). 18 sec
[Run 204] Ep 10000 not balanced. Max 2577 steps (0.0007 hrs). 23 sec
[Run 205] Ep 10000 not balanced. Max 2480 steps (0.0007 hrs). 21 sec
[Run 206] Ep 10000 not balanced. Max 2310 steps (0.0006 hrs). 24 sec
[Run 207] Ep 10000 not balanced. Max 14983 steps (0.0042 hrs). 24 sec
[Run 208] Ep 10000 not balanced. Max 16330 steps (0.0045 hrs). 24 sec
[Run 209] Ep 10000 not balanced. Max 3497993 steps (0.9717 hrs). 71 sec
[Run 210] Ep 10000 not balanced. Max 4321 steps (0.0012 hrs). 21 sec
[Run 211] Ep 10000 not balanced. Max 2319 steps (0.0006 hrs). 25 sec
[Run 212] Ep 10000 not balanced. Max 2148 steps (0.0006 hrs). 15 sec
[Run 213] Ep 10000 not balanced. Max 2116 steps (0.0006 hrs). 24 sec
[Run 214] Ep 10000 not balanced. Max 31772 steps (0.0088 hrs). 17 sec
[Run 215] Ep 10000 not balanced. Max 2275 steps (0.0006 hrs). 19 sec
[Run 216] Ep 10000 not balanced. Max 1927 steps (0.0005 hrs). 21 sec
[Run 217] Ep 10000 not balanced. Max 2606 steps (0.0007 hrs). 25 sec
[Run 218] Ep 10000 not balanced. Max 2063 steps (0.0006 hrs). 18 sec
[Run 219] Ep 10000 not balanced. Max 2019 steps (0.0006 hrs). 20 sec
[Run 220] Ep 10000 not balanced. Max 3512 steps (0.0010 hrs). 19 sec
[Run 221] Ep 10000 not balanced. Max 2638 steps (0.0007 hrs). 23 sec
[Run 222] Ep 10000 not balanced. Max 2815 steps (0.0008 hrs). 25 sec
[Run 223] Ep 10000 not balanced. Max 2704 steps (0.0008 hrs). 20 sec
[Run 224] Ep 10000 not balanced. Max 1491 steps (0.0004 hrs). 12 sec
[Run 225] Ep 10000 not balanced. Max 2190 steps (0.0006 hrs). 19 sec
[Run 226] Ep 10000 not balanced. Max 2384 steps (0.0007 hrs). 21 sec
[Run 227] Ep 10000 not balanced. Max 2174 steps (0.0006 hrs). 16 sec
[Run 228] Ep 10000 not balanced. Max 2837 steps (0.0008 hrs). 21 sec
[Run 229] Ep 10000 not balanced. Max 2326 steps (0.0006 hrs). 24 sec
[Run 230] Ep 10000 not balanced. Max 2366 steps (0.0007 hrs). 19 sec
[Run 231] Ep 10000 not balanced. Max 5468 steps (0.0015 hrs). 21 sec
[Run 232] Ep 10000 not balanced. Max 4331 steps (0.0012 hrs). 21 sec
[Run 233] Ep 10000 not balanced. Max 2418 steps (0.0007 hrs). 22 sec
[Run 234] Ep 10000 not balanced. Max 2384 steps (0.0007 hrs). 24 sec
[Run 235] Ep 10000 not balanced. Max 1694 steps (0.0005 hrs). 13 sec
[Run 236] Ep 10000 not balanced. Max 3682 steps (0.0010 hrs). 19 sec
[Run 237] Ep 10000 not balanced. Max 1798 steps (0.0005 hrs). 12 sec
[Run 238] Ep 10000 not balanced. Max 41270 steps (0.0115 hrs). 18 sec
[Run 239] Ep 10000 not balanced. Max 2862 steps (0.0008 hrs). 19 sec
[Run 240] Ep 10000 not balanced. Max 5945 steps (0.0017 hrs). 20 sec
[Run 241] Ep 2997 balanced for 3600000 steps (1.0000 hrs). 98 sec
Wrote current weights to latest.weights
Total Elapsed time: 5481 seconds
Wrote current data to latest.train
