 
TRAINING WITH NO EXPERIENCE
Usage: ./demo-net g(raphics) num-trials trials-per-output weight-file(or - to init randomly) b bh r rh
 B= 0.1 Bh= 0.05 R= 1 Rh= 0.5 nt= 400 bin= 20
    20      8
    40     10
    60     10
    80      8
   100     10
   120      8
   140      8
   160      7
   180      7
   200     11
   220      8
   240      9
   260      7
   280      7
   300      8
   320      6
   340      7
   360      7
   380      8
   400      9
Final trial 400 balanced for 0 steps (0.000000 hours).
Wrote current weights to latest.weights
 
TRAINING AGAIN BUT WITHOUT GRAPHICS
Usage: ./demo-net g(raphics) num-trials trials-per-output weight-file(or - to init randomly) b bh r rh
 B= 0.1 Bh= 0.05 R= 2 Rh= 0.5 nt= 100000 bin= 100
   100     11
   200     10
   300     17
   400     11
   500      9
   600      9
   700      8
   800      8
   900      8
  1000      9
  1100      9
  1200     10
  1300     11
  1400     10
  1500     15
  1600     10
  1700     19
  1800     19
  1900     12
  2000      9
  2100      9
  2200     10
  2300     16
  2400     18
  2500     14
  2600      9
  2700     12
  2800     19
  2900     11
  3000     18
  3100     22
  3200     22
  3300     19
  3400     19
  3500     16
  3600     17
  3700     19
  3800     19
  3900     16
  4000     17
  4100     16
  4200     16
  4300     18
  4400     19
  4500     18
  4600     17
  4700     14
  4800     17
  4900     17
  5000     24
  5100     18
  5200     22
  5300     20
  5400     25
  5500     30
  5600     47
  5700     65
  5800     64
  5900     80
  6000    539
Final trial 6057 balanced for 180000 steps (1.000000 hours).
Wrote current weights to latest.weights
 
AGAIN, USING THE TRAINED WEIGHTS
Usage: ./demo-net g(raphics) num-trials trials-per-output weight-file(or - to init randomly) b bh r rh
Read weights from latest.weights
 B= 0 Bh= 0 R= 0 Rh= 0 nt= 2000 bin= 10
Final trial 3 balanced for 180000 steps (1.000000 hours).
Wrote current weights to latest.weights
