balanced 0 test_flag 0
[Run 1] Ep 10000 not balanced. Max 2234 steps (0.0006 hrs). 18 sec
[Run 2] Ep 10000 not balanced. Max 2271 steps (0.0006 hrs). 24 sec
[Run 3] Ep 10000 not balanced. Max 11011 steps (0.0031 hrs). 23 sec
[Run 4] Ep 10000 not balanced. Max 2131 steps (0.0006 hrs). 22 sec
[Run 5] Ep 10000 not balanced. Max 2890 steps (0.0008 hrs). 24 sec
[Run 6] Ep 10000 not balanced. Max 2748 steps (0.0008 hrs). 26 sec
[Run 7] Ep 10000 not balanced. Max 5849 steps (0.0016 hrs). 23 sec
[Run 8] Ep 10000 not balanced. Max 2019 steps (0.0006 hrs). 24 sec
[Run 9] Ep 10000 not balanced. Max 2223 steps (0.0006 hrs). 39 sec
[Run 10] Ep 10000 not balanced. Max 2128 steps (0.0006 hrs). 42 sec
[Run 11] Ep 10000 not balanced. Max 204 steps (0.0001 hrs). 8 sec
[Run 12] Ep 10000 not balanced. Max 3166 steps (0.0009 hrs). 22 sec
[Run 13] Ep 10000 not balanced. Max 2102 steps (0.0006 hrs). 24 sec
[Run 14] Ep 10000 not balanced. Max 2152 steps (0.0006 hrs). 24 sec
[Run 15] Ep 10000 not balanced. Max 2388 steps (0.0007 hrs). 20 sec
[Run 16] Ep 10000 not balanced. Max 3387 steps (0.0009 hrs). 19 sec
[Run 17] Ep 10000 not balanced. Max 2463 steps (0.0007 hrs). 20 sec
[Run 18] Ep 10000 not balanced. Max 456 steps (0.0001 hrs). 13 sec
[Run 19] Ep 10000 not balanced. Max 2097 steps (0.0006 hrs). 39 sec
[Run 20] Ep 10000 not balanced. Max 2514 steps (0.0007 hrs). 24 sec
[Run 21] Ep 10000 not balanced. Max 1909 steps (0.0005 hrs). 24 sec
[Run 22] Ep 10000 not balanced. Max 2674 steps (0.0007 hrs). 18 sec
[Run 23] Ep 10000 not balanced. Max 2022 steps (0.0006 hrs). 25 sec
[Run 24] Ep 10000 not balanced. Max 2351 steps (0.0007 hrs). 736 sec
[Run 25] Ep 10000 not balanced. Max 3282 steps (0.0009 hrs). 22 sec
[Run 26] Ep 10000 not balanced. Max 1347446 steps (0.3743 hrs). 40 sec
[Run 27] Ep 10000 not balanced. Max 2383 steps (0.0007 hrs). 44 sec
[Run 28] Ep 10000 not balanced. Max 2520 steps (0.0007 hrs). 41 sec
[Run 29] Ep 10000 not balanced. Max 2794 steps (0.0008 hrs). 35 sec
[Run 30] Ep 10000 not balanced. Max 2113 steps (0.0006 hrs). 15 sec
[Run 31] Ep 10000 not balanced. Max 2038 steps (0.0006 hrs). 36 sec
[Run 32] Ep 10000 not balanced. Max 2422 steps (0.0007 hrs). 23 sec
[Run 33] Ep 10000 not balanced. Max 1823 steps (0.0005 hrs). 25 sec
[Run 34] Ep 10000 not balanced. Max 2381 steps (0.0007 hrs). 22 sec
[Run 35] Ep 10000 not balanced. Max 2715 steps (0.0008 hrs). 23 sec
[Run 36] Ep 10000 not balanced. Max 2022 steps (0.0006 hrs). 13 sec
[Run 37] Ep 10000 not balanced. Max 1951 steps (0.0005 hrs). 29 sec
[Run 38] Ep 10000 not balanced. Max 8947 steps (0.0025 hrs). 23 sec
[Run 39] Ep 10000 not balanced. Max 2665 steps (0.0007 hrs). 23 sec
[Run 40] Ep 10000 not balanced. Max 2202 steps (0.0006 hrs). 32 sec
[Run 41] Ep 10000 not balanced. Max 2899 steps (0.0008 hrs). 45 sec
[Run 42] Ep 10000 not balanced. Max 2454 steps (0.0007 hrs). 24 sec
[Run 43] Ep 10000 not balanced. Max 2542 steps (0.0007 hrs). 26 sec
[Run 44] Ep 10000 not balanced. Max 2799 steps (0.0008 hrs). 20 sec
[Run 45] Ep 10000 not balanced. Max 1789 steps (0.0005 hrs). 790 sec
[Run 46] Ep 10000 not balanced. Max 1933 steps (0.0005 hrs). 23 sec
[Run 47] Ep 10000 not balanced. Max 1724 steps (0.0005 hrs). 24 sec
[Run 48] Ep 10000 not balanced. Max 1933 steps (0.0005 hrs). 28 sec
[Run 49] Ep 10000 not balanced. Max 1848 steps (0.0005 hrs). 31 sec
[Run 50] Ep 10000 not balanced. Max 2410 steps (0.0007 hrs). 23 sec
[Run 51] Ep 10000 not balanced. Max 2591 steps (0.0007 hrs). 14 sec
[Run 52] Ep 10000 not balanced. Max 5704 steps (0.0016 hrs). 22 sec
[Run 53] Ep 10000 not balanced. Max 2363 steps (0.0007 hrs). 23 sec
[Run 54] Ep 10000 not balanced. Max 2405 steps (0.0007 hrs). 25 sec
[Run 55] Ep 10000 not balanced. Max 2428 steps (0.0007 hrs). 26 sec
[Run 56] Ep 10000 not balanced. Max 3180 steps (0.0009 hrs). 21 sec
[Run 57] Ep 10000 not balanced. Max 2147 steps (0.0006 hrs). 24 sec
[Run 58] Ep 10000 not balanced. Max 16557 steps (0.0046 hrs). 20 sec
[Run 59] Ep 10000 not balanced. Max 2527 steps (0.0007 hrs). 36 sec
[Run 60] Ep 10000 not balanced. Max 5741 steps (0.0016 hrs). 22 sec
[Run 61] Ep 10000 not balanced. Max 2164 steps (0.0006 hrs). 24 sec
[Run 62] Ep 10000 not balanced. Max 1767 steps (0.0005 hrs). 22 sec
[Run 63] Ep 10000 not balanced. Max 1797 steps (0.0005 hrs). 23 sec
[Run 64] Ep 10000 not balanced. Max 2542 steps (0.0007 hrs). 33 sec
[Run 65] Ep 10000 not balanced. Max 2230 steps (0.0006 hrs). 24 sec
[Run 66] Ep 10000 not balanced. Max 11046 steps (0.0031 hrs). 28 sec
[Run 67] Ep 10000 not balanced. Max 3150 steps (0.0009 hrs). 23 sec
[Run 68] Ep 10000 not balanced. Max 2529 steps (0.0007 hrs). 28 sec
[Run 69] Ep 10000 not balanced. Max 3213 steps (0.0009 hrs). 23 sec
[Run 70] Ep 10000 not balanced. Max 2133 steps (0.0006 hrs). 27 sec
[Run 71] Ep 10000 not balanced. Max 2318 steps (0.0006 hrs). 24 sec
[Run 72] Ep 10000 not balanced. Max 2124 steps (0.0006 hrs). 31 sec
[Run 73] Ep 10000 not balanced. Max 2086 steps (0.0006 hrs). 22 sec
[Run 74] Ep 10000 not balanced. Max 2073 steps (0.0006 hrs). 39 sec
[Run 75] Ep 10000 not balanced. Max 2201 steps (0.0006 hrs). 24 sec
[Run 76] Ep 10000 not balanced. Max 2640277 steps (0.7334 hrs). 57 sec
[Run 77] Ep 10000 not balanced. Max 2036 steps (0.0006 hrs). 24 sec
[Run 78] Ep 10000 not balanced. Max 2400 steps (0.0007 hrs). 37 sec
[Run 79] Ep 10000 not balanced. Max 2338 steps (0.0006 hrs). 37 sec
[Run 80] Ep 10000 not balanced. Max 1758 steps (0.0005 hrs). 24 sec
[Run 81] Ep 10000 not balanced. Max 2222 steps (0.0006 hrs). 23 sec
[Run 82] Ep 10000 not balanced. Max 2605 steps (0.0007 hrs). 24 sec
[Run 83] Ep 10000 not balanced. Max 2290 steps (0.0006 hrs). 23 sec
[Run 84] Ep 10000 not balanced. Max 1107 steps (0.0003 hrs). 9 sec
[Run 85] Ep 10000 not balanced. Max 2437 steps (0.0007 hrs). 24 sec
[Run 86] Ep 10000 not balanced. Max 2445 steps (0.0007 hrs). 828 sec
[Run 87] Ep 10000 not balanced. Max 43037 steps (0.0120 hrs). 34 sec
[Run 88] Ep 10000 not balanced. Max 2095 steps (0.0006 hrs). 25 sec
[Run 89] Ep 10000 not balanced. Max 2112 steps (0.0006 hrs). 24 sec
[Run 90] Ep 10000 not balanced. Max 390 steps (0.0001 hrs). 10 sec
[Run 91] Ep 10000 not balanced. Max 3540 steps (0.0010 hrs). 24 sec
[Run 92] Ep 10000 not balanced. Max 2148 steps (0.0006 hrs). 22 sec
[Run 93] Ep 10000 not balanced. Max 2285 steps (0.0006 hrs). 20 sec
[Run 94] Ep 10000 not balanced. Max 2416 steps (0.0007 hrs). 32 sec
[Run 95] Ep 10000 not balanced. Max 2201 steps (0.0006 hrs). 370 sec
[Run 96] Ep 10000 not balanced. Max 2137 steps (0.0006 hrs). 24 sec
[Run 97] Ep 10000 not balanced. Max 2130 steps (0.0006 hrs). 22 sec
[Run 98] Ep 10000 not balanced. Max 871 steps (0.0002 hrs). 10 sec
[Run 99] Ep 10000 not balanced. Max 2353 steps (0.0007 hrs). 35 sec
[Run 100] Ep 10000 not balanced. Max 2168 steps (0.0006 hrs). 23 sec
[Run 101] Ep 10000 not balanced. Max 2130 steps (0.0006 hrs). 26 sec
[Run 102] Ep 10000 not balanced. Max 2438 steps (0.0007 hrs). 24 sec
[Run 103] Ep 10000 not balanced. Max 2427 steps (0.0007 hrs). 40 sec
[Run 104] Ep 10000 not balanced. Max 1964 steps (0.0005 hrs). 23 sec
[Run 105] Ep 10000 not balanced. Max 2040 steps (0.0006 hrs). 24 sec
[Run 106] Ep 10000 not balanced. Max 2857 steps (0.0008 hrs). 23 sec
[Run 107] Ep 10000 not balanced. Max 2858 steps (0.0008 hrs). 24 sec
[Run 108] Ep 10000 not balanced. Max 1888 steps (0.0005 hrs). 18 sec
[Run 109] Ep 10000 not balanced. Max 1782 steps (0.0005 hrs). 22 sec
[Run 110] Ep 10000 not balanced. Max 1755 steps (0.0005 hrs). 665 sec
[Run 111] Ep 10000 not balanced. Max 2521 steps (0.0007 hrs). 24 sec
[Run 112] Ep 10000 not balanced. Max 2272 steps (0.0006 hrs). 23 sec
[Run 113] Ep 10000 not balanced. Max 2038 steps (0.0006 hrs). 24 sec
[Run 114] Ep 10000 not balanced. Max 4212 steps (0.0012 hrs). 23 sec
[Run 115] Ep 10000 not balanced. Max 3039 steps (0.0008 hrs). 51 sec
[Run 116] Ep 10000 not balanced. Max 760017 steps (0.2111 hrs). 37 sec
[Run 117] Ep 10000 not balanced. Max 2216 steps (0.0006 hrs). 26 sec
[Run 118] Ep 10000 not balanced. Max 2435 steps (0.0007 hrs). 22 sec
[Run 119] Ep 10000 not balanced. Max 2805 steps (0.0008 hrs). 18 sec
[Run 120] Ep 10000 not balanced. Max 2877 steps (0.0008 hrs). 23 sec
[Run 121] Ep 10000 not balanced. Max 783 steps (0.0002 hrs). 9 sec
[Run 122] Ep 10000 not balanced. Max 2146 steps (0.0006 hrs). 35 sec
[Run 123] Ep 10000 not balanced. Max 2374 steps (0.0007 hrs). 23 sec
[Run 124] Ep 10000 not balanced. Max 3548 steps (0.0010 hrs). 25 sec
[Run 125] Ep 10000 not balanced. Max 1963 steps (0.0005 hrs). 26 sec
[Run 126] Ep 10000 not balanced. Max 2294 steps (0.0006 hrs). 25 sec
[Run 127] Ep 10000 not balanced. Max 2353 steps (0.0007 hrs). 24 sec
[Run 128] Ep 10000 not balanced. Max 6202 steps (0.0017 hrs). 33 sec
[Run 129] Ep 10000 not balanced. Max 2105 steps (0.0006 hrs). 23 sec
[Run 130] Ep 10000 not balanced. Max 2587 steps (0.0007 hrs). 26 sec
[Run 131] Ep 10000 not balanced. Max 2223 steps (0.0006 hrs). 13 sec
[Run 132] Ep 10000 not balanced. Max 2216 steps (0.0006 hrs). 24 sec
[Run 133] Ep 10000 not balanced. Max 1999 steps (0.0006 hrs). 24 sec
[Run 134] Ep 10000 not balanced. Max 2084 steps (0.0006 hrs). 21 sec
[Run 135] Ep 10000 not balanced. Max 2406 steps (0.0007 hrs). 18 sec
[Run 136] Ep 10000 not balanced. Max 240 steps (0.0001 hrs). 8 sec
[Run 137] Ep 6756 balanced for 3600000 steps (1.0000 hrs). 149 sec
Wrote current weights to latest.weights
Total Elapsed time: 6840 seconds
Wrote current data to latest.train
