balanced 0 test_flag 0
[Run 1] Ep 10000 not balanced. Max 2164 steps (0.0006 hrs). 12 sec
[Run 2] Ep 10000 not balanced. Max 2946 steps (0.0008 hrs). 24 sec
[Run 3] Ep 10000 not balanced. Max 4032 steps (0.0011 hrs). 23 sec
[Run 4] Ep 10000 not balanced. Max 3749 steps (0.0010 hrs). 18 sec
[Run 5] Ep 10000 not balanced. Max 2453 steps (0.0007 hrs). 25 sec
[Run 6] Ep 10000 not balanced. Max 2989 steps (0.0008 hrs). 18 sec
[Run 7] Ep 10000 not balanced. Max 4852 steps (0.0013 hrs). 27 sec
[Run 8] Ep 10000 not balanced. Max 2859 steps (0.0008 hrs). 24 sec
[Run 9] Ep 10000 not balanced. Max 2659 steps (0.0007 hrs). 17 sec
[Run 10] Ep 10000 not balanced. Max 3283 steps (0.0009 hrs). 19 sec
[Run 11] Ep 10000 not balanced. Max 2337 steps (0.0006 hrs). 25 sec
[Run 12] Ep 10000 not balanced. Max 2197 steps (0.0006 hrs). 24 sec
[Run 13] Ep 10000 not balanced. Max 2540 steps (0.0007 hrs). 20 sec
[Run 14] Ep 10000 not balanced. Max 1746 steps (0.0005 hrs). 13 sec
[Run 15] Ep 10000 not balanced. Max 2554 steps (0.0007 hrs). 20 sec
[Run 16] Ep 10000 not balanced. Max 1648 steps (0.0005 hrs). 12 sec
[Run 17] Ep 10000 not balanced. Max 3151 steps (0.0009 hrs). 12 sec
[Run 18] Ep 10000 not balanced. Max 2324 steps (0.0006 hrs). 20 sec
[Run 19] Ep 10000 not balanced. Max 1869 steps (0.0005 hrs). 19 sec
[Run 20] Ep 10000 not balanced. Max 2181 steps (0.0006 hrs). 16 sec
[Run 21] Ep 10000 not balanced. Max 2166 steps (0.0006 hrs). 24 sec
[Run 22] Ep 10000 not balanced. Max 1064875 steps (0.2958 hrs). 40 sec
[Run 23] Ep 10000 not balanced. Max 2466 steps (0.0007 hrs). 16 sec
[Run 24] Ep 10000 not balanced. Max 2047 steps (0.0006 hrs). 16 sec
[Run 25] Ep 10000 not balanced. Max 3018 steps (0.0008 hrs). 24 sec
[Run 26] Ep 10000 not balanced. Max 6158 steps (0.0017 hrs). 16 sec
[Run 27] Ep 10000 not balanced. Max 21313 steps (0.0059 hrs). 14 sec
[Run 28] Ep 10000 not balanced. Max 2163 steps (0.0006 hrs). 18 sec
[Run 29] Ep 10000 not balanced. Max 15914 steps (0.0044 hrs). 19 sec
[Run 30] Ep 10000 not balanced. Max 1887 steps (0.0005 hrs). 17 sec
[Run 31] Ep 10000 not balanced. Max 3010 steps (0.0008 hrs). 24 sec
[Run 32] Ep 10000 not balanced. Max 2143 steps (0.0006 hrs). 19 sec
[Run 33] Ep 10000 not balanced. Max 1423055 steps (0.3953 hrs). 31 sec
[Run 34] Ep 10000 not balanced. Max 7987 steps (0.0022 hrs). 19 sec
[Run 35] Ep 10000 not balanced. Max 16433 steps (0.0046 hrs). 26 sec
[Run 36] Ep 10000 not balanced. Max 2758 steps (0.0008 hrs). 25 sec
[Run 37] Ep 10000 not balanced. Max 11439 steps (0.0032 hrs). 27 sec
[Run 38] Ep 10000 not balanced. Max 1506 steps (0.0004 hrs). 16 sec
[Run 39] Ep 10000 not balanced. Max 276887 steps (0.0769 hrs). 28 sec
[Run 40] Ep 10000 not balanced. Max 1934 steps (0.0005 hrs). 12 sec
[Run 41] Ep 10000 not balanced. Max 1957 steps (0.0005 hrs). 14 sec
[Run 42] Ep 10000 not balanced. Max 6978 steps (0.0019 hrs). 14 sec
[Run 43] Ep 10000 not balanced. Max 2639 steps (0.0007 hrs). 22 sec
[Run 44] Ep 10000 not balanced. Max 1877 steps (0.0005 hrs). 16 sec
[Run 45] Ep 10000 not balanced. Max 30317 steps (0.0084 hrs). 26 sec
[Run 46] Ep 10000 not balanced. Max 12575 steps (0.0035 hrs). 33 sec
[Run 47] Ep 10000 not balanced. Max 2733 steps (0.0008 hrs). 25 sec
[Run 48] Ep 10000 not balanced. Max 1812 steps (0.0005 hrs). 12 sec
[Run 49] Ep 10000 not balanced. Max 2969 steps (0.0008 hrs). 25 sec
[Run 50] Ep 10000 not balanced. Max 2589 steps (0.0007 hrs). 24 sec
[Run 51] Ep 2068 balanced for 3600000 steps (1.0000 hrs). 64 sec
Wrote current weights to latest.weights
Total Elapsed time: 1094 seconds
Wrote current data to latest.train
