balanced 0 test_flag 0
[Run 1] Ep 10000 not balanced. Max 2453 steps (0.0007 hrs). 33 sec
[Run 2] Ep 10000 not balanced. Max 2528 steps (0.0007 hrs). 29 sec
[Run 3] Ep 10000 not balanced. Max 10705 steps (0.0030 hrs). 21 sec
[Run 4] Ep 10000 not balanced. Max 1981 steps (0.0006 hrs). 30 sec
[Run 5] Ep 10000 not balanced. Max 2439 steps (0.0007 hrs). 30 sec
[Run 6] Ep 10000 not balanced. Max 1892 steps (0.0005 hrs). 14 sec
[Run 7] Ep 10000 not balanced. Max 2059 steps (0.0006 hrs). 27 sec
[Run 8] Ep 10000 not balanced. Max 1209 steps (0.0003 hrs). 11 sec
[Run 9] Ep 10000 not balanced. Max 2101 steps (0.0006 hrs). 30 sec
[Run 10] Ep 10000 not balanced. Max 1895 steps (0.0005 hrs). 24 sec
[Run 11] Ep 10000 not balanced. Max 5991 steps (0.0017 hrs). 23 sec
[Run 12] Ep 10000 not balanced. Max 2049 steps (0.0006 hrs). 30 sec
[Run 13] Ep 10000 not balanced. Max 2449 steps (0.0007 hrs). 31 sec
[Run 14] Ep 10000 not balanced. Max 3447 steps (0.0010 hrs). 22 sec
[Run 15] Ep 10000 not balanced. Max 1680 steps (0.0005 hrs). 12 sec
[Run 16] Ep 10000 not balanced. Max 2646 steps (0.0007 hrs). 27 sec
[Run 17] Ep 10000 not balanced. Max 2154 steps (0.0006 hrs). 27 sec
[Run 18] Ep 10000 not balanced. Max 2376 steps (0.0007 hrs). 30 sec
[Run 19] Ep 10000 not balanced. Max 1467 steps (0.0004 hrs). 13 sec
[Run 20] Ep 10000 not balanced. Max 1514 steps (0.0004 hrs). 13 sec
[Run 21] Ep 10000 not balanced. Max 2588 steps (0.0007 hrs). 27 sec
[Run 22] Ep 10000 not balanced. Max 2229 steps (0.0006 hrs). 14 sec
[Run 23] Ep 10000 not balanced. Max 2782 steps (0.0008 hrs). 23 sec
[Run 24] Ep 10000 not balanced. Max 2102 steps (0.0006 hrs). 30 sec
[Run 25] Ep 10000 not balanced. Max 2410 steps (0.0007 hrs). 29 sec
[Run 26] Ep 10000 not balanced. Max 2215 steps (0.0006 hrs). 30 sec
[Run 27] Ep 10000 not balanced. Max 2488 steps (0.0007 hrs). 31 sec
[Run 28] Ep 10000 not balanced. Max 1551 steps (0.0004 hrs). 12 sec
[Run 29] Ep 10000 not balanced. Max 1427 steps (0.0004 hrs). 11 sec
[Run 30] Ep 10000 not balanced. Max 1781 steps (0.0005 hrs). 13 sec
[Run 31] Ep 10000 not balanced. Max 1851 steps (0.0005 hrs). 25 sec
[Run 32] Ep 10000 not balanced. Max 2255 steps (0.0006 hrs). 15 sec
[Run 33] Ep 10000 not balanced. Max 2261 steps (0.0006 hrs). 31 sec
[Run 34] Ep 10000 not balanced. Max 1596 steps (0.0004 hrs). 12 sec
[Run 35] Ep 10000 not balanced. Max 10694 steps (0.0030 hrs). 32 sec
[Run 36] Ep 10000 not balanced. Max 3075 steps (0.0009 hrs). 22 sec
[Run 37] Ep 10000 not balanced. Max 2343 steps (0.0007 hrs). 30 sec
[Run 38] Ep 10000 not balanced. Max 2501 steps (0.0007 hrs). 30 sec
[Run 39] Ep 10000 not balanced. Max 2078 steps (0.0006 hrs). 30 sec
[Run 40] Ep 10000 not balanced. Max 1842 steps (0.0005 hrs). 15 sec
[Run 41] Ep 10000 not balanced. Max 1612 steps (0.0004 hrs). 14 sec
[Run 42] Ep 10000 not balanced. Max 2101 steps (0.0006 hrs). 30 sec
[Run 43] Ep 10000 not balanced. Max 1766 steps (0.0005 hrs). 27 sec
[Run 44] Ep 10000 not balanced. Max 3197 steps (0.0009 hrs). 23 sec
[Run 45] Ep 10000 not balanced. Max 1721 steps (0.0005 hrs). 15 sec
[Run 46] Ep 10000 not balanced. Max 2571 steps (0.0007 hrs). 29 sec
[Run 47] Ep 10000 not balanced. Max 2228 steps (0.0006 hrs). 27 sec
[Run 48] Ep 10000 not balanced. Max 1763 steps (0.0005 hrs). 13 sec
[Run 49] Ep 10000 not balanced. Max 1937 steps (0.0005 hrs). 12 sec
[Run 50] Ep 10000 not balanced. Max 2881 steps (0.0008 hrs). 28 sec
[Run 51] Ep 10000 not balanced. Max 2272 steps (0.0006 hrs). 30 sec
[Run 52] Ep 10000 not balanced. Max 2661 steps (0.0007 hrs). 29 sec
[Run 53] Ep 10000 not balanced. Max 2260 steps (0.0006 hrs). 26 sec
[Run 54] Ep 10000 not balanced. Max 2216 steps (0.0006 hrs). 23 sec
[Run 55] Ep 10000 not balanced. Max 2231 steps (0.0006 hrs). 30 sec
[Run 56] Ep 10000 not balanced. Max 2633 steps (0.0007 hrs). 30 sec
[Run 57] Ep 10000 not balanced. Max 1999 steps (0.0006 hrs). 24 sec
[Run 58] Ep 10000 not balanced. Max 1829 steps (0.0005 hrs). 11 sec
[Run 59] Ep 10000 not balanced. Max 2167 steps (0.0006 hrs). 29 sec
[Run 60] Ep 10000 not balanced. Max 1833 steps (0.0005 hrs). 22 sec
[Run 61] Ep 10000 not balanced. Max 2031 steps (0.0006 hrs). 30 sec
[Run 62] Ep 10000 not balanced. Max 1707 steps (0.0005 hrs). 16 sec
[Run 63] Ep 10000 not balanced. Max 28405 steps (0.0079 hrs). 50 sec
[Run 64] Ep 10000 not balanced. Max 2533 steps (0.0007 hrs). 30 sec
[Run 65] Ep 10000 not balanced. Max 1554 steps (0.0004 hrs). 11 sec
[Run 66] Ep 10000 not balanced. Max 1955 steps (0.0005 hrs). 30 sec
[Run 67] Ep 10000 not balanced. Max 2291 steps (0.0006 hrs). 29 sec
[Run 68] Ep 10000 not balanced. Max 1576 steps (0.0004 hrs). 13 sec
[Run 69] Ep 10000 not balanced. Max 2073 steps (0.0006 hrs). 30 sec
[Run 70] Ep 10000 not balanced. Max 1396 steps (0.0004 hrs). 12 sec
[Run 71] Ep 10000 not balanced. Max 1618 steps (0.0004 hrs). 13 sec
[Run 72] Ep 10000 not balanced. Max 12101 steps (0.0034 hrs). 30 sec
[Run 73] Ep 10000 not balanced. Max 2274 steps (0.0006 hrs). 31 sec
[Run 74] Ep 10000 not balanced. Max 2182 steps (0.0006 hrs). 31 sec
[Run 75] Ep 10000 not balanced. Max 2327 steps (0.0006 hrs). 21 sec
[Run 76] Ep 10000 not balanced. Max 1932 steps (0.0005 hrs). 30 sec
[Run 77] Ep 10000 not balanced. Max 1563 steps (0.0004 hrs). 12 sec
[Run 78] Ep 10000 not balanced. Max 2331 steps (0.0006 hrs). 30 sec
[Run 79] Ep 10000 not balanced. Max 1816 steps (0.0005 hrs). 30 sec
[Run 80] Ep 10000 not balanced. Max 1992 steps (0.0006 hrs). 31 sec
[Run 81] Ep 10000 not balanced. Max 2247 steps (0.0006 hrs). 30 sec
[Run 82] Ep 10000 not balanced. Max 2274 steps (0.0006 hrs). 31 sec
[Run 83] Ep 10000 not balanced. Max 2290 steps (0.0006 hrs). 15 sec
[Run 84] Ep 10000 not balanced. Max 1656 steps (0.0005 hrs). 13 sec
[Run 85] Ep 10000 not balanced. Max 2301 steps (0.0006 hrs). 31 sec
[Run 86] Ep 10000 not balanced. Max 22105 steps (0.0061 hrs). 52 sec
[Run 87] Ep 10000 not balanced. Max 272875 steps (0.0758 hrs). 41 sec
[Run 88] Ep 10000 not balanced. Max 14606 steps (0.0041 hrs). 28 sec
[Run 89] Ep 10000 not balanced. Max 2214 steps (0.0006 hrs). 27 sec
[Run 90] Ep 10000 not balanced. Max 2288 steps (0.0006 hrs). 30 sec
[Run 91] Ep 10000 not balanced. Max 2883 steps (0.0008 hrs). 28 sec
[Run 92] Ep 10000 not balanced. Max 2744 steps (0.0008 hrs). 30 sec
[Run 93] Ep 10000 not balanced. Max 1622 steps (0.0005 hrs). 22 sec
[Run 94] Ep 10000 not balanced. Max 2196 steps (0.0006 hrs). 30 sec
[Run 95] Ep 10000 not balanced. Max 2306 steps (0.0006 hrs). 31 sec
[Run 96] Ep 10000 not balanced. Max 1687 steps (0.0005 hrs). 13 sec
[Run 97] Ep 10000 not balanced. Max 1488 steps (0.0004 hrs). 13 sec
[Run 98] Ep 10000 not balanced. Max 2750 steps (0.0008 hrs). 13 sec
[Run 99] Ep 10000 not balanced. Max 2098 steps (0.0006 hrs). 31 sec
[Run 100] Ep 10000 not balanced. Max 2143 steps (0.0006 hrs). 30 sec
[Run 101] Ep 10000 not balanced. Max 2319 steps (0.0006 hrs). 27 sec
[Run 102] Ep 10000 not balanced. Max 2266 steps (0.0006 hrs). 30 sec
[Run 103] Ep 10000 not balanced. Max 1827 steps (0.0005 hrs). 30 sec
[Run 104] Ep 10000 not balanced. Max 1990 steps (0.0006 hrs). 26 sec
[Run 105] Ep 10000 not balanced. Max 2497 steps (0.0007 hrs). 31 sec
[Run 106] Ep 10000 not balanced. Max 4843 steps (0.0013 hrs). 26 sec
[Run 107] Ep 10000 not balanced. Max 2497 steps (0.0007 hrs). 29 sec
[Run 108] Ep 10000 not balanced. Max 2135 steps (0.0006 hrs). 29 sec
[Run 109] Ep 10000 not balanced. Max 2407 steps (0.0007 hrs). 30 sec
[Run 110] Ep 10000 not balanced. Max 2137 steps (0.0006 hrs). 30 sec
[Run 111] Ep 10000 not balanced. Max 4095 steps (0.0011 hrs). 19 sec
[Run 112] Ep 10000 not balanced. Max 2258 steps (0.0006 hrs). 26 sec
[Run 113] Ep 10000 not balanced. Max 2284 steps (0.0006 hrs). 30 sec
[Run 114] Ep 10000 not balanced. Max 2074 steps (0.0006 hrs). 30 sec
[Run 115] Ep 10000 not balanced. Max 2036 steps (0.0006 hrs). 28 sec
[Run 116] Ep 10000 not balanced. Max 1672 steps (0.0005 hrs). 27 sec
[Run 117] Ep 10000 not balanced. Max 2051 steps (0.0006 hrs). 14 sec
[Run 118] Ep 10000 not balanced. Max 2207 steps (0.0006 hrs). 30 sec
[Run 119] Ep 10000 not balanced. Max 2204 steps (0.0006 hrs). 30 sec
[Run 120] Ep 10000 not balanced. Max 3898 steps (0.0011 hrs). 42 sec
[Run 121] Ep 10000 not balanced. Max 2647 steps (0.0007 hrs). 30 sec
[Run 122] Ep 10000 not balanced. Max 2468 steps (0.0007 hrs). 14 sec
[Run 123] Ep 10000 not balanced. Max 1817 steps (0.0005 hrs). 23 sec
[Run 124] Ep 10000 not balanced. Max 2792 steps (0.0008 hrs). 29 sec
[Run 125] Ep 10000 not balanced. Max 1426 steps (0.0004 hrs). 13 sec
[Run 126] Ep 10000 not balanced. Max 1715 steps (0.0005 hrs). 26 sec
[Run 127] Ep 10000 not balanced. Max 2364 steps (0.0007 hrs). 30 sec
[Run 128] Ep 10000 not balanced. Max 1622 steps (0.0005 hrs). 14 sec
[Run 129] Ep 10000 not balanced. Max 2250 steps (0.0006 hrs). 30 sec
[Run 130] Ep 10000 not balanced. Max 2647 steps (0.0007 hrs). 29 sec
[Run 131] Ep 10000 not balanced. Max 2908 steps (0.0008 hrs). 30 sec
[Run 132] Ep 10000 not balanced. Max 2456 steps (0.0007 hrs). 27 sec
[Run 133] Ep 10000 not balanced. Max 2806 steps (0.0008 hrs). 30 sec
[Run 134] Ep 10000 not balanced. Max 2207 steps (0.0006 hrs). 29 sec
[Run 135] Ep 10000 not balanced. Max 2008 steps (0.0006 hrs). 24 sec
[Run 136] Ep 10000 not balanced. Max 1537 steps (0.0004 hrs). 13 sec
[Run 137] Ep 10000 not balanced. Max 1733 steps (0.0005 hrs). 12 sec
[Run 138] Ep 10000 not balanced. Max 1985 steps (0.0006 hrs). 13 sec
[Run 139] Ep 10000 not balanced. Max 2545 steps (0.0007 hrs). 29 sec
[Run 140] Ep 10000 not balanced. Max 2483 steps (0.0007 hrs). 29 sec
[Run 141] Ep 10000 not balanced. Max 1686 steps (0.0005 hrs). 24 sec
[Run 142] Ep 10000 not balanced. Max 1811 steps (0.0005 hrs). 27 sec
[Run 143] Ep 10000 not balanced. Max 1816 steps (0.0005 hrs). 13 sec
[Run 144] Ep 10000 not balanced. Max 2377 steps (0.0007 hrs). 21 sec
[Run 145] Ep 10000 not balanced. Max 2441 steps (0.0007 hrs). 30 sec
[Run 146] Ep 10000 not balanced. Max 2742 steps (0.0008 hrs). 28 sec
[Run 147] Ep 10000 not balanced. Max 1928 steps (0.0005 hrs). 30 sec
[Run 148] Ep 10000 not balanced. Max 2263 steps (0.0006 hrs). 30 sec
[Run 149] Ep 10000 not balanced. Max 2312 steps (0.0006 hrs). 30 sec
[Run 150] Ep 10000 not balanced. Max 1535 steps (0.0004 hrs). 12 sec
[Run 151] Ep 10000 not balanced. Max 1755 steps (0.0005 hrs). 24 sec
[Run 152] Ep 10000 not balanced. Max 2208 steps (0.0006 hrs). 13 sec
[Run 153] Ep 10000 not balanced. Max 1662 steps (0.0005 hrs). 12 sec
[Run 154] Ep 10000 not balanced. Max 2378 steps (0.0007 hrs). 12 sec
[Run 155] Ep 10000 not balanced. Max 2580 steps (0.0007 hrs). 30 sec
[Run 156] Ep 10000 not balanced. Max 1740 steps (0.0005 hrs). 30 sec
[Run 157] Ep 10000 not balanced. Max 1908 steps (0.0005 hrs). 12 sec
[Run 158] Ep 10000 not balanced. Max 2584 steps (0.0007 hrs). 31 sec
[Run 159] Ep 10000 not balanced. Max 2178 steps (0.0006 hrs). 22 sec
[Run 160] Ep 10000 not balanced. Max 2208 steps (0.0006 hrs). 30 sec
[Run 161] Ep 10000 not balanced. Max 2395 steps (0.0007 hrs). 31 sec
[Run 162] Ep 10000 not balanced. Max 2068 steps (0.0006 hrs). 30 sec
[Run 163] Ep 10000 not balanced. Max 2349 steps (0.0007 hrs). 30 sec
[Run 164] Ep 10000 not balanced. Max 2139 steps (0.0006 hrs). 30 sec
[Run 165] Ep 10000 not balanced. Max 1705 steps (0.0005 hrs). 26 sec
[Run 166] Ep 10000 not balanced. Max 2028 steps (0.0006 hrs). 30 sec
[Run 167] Ep 10000 not balanced. Max 1717 steps (0.0005 hrs). 13 sec
[Run 168] Ep 10000 not balanced. Max 2662 steps (0.0007 hrs). 31 sec
[Run 169] Ep 10000 not balanced. Max 3340 steps (0.0009 hrs). 28 sec
[Run 170] Ep 10000 not balanced. Max 1928 steps (0.0005 hrs). 16 sec
[Run 171] Ep 10000 not balanced. Max 2450 steps (0.0007 hrs). 29 sec
[Run 172] Ep 10000 not balanced. Max 2905 steps (0.0008 hrs). 30 sec
[Run 173] Ep 10000 not balanced. Max 2385 steps (0.0007 hrs). 29 sec
[Run 174] Ep 10000 not balanced. Max 1906 steps (0.0005 hrs). 31 sec
[Run 175] Ep 10000 not balanced. Max 1502 steps (0.0004 hrs). 12 sec
[Run 176] Ep 10000 not balanced. Max 3047 steps (0.0008 hrs). 27 sec
[Run 177] Ep 10000 not balanced. Max 1575 steps (0.0004 hrs). 23 sec
[Run 178] Ep 10000 not balanced. Max 2189 steps (0.0006 hrs). 27 sec
[Run 179] Ep 10000 not balanced. Max 2746 steps (0.0008 hrs). 34 sec
[Run 180] Ep 10000 not balanced. Max 2221 steps (0.0006 hrs). 30 sec
[Run 181] Ep 10000 not balanced. Max 2886 steps (0.0008 hrs). 29 sec
[Run 182] Ep 10000 not balanced. Max 1549 steps (0.0004 hrs). 12 sec
[Run 183] Ep 10000 not balanced. Max 1999 steps (0.0006 hrs). 30 sec
[Run 184] Ep 10000 not balanced. Max 3077 steps (0.0009 hrs). 31 sec
[Run 185] Ep 10000 not balanced. Max 2249 steps (0.0006 hrs). 31 sec
[Run 186] Ep 10000 not balanced. Max 1903 steps (0.0005 hrs). 13 sec
[Run 187] Ep 10000 not balanced. Max 3182 steps (0.0009 hrs). 25 sec
[Run 188] Ep 10000 not balanced. Max 2218 steps (0.0006 hrs). 30 sec
[Run 189] Ep 10000 not balanced. Max 3881 steps (0.0011 hrs). 23 sec
[Run 190] Ep 10000 not balanced. Max 2170 steps (0.0006 hrs). 13 sec
[Run 191] Ep 10000 not balanced. Max 1168 steps (0.0003 hrs). 12 sec
[Run 192] Ep 10000 not balanced. Max 1030 steps (0.0003 hrs). 10 sec
[Run 193] Ep 10000 not balanced. Max 2636 steps (0.0007 hrs). 15 sec
[Run 194] Ep 10000 not balanced. Max 1618 steps (0.0004 hrs). 25 sec
[Run 195] Ep 10000 not balanced. Max 2097 steps (0.0006 hrs). 31 sec
[Run 196] Ep 10000 not balanced. Max 1679 steps (0.0005 hrs). 12 sec
[Run 197] Ep 10000 not balanced. Max 1971 steps (0.0005 hrs). 14 sec
[Run 198] Ep 10000 not balanced. Max 2180 steps (0.0006 hrs). 31 sec
[Run 199] Ep 10000 not balanced. Max 1511 steps (0.0004 hrs). 12 sec
[Run 200] Ep 10000 not balanced. Max 2128 steps (0.0006 hrs). 30 sec
[Run 201] Ep 10000 not balanced. Max 3936 steps (0.0011 hrs). 22 sec
[Run 202] Ep 10000 not balanced. Max 2053 steps (0.0006 hrs). 30 sec
[Run 203] Ep 10000 not balanced. Max 1787 steps (0.0005 hrs). 24 sec
[Run 204] Ep 10000 not balanced. Max 2123 steps (0.0006 hrs). 30 sec
[Run 205] Ep 10000 not balanced. Max 2344 steps (0.0007 hrs). 30 sec
[Run 206] Ep 10000 not balanced. Max 14688 steps (0.0041 hrs). 33 sec
[Run 207] Ep 10000 not balanced. Max 1943 steps (0.0005 hrs). 30 sec
[Run 208] Ep 10000 not balanced. Max 2463 steps (0.0007 hrs). 30 sec
[Run 209] Ep 10000 not balanced. Max 1547 steps (0.0004 hrs). 11 sec
[Run 210] Ep 10000 not balanced. Max 2104 steps (0.0006 hrs). 16 sec
[Run 211] Ep 10000 not balanced. Max 2413 steps (0.0007 hrs). 31 sec
[Run 212] Ep 10000 not balanced. Max 2124 steps (0.0006 hrs). 15 sec
[Run 213] Ep 10000 not balanced. Max 2730 steps (0.0008 hrs). 30 sec
[Run 214] Ep 10000 not balanced. Max 2338 steps (0.0006 hrs). 31 sec
[Run 215] Ep 10000 not balanced. Max 3827 steps (0.0011 hrs). 36 sec
[Run 216] Ep 10000 not balanced. Max 2152 steps (0.0006 hrs). 25 sec
[Run 217] Ep 10000 not balanced. Max 2192 steps (0.0006 hrs). 30 sec
[Run 218] Ep 10000 not balanced. Max 2171 steps (0.0006 hrs). 15 sec
[Run 219] Ep 10000 not balanced. Max 2240 steps (0.0006 hrs). 30 sec
[Run 220] Ep 10000 not balanced. Max 2203 steps (0.0006 hrs). 18 sec
[Run 221] Ep 10000 not balanced. Max 1923 steps (0.0005 hrs). 23 sec
[Run 222] Ep 10000 not balanced. Max 1620 steps (0.0005 hrs). 24 sec
[Run 223] Ep 10000 not balanced. Max 1557 steps (0.0004 hrs). 21 sec
[Run 224] Ep 10000 not balanced. Max 2689 steps (0.0007 hrs). 30 sec
[Run 225] Ep 10000 not balanced. Max 1921 steps (0.0005 hrs). 31 sec
[Run 226] Ep 10000 not balanced. Max 2723 steps (0.0008 hrs). 30 sec
[Run 227] Ep 10000 not balanced. Max 2011 steps (0.0006 hrs). 15 sec
[Run 228] Ep 10000 not balanced. Max 2209 steps (0.0006 hrs). 30 sec
[Run 229] Ep 10000 not balanced. Max 2556 steps (0.0007 hrs). 30 sec
[Run 230] Ep 10000 not balanced. Max 2518 steps (0.0007 hrs). 28 sec
[Run 231] Ep 10000 not balanced. Max 1946 steps (0.0005 hrs). 30 sec
[Run 232] Ep 10000 not balanced. Max 1746 steps (0.0005 hrs). 24 sec
[Run 233] Ep 10000 not balanced. Max 1645 steps (0.0005 hrs). 12 sec
[Run 234] Ep 10000 not balanced. Max 2052 steps (0.0006 hrs). 29 sec
[Run 235] Ep 10000 not balanced. Max 1225 steps (0.0003 hrs). 12 sec
[Run 236] Ep 10000 not balanced. Max 1778 steps (0.0005 hrs). 13 sec
[Run 237] Ep 10000 not balanced. Max 24742 steps (0.0069 hrs). 32 sec
[Run 238] Ep 10000 not balanced. Max 1161 steps (0.0003 hrs). 12 sec
[Run 239] Ep 10000 not balanced. Max 2114 steps (0.0006 hrs). 29 sec
[Run 240] Ep 10000 not balanced. Max 1523 steps (0.0004 hrs). 25 sec
[Run 241] Ep 10000 not balanced. Max 2000 steps (0.0006 hrs). 14 sec
[Run 242] Ep 10000 not balanced. Max 2221 steps (0.0006 hrs). 30 sec
[Run 243] Ep 10000 not balanced. Max 3001 steps (0.0008 hrs). 30 sec
[Run 244] Ep 10000 not balanced. Max 1791 steps (0.0005 hrs). 22 sec
[Run 245] Ep 10000 not balanced. Max 2233 steps (0.0006 hrs). 31 sec
[Run 246] Ep 10000 not balanced. Max 2101 steps (0.0006 hrs). 31 sec
[Run 247] Ep 10000 not balanced. Max 2213 steps (0.0006 hrs). 28 sec
[Run 248] Ep 10000 not balanced. Max 2145 steps (0.0006 hrs). 30 sec
[Run 249] Ep 10000 not balanced. Max 1949 steps (0.0005 hrs). 30 sec
[Run 250] Ep 10000 not balanced. Max 1690 steps (0.0005 hrs). 12 sec
[Run 251] Ep 10000 not balanced. Max 1958 steps (0.0005 hrs). 22 sec
[Run 252] Ep 10000 not balanced. Max 2476 steps (0.0007 hrs). 29 sec
[Run 253] Ep 10000 not balanced. Max 2290 steps (0.0006 hrs). 30 sec
[Run 254] Ep 10000 not balanced. Max 1855 steps (0.0005 hrs). 28 sec
[Run 255] Ep 10000 not balanced. Max 1684 steps (0.0005 hrs). 12 sec
[Run 256] Ep 10000 not balanced. Max 2111 steps (0.0006 hrs). 29 sec
[Run 257] Ep 10000 not balanced. Max 2548 steps (0.0007 hrs). 29 sec
[Run 258] Ep 10000 not balanced. Max 2554 steps (0.0007 hrs). 28 sec
[Run 259] Ep 10000 not balanced. Max 2060 steps (0.0006 hrs). 17 sec
[Run 260] Ep 10000 not balanced. Max 1878 steps (0.0005 hrs). 13 sec
[Run 261] Ep 10000 not balanced. Max 1731 steps (0.0005 hrs). 15 sec
[Run 262] Ep 10000 not balanced. Max 2166 steps (0.0006 hrs). 29 sec
[Run 263] Ep 10000 not balanced. Max 2424 steps (0.0007 hrs). 24 sec
[Run 264] Ep 10000 not balanced. Max 1819 steps (0.0005 hrs). 11 sec
[Run 265] Ep 10000 not balanced. Max 2160 steps (0.0006 hrs). 25 sec
[Run 266] Ep 10000 not balanced. Max 2204 steps (0.0006 hrs). 31 sec
[Run 267] Ep 10000 not balanced. Max 1974 steps (0.0005 hrs). 23 sec
[Run 268] Ep 10000 not balanced. Max 2182 steps (0.0006 hrs). 30 sec
[Run 269] Ep 10000 not balanced. Max 2581 steps (0.0007 hrs). 29 sec
[Run 270] Ep 10000 not balanced. Max 2159 steps (0.0006 hrs). 28 sec
[Run 271] Ep 10000 not balanced. Max 1987 steps (0.0006 hrs). 27 sec
[Run 272] Ep 10000 not balanced. Max 2216 steps (0.0006 hrs). 30 sec
[Run 273] Ep 10000 not balanced. Max 2384 steps (0.0007 hrs). 21 sec
[Run 274] Ep 10000 not balanced. Max 2560 steps (0.0007 hrs). 30 sec
[Run 275] Ep 10000 not balanced. Max 1444 steps (0.0004 hrs). 14 sec
[Run 276] Ep 10000 not balanced. Max 1920 steps (0.0005 hrs). 23 sec
[Run 277] Ep 10000 not balanced. Max 1971 steps (0.0005 hrs). 27 sec
[Run 278] Ep 10000 not balanced. Max 1630 steps (0.0005 hrs). 13 sec
[Run 279] Ep 10000 not balanced. Max 2220 steps (0.0006 hrs). 27 sec
[Run 280] Ep 10000 not balanced. Max 2193 steps (0.0006 hrs). 29 sec
[Run 281] Ep 10000 not balanced. Max 2393 steps (0.0007 hrs). 30 sec
[Run 282] Ep 10000 not balanced. Max 1705 steps (0.0005 hrs). 25 sec
[Run 283] Ep 10000 not balanced. Max 2251 steps (0.0006 hrs). 27 sec
[Run 284] Ep 10000 not balanced. Max 2107 steps (0.0006 hrs). 13 sec
[Run 285] Ep 10000 not balanced. Max 1789 steps (0.0005 hrs). 14 sec
[Run 286] Ep 10000 not balanced. Max 1983 steps (0.0006 hrs). 14 sec
[Run 287] Ep 10000 not balanced. Max 2474 steps (0.0007 hrs). 30 sec
[Run 288] Ep 10000 not balanced. Max 2179 steps (0.0006 hrs). 31 sec
[Run 289] Ep 10000 not balanced. Max 2194 steps (0.0006 hrs). 29 sec
[Run 290] Ep 10000 not balanced. Max 2199 steps (0.0006 hrs). 25 sec
[Run 291] Ep 10000 not balanced. Max 1300 steps (0.0004 hrs). 12 sec
[Run 292] Ep 10000 not balanced. Max 1977 steps (0.0005 hrs). 31 sec
[Run 293] Ep 10000 not balanced. Max 2804 steps (0.0008 hrs). 30 sec
[Run 294] Ep 10000 not balanced. Max 3141 steps (0.0009 hrs). 31 sec
[Run 295] Ep 10000 not balanced. Max 2709 steps (0.0008 hrs). 30 sec
[Run 296] Ep 10000 not balanced. Max 1450 steps (0.0004 hrs). 11 sec
[Run 297] Ep 10000 not balanced. Max 1439 steps (0.0004 hrs). 12 sec
[Run 298] Ep 10000 not balanced. Max 1853 steps (0.0005 hrs). 26 sec
[Run 299] Ep 10000 not balanced. Max 3143 steps (0.0009 hrs). 34 sec
[Run 300] Ep 10000 not balanced. Max 2387 steps (0.0007 hrs). 26 sec
[Run 301] Ep 10000 not balanced. Max 2008 steps (0.0006 hrs). 30 sec
[Run 302] Ep 10000 not balanced. Max 2305 steps (0.0006 hrs). 30 sec
[Run 303] Ep 10000 not balanced. Max 3022 steps (0.0008 hrs). 12 sec
[Run 304] Ep 10000 not balanced. Max 2232 steps (0.0006 hrs). 30 sec
[Run 305] Ep 10000 not balanced. Max 2889 steps (0.0008 hrs). 11 sec
[Run 306] Ep 10000 not balanced. Max 1708 steps (0.0005 hrs). 27 sec
[Run 307] Ep 10000 not balanced. Max 1770 steps (0.0005 hrs). 10 sec
[Run 308] Ep 10000 not balanced. Max 2135 steps (0.0006 hrs). 29 sec
[Run 309] Ep 10000 not balanced. Max 2218 steps (0.0006 hrs). 30 sec
[Run 310] Ep 10000 not balanced. Max 1396 steps (0.0004 hrs). 13 sec
[Run 311] Ep 10000 not balanced. Max 2460 steps (0.0007 hrs). 30 sec
[Run 312] Ep 10000 not balanced. Max 2387 steps (0.0007 hrs). 30 sec
[Run 313] Ep 10000 not balanced. Max 2142 steps (0.0006 hrs). 26 sec
[Run 314] Ep 10000 not balanced. Max 2149 steps (0.0006 hrs). 29 sec
[Run 315] Ep 10000 not balanced. Max 2164 steps (0.0006 hrs). 30 sec
[Run 316] Ep 10000 not balanced. Max 2376 steps (0.0007 hrs). 30 sec
[Run 317] Ep 10000 not balanced. Max 2679 steps (0.0007 hrs). 28 sec
[Run 318] Ep 10000 not balanced. Max 2040 steps (0.0006 hrs). 30 sec
[Run 319] Ep 10000 not balanced. Max 2032 steps (0.0006 hrs). 30 sec
[Run 320] Ep 10000 not balanced. Max 2517 steps (0.0007 hrs). 29 sec
[Run 321] Ep 10000 not balanced. Max 2758 steps (0.0008 hrs). 30 sec
[Run 322] Ep 10000 not balanced. Max 2093 steps (0.0006 hrs). 16 sec
[Run 323] Ep 10000 not balanced. Max 2534 steps (0.0007 hrs). 29 sec
[Run 324] Ep 10000 not balanced. Max 2153 steps (0.0006 hrs). 30 sec
[Run 325] Ep 10000 not balanced. Max 2708 steps (0.0008 hrs). 30 sec
[Run 326] Ep 10000 not balanced. Max 1983 steps (0.0006 hrs). 30 sec
[Run 327] Ep 10000 not balanced. Max 2381 steps (0.0007 hrs). 23 sec
[Run 328] Ep 10000 not balanced. Max 2161 steps (0.0006 hrs). 30 sec
[Run 329] Ep 10000 not balanced. Max 2309 steps (0.0006 hrs). 26 sec
[Run 330] Ep 10000 not balanced. Max 2049 steps (0.0006 hrs). 23 sec
[Run 331] Ep 10000 not balanced. Max 2086 steps (0.0006 hrs). 30 sec
[Run 332] Ep 10000 not balanced. Max 2379 steps (0.0007 hrs). 29 sec
[Run 333] Ep 10000 not balanced. Max 1957 steps (0.0005 hrs). 28 sec
[Run 334] Ep 10000 not balanced. Max 2773 steps (0.0008 hrs). 31 sec
[Run 335] Ep 10000 not balanced. Max 2536 steps (0.0007 hrs). 30 sec
[Run 336] Ep 10000 not balanced. Max 1808 steps (0.0005 hrs). 14 sec
[Run 337] Ep 10000 not balanced. Max 1972 steps (0.0005 hrs). 12 sec
[Run 338] Ep 10000 not balanced. Max 1751 steps (0.0005 hrs). 12 sec
[Run 339] Ep 10000 not balanced. Max 2467 steps (0.0007 hrs). 30 sec
[Run 340] Ep 10000 not balanced. Max 2097 steps (0.0006 hrs). 14 sec
[Run 341] Ep 10000 not balanced. Max 2097 steps (0.0006 hrs). 30 sec
[Run 342] Ep 10000 not balanced. Max 2214 steps (0.0006 hrs). 25 sec
[Run 343] Ep 10000 not balanced. Max 2268 steps (0.0006 hrs). 31 sec
[Run 344] Ep 10000 not balanced. Max 2758 steps (0.0008 hrs). 30 sec
[Run 345] Ep 10000 not balanced. Max 2280 steps (0.0006 hrs). 30 sec
[Run 346] Ep 10000 not balanced. Max 2225 steps (0.0006 hrs). 30 sec
[Run 347] Ep 10000 not balanced. Max 1786 steps (0.0005 hrs). 27 sec
[Run 348] Ep 10000 not balanced. Max 1699 steps (0.0005 hrs). 12 sec
[Run 349] Ep 10000 not balanced. Max 2067 steps (0.0006 hrs). 30 sec
[Run 350] Ep 10000 not balanced. Max 1673 steps (0.0005 hrs). 23 sec
[Run 351] Ep 10000 not balanced. Max 2908 steps (0.0008 hrs). 28 sec
[Run 352] Ep 10000 not balanced. Max 2118 steps (0.0006 hrs). 30 sec
[Run 353] Ep 10000 not balanced. Max 2780 steps (0.0008 hrs). 30 sec
[Run 354] Ep 10000 not balanced. Max 2289 steps (0.0006 hrs). 30 sec
[Run 355] Ep 10000 not balanced. Max 1995 steps (0.0006 hrs). 30 sec
[Run 356] Ep 10000 not balanced. Max 2052 steps (0.0006 hrs). 13 sec
[Run 357] Ep 10000 not balanced. Max 1980 steps (0.0006 hrs). 31 sec
[Run 358] Ep 10000 not balanced. Max 2522 steps (0.0007 hrs). 30 sec
[Run 359] Ep 10000 not balanced. Max 1608 steps (0.0004 hrs). 12 sec
[Run 360] Ep 10000 not balanced. Max 1356 steps (0.0004 hrs). 11 sec
[Run 361] Ep 10000 not balanced. Max 2112 steps (0.0006 hrs). 11 sec
[Run 362] Ep 10000 not balanced. Max 3993 steps (0.0011 hrs). 42 sec
[Run 363] Ep 10000 not balanced. Max 43384 steps (0.0121 hrs). 43 sec
[Run 364] Ep 10000 not balanced. Max 2150 steps (0.0006 hrs). 30 sec
[Run 365] Ep 10000 not balanced. Max 2405 steps (0.0007 hrs). 31 sec
[Run 366] Ep 10000 not balanced. Max 1959 steps (0.0005 hrs). 30 sec
[Run 367] Ep 10000 not balanced. Max 2391 steps (0.0007 hrs). 27 sec
[Run 368] Ep 10000 not balanced. Max 2229 steps (0.0006 hrs). 25 sec
[Run 369] Ep 10000 not balanced. Max 2009 steps (0.0006 hrs). 30 sec
[Run 370] Ep 10000 not balanced. Max 2274 steps (0.0006 hrs). 27 sec
[Run 371] Ep 10000 not balanced. Max 2033 steps (0.0006 hrs). 31 sec
[Run 372] Ep 10000 not balanced. Max 2686 steps (0.0007 hrs). 13 sec
[Run 373] Ep 10000 not balanced. Max 2506 steps (0.0007 hrs). 30 sec
[Run 374] Ep 10000 not balanced. Max 1803 steps (0.0005 hrs). 26 sec
[Run 375] Ep 10000 not balanced. Max 2141 steps (0.0006 hrs). 31 sec
[Run 376] Ep 10000 not balanced. Max 2066 steps (0.0006 hrs). 30 sec
[Run 377] Ep 10000 not balanced. Max 2851 steps (0.0008 hrs). 24 sec
[Run 378] Ep 10000 not balanced. Max 2012 steps (0.0006 hrs). 16 sec
[Run 379] Ep 10000 not balanced. Max 2270 steps (0.0006 hrs). 30 sec
[Run 380] Ep 10000 not balanced. Max 2062 steps (0.0006 hrs). 30 sec
[Run 381] Ep 10000 not balanced. Max 2959 steps (0.0008 hrs). 30 sec
[Run 382] Ep 10000 not balanced. Max 1952 steps (0.0005 hrs). 31 sec
[Run 383] Ep 10000 not balanced. Max 2348 steps (0.0007 hrs). 16 sec
[Run 384] Ep 10000 not balanced. Max 1978 steps (0.0005 hrs). 15 sec
[Run 385] Ep 10000 not balanced. Max 2109 steps (0.0006 hrs). 30 sec
[Run 386] Ep 10000 not balanced. Max 2528 steps (0.0007 hrs). 27 sec
[Run 387] Ep 10000 not balanced. Max 4967 steps (0.0014 hrs). 21 sec
[Run 388] Ep 10000 not balanced. Max 1861 steps (0.0005 hrs). 29 sec
[Run 389] Ep 10000 not balanced. Max 2203 steps (0.0006 hrs). 30 sec
[Run 390] Ep 10000 not balanced. Max 2204 steps (0.0006 hrs). 13 sec
[Run 391] Ep 10000 not balanced. Max 2597 steps (0.0007 hrs). 25 sec
[Run 392] Ep 10000 not balanced. Max 2328 steps (0.0006 hrs). 30 sec
[Run 393] Ep 10000 not balanced. Max 2112 steps (0.0006 hrs). 24 sec
[Run 394] Ep 10000 not balanced. Max 1952 steps (0.0005 hrs). 31 sec
[Run 395] Ep 10000 not balanced. Max 2093 steps (0.0006 hrs). 26 sec
[Run 396] Ep 10000 not balanced. Max 1843 steps (0.0005 hrs). 30 sec
[Run 397] Ep 10000 not balanced. Max 2254 steps (0.0006 hrs). 30 sec
[Run 398] Ep 10000 not balanced. Max 2058 steps (0.0006 hrs). 31 sec
[Run 399] Ep 10000 not balanced. Max 1400 steps (0.0004 hrs). 12 sec
[Run 400] Ep 10000 not balanced. Max 3460 steps (0.0010 hrs). 25 sec
[Run 401] Ep 10000 not balanced. Max 4613 steps (0.0013 hrs). 21 sec
[Run 402] Ep 10000 not balanced. Max 2888 steps (0.0008 hrs). 31 sec
[Run 403] Ep 10000 not balanced. Max 1827 steps (0.0005 hrs). 29 sec
[Run 404] Ep 10000 not balanced. Max 2134 steps (0.0006 hrs). 24 sec
[Run 405] Ep 10000 not balanced. Max 4382 steps (0.0012 hrs). 20 sec
[Run 406] Ep 10000 not balanced. Max 1993 steps (0.0006 hrs). 30 sec
[Run 407] Ep 10000 not balanced. Max 2878 steps (0.0008 hrs). 30 sec
[Run 408] Ep 10000 not balanced. Max 2222 steps (0.0006 hrs). 22 sec
[Run 409] Ep 10000 not balanced. Max 2027 steps (0.0006 hrs). 30 sec
[Run 410] Ep 10000 not balanced. Max 55972 steps (0.0155 hrs). 39 sec
[Run 411] Ep 10000 not balanced. Max 3050 steps (0.0008 hrs). 30 sec
[Run 412] Ep 10000 not balanced. Max 3160 steps (0.0009 hrs). 30 sec
[Run 413] Ep 10000 not balanced. Max 2211 steps (0.0006 hrs). 30 sec
[Run 414] Ep 10000 not balanced. Max 1608 steps (0.0004 hrs). 13 sec
[Run 415] Ep 10000 not balanced. Max 1498 steps (0.0004 hrs). 12 sec
[Run 416] Ep 10000 not balanced. Max 2212 steps (0.0006 hrs). 30 sec
[Run 417] Ep 10000 not balanced. Max 2558 steps (0.0007 hrs). 29 sec
[Run 418] Ep 10000 not balanced. Max 2001 steps (0.0006 hrs). 22 sec
[Run 419] Ep 10000 not balanced. Max 2496 steps (0.0007 hrs). 31 sec
[Run 420] Ep 10000 not balanced. Max 2094 steps (0.0006 hrs). 24 sec
[Run 421] Ep 10000 not balanced. Max 1638 steps (0.0005 hrs). 12 sec
[Run 422] Ep 10000 not balanced. Max 2044 steps (0.0006 hrs). 30 sec
[Run 423] Ep 10000 not balanced. Max 2223 steps (0.0006 hrs). 30 sec
[Run 424] Ep 10000 not balanced. Max 21343 steps (0.0059 hrs). 28 sec
[Run 425] Ep 10000 not balanced. Max 2232 steps (0.0006 hrs). 30 sec
[Run 426] Ep 10000 not balanced. Max 2004 steps (0.0006 hrs). 26 sec
[Run 427] Ep 10000 not balanced. Max 2208 steps (0.0006 hrs). 28 sec
[Run 428] Ep 10000 not balanced. Max 3084 steps (0.0009 hrs). 30 sec
[Run 429] Ep 10000 not balanced. Max 2036 steps (0.0006 hrs). 21 sec
[Run 430] Ep 10000 not balanced. Max 2110 steps (0.0006 hrs). 12 sec
[Run 431] Ep 10000 not balanced. Max 1630 steps (0.0005 hrs). 12 sec
[Run 432] Ep 10000 not balanced. Max 2270 steps (0.0006 hrs). 30 sec
[Run 433] Ep 10000 not balanced. Max 2479 steps (0.0007 hrs). 29 sec
[Run 434] Ep 10000 not balanced. Max 2328 steps (0.0006 hrs). 14 sec
[Run 435] Ep 10000 not balanced. Max 7166 steps (0.0020 hrs). 27 sec
[Run 436] Ep 10000 not balanced. Max 5409 steps (0.0015 hrs). 19 sec
[Run 437] Ep 10000 not balanced. Max 3074 steps (0.0009 hrs). 30 sec
[Run 438] Ep 10000 not balanced. Max 2244 steps (0.0006 hrs). 22 sec
[Run 439] Ep 10000 not balanced. Max 2315 steps (0.0006 hrs). 23 sec
[Run 440] Ep 10000 not balanced. Max 2727 steps (0.0008 hrs). 25 sec
[Run 441] Ep 10000 not balanced. Max 1950 steps (0.0005 hrs). 16 sec
[Run 442] Ep 10000 not balanced. Max 2045 steps (0.0006 hrs). 30 sec
[Run 443] Ep 10000 not balanced. Max 2023 steps (0.0006 hrs). 30 sec
[Run 444] Ep 10000 not balanced. Max 2415 steps (0.0007 hrs). 29 sec
[Run 445] Ep 10000 not balanced. Max 1945 steps (0.0005 hrs). 29 sec
[Run 446] Ep 10000 not balanced. Max 1751 steps (0.0005 hrs). 13 sec
[Run 447] Ep 10000 not balanced. Max 3029 steps (0.0008 hrs). 29 sec
[Run 448] Ep 10000 not balanced. Max 2740 steps (0.0008 hrs). 30 sec
[Run 449] Ep 10000 not balanced. Max 2272 steps (0.0006 hrs). 29 sec
[Run 450] Ep 10000 not balanced. Max 1961 steps (0.0005 hrs). 25 sec
[Run 451] Ep 10000 not balanced. Max 1947 steps (0.0005 hrs). 26 sec
[Run 452] Ep 10000 not balanced. Max 1887 steps (0.0005 hrs). 25 sec
[Run 453] Ep 10000 not balanced. Max 1906 steps (0.0005 hrs). 30 sec
[Run 454] Ep 10000 not balanced. Max 2291 steps (0.0006 hrs). 13 sec
[Run 455] Ep 10000 not balanced. Max 1780 steps (0.0005 hrs). 12 sec
[Run 456] Ep 10000 not balanced. Max 2103 steps (0.0006 hrs). 22 sec
[Run 457] Ep 10000 not balanced. Max 2035 steps (0.0006 hrs). 29 sec
[Run 458] Ep 10000 not balanced. Max 1904 steps (0.0005 hrs). 30 sec
[Run 459] Ep 10000 not balanced. Max 1646 steps (0.0005 hrs). 14 sec
[Run 460] Ep 10000 not balanced. Max 1909 steps (0.0005 hrs). 29 sec
[Run 461] Ep 10000 not balanced. Max 1698 steps (0.0005 hrs). 13 sec
[Run 462] Ep 10000 not balanced. Max 1986 steps (0.0006 hrs). 30 sec
[Run 463] Ep 10000 not balanced. Max 3264 steps (0.0009 hrs). 41 sec
[Run 464] Ep 10000 not balanced. Max 2061 steps (0.0006 hrs). 26 sec
[Run 465] Ep 10000 not balanced. Max 2541 steps (0.0007 hrs). 29 sec
[Run 466] Ep 10000 not balanced. Max 2164 steps (0.0006 hrs). 27 sec
[Run 467] Ep 10000 not balanced. Max 2321 steps (0.0006 hrs). 30 sec
[Run 468] Ep 10000 not balanced. Max 1778 steps (0.0005 hrs). 11 sec
[Run 469] Ep 10000 not balanced. Max 2061 steps (0.0006 hrs). 28 sec
[Run 470] Ep 10000 not balanced. Max 2030 steps (0.0006 hrs). 24 sec
[Run 471] Ep 10000 not balanced. Max 2398 steps (0.0007 hrs). 30 sec
[Run 472] Ep 10000 not balanced. Max 2778 steps (0.0008 hrs). 30 sec
[Run 473] Ep 10000 not balanced. Max 1916 steps (0.0005 hrs). 15 sec
[Run 474] Ep 10000 not balanced. Max 2105 steps (0.0006 hrs). 30 sec
[Run 475] Ep 10000 not balanced. Max 2368 steps (0.0007 hrs). 30 sec
[Run 476] Ep 10000 not balanced. Max 1995 steps (0.0006 hrs). 22 sec
[Run 477] Ep 10000 not balanced. Max 1716 steps (0.0005 hrs). 25 sec
[Run 478] Ep 10000 not balanced. Max 2161 steps (0.0006 hrs). 30 sec
[Run 479] Ep 10000 not balanced. Max 2135 steps (0.0006 hrs). 27 sec
[Run 480] Ep 10000 not balanced. Max 2229 steps (0.0006 hrs). 24 sec
[Run 481] Ep 10000 not balanced. Max 2113 steps (0.0006 hrs). 13 sec
[Run 482] Ep 10000 not balanced. Max 2124 steps (0.0006 hrs). 26 sec
[Run 483] Ep 10000 not balanced. Max 1941 steps (0.0005 hrs). 30 sec
[Run 484] Ep 10000 not balanced. Max 2010 steps (0.0006 hrs). 29 sec
[Run 485] Ep 10000 not balanced. Max 2126 steps (0.0006 hrs). 27 sec
[Run 486] Ep 10000 not balanced. Max 8823 steps (0.0025 hrs). 31 sec
[Run 487] Ep 10000 not balanced. Max 2397 steps (0.0007 hrs). 28 sec
[Run 488] Ep 10000 not balanced. Max 2122 steps (0.0006 hrs). 14 sec
[Run 489] Ep 10000 not balanced. Max 1118 steps (0.0003 hrs). 10 sec
[Run 490] Ep 10000 not balanced. Max 1977 steps (0.0005 hrs). 27 sec
[Run 491] Ep 10000 not balanced. Max 1728 steps (0.0005 hrs). 29 sec
[Run 492] Ep 10000 not balanced. Max 2427 steps (0.0007 hrs). 30 sec
[Run 493] Ep 10000 not balanced. Max 2254 steps (0.0006 hrs). 30 sec
[Run 494] Ep 10000 not balanced. Max 1974 steps (0.0005 hrs). 25 sec
[Run 495] Ep 10000 not balanced. Max 1560 steps (0.0004 hrs). 12 sec
[Run 496] Ep 10000 not balanced. Max 2244 steps (0.0006 hrs). 29 sec
[Run 497] Ep 10000 not balanced. Max 2216 steps (0.0006 hrs). 28 sec
[Run 498] Ep 10000 not balanced. Max 2697 steps (0.0007 hrs). 30 sec
[Run 499] Ep 5504 balanced for 3600000 steps (1.0000 hrs). 60 sec
Wrote current weights to latest.weights
Total Elapsed time: 12496 seconds
Wrote current data to latest.train
