 
TRAINING AGAIN BUT WITHOUT GRAPHICS
balanced 0 test_flag 0
Run 1: Trial 10000 not balanced. Max 109 steps (0.000606 hours).
Run 2: Trial 10000 not balanced. Max 8964 steps (0.049800 hours).
Run 3: Trial 10000 not balanced. Max 3740 steps (0.020778 hours).
Run 4: Trial 10000 not balanced. Max 45 steps (0.000250 hours).
Run 5: Trial 10000 not balanced. Max 103 steps (0.000572 hours).
Run 6: Trial 10000 not balanced. Max 127 steps (0.000706 hours).
Run 7: Trial 10000 not balanced. Max 8926 steps (0.049589 hours).
Run 8: Trial 10000 not balanced. Max 123 steps (0.000683 hours).
Run 9: Trial 10000 not balanced. Max 56 steps (0.000311 hours).
Run 10: Trial 10000 not balanced. Max 137 steps (0.000761 hours).
Run 11: Trial 10000 not balanced. Max 52 steps (0.000289 hours).
Run 12: Trial 10000 not balanced. Max 125 steps (0.000694 hours).
Run 13: Trial 10000 not balanced. Max 110 steps (0.000611 hours).
Run 14: Trial 10000 not balanced. Max 124 steps (0.000689 hours).
Run 15: Trial 10000 not balanced. Max 104 steps (0.000578 hours).
Run 16: Trial 10000 not balanced. Max 132 steps (0.000733 hours).
Run 17: Trial 10000 not balanced. Max 91 steps (0.000506 hours).
Run 18: Trial 10000 not balanced. Max 424 steps (0.002356 hours).
Run 19: Trial 10000 not balanced. Max 115 steps (0.000639 hours).
Run 20: Trial 10000 not balanced. Max 123 steps (0.000683 hours).
Run 21: Trial 10000 not balanced. Max 127 steps (0.000706 hours).
Run 22: Trial 10000 not balanced. Max 123 steps (0.000683 hours).
Run 23: Trial 10000 not balanced. Max 3434 steps (0.019078 hours).
Run 24: Trial 10000 not balanced. Max 131 steps (0.000728 hours).
Run 25: Trial 10000 not balanced. Max 109 steps (0.000606 hours).
Run 26: Trial 10000 not balanced. Max 108 steps (0.000600 hours).
Run 27: Trial 10000 not balanced. Max 5146 steps (0.028589 hours).
Run 28: Trial 10000 not balanced. Max 53 steps (0.000294 hours).
Run 29: Trial 10000 not balanced. Max 6782 steps (0.037678 hours).
Run 30: Trial 10000 not balanced. Max 5671 steps (0.031506 hours).
Run 31: Trial 10000 not balanced. Max 123 steps (0.000683 hours).
Run 32: Trial 10000 not balanced. Max 105 steps (0.000583 hours).
Run 33: Trial 10000 not balanced. Max 46 steps (0.000256 hours).
Run 34: Trial 10000 not balanced. Max 61 steps (0.000339 hours).
Run 35: Trial 10000 not balanced. Max 382 steps (0.002122 hours).
Run 36: Trial 10000 not balanced. Max 119 steps (0.000661 hours).
Run 37: Trial 10000 not balanced. Max 2300 steps (0.012778 hours).
Run 38: Trial 10000 not balanced. Max 3170 steps (0.017611 hours).
Run 39: Trial 10000 not balanced. Max 105 steps (0.000583 hours).
Run 40: Trial 10000 not balanced. Max 131 steps (0.000728 hours).
Run 41: Trial 10000 not balanced. Max 46 steps (0.000256 hours).
Run 42: Trial 10000 not balanced. Max 117 steps (0.000650 hours).
Run 43: Trial 10000 not balanced. Max 117 steps (0.000650 hours).
Run 44: Trial 10000 not balanced. Max 101 steps (0.000561 hours).
Run 45: Trial 10000 not balanced. Max 956 steps (0.005311 hours).
Run 46: Trial 10000 not balanced. Max 127 steps (0.000706 hours).
Run 47: Trial 10000 not balanced. Max 93 steps (0.000517 hours).
Run 48: Trial 10000 not balanced. Max 123 steps (0.000683 hours).
Run 49: Trial 10000 not balanced. Max 123 steps (0.000683 hours).
Run 50: Trial 10000 not balanced. Max 123 steps (0.000683 hours).
Run 51: Trial 10000 not balanced. Max 140 steps (0.000778 hours).
Run 52: Trial 10000 not balanced. Max 120 steps (0.000667 hours).
Run 53: Trial 10000 not balanced. Max 85 steps (0.000472 hours).
Run 54: Trial 10000 not balanced. Max 117 steps (0.000650 hours).
Run 55: Trial 10000 not balanced. Max 143 steps (0.000794 hours).
Run 56: Trial 10000 not balanced. Max 127 steps (0.000706 hours).
Run 57: Trial 10000 not balanced. Max 110 steps (0.000611 hours).
Run 58: Trial 10000 not balanced. Max 55 steps (0.000306 hours).
Run 59: Trial 10000 not balanced. Max 103 steps (0.000572 hours).
Run 60: Trial 10000 not balanced. Max 9715 steps (0.053972 hours).
Run 61: Trial 10000 not balanced. Max 119 steps (0.000661 hours).
Run 62: Trial 10000 not balanced. Max 4415 steps (0.024528 hours).
Run 63: Trial 10000 not balanced. Max 116 steps (0.000644 hours).
Run 64: Trial 10000 not balanced. Max 126 steps (0.000700 hours).
Run 65: Trial 10000 not balanced. Max 114 steps (0.000633 hours).
Run 66: Trial 10000 not balanced. Max 119 steps (0.000661 hours).
Run 67: Trial 10000 not balanced. Max 45 steps (0.000250 hours).
Run 68: Trial 10000 not balanced. Max 63 steps (0.000350 hours).
Run 69: Trial 10000 not balanced. Max 129 steps (0.000717 hours).
Run 70: Trial 10000 not balanced. Max 120 steps (0.000667 hours).
Run 71: Trial 10000 not balanced. Max 121 steps (0.000672 hours).
Run 72: Trial 10000 not balanced. Max 101 steps (0.000561 hours).
Run 73: Trial 10000 not balanced. Max 120 steps (0.000667 hours).
Run 74: Trial 10000 not balanced. Max 811 steps (0.004506 hours).
Run 75: Trial 10000 not balanced. Max 136 steps (0.000756 hours).
Run 76: Trial 10000 not balanced. Max 2032 steps (0.011289 hours).
Run 77: Trial 10000 not balanced. Max 106 steps (0.000589 hours).
Run 78: Trial 10000 not balanced. Max 123 steps (0.000683 hours).
Run 79: Trial 10000 not balanced. Max 350 steps (0.001944 hours).
Run 80: Trial 10000 not balanced. Max 4576 steps (0.025422 hours).
Run 81: Trial 10000 not balanced. Max 70 steps (0.000389 hours).
Run 82: Trial 10000 not balanced. Max 102 steps (0.000567 hours).
Run 83: Trial 10000 not balanced. Max 118 steps (0.000656 hours).
Run 84: Trial 10000 not balanced. Max 111 steps (0.000617 hours).
Run 85: Trial 10000 not balanced. Max 119 steps (0.000661 hours).
Run 86: Trial 10000 not balanced. Max 1729 steps (0.009606 hours).
Run 87: Trial 10000 not balanced. Max 130 steps (0.000722 hours).
Run 88: Trial 10000 not balanced. Max 120 steps (0.000667 hours).
Run 89: Trial 10000 not balanced. Max 145 steps (0.000806 hours).
Run 90: Trial 10000 not balanced. Max 107 steps (0.000594 hours).
Run 91: Trial 10000 not balanced. Max 105 steps (0.000583 hours).
Run 92: Trial 10000 not balanced. Max 115 steps (0.000639 hours).
Run 93: Trial 10000 not balanced. Max 68 steps (0.000378 hours).
Run 94: Trial 10000 not balanced. Max 72 steps (0.000400 hours).
Run 95: Trial 10000 not balanced. Max 8212 steps (0.045622 hours).
Run 96: Trial 10000 not balanced. Max 93 steps (0.000517 hours).
Run 97: Trial 10000 not balanced. Max 1584 steps (0.008800 hours).
Run 98: Trial 10000 not balanced. Max 7482 steps (0.041567 hours).
Run 99: Trial 10000 not balanced. Max 116 steps (0.000644 hours).
Run 100: Trial 10000 not balanced. Max 311 steps (0.001728 hours).
Run 101: Trial 10000 not balanced. Max 106 steps (0.000589 hours).
Run 102: Trial 10000 not balanced. Max 109 steps (0.000606 hours).
Run 103: Trial 10000 not balanced. Max 2256 steps (0.012533 hours).
Run 104: Trial 10000 not balanced. Max 106 steps (0.000589 hours).
Run 105: Trial 10000 not balanced. Max 141 steps (0.000783 hours).
Run 106: Trial 10000 not balanced. Max 130 steps (0.000722 hours).
Run 107: Trial 10000 not balanced. Max 141 steps (0.000783 hours).
Run 108: Trial 10000 not balanced. Max 66 steps (0.000367 hours).
Run 109: Trial 10000 not balanced. Max 2106 steps (0.011700 hours).
Run 110: Trial 10000 not balanced. Max 139 steps (0.000772 hours).
Run 111: Trial 10000 not balanced. Max 48 steps (0.000267 hours).
Run 112: Trial 10000 not balanced. Max 122 steps (0.000678 hours).
Run 113: Trial 10000 not balanced. Max 117 steps (0.000650 hours).
Run 114: Trial 10000 not balanced. Max 112 steps (0.000622 hours).
Run 115: Trial 10000 not balanced. Max 46 steps (0.000256 hours).
Run 116: Trial 10000 not balanced. Max 108 steps (0.000600 hours).
Run 117: Trial 10000 not balanced. Max 137 steps (0.000761 hours).
Run 118: Trial 10000 not balanced. Max 144 steps (0.000800 hours).
Run 119: Trial 10000 not balanced. Max 126 steps (0.000700 hours).
Run 120: Trial 10000 not balanced. Max 101 steps (0.000561 hours).
Run 121: Trial 10000 not balanced. Max 138 steps (0.000767 hours).
Run 122: Trial 10000 not balanced. Max 1434 steps (0.007967 hours).
Run 123: Trial 10000 not balanced. Max 114 steps (0.000633 hours).
Run 124: Trial 10000 not balanced. Max 111 steps (0.000617 hours).
Run 125: Trial 10000 not balanced. Max 105 steps (0.000583 hours).
Run 126: Trial 10000 not balanced. Max 85 steps (0.000472 hours).
Run 127: Trial 10000 not balanced. Max 126 steps (0.000700 hours).
Run 128: Trial 10000 not balanced. Max 112 steps (0.000622 hours).
Run 129: Trial 10000 not balanced. Max 97 steps (0.000539 hours).
Run 130: Trial 10000 not balanced. Max 111 steps (0.000617 hours).
Run 131: Trial 10000 not balanced. Max 70 steps (0.000389 hours).
Run 132: Trial 10000 not balanced. Max 106 steps (0.000589 hours).
Run 133: Trial 10000 not balanced. Max 46 steps (0.000256 hours).
Run 134: Trial 10000 not balanced. Max 143 steps (0.000794 hours).
Run 135: Trial 10000 not balanced. Max 122 steps (0.000678 hours).
Run 136: Trial 10000 not balanced. Max 122 steps (0.000678 hours).
Run 137: Trial 10000 not balanced. Max 117 steps (0.000650 hours).
Run 138: Trial 10000 not balanced. Max 62 steps (0.000344 hours).
Run 139: Trial 10000 not balanced. Max 4439 steps (0.024661 hours).
Run 140: Trial 10000 not balanced. Max 183 steps (0.001017 hours).
Run 141: Trial 10000 not balanced. Max 108 steps (0.000600 hours).
Run 142: Trial 10000 not balanced. Max 121 steps (0.000672 hours).
Run 143: Trial 10000 not balanced. Max 56 steps (0.000311 hours).
Run 144: Trial 10000 not balanced. Max 97 steps (0.000539 hours).
Run 145: Trial 10000 not balanced. Max 2658 steps (0.014767 hours).
Run 146: Trial 10000 not balanced. Max 156 steps (0.000867 hours).
Run 147: Trial 10000 not balanced. Max 104 steps (0.000578 hours).
Run 148: Trial 10000 not balanced. Max 6380 steps (0.035444 hours).
Run 149: Trial 10000 not balanced. Max 148 steps (0.000822 hours).
Run 150: Trial 10000 not balanced. Max 129 steps (0.000717 hours).
Run 151: Trial 10000 not balanced. Max 47 steps (0.000261 hours).
Run 152: Trial 10000 not balanced. Max 3715 steps (0.020639 hours).
Run 153: Trial 10000 not balanced. Max 112 steps (0.000622 hours).
Run 154: Trial 10000 not balanced. Max 11027 steps (0.061261 hours).
Run 155: Trial 10000 not balanced. Max 45 steps (0.000250 hours).
Run 156: Trial 10000 not balanced. Max 62 steps (0.000344 hours).
Run 157: Trial 10000 not balanced. Max 2561 steps (0.014228 hours).
Run 158: Trial 10000 not balanced. Max 1004 steps (0.005578 hours).
Run 159: Trial 10000 not balanced. Max 52 steps (0.000289 hours).
Run 160: Trial 10000 not balanced. Max 111 steps (0.000617 hours).
Run 161: Trial 10000 not balanced. Max 104 steps (0.000578 hours).
Run 162: Trial 10000 not balanced. Max 113 steps (0.000628 hours).
Run 163: Trial 10000 not balanced. Max 134 steps (0.000744 hours).
Run 164: Trial 10000 not balanced. Max 133 steps (0.000739 hours).
Run 165: Trial 10000 not balanced. Max 101 steps (0.000561 hours).
Run 166: Trial 10000 not balanced. Max 114 steps (0.000633 hours).
Run 167: Trial 10000 not balanced. Max 97 steps (0.000539 hours).
Run 168: Trial 10000 not balanced. Max 740 steps (0.004111 hours).
Run 169: Trial 10000 not balanced. Max 5320 steps (0.029556 hours).
Run 170: Trial 10000 not balanced. Max 123 steps (0.000683 hours).
Run 171: Trial 10000 not balanced. Max 114 steps (0.000633 hours).
Run 172: Trial 10000 not balanced. Max 100 steps (0.000556 hours).
Run 173: Trial 10000 not balanced. Max 115 steps (0.000639 hours).
Run 174: Trial 10000 not balanced. Max 77 steps (0.000428 hours).
Run 175: Trial 10000 not balanced. Max 131 steps (0.000728 hours).
Run 176: Trial 10000 not balanced. Max 145 steps (0.000806 hours).
Run 177: Trial 10000 not balanced. Max 62 steps (0.000344 hours).
Run 178: Trial 10000 not balanced. Max 113 steps (0.000628 hours).
Run 179: Trial 10000 not balanced. Max 129 steps (0.000717 hours).
Run 180: Trial 10000 not balanced. Max 141 steps (0.000783 hours).
Run 181: Trial 10000 not balanced. Max 111 steps (0.000617 hours).
Run 182: Trial 10000 not balanced. Max 2680 steps (0.014889 hours).
Run 183: Trial 10000 not balanced. Max 122 steps (0.000678 hours).
Run 184: Trial 10000 not balanced. Max 106 steps (0.000589 hours).
Run 185: Trial 10000 not balanced. Max 83 steps (0.000461 hours).
Run 186: Trial 10000 not balanced. Max 113 steps (0.000628 hours).
Run 187: Trial 10000 not balanced. Max 131 steps (0.000728 hours).
Run 188: Trial 10000 not balanced. Max 5394 steps (0.029967 hours).
Run 189: Trial 10000 not balanced. Max 115 steps (0.000639 hours).
Run 190: Trial 10000 not balanced. Max 106 steps (0.000589 hours).
Run 191: Trial 10000 not balanced. Max 115 steps (0.000639 hours).
Run 192: Trial 10000 not balanced. Max 4620 steps (0.025667 hours).
Run 193: Trial 10000 not balanced. Max 60 steps (0.000333 hours).
Run 194: Trial 10000 not balanced. Max 146 steps (0.000811 hours).
Run 195: Trial 10000 not balanced. Max 128 steps (0.000711 hours).
Run 196: Trial 10000 not balanced. Max 116 steps (0.000644 hours).
Run 197: Trial 10000 not balanced. Max 123 steps (0.000683 hours).
Run 198: Trial 10000 not balanced. Max 102 steps (0.000567 hours).
Run 199: Trial 10000 not balanced. Max 58 steps (0.000322 hours).
Run 200: Trial 10000 not balanced. Max 1498 steps (0.008322 hours).
Run 201: Trial 10000 not balanced. Max 107 steps (0.000594 hours).
Run 202: Trial 10000 not balanced. Max 125 steps (0.000694 hours).
Run 203: Trial 10000 not balanced. Max 126 steps (0.000700 hours).
Run 204: Trial 10000 not balanced. Max 93 steps (0.000517 hours).
Run 205: Trial 10000 not balanced. Max 45 steps (0.000250 hours).
Run 206: Trial 10000 not balanced. Max 124 steps (0.000689 hours).
Run 207: Trial 10000 not balanced. Max 3663 steps (0.020350 hours).
Run 208: Trial 10000 not balanced. Max 60 steps (0.000333 hours).
Run 209: Trial 10000 not balanced. Max 135 steps (0.000750 hours).
Run 210: Trial 10000 not balanced. Max 120 steps (0.000667 hours).
Run 211: Trial 10000 not balanced. Max 119 steps (0.000661 hours).
Run 212: Trial 10000 not balanced. Max 111 steps (0.000617 hours).
Run 213: Trial 10000 not balanced. Max 107 steps (0.000594 hours).
Run 214: Trial 10000 not balanced. Max 125 steps (0.000694 hours).
Run 215: Trial 10000 not balanced. Max 117 steps (0.000650 hours).
Run 216: Trial 10000 not balanced. Max 68 steps (0.000378 hours).
Run 217: Trial 10000 not balanced. Max 133 steps (0.000739 hours).
Run 218: Trial 10000 not balanced. Max 116 steps (0.000644 hours).
Run 219: Trial 10000 not balanced. Max 112 steps (0.000622 hours).
Run 220: Trial 10000 not balanced. Max 138 steps (0.000767 hours).
Run 221: Trial 10000 not balanced. Max 109 steps (0.000606 hours).
Run 222: Trial 10000 not balanced. Max 105 steps (0.000583 hours).
Run 223: Trial 10000 not balanced. Max 133 steps (0.000739 hours).
Run 224: Trial 10000 not balanced. Max 159 steps (0.000883 hours).
Run 225: Trial 10000 not balanced. Max 2306 steps (0.012811 hours).
Run 226: Trial 10000 not balanced. Max 6005 steps (0.033361 hours).
Run 227: Trial 10000 not balanced. Max 150 steps (0.000833 hours).
Run 228: Trial 10000 not balanced. Max 134 steps (0.000744 hours).
Run 229: Trial 10000 not balanced. Max 8519 steps (0.047328 hours).
Run 230: Trial 10000 not balanced. Max 115 steps (0.000639 hours).
Run 231: Trial 10000 not balanced. Max 124 steps (0.000689 hours).
Run 232: Trial 10000 not balanced. Max 2824 steps (0.015689 hours).
Run 233: Trial 10000 not balanced. Max 83 steps (0.000461 hours).
Run 234: Trial 10000 not balanced. Max 3382 steps (0.018789 hours).
Run 235: Trial 10000 not balanced. Max 54 steps (0.000300 hours).
Run 236: Trial 10000 not balanced. Max 106 steps (0.000589 hours).
Run 237: Trial 10000 not balanced. Max 4739 steps (0.026328 hours).
Run 238: Trial 10000 not balanced. Max 125 steps (0.000694 hours).
Run 239: Trial 10000 not balanced. Max 152 steps (0.000844 hours).
Run 240: Trial 10000 not balanced. Max 125 steps (0.000694 hours).
Run 241: Trial 10000 not balanced. Max 112 steps (0.000622 hours).
Run 242: Trial 10000 not balanced. Max 122 steps (0.000678 hours).
Run 243: Trial 10000 not balanced. Max 118 steps (0.000656 hours).
Run 244: Trial 10000 not balanced. Max 136 steps (0.000756 hours).
Run 245: Trial 10000 not balanced. Max 129 steps (0.000717 hours).
Run 246: Trial 10000 not balanced. Max 155 steps (0.000861 hours).
Run 247: Trial 10000 not balanced. Max 111 steps (0.000617 hours).
Run 248: Trial 10000 not balanced. Max 110 steps (0.000611 hours).
Run 249: Trial 10000 not balanced. Max 122 steps (0.000678 hours).
Run 250: Trial 10000 not balanced. Max 115 steps (0.000639 hours).
Run 251: Trial 10000 not balanced. Max 93 steps (0.000517 hours).
Run 252: Trial 10000 not balanced. Max 135 steps (0.000750 hours).
Run 253: Trial 10000 not balanced. Max 129 steps (0.000717 hours).
Run 254: Trial 10000 not balanced. Max 4033 steps (0.022406 hours).
Run 255: Trial 10000 not balanced. Max 114 steps (0.000633 hours).
Run 256: Trial 10000 not balanced. Max 5444 steps (0.030244 hours).
Run 257: Trial 10000 not balanced. Max 2102 steps (0.011678 hours).
Run 258: Trial 10000 not balanced. Max 97 steps (0.000539 hours).
Run 259: Trial 10000 not balanced. Max 105 steps (0.000583 hours).
Run 260: Trial 10000 not balanced. Max 117 steps (0.000650 hours).
Run 261: Trial 10000 not balanced. Max 88 steps (0.000489 hours).
Run 262: Trial 10000 not balanced. Max 12507 steps (0.069483 hours).
Run 263: Trial 10000 not balanced. Max 53 steps (0.000294 hours).
Run 264: Trial 10000 not balanced. Max 118 steps (0.000656 hours).
Run 265: Trial 10000 not balanced. Max 73 steps (0.000406 hours).
Run 266: Trial 10000 not balanced. Max 2294 steps (0.012744 hours).
Run 267: Trial 10000 not balanced. Max 123 steps (0.000683 hours).
Run 268: Trial 10000 not balanced. Max 109 steps (0.000606 hours).
Run 269: Trial 10000 not balanced. Max 137 steps (0.000761 hours).
Run 270: Trial 10000 not balanced. Max 117 steps (0.000650 hours).
Run 271: Trial 10000 not balanced. Max 128 steps (0.000711 hours).
Run 272: Trial 10000 not balanced. Max 128 steps (0.000711 hours).
Run 273: Trial 10000 not balanced. Max 123 steps (0.000683 hours).
Run 274: Trial 10000 not balanced. Max 104 steps (0.000578 hours).
Run 275: Trial 10000 not balanced. Max 738 steps (0.004100 hours).
Run 276: Trial 10000 not balanced. Max 123 steps (0.000683 hours).
Run 277: Trial 10000 not balanced. Max 116 steps (0.000644 hours).
Run 278: Trial 10000 not balanced. Max 112 steps (0.000622 hours).
Run 279: Trial 10000 not balanced. Max 2131 steps (0.011839 hours).
Run 280: Trial 10000 not balanced. Max 119 steps (0.000661 hours).
Run 281: Trial 10000 not balanced. Max 110 steps (0.000611 hours).
Run 282: Trial 10000 not balanced. Max 104 steps (0.000578 hours).
Run 283: Trial 10000 not balanced. Max 2128 steps (0.011822 hours).
Run 284: Trial 10000 not balanced. Max 105 steps (0.000583 hours).
Run 285: Trial 9240 balanced for 100000 steps (0.555556 hours).
Wrote current weights to latest.weights
Wrote current data to latest.train
2176.680u 304.023s 1:58:49.31 34.7%	0+0k 0+22795536io 0pf+0w
 
TESTING USING THE TRAINED WEIGHTS
