Run 1:
Pole not balanced. Stopping after 10000 failures 
Max steps: 549
Elapsed time is 168.525248 seconds.
Run 2:
Pole not balanced. Stopping after 10000 failures 
Max steps: 512
Elapsed time is 169.677212 seconds.
Run 3:
Pole not balanced. Stopping after 10000 failures 
Max steps: 454
Elapsed time is 171.901185 seconds.
Run 4:
Pole not balanced. Stopping after 10000 failures 
Max steps: 592
Elapsed time is 165.306564 seconds.
Run 5:
Pole not balanced. Stopping after 10000 failures 
Max steps: 660
Elapsed time is 169.377920 seconds.
Run 6:
Pole not balanced. Stopping after 10000 failures 
Max steps: 846
Elapsed time is 169.696583 seconds.
Run 7:
Pole not balanced. Stopping after 10000 failures 
Max steps: 696
Elapsed time is 174.796436 seconds.
Run 8:
Pole not balanced. Stopping after 10000 failures 
Max steps: 596
Elapsed time is 169.566809 seconds.
Run 9:
Pole not balanced. Stopping after 10000 failures 
Max steps: 735
Elapsed time is 173.692772 seconds.
Run 10:
Pole not balanced. Stopping after 10000 failures 
Max steps: 573
Elapsed time is 169.840438 seconds.
Elapsed time is 1702.472858 seconds.
Success rate: 0 (0/10)
Final Max Steps: 846