balanced 0 test_flag 0
[Run 1] Ep 10000 not balanced. Max 2020 steps (0.0006 hrs). 23 sec
[Run 2] Ep 10000 not balanced. Max 2061 steps (0.0006 hrs). 25 sec
[Run 3] Ep 10000 not balanced. Max 8768 steps (0.0024 hrs). 20 sec
[Run 4] Ep 10000 not balanced. Max 21461 steps (0.0060 hrs). 45 sec
[Run 5] Ep 10000 not balanced. Max 2334 steps (0.0006 hrs). 19 sec
[Run 6] Ep 10000 not balanced. Max 2787 steps (0.0008 hrs). 22 sec
[Run 7] Ep 10000 not balanced. Max 6087 steps (0.0017 hrs). 19 sec
[Run 8] Ep 10000 not balanced. Max 2334 steps (0.0006 hrs). 18 sec
[Run 9] Ep 10000 not balanced. Max 2895 steps (0.0008 hrs). 21 sec
[Run 10] Ep 10000 not balanced. Max 2219 steps (0.0006 hrs). 23 sec
[Run 11] Ep 10000 not balanced. Max 2459 steps (0.0007 hrs). 25 sec
[Run 12] Ep 10000 not balanced. Max 2581 steps (0.0007 hrs). 18 sec
[Run 13] Ep 10000 not balanced. Max 2832 steps (0.0008 hrs). 22 sec
[Run 14] Ep 10000 not balanced. Max 2206 steps (0.0006 hrs). 21 sec
[Run 15] Ep 10000 not balanced. Max 2331 steps (0.0006 hrs). 21 sec
[Run 16] Ep 10000 not balanced. Max 2917 steps (0.0008 hrs). 24 sec
[Run 17] Ep 10000 not balanced. Max 5010 steps (0.0014 hrs). 18 sec
[Run 18] Ep 10000 not balanced. Max 51958 steps (0.0144 hrs). 28 sec
[Run 19] Ep 10000 not balanced. Max 6087 steps (0.0017 hrs). 20 sec
[Run 20] Ep 10000 not balanced. Max 2550 steps (0.0007 hrs). 24 sec
[Run 21] Ep 10000 not balanced. Max 3295 steps (0.0009 hrs). 20 sec
[Run 22] Ep 10000 not balanced. Max 2956 steps (0.0008 hrs). 23 sec
[Run 23] Ep 10000 not balanced. Max 12039 steps (0.0033 hrs). 27 sec
[Run 24] Ep 10000 not balanced. Max 2440 steps (0.0007 hrs). 25 sec
[Run 25] Ep 10000 not balanced. Max 1577053 steps (0.4381 hrs). 41 sec
[Run 26] Ep 10000 not balanced. Max 2466 steps (0.0007 hrs). 23 sec
[Run 27] Ep 10000 not balanced. Max 778497 steps (0.2162 hrs). 28 sec
[Run 28] Ep 10000 not balanced. Max 2474 steps (0.0007 hrs). 25 sec
[Run 29] Ep 10000 not balanced. Max 3015 steps (0.0008 hrs). 21 sec
[Run 30] Ep 10000 not balanced. Max 5746 steps (0.0016 hrs). 18 sec
[Run 31] Ep 10000 not balanced. Max 2392 steps (0.0007 hrs). 20 sec
[Run 32] Ep 10000 not balanced. Max 3974 steps (0.0011 hrs). 20 sec
[Run 33] Ep 10000 not balanced. Max 6924 steps (0.0019 hrs). 17 sec
[Run 34] Ep 10000 not balanced. Max 3207 steps (0.0009 hrs). 21 sec
[Run 35] Ep 10000 not balanced. Max 2138 steps (0.0006 hrs). 19 sec
[Run 36] Ep 10000 not balanced. Max 2267 steps (0.0006 hrs). 25 sec
[Run 37] Ep 10000 not balanced. Max 712461 steps (0.1979 hrs). 38 sec
[Run 38] Ep 10000 not balanced. Max 1374 steps (0.0004 hrs). 8 sec
[Run 39] Ep 10000 not balanced. Max 2137 steps (0.0006 hrs). 16 sec
[Run 40] Ep 10000 not balanced. Max 2931 steps (0.0008 hrs). 24 sec
[Run 41] Ep 10000 not balanced. Max 1813 steps (0.0005 hrs). 19 sec
[Run 42] Ep 10000 not balanced. Max 2339 steps (0.0006 hrs). 22 sec
[Run 43] Ep 10000 not balanced. Max 3015 steps (0.0008 hrs). 20 sec
[Run 44] Ep 10000 not balanced. Max 2603 steps (0.0007 hrs). 18 sec
[Run 45] Ep 10000 not balanced. Max 2127 steps (0.0006 hrs). 22 sec
[Run 46] Ep 10000 not balanced. Max 6884 steps (0.0019 hrs). 21 sec
[Run 47] Ep 10000 not balanced. Max 11443 steps (0.0032 hrs). 19 sec
[Run 48] Ep 10000 not balanced. Max 1944 steps (0.0005 hrs). 12 sec
[Run 49] Ep 10000 not balanced. Max 1690 steps (0.0005 hrs). 10 sec
[Run 50] Ep 10000 not balanced. Max 7726 steps (0.0021 hrs). 24 sec
[Run 51] Ep 10000 not balanced. Max 2057 steps (0.0006 hrs). 18 sec
[Run 52] Ep 10000 not balanced. Max 2344 steps (0.0007 hrs). 23 sec
[Run 53] Ep 10000 not balanced. Max 2430 steps (0.0007 hrs). 21 sec
[Run 54] Ep 10000 not balanced. Max 5807 steps (0.0016 hrs). 22 sec
[Run 55] Ep 10000 not balanced. Max 2002 steps (0.0006 hrs). 21 sec
[Run 56] Ep 10000 not balanced. Max 4362 steps (0.0012 hrs). 23 sec
[Run 57] Ep 10000 not balanced. Max 2413 steps (0.0007 hrs). 21 sec
[Run 58] Ep 10000 not balanced. Max 1360 steps (0.0004 hrs). 8 sec
[Run 59] Ep 10000 not balanced. Max 2198 steps (0.0006 hrs). 23 sec
[Run 60] Ep 10000 not balanced. Max 2228 steps (0.0006 hrs). 20 sec
[Run 61] Ep 10000 not balanced. Max 11744 steps (0.0033 hrs). 34 sec
[Run 62] Ep 10000 not balanced. Max 4375 steps (0.0012 hrs). 22 sec
[Run 63] Ep 10000 not balanced. Max 1194800 steps (0.3319 hrs). 43 sec
[Run 64] Ep 10000 not balanced. Max 3283 steps (0.0009 hrs). 22 sec
[Run 65] Ep 10000 not balanced. Max 136540 steps (0.0379 hrs). 42 sec
[Run 66] Ep 10000 not balanced. Max 2608 steps (0.0007 hrs). 21 sec
[Run 67] Ep 10000 not balanced. Max 2259 steps (0.0006 hrs). 19 sec
[Run 68] Ep 10000 not balanced. Max 1825 steps (0.0005 hrs). 20 sec
[Run 69] Ep 10000 not balanced. Max 43203 steps (0.0120 hrs). 44 sec
[Run 70] Ep 10000 not balanced. Max 3933 steps (0.0011 hrs). 22 sec
[Run 71] Ep 10000 not balanced. Max 2216 steps (0.0006 hrs). 24 sec
[Run 72] Ep 10000 not balanced. Max 1854 steps (0.0005 hrs). 24 sec
[Run 73] Ep 10000 not balanced. Max 2538 steps (0.0007 hrs). 19 sec
[Run 74] Ep 10000 not balanced. Max 8096 steps (0.0022 hrs). 20 sec
[Run 75] Ep 10000 not balanced. Max 2743 steps (0.0008 hrs). 18 sec
[Run 76] Ep 10000 not balanced. Max 2781 steps (0.0008 hrs). 25 sec
[Run 77] Ep 10000 not balanced. Max 4852 steps (0.0013 hrs). 19 sec
[Run 78] Ep 10000 not balanced. Max 1965 steps (0.0005 hrs). 19 sec
[Run 79] Ep 10000 not balanced. Max 26242 steps (0.0073 hrs). 32 sec
[Run 80] Ep 10000 not balanced. Max 2799 steps (0.0008 hrs). 23 sec
[Run 81] Ep 10000 not balanced. Max 27440 steps (0.0076 hrs). 23 sec
[Run 82] Ep 10000 not balanced. Max 2251 steps (0.0006 hrs). 20 sec
[Run 83] Ep 10000 not balanced. Max 2375 steps (0.0007 hrs). 10 sec
[Run 84] Ep 10000 not balanced. Max 2099 steps (0.0006 hrs). 24 sec
[Run 85] Ep 10000 not balanced. Max 2138 steps (0.0006 hrs). 25 sec
[Run 86] Ep 10000 not balanced. Max 6446 steps (0.0018 hrs). 25 sec
[Run 87] Ep 10000 not balanced. Max 8963 steps (0.0025 hrs). 21 sec
[Run 88] Ep 10000 not balanced. Max 3098 steps (0.0009 hrs). 18 sec
[Run 89] Ep 10000 not balanced. Max 2160 steps (0.0006 hrs). 22 sec
[Run 90] Ep 10000 not balanced. Max 1982 steps (0.0006 hrs). 24 sec
[Run 91] Ep 10000 not balanced. Max 39730 steps (0.0110 hrs). 25 sec
[Run 92] Ep 10000 not balanced. Max 11608 steps (0.0032 hrs). 20 sec
[Run 93] Ep 10000 not balanced. Max 356917 steps (0.0991 hrs). 39 sec
[Run 94] Ep 10000 not balanced. Max 2842 steps (0.0008 hrs). 23 sec
[Run 95] Ep 10000 not balanced. Max 13599 steps (0.0038 hrs). 33 sec
[Run 96] Ep 10000 not balanced. Max 2290 steps (0.0006 hrs). 24 sec
[Run 97] Ep 10000 not balanced. Max 2467 steps (0.0007 hrs). 24 sec
[Run 98] Ep 10000 not balanced. Max 2289 steps (0.0006 hrs). 18 sec
[Run 99] Ep 10000 not balanced. Max 3507 steps (0.0010 hrs). 24 sec
[Run 100] Ep 10000 not balanced. Max 1935 steps (0.0005 hrs). 13 sec
[Run 101] Ep 10000 not balanced. Max 3078 steps (0.0009 hrs). 19 sec
[Run 102] Ep 10000 not balanced. Max 68942 steps (0.0192 hrs). 46 sec
[Run 103] Ep 10000 not balanced. Max 2182 steps (0.0006 hrs). 18 sec
[Run 104] Ep 10000 not balanced. Max 2218 steps (0.0006 hrs). 24 sec
[Run 105] Ep 10000 not balanced. Max 2528 steps (0.0007 hrs). 19 sec
[Run 106] Ep 10000 not balanced. Max 2405 steps (0.0007 hrs). 17 sec
[Run 107] Ep 10000 not balanced. Max 3455 steps (0.0010 hrs). 20 sec
[Run 108] Ep 10000 not balanced. Max 29321 steps (0.0081 hrs). 27 sec
[Run 109] Ep 10000 not balanced. Max 2065 steps (0.0006 hrs). 22 sec
[Run 110] Ep 10000 not balanced. Max 3969 steps (0.0011 hrs). 10 sec
[Run 111] Ep 10000 not balanced. Max 6199 steps (0.0017 hrs). 24 sec
[Run 112] Ep 10000 not balanced. Max 2253 steps (0.0006 hrs). 17 sec
[Run 113] Ep 10000 not balanced. Max 2539 steps (0.0007 hrs). 19 sec
[Run 114] Ep 10000 not balanced. Max 2119 steps (0.0006 hrs). 17 sec
[Run 115] Ep 10000 not balanced. Max 2621 steps (0.0007 hrs). 20 sec
[Run 116] Ep 10000 not balanced. Max 2705 steps (0.0008 hrs). 27 sec
[Run 117] Ep 10000 not balanced. Max 3626 steps (0.0010 hrs). 11 sec
[Run 118] Ep 10000 not balanced. Max 2531 steps (0.0007 hrs). 18 sec
[Run 119] Ep 10000 not balanced. Max 2064 steps (0.0006 hrs). 17 sec
[Run 120] Ep 10000 not balanced. Max 5419 steps (0.0015 hrs). 13 sec
[Run 121] Ep 10000 not balanced. Max 2529 steps (0.0007 hrs). 20 sec
[Run 122] Ep 10000 not balanced. Max 2089 steps (0.0006 hrs). 24 sec
[Run 123] Ep 10000 not balanced. Max 2493 steps (0.0007 hrs). 21 sec
[Run 124] Ep 10000 not balanced. Max 11408 steps (0.0032 hrs). 21 sec
[Run 125] Ep 10000 not balanced. Max 1888 steps (0.0005 hrs). 15 sec
[Run 126] Ep 10000 not balanced. Max 3931 steps (0.0011 hrs). 24 sec
[Run 127] Ep 10000 not balanced. Max 2576 steps (0.0007 hrs). 20 sec
[Run 128] Ep 10000 not balanced. Max 13527 steps (0.0038 hrs). 39 sec
[Run 129] Ep 10000 not balanced. Max 941284 steps (0.2615 hrs). 36 sec
[Run 130] Ep 10000 not balanced. Max 84909 steps (0.0236 hrs). 29 sec
[Run 131] Ep 10000 not balanced. Max 4408 steps (0.0012 hrs). 19 sec
[Run 132] Ep 10000 not balanced. Max 2542 steps (0.0007 hrs). 25 sec
[Run 133] Ep 10000 not balanced. Max 3678 steps (0.0010 hrs). 23 sec
[Run 134] Ep 10000 not balanced. Max 12890 steps (0.0036 hrs). 17 sec
[Run 135] Ep 1994 balanced for 3600000 steps (1.0000 hrs). 45 sec
Wrote current weights to latest.weights
Total Elapsed time: 3052 seconds
Wrote current data to latest.train
