balanced 0 test_flag 0
[Run 1] Ep 10000 not balanced. Max 2549 steps (0.0007 hrs). 24 sec
[Run 2] Ep 10000 not balanced. Max 108 steps (0.0000 hrs). 9 sec
[Run 3] Ep 10000 not balanced. Max 2320 steps (0.0006 hrs). 25 sec
[Run 4] Ep 10000 not balanced. Max 2481 steps (0.0007 hrs). 25 sec
[Run 5] Ep 10000 not balanced. Max 260 steps (0.0001 hrs). 12 sec
[Run 6] Ep 10000 not balanced. Max 1862 steps (0.0005 hrs). 22 sec
[Run 7] Ep 10000 not balanced. Max 2607 steps (0.0007 hrs). 25 sec
[Run 8] Ep 10000 not balanced. Max 2499 steps (0.0007 hrs). 26 sec
[Run 9] Ep 10000 not balanced. Max 2709 steps (0.0008 hrs). 26 sec
[Run 10] Ep 10000 not balanced. Max 2775 steps (0.0008 hrs). 25 sec
[Run 11] Ep 10000 not balanced. Max 2176 steps (0.0006 hrs). 25 sec
[Run 12] Ep 10000 not balanced. Max 2383 steps (0.0007 hrs). 25 sec
[Run 13] Ep 10000 not balanced. Max 2051 steps (0.0006 hrs). 30 sec
[Run 14] Ep 10000 not balanced. Max 28753 steps (0.0080 hrs). 43 sec
[Run 15] Ep 10000 not balanced. Max 168 steps (0.0000 hrs). 9 sec
[Run 16] Ep 10000 not balanced. Max 2903 steps (0.0008 hrs). 24 sec
[Run 17] Ep 10000 not balanced. Max 175 steps (0.0000 hrs). 9 sec
[Run 18] Ep 10000 not balanced. Max 2461 steps (0.0007 hrs). 25 sec
[Run 19] Ep 10000 not balanced. Max 2159 steps (0.0006 hrs). 33 sec
[Run 20] Ep 10000 not balanced. Max 2384 steps (0.0007 hrs). 21 sec
[Run 21] Ep 10000 not balanced. Max 2104 steps (0.0006 hrs). 26 sec
[Run 22] Ep 10000 not balanced. Max 1996 steps (0.0006 hrs). 24 sec
[Run 23] Ep 10000 not balanced. Max 2696 steps (0.0007 hrs). 31 sec
[Run 24] Ep 10000 not balanced. Max 2020 steps (0.0006 hrs). 25 sec
[Run 25] Ep 10000 not balanced. Max 1916 steps (0.0005 hrs). 26 sec
[Run 26] Ep 10000 not balanced. Max 2296 steps (0.0006 hrs). 25 sec
[Run 27] Ep 10000 not balanced. Max 2389 steps (0.0007 hrs). 26 sec
[Run 28] Ep 10000 not balanced. Max 2963 steps (0.0008 hrs). 26 sec
[Run 29] Ep 10000 not balanced. Max 2220 steps (0.0006 hrs). 33 sec
[Run 30] Ep 10000 not balanced. Max 2036 steps (0.0006 hrs). 26 sec
[Run 31] Ep 10000 not balanced. Max 2244 steps (0.0006 hrs). 25 sec
[Run 32] Ep 10000 not balanced. Max 2066 steps (0.0006 hrs). 24 sec
[Run 33] Ep 10000 not balanced. Max 2064 steps (0.0006 hrs). 18 sec
[Run 34] Ep 10000 not balanced. Max 2890 steps (0.0008 hrs). 25 sec
[Run 35] Ep 10000 not balanced. Max 2051 steps (0.0006 hrs). 26 sec
[Run 36] Ep 10000 not balanced. Max 2207 steps (0.0006 hrs). 25 sec
[Run 37] Ep 10000 not balanced. Max 261 steps (0.0001 hrs). 18 sec
[Run 38] Ep 10000 not balanced. Max 2291 steps (0.0006 hrs). 38 sec
[Run 39] Ep 10000 not balanced. Max 2281 steps (0.0006 hrs). 24 sec
[Run 40] Ep 10000 not balanced. Max 2516 steps (0.0007 hrs). 29 sec
[Run 41] Ep 10000 not balanced. Max 2242 steps (0.0006 hrs). 33 sec
[Run 42] Ep 10000 not balanced. Max 2172 steps (0.0006 hrs). 27 sec
[Run 43] Ep 10000 not balanced. Max 2512 steps (0.0007 hrs). 25 sec
[Run 44] Ep 10000 not balanced. Max 82 steps (0.0000 hrs). 10 sec
[Run 45] Ep 10000 not balanced. Max 12081 steps (0.0034 hrs). 26 sec
[Run 46] Ep 10000 not balanced. Max 2266 steps (0.0006 hrs). 25 sec
[Run 47] Ep 10000 not balanced. Max 2671 steps (0.0007 hrs). 25 sec
[Run 48] Ep 10000 not balanced. Max 175995 steps (0.0489 hrs). 27 sec
[Run 49] Ep 10000 not balanced. Max 2169 steps (0.0006 hrs). 16 sec
[Run 50] Ep 10000 not balanced. Max 124 steps (0.0000 hrs). 9 sec
[Run 51] Ep 10000 not balanced. Max 2419 steps (0.0007 hrs). 25 sec
[Run 52] Ep 10000 not balanced. Max 2060 steps (0.0006 hrs). 25 sec
[Run 53] Ep 10000 not balanced. Max 2470 steps (0.0007 hrs). 22 sec
[Run 54] Ep 10000 not balanced. Max 4016 steps (0.0011 hrs). 12 sec
[Run 55] Ep 10000 not balanced. Max 2241 steps (0.0006 hrs). 24 sec
[Run 56] Ep 10000 not balanced. Max 172 steps (0.0000 hrs). 10 sec
[Run 57] Ep 10000 not balanced. Max 1864 steps (0.0005 hrs). 38 sec
[Run 58] Ep 10000 not balanced. Max 6189 steps (0.0017 hrs). 10 sec
[Run 59] Ep 10000 not balanced. Max 3585 steps (0.0010 hrs). 25 sec
[Run 60] Ep 10000 not balanced. Max 583 steps (0.0002 hrs). 11 sec
[Run 61] Ep 10000 not balanced. Max 2179 steps (0.0006 hrs). 23 sec
[Run 62] Ep 10000 not balanced. Max 2382 steps (0.0007 hrs). 14 sec
[Run 63] Ep 10000 not balanced. Max 2397 steps (0.0007 hrs). 24 sec
[Run 64] Ep 10000 not balanced. Max 15822 steps (0.0044 hrs). 23 sec
[Run 65] Ep 10000 not balanced. Max 2079 steps (0.0006 hrs). 22 sec
[Run 66] Ep 10000 not balanced. Max 2276 steps (0.0006 hrs). 25 sec
[Run 67] Ep 10000 not balanced. Max 2218 steps (0.0006 hrs). 20 sec
[Run 68] Ep 10000 not balanced. Max 6285 steps (0.0017 hrs). 19 sec
[Run 69] Ep 10000 not balanced. Max 713 steps (0.0002 hrs). 9 sec
[Run 70] Ep 10000 not balanced. Max 1965 steps (0.0005 hrs). 27 sec
[Run 71] Ep 10000 not balanced. Max 2255 steps (0.0006 hrs). 25 sec
[Run 72] Ep 10000 not balanced. Max 2734 steps (0.0008 hrs). 23 sec
[Run 73] Ep 10000 not balanced. Max 1767 steps (0.0005 hrs). 21 sec
[Run 74] Ep 10000 not balanced. Max 2164 steps (0.0006 hrs). 18 sec
[Run 75] Ep 10000 not balanced. Max 9818 steps (0.0027 hrs). 25 sec
[Run 76] Ep 10000 not balanced. Max 3228 steps (0.0009 hrs). 25 sec
[Run 77] Ep 10000 not balanced. Max 2212 steps (0.0006 hrs). 26 sec
[Run 78] Ep 10000 not balanced. Max 2024 steps (0.0006 hrs). 24 sec
[Run 79] Ep 10000 not balanced. Max 2182 steps (0.0006 hrs). 18 sec
[Run 80] Ep 10000 not balanced. Max 2796 steps (0.0008 hrs). 26 sec
[Run 81] Ep 10000 not balanced. Max 2443 steps (0.0007 hrs). 32 sec
[Run 82] Ep 10000 not balanced. Max 1935 steps (0.0005 hrs). 31 sec
[Run 83] Ep 10000 not balanced. Max 2960 steps (0.0008 hrs). 29 sec
[Run 84] Ep 10000 not balanced. Max 2356 steps (0.0007 hrs). 26 sec
[Run 85] Ep 10000 not balanced. Max 2034 steps (0.0006 hrs). 25 sec
[Run 86] Ep 10000 not balanced. Max 83 steps (0.0000 hrs). 8 sec
[Run 87] Ep 10000 not balanced. Max 1679 steps (0.0005 hrs). 26 sec
[Run 88] Ep 10000 not balanced. Max 2347 steps (0.0007 hrs). 25 sec
[Run 89] Ep 10000 not balanced. Max 2280 steps (0.0006 hrs). 24 sec
[Run 90] Ep 10000 not balanced. Max 2600 steps (0.0007 hrs). 30 sec
[Run 91] Ep 10000 not balanced. Max 2405 steps (0.0007 hrs). 26 sec
[Run 92] Ep 10000 not balanced. Max 15051 steps (0.0042 hrs). 30 sec
[Run 93] Ep 10000 not balanced. Max 2165 steps (0.0006 hrs). 26 sec
[Run 94] Ep 10000 not balanced. Max 3346 steps (0.0009 hrs). 24 sec
[Run 95] Ep 10000 not balanced. Max 1833 steps (0.0005 hrs). 25 sec
[Run 96] Ep 10000 not balanced. Max 2441 steps (0.0007 hrs). 29 sec
[Run 97] Ep 10000 not balanced. Max 2491 steps (0.0007 hrs). 25 sec
[Run 98] Ep 10000 not balanced. Max 2436 steps (0.0007 hrs). 30 sec
[Run 99] Ep 10000 not balanced. Max 2229 steps (0.0006 hrs). 26 sec
[Run 100] Ep 10000 not balanced. Max 2288 steps (0.0006 hrs). 29 sec
[Run 101] Ep 10000 not balanced. Max 2497 steps (0.0007 hrs). 26 sec
[Run 102] Ep 10000 not balanced. Max 2289 steps (0.0006 hrs). 25 sec
[Run 103] Ep 10000 not balanced. Max 2320 steps (0.0006 hrs). 24 sec
[Run 104] Ep 10000 not balanced. Max 1842 steps (0.0005 hrs). 13 sec
[Run 105] Ep 10000 not balanced. Max 2189 steps (0.0006 hrs). 24 sec
[Run 106] Ep 10000 not balanced. Max 2427 steps (0.0007 hrs). 9 sec
[Run 107] Ep 10000 not balanced. Max 2578 steps (0.0007 hrs). 25 sec
[Run 108] Ep 10000 not balanced. Max 2556 steps (0.0007 hrs). 25 sec
[Run 109] Ep 10000 not balanced. Max 701 steps (0.0002 hrs). 9 sec
[Run 110] Ep 10000 not balanced. Max 2058 steps (0.0006 hrs). 25 sec
[Run 111] Ep 10000 not balanced. Max 2082 steps (0.0006 hrs). 25 sec
[Run 112] Ep 10000 not balanced. Max 2409 steps (0.0007 hrs). 25 sec
[Run 113] Ep 10000 not balanced. Max 214 steps (0.0001 hrs). 11 sec
[Run 114] Ep 10000 not balanced. Max 1345 steps (0.0004 hrs). 11 sec
[Run 115] Ep 10000 not balanced. Max 2300 steps (0.0006 hrs). 26 sec
[Run 116] Ep 10000 not balanced. Max 7521 steps (0.0021 hrs). 36 sec
[Run 117] Ep 10000 not balanced. Max 2565 steps (0.0007 hrs). 29 sec
[Run 118] Ep 10000 not balanced. Max 2061 steps (0.0006 hrs). 25 sec
[Run 119] Ep 10000 not balanced. Max 3542 steps (0.0010 hrs). 27 sec
[Run 120] Ep 10000 not balanced. Max 2173 steps (0.0006 hrs). 26 sec
[Run 121] Ep 10000 not balanced. Max 2158 steps (0.0006 hrs). 25 sec
[Run 122] Ep 10000 not balanced. Max 747 steps (0.0002 hrs). 10 sec
[Run 123] Ep 10000 not balanced. Max 2004 steps (0.0006 hrs). 21 sec
[Run 124] Ep 10000 not balanced. Max 2466 steps (0.0007 hrs). 25 sec
[Run 125] Ep 10000 not balanced. Max 83 steps (0.0000 hrs). 9 sec
[Run 126] Ep 10000 not balanced. Max 2353 steps (0.0007 hrs). 25 sec
[Run 127] Ep 10000 not balanced. Max 2008 steps (0.0006 hrs). 25 sec
[Run 128] Ep 10000 not balanced. Max 10939 steps (0.0030 hrs). 26 sec
[Run 129] Ep 10000 not balanced. Max 2770 steps (0.0008 hrs). 25 sec
[Run 130] Ep 10000 not balanced. Max 2190 steps (0.0006 hrs). 26 sec
[Run 131] Ep 10000 not balanced. Max 2271 steps (0.0006 hrs). 19 sec
[Run 132] Ep 10000 not balanced. Max 2308 steps (0.0006 hrs). 26 sec
[Run 133] Ep 10000 not balanced. Max 2038 steps (0.0006 hrs). 25 sec
[Run 134] Ep 10000 not balanced. Max 248 steps (0.0001 hrs). 9 sec
[Run 135] Ep 10000 not balanced. Max 2722 steps (0.0008 hrs). 26 sec
[Run 136] Ep 10000 not balanced. Max 25020 steps (0.0070 hrs). 22 sec
[Run 137] Ep 10000 not balanced. Max 2644 steps (0.0007 hrs). 24 sec
[Run 138] Ep 10000 not balanced. Max 2433 steps (0.0007 hrs). 26 sec
[Run 139] Ep 10000 not balanced. Max 2153 steps (0.0006 hrs). 29 sec
[Run 140] Ep 10000 not balanced. Max 2645 steps (0.0007 hrs). 21 sec
[Run 141] Ep 10000 not balanced. Max 2106 steps (0.0006 hrs). 27 sec
[Run 142] Ep 10000 not balanced. Max 2155 steps (0.0006 hrs). 19 sec
[Run 143] Ep 10000 not balanced. Max 2649 steps (0.0007 hrs). 27 sec
[Run 144] Ep 10000 not balanced. Max 2025 steps (0.0006 hrs). 25 sec
[Run 145] Ep 10000 not balanced. Max 1758 steps (0.0005 hrs). 30 sec
[Run 146] Ep 10000 not balanced. Max 363 steps (0.0001 hrs). 13 sec
[Run 147] Ep 10000 not balanced. Max 2514 steps (0.0007 hrs). 25 sec
[Run 148] Ep 10000 not balanced. Max 2373 steps (0.0007 hrs). 22 sec
[Run 149] Ep 10000 not balanced. Max 2444 steps (0.0007 hrs). 16 sec
[Run 150] Ep 10000 not balanced. Max 2146 steps (0.0006 hrs). 26 sec
[Run 151] Ep 10000 not balanced. Max 2040 steps (0.0006 hrs). 20 sec
[Run 152] Ep 10000 not balanced. Max 2620 steps (0.0007 hrs). 24 sec
[Run 153] Ep 10000 not balanced. Max 2505 steps (0.0007 hrs). 26 sec
[Run 154] Ep 10000 not balanced. Max 2316 steps (0.0006 hrs). 25 sec
[Run 155] Ep 10000 not balanced. Max 2811 steps (0.0008 hrs). 29 sec
[Run 156] Ep 10000 not balanced. Max 196139 steps (0.0545 hrs). 62 sec
[Run 157] Ep 10000 not balanced. Max 2285 steps (0.0006 hrs). 25 sec
[Run 158] Ep 10000 not balanced. Max 2089 steps (0.0006 hrs). 29 sec
[Run 159] Ep 10000 not balanced. Max 2449 steps (0.0007 hrs). 25 sec
[Run 160] Ep 10000 not balanced. Max 2082 steps (0.0006 hrs). 24 sec
[Run 161] Ep 10000 not balanced. Max 2457 steps (0.0007 hrs). 41 sec
[Run 162] Ep 10000 not balanced. Max 207 steps (0.0001 hrs). 9 sec
[Run 163] Ep 10000 not balanced. Max 2107 steps (0.0006 hrs). 15 sec
[Run 164] Ep 10000 not balanced. Max 2172 steps (0.0006 hrs). 25 sec
[Run 165] Ep 10000 not balanced. Max 2685 steps (0.0007 hrs). 25 sec
[Run 166] Ep 10000 not balanced. Max 2657 steps (0.0007 hrs). 27 sec
[Run 167] Ep 10000 not balanced. Max 2329 steps (0.0006 hrs). 18 sec
[Run 168] Ep 10000 not balanced. Max 33631 steps (0.0093 hrs). 34 sec
[Run 169] Ep 10000 not balanced. Max 2072 steps (0.0006 hrs). 28 sec
[Run 170] Ep 10000 not balanced. Max 2673 steps (0.0007 hrs). 29 sec
[Run 171] Ep 10000 not balanced. Max 2532 steps (0.0007 hrs). 25 sec
[Run 172] Ep 10000 not balanced. Max 2583 steps (0.0007 hrs). 26 sec
[Run 173] Ep 10000 not balanced. Max 2712 steps (0.0008 hrs). 27 sec
[Run 174] Ep 10000 not balanced. Max 2832 steps (0.0008 hrs). 27 sec
[Run 175] Ep 10000 not balanced. Max 2403 steps (0.0007 hrs). 26 sec
[Run 176] Ep 10000 not balanced. Max 2923 steps (0.0008 hrs). 32 sec
[Run 177] Ep 10000 not balanced. Max 1952 steps (0.0005 hrs). 23 sec
[Run 178] Ep 10000 not balanced. Max 1477 steps (0.0004 hrs). 13 sec
[Run 179] Ep 10000 not balanced. Max 2731 steps (0.0008 hrs). 25 sec
[Run 180] Ep 10000 not balanced. Max 1906 steps (0.0005 hrs). 24 sec
[Run 181] Ep 10000 not balanced. Max 3108 steps (0.0009 hrs). 26 sec
[Run 182] Ep 10000 not balanced. Max 2018 steps (0.0006 hrs). 29 sec
[Run 183] Ep 10000 not balanced. Max 1981 steps (0.0006 hrs). 26 sec
[Run 184] Ep 10000 not balanced. Max 2027 steps (0.0006 hrs). 27 sec
[Run 185] Ep 10000 not balanced. Max 1043 steps (0.0003 hrs). 12 sec
[Run 186] Ep 10000 not balanced. Max 2775 steps (0.0008 hrs). 25 sec
[Run 187] Ep 10000 not balanced. Max 2289 steps (0.0006 hrs). 26 sec
[Run 188] Ep 10000 not balanced. Max 58241 steps (0.0162 hrs). 28 sec
[Run 189] Ep 10000 not balanced. Max 2431 steps (0.0007 hrs). 25 sec
[Run 190] Ep 10000 not balanced. Max 1956 steps (0.0005 hrs). 26 sec
[Run 191] Ep 10000 not balanced. Max 2632 steps (0.0007 hrs). 25 sec
[Run 192] Ep 10000 not balanced. Max 19326 steps (0.0054 hrs). 31 sec
[Run 193] Ep 10000 not balanced. Max 2060 steps (0.0006 hrs). 11 sec
[Run 194] Ep 10000 not balanced. Max 329 steps (0.0001 hrs). 12 sec
[Run 195] Ep 10000 not balanced. Max 2386 steps (0.0007 hrs). 53 sec
[Run 196] Ep 10000 not balanced. Max 1766 steps (0.0005 hrs). 28 sec
[Run 197] Ep 10000 not balanced. Max 2155 steps (0.0006 hrs). 26 sec
[Run 198] Ep 10000 not balanced. Max 2481 steps (0.0007 hrs). 24 sec
[Run 199] Ep 10000 not balanced. Max 2408 steps (0.0007 hrs). 25 sec
[Run 200] Ep 10000 not balanced. Max 292210 steps (0.0812 hrs). 194 sec
[Run 201] Ep 10000 not balanced. Max 2246 steps (0.0006 hrs). 25 sec
[Run 202] Ep 10000 not balanced. Max 164050 steps (0.0456 hrs). 101 sec
[Run 203] Ep 10000 not balanced. Max 2237 steps (0.0006 hrs). 14 sec
[Run 204] Ep 10000 not balanced. Max 2106 steps (0.0006 hrs). 25 sec
[Run 205] Ep 10000 not balanced. Max 2431 steps (0.0007 hrs). 25 sec
[Run 206] Ep 10000 not balanced. Max 821 steps (0.0002 hrs). 9 sec
[Run 207] Ep 10000 not balanced. Max 2550 steps (0.0007 hrs). 26 sec
[Run 208] Ep 10000 not balanced. Max 2211 steps (0.0006 hrs). 26 sec
[Run 209] Ep 10000 not balanced. Max 2016 steps (0.0006 hrs). 20 sec
[Run 210] Ep 10000 not balanced. Max 256 steps (0.0001 hrs). 10 sec
[Run 211] Ep 10000 not balanced. Max 2083 steps (0.0006 hrs). 25 sec
[Run 212] Ep 10000 not balanced. Max 5084 steps (0.0014 hrs). 26 sec
[Run 213] Ep 10000 not balanced. Max 2163 steps (0.0006 hrs). 24 sec
[Run 214] Ep 10000 not balanced. Max 2413 steps (0.0007 hrs). 29 sec
[Run 215] Ep 10000 not balanced. Max 2118 steps (0.0006 hrs). 25 sec
[Run 216] Ep 10000 not balanced. Max 2805 steps (0.0008 hrs). 26 sec
[Run 217] Ep 10000 not balanced. Max 2536 steps (0.0007 hrs). 23 sec
[Run 218] Ep 10000 not balanced. Max 2121 steps (0.0006 hrs). 15 sec
[Run 219] Ep 10000 not balanced. Max 3685 steps (0.0010 hrs). 26 sec
[Run 220] Ep 10000 not balanced. Max 183525 steps (0.0510 hrs). 25 sec
[Run 221] Ep 10000 not balanced. Max 8951 steps (0.0025 hrs). 28 sec
[Run 222] Ep 10000 not balanced. Max 1280 steps (0.0004 hrs). 11 sec
[Run 223] Ep 10000 not balanced. Max 1992 steps (0.0006 hrs). 25 sec
[Run 224] Ep 10000 not balanced. Max 1727 steps (0.0005 hrs). 12 sec
[Run 225] Ep 10000 not balanced. Max 4227 steps (0.0012 hrs). 43 sec
[Run 226] Ep 10000 not balanced. Max 2090 steps (0.0006 hrs). 26 sec
[Run 227] Ep 10000 not balanced. Max 3134 steps (0.0009 hrs). 26 sec
[Run 228] Ep 10000 not balanced. Max 1867 steps (0.0005 hrs). 25 sec
[Run 229] Ep 10000 not balanced. Max 2520 steps (0.0007 hrs). 24 sec
[Run 230] Ep 10000 not balanced. Max 2401 steps (0.0007 hrs). 26 sec
[Run 231] Ep 10000 not balanced. Max 2021 steps (0.0006 hrs). 28 sec
[Run 232] Ep 10000 not balanced. Max 2290 steps (0.0006 hrs). 16 sec
[Run 233] Ep 10000 not balanced. Max 12913 steps (0.0036 hrs). 27 sec
[Run 234] Ep 10000 not balanced. Max 83 steps (0.0000 hrs). 9 sec
[Run 235] Ep 10000 not balanced. Max 1685 steps (0.0005 hrs). 11 sec
[Run 236] Ep 6399 balanced for 3600000 steps (1.0000 hrs). 76 sec
Wrote current weights to latest.weights
Total Elapsed time: 5896 seconds
Wrote current data to latest.train
