balanced 0 test_flag 0
[Run 1] Ep 10000 not balanced. Max 3086 steps (0.0009 hrs). 19 sec
[Run 2] Ep 10000 not balanced. Max 2613 steps (0.0007 hrs). 22 sec
[Run 3] Ep 10000 not balanced. Max 3029 steps (0.0008 hrs). 21 sec
[Run 4] Ep 10000 not balanced. Max 8851 steps (0.0025 hrs). 24 sec
[Run 5] Ep 10000 not balanced. Max 6110 steps (0.0017 hrs). 25 sec
[Run 6] Ep 10000 not balanced. Max 3289 steps (0.0009 hrs). 22 sec
[Run 7] Ep 10000 not balanced. Max 2449 steps (0.0007 hrs). 19 sec
[Run 8] Ep 10000 not balanced. Max 3010 steps (0.0008 hrs). 18 sec
[Run 9] Ep 10000 not balanced. Max 4693 steps (0.0013 hrs). 20 sec
[Run 10] Ep 10000 not balanced. Max 2862 steps (0.0008 hrs). 22 sec
[Run 11] Ep 10000 not balanced. Max 3029 steps (0.0008 hrs). 23 sec
[Run 12] Ep 10000 not balanced. Max 21420 steps (0.0060 hrs). 23 sec
[Run 13] Ep 10000 not balanced. Max 2900 steps (0.0008 hrs). 16 sec
[Run 14] Ep 10000 not balanced. Max 2066 steps (0.0006 hrs). 19 sec
[Run 15] Ep 10000 not balanced. Max 2488 steps (0.0007 hrs). 23 sec
[Run 16] Ep 10000 not balanced. Max 2320 steps (0.0006 hrs). 23 sec
[Run 17] Ep 10000 not balanced. Max 17417 steps (0.0048 hrs). 21 sec
[Run 18] Ep 10000 not balanced. Max 2457 steps (0.0007 hrs). 21 sec
[Run 19] Ep 10000 not balanced. Max 2489 steps (0.0007 hrs). 19 sec
[Run 20] Ep 10000 not balanced. Max 2239 steps (0.0006 hrs). 25 sec
[Run 21] Ep 10000 not balanced. Max 921217 steps (0.2559 hrs). 31 sec
[Run 22] Ep 10000 not balanced. Max 2814 steps (0.0008 hrs). 22 sec
[Run 23] Ep 10000 not balanced. Max 3066 steps (0.0009 hrs). 19 sec
[Run 24] Ep 10000 not balanced. Max 11498 steps (0.0032 hrs). 21 sec
[Run 25] Ep 10000 not balanced. Max 1723 steps (0.0005 hrs). 15 sec
[Run 26] Ep 10000 not balanced. Max 19460 steps (0.0054 hrs). 25 sec
[Run 27] Ep 10000 not balanced. Max 14125 steps (0.0039 hrs). 24 sec
[Run 28] Ep 10000 not balanced. Max 2996 steps (0.0008 hrs). 22 sec
[Run 29] Ep 10000 not balanced. Max 2950 steps (0.0008 hrs). 25 sec
[Run 30] Ep 10000 not balanced. Max 21808 steps (0.0061 hrs). 25 sec
[Run 31] Ep 10000 not balanced. Max 2849 steps (0.0008 hrs). 22 sec
[Run 32] Ep 10000 not balanced. Max 24890 steps (0.0069 hrs). 31 sec
[Run 33] Ep 10000 not balanced. Max 3036 steps (0.0008 hrs). 24 sec
[Run 34] Ep 10000 not balanced. Max 2643 steps (0.0007 hrs). 18 sec
[Run 35] Ep 10000 not balanced. Max 2344 steps (0.0007 hrs). 19 sec
[Run 36] Ep 10000 not balanced. Max 14855 steps (0.0041 hrs). 21 sec
[Run 37] Ep 10000 not balanced. Max 14058 steps (0.0039 hrs). 27 sec
[Run 38] Ep 10000 not balanced. Max 4377 steps (0.0012 hrs). 21 sec
[Run 39] Ep 10000 not balanced. Max 3736 steps (0.0010 hrs). 17 sec
[Run 40] Ep 10000 not balanced. Max 56928 steps (0.0158 hrs). 36 sec
[Run 41] Ep 10000 not balanced. Max 5268 steps (0.0015 hrs). 21 sec
[Run 42] Ep 10000 not balanced. Max 10284 steps (0.0029 hrs). 23 sec
[Run 43] Ep 10000 not balanced. Max 1808 steps (0.0005 hrs). 13 sec
[Run 44] Ep 10000 not balanced. Max 2326 steps (0.0006 hrs). 19 sec
[Run 45] Ep 10000 not balanced. Max 2416 steps (0.0007 hrs). 21 sec
[Run 46] Ep 10000 not balanced. Max 4000 steps (0.0011 hrs). 23 sec
[Run 47] Ep 10000 not balanced. Max 6648 steps (0.0018 hrs). 22 sec
[Run 48] Ep 10000 not balanced. Max 2438 steps (0.0007 hrs). 21 sec
[Run 49] Ep 10000 not balanced. Max 3044 steps (0.0008 hrs). 20 sec
[Run 50] Ep 10000 not balanced. Max 2525 steps (0.0007 hrs). 20 sec
[Run 51] Ep 10000 not balanced. Max 3112 steps (0.0009 hrs). 21 sec
[Run 52] Ep 10000 not balanced. Max 2363 steps (0.0007 hrs). 23 sec
[Run 53] Ep 10000 not balanced. Max 8777 steps (0.0024 hrs). 23 sec
[Run 54] Ep 10000 not balanced. Max 13869 steps (0.0039 hrs). 17 sec
[Run 55] Ep 10000 not balanced. Max 1896 steps (0.0005 hrs). 23 sec
[Run 56] Ep 10000 not balanced. Max 6556 steps (0.0018 hrs). 21 sec
[Run 57] Ep 10000 not balanced. Max 11552 steps (0.0032 hrs). 20 sec
[Run 58] Ep 10000 not balanced. Max 2719 steps (0.0008 hrs). 20 sec
[Run 59] Ep 10000 not balanced. Max 1847 steps (0.0005 hrs). 25 sec
[Run 60] Ep 10000 not balanced. Max 2137 steps (0.0006 hrs). 19 sec
[Run 61] Ep 10000 not balanced. Max 2882 steps (0.0008 hrs). 14 sec
[Run 62] Ep 10000 not balanced. Max 4709 steps (0.0013 hrs). 18 sec
[Run 63] Ep 10000 not balanced. Max 59490 steps (0.0165 hrs). 20 sec
[Run 64] Ep 10000 not balanced. Max 2300 steps (0.0006 hrs). 22 sec
[Run 65] Ep 10000 not balanced. Max 2635 steps (0.0007 hrs). 18 sec
[Run 66] Ep 10000 not balanced. Max 2426 steps (0.0007 hrs). 18 sec
[Run 67] Ep 10000 not balanced. Max 8099 steps (0.0022 hrs). 18 sec
[Run 68] Ep 10000 not balanced. Max 3400 steps (0.0009 hrs). 19 sec
[Run 69] Ep 10000 not balanced. Max 2301 steps (0.0006 hrs). 24 sec
[Run 70] Ep 10000 not balanced. Max 2083 steps (0.0006 hrs). 23 sec
[Run 71] Ep 10000 not balanced. Max 10268 steps (0.0029 hrs). 23 sec
[Run 72] Ep 10000 not balanced. Max 6446 steps (0.0018 hrs). 20 sec
[Run 73] Ep 10000 not balanced. Max 2105 steps (0.0006 hrs). 22 sec
[Run 74] Ep 10000 not balanced. Max 3808 steps (0.0011 hrs). 22 sec
[Run 75] Ep 10000 not balanced. Max 2320 steps (0.0006 hrs). 25 sec
[Run 76] Ep 10000 not balanced. Max 2840 steps (0.0008 hrs). 19 sec
[Run 77] Ep 10000 not balanced. Max 8544 steps (0.0024 hrs). 23 sec
[Run 78] Ep 10000 not balanced. Max 6565 steps (0.0018 hrs). 23 sec
[Run 79] Ep 10000 not balanced. Max 1955 steps (0.0005 hrs). 14 sec
[Run 80] Ep 10000 not balanced. Max 12278 steps (0.0034 hrs). 23 sec
[Run 81] Ep 10000 not balanced. Max 2055 steps (0.0006 hrs). 20 sec
[Run 82] Ep 10000 not balanced. Max 3303 steps (0.0009 hrs). 25 sec
[Run 83] Ep 10000 not balanced. Max 2940 steps (0.0008 hrs). 25 sec
[Run 84] Ep 10000 not balanced. Max 2430 steps (0.0007 hrs). 18 sec
[Run 85] Ep 10000 not balanced. Max 3002 steps (0.0008 hrs). 19 sec
[Run 86] Ep 10000 not balanced. Max 2690 steps (0.0007 hrs). 25 sec
[Run 87] Ep 10000 not balanced. Max 3581 steps (0.0010 hrs). 25 sec
[Run 88] Ep 10000 not balanced. Max 2048 steps (0.0006 hrs). 18 sec
[Run 89] Ep 10000 not balanced. Max 3250 steps (0.0009 hrs). 18 sec
[Run 90] Ep 10000 not balanced. Max 5515 steps (0.0015 hrs). 20 sec
[Run 91] Ep 10000 not balanced. Max 8769 steps (0.0024 hrs). 27 sec
[Run 92] Ep 10000 not balanced. Max 4372 steps (0.0012 hrs). 25 sec
[Run 93] Ep 10000 not balanced. Max 6950 steps (0.0019 hrs). 21 sec
[Run 94] Ep 10000 not balanced. Max 11373 steps (0.0032 hrs). 24 sec
[Run 95] Ep 10000 not balanced. Max 22362 steps (0.0062 hrs). 25 sec
[Run 96] Ep 10000 not balanced. Max 3495 steps (0.0010 hrs). 24 sec
[Run 97] Ep 10000 not balanced. Max 15507 steps (0.0043 hrs). 28 sec
[Run 98] Ep 10000 not balanced. Max 2321 steps (0.0006 hrs). 19 sec
[Run 99] Ep 10000 not balanced. Max 2190 steps (0.0006 hrs). 20 sec
[Run 100] Ep 10000 not balanced. Max 5852 steps (0.0016 hrs). 20 sec
[Run 101] Ep 10000 not balanced. Max 2119 steps (0.0006 hrs). 18 sec
[Run 102] Ep 10000 not balanced. Max 2875 steps (0.0008 hrs). 24 sec
[Run 103] Ep 10000 not balanced. Max 7216 steps (0.0020 hrs). 26 sec
[Run 104] Ep 10000 not balanced. Max 2866 steps (0.0008 hrs). 24 sec
[Run 105] Ep 10000 not balanced. Max 2232 steps (0.0006 hrs). 20 sec
[Run 106] Ep 10000 not balanced. Max 2423 steps (0.0007 hrs). 22 sec
[Run 107] Ep 10000 not balanced. Max 2207 steps (0.0006 hrs). 18 sec
[Run 108] Ep 10000 not balanced. Max 21791 steps (0.0061 hrs). 25 sec
[Run 109] Ep 10000 not balanced. Max 2785 steps (0.0008 hrs). 17 sec
[Run 110] Ep 10000 not balanced. Max 9014 steps (0.0025 hrs). 21 sec
[Run 111] Ep 10000 not balanced. Max 12583 steps (0.0035 hrs). 22 sec
[Run 112] Ep 10000 not balanced. Max 6238 steps (0.0017 hrs). 21 sec
[Run 113] Ep 10000 not balanced. Max 5856 steps (0.0016 hrs). 20 sec
[Run 114] Ep 10000 not balanced. Max 1611 steps (0.0004 hrs). 16 sec
[Run 115] Ep 10000 not balanced. Max 2665 steps (0.0007 hrs). 25 sec
[Run 116] Ep 10000 not balanced. Max 1875 steps (0.0005 hrs). 10 sec
[Run 117] Ep 10000 not balanced. Max 6309 steps (0.0018 hrs). 27 sec
[Run 118] Ep 10000 not balanced. Max 2019 steps (0.0006 hrs). 18 sec
[Run 119] Ep 10000 not balanced. Max 6959 steps (0.0019 hrs). 19 sec
[Run 120] Ep 10000 not balanced. Max 2601 steps (0.0007 hrs). 18 sec
[Run 121] Ep 10000 not balanced. Max 2305 steps (0.0006 hrs). 22 sec
[Run 122] Ep 10000 not balanced. Max 2733 steps (0.0008 hrs). 17 sec
[Run 123] Ep 10000 not balanced. Max 2076 steps (0.0006 hrs). 24 sec
[Run 124] Ep 10000 not balanced. Max 3144 steps (0.0009 hrs). 23 sec
[Run 125] Ep 10000 not balanced. Max 2688 steps (0.0007 hrs). 15 sec
[Run 126] Ep 10000 not balanced. Max 2087 steps (0.0006 hrs). 18 sec
[Run 127] Ep 10000 not balanced. Max 2326 steps (0.0006 hrs). 19 sec
[Run 128] Ep 10000 not balanced. Max 4684 steps (0.0013 hrs). 14 sec
[Run 129] Ep 10000 not balanced. Max 1778 steps (0.0005 hrs). 18 sec
[Run 130] Ep 10000 not balanced. Max 5531 steps (0.0015 hrs). 27 sec
[Run 131] Ep 10000 not balanced. Max 3531 steps (0.0010 hrs). 21 sec
[Run 132] Ep 10000 not balanced. Max 6614 steps (0.0018 hrs). 23 sec
[Run 133] Ep 10000 not balanced. Max 3014 steps (0.0008 hrs). 20 sec
[Run 134] Ep 10000 not balanced. Max 3255 steps (0.0009 hrs). 19 sec
[Run 135] Ep 10000 not balanced. Max 9765 steps (0.0027 hrs). 22 sec
[Run 136] Ep 10000 not balanced. Max 2074 steps (0.0006 hrs). 21 sec
[Run 137] Ep 10000 not balanced. Max 19485 steps (0.0054 hrs). 30 sec
[Run 138] Ep 10000 not balanced. Max 2479 steps (0.0007 hrs). 17 sec
[Run 139] Ep 10000 not balanced. Max 2799 steps (0.0008 hrs). 19 sec
[Run 140] Ep 10000 not balanced. Max 2291 steps (0.0006 hrs). 23 sec
[Run 141] Ep 10000 not balanced. Max 34445 steps (0.0096 hrs). 43 sec
[Run 142] Ep 10000 not balanced. Max 2543 steps (0.0007 hrs). 20 sec
[Run 143] Ep 10000 not balanced. Max 2206 steps (0.0006 hrs). 24 sec
[Run 144] Ep 10000 not balanced. Max 2994 steps (0.0008 hrs). 22 sec
[Run 145] Ep 10000 not balanced. Max 9386 steps (0.0026 hrs). 18 sec
[Run 146] Ep 10000 not balanced. Max 2344 steps (0.0007 hrs). 23 sec
[Run 147] Ep 10000 not balanced. Max 2374 steps (0.0007 hrs). 21 sec
[Run 148] Ep 10000 not balanced. Max 2660 steps (0.0007 hrs). 20 sec
[Run 149] Ep 10000 not balanced. Max 1918 steps (0.0005 hrs). 24 sec
[Run 150] Ep 10000 not balanced. Max 3047 steps (0.0008 hrs). 20 sec
[Run 151] Ep 10000 not balanced. Max 2256 steps (0.0006 hrs). 17 sec
[Run 152] Ep 10000 not balanced. Max 3130 steps (0.0009 hrs). 19 sec
[Run 153] Ep 10000 not balanced. Max 1890 steps (0.0005 hrs). 18 sec
[Run 154] Ep 10000 not balanced. Max 2100 steps (0.0006 hrs). 25 sec
[Run 155] Ep 10000 not balanced. Max 4375 steps (0.0012 hrs). 23 sec
[Run 156] Ep 10000 not balanced. Max 3059 steps (0.0008 hrs). 19 sec
[Run 157] Ep 10000 not balanced. Max 2144 steps (0.0006 hrs). 19 sec
[Run 158] Ep 10000 not balanced. Max 1987 steps (0.0006 hrs). 14 sec
[Run 159] Ep 10000 not balanced. Max 21162 steps (0.0059 hrs). 28 sec
[Run 160] Ep 10000 not balanced. Max 1589 steps (0.0004 hrs). 17 sec
[Run 161] Ep 10000 not balanced. Max 5346 steps (0.0015 hrs). 20 sec
[Run 162] Ep 10000 not balanced. Max 2129 steps (0.0006 hrs). 18 sec
[Run 163] Ep 10000 not balanced. Max 437349 steps (0.1215 hrs). 27 sec
[Run 164] Ep 10000 not balanced. Max 11767 steps (0.0033 hrs). 25 sec
[Run 165] Ep 10000 not balanced. Max 25151 steps (0.0070 hrs). 28 sec
[Run 166] Ep 10000 not balanced. Max 9321 steps (0.0026 hrs). 21 sec
[Run 167] Ep 10000 not balanced. Max 1890 steps (0.0005 hrs). 19 sec
[Run 168] Ep 10000 not balanced. Max 17154 steps (0.0048 hrs). 31 sec
[Run 169] Ep 10000 not balanced. Max 321350 steps (0.0893 hrs). 35 sec
[Run 170] Ep 10000 not balanced. Max 15182 steps (0.0042 hrs). 23 sec
[Run 171] Ep 10000 not balanced. Max 2040 steps (0.0006 hrs). 17 sec
[Run 172] Ep 10000 not balanced. Max 3080 steps (0.0009 hrs). 19 sec
[Run 173] Ep 10000 not balanced. Max 6521 steps (0.0018 hrs). 22 sec
[Run 174] Ep 10000 not balanced. Max 1885 steps (0.0005 hrs). 18 sec
[Run 175] Ep 10000 not balanced. Max 2505 steps (0.0007 hrs). 18 sec
[Run 176] Ep 10000 not balanced. Max 8188 steps (0.0023 hrs). 23 sec
[Run 177] Ep 10000 not balanced. Max 2096 steps (0.0006 hrs). 21 sec
[Run 178] Ep 10000 not balanced. Max 2148 steps (0.0006 hrs). 22 sec
[Run 179] Ep 10000 not balanced. Max 2298 steps (0.0006 hrs). 21 sec
[Run 180] Ep 10000 not balanced. Max 2260 steps (0.0006 hrs). 23 sec
[Run 181] Ep 10000 not balanced. Max 26320 steps (0.0073 hrs). 35 sec
[Run 182] Ep 10000 not balanced. Max 2140 steps (0.0006 hrs). 19 sec
[Run 183] Ep 10000 not balanced. Max 3907 steps (0.0011 hrs). 18 sec
[Run 184] Ep 10000 not balanced. Max 2187 steps (0.0006 hrs). 23 sec
[Run 185] Ep 10000 not balanced. Max 3703 steps (0.0010 hrs). 10 sec
[Run 186] Ep 10000 not balanced. Max 2225 steps (0.0006 hrs). 22 sec
[Run 187] Ep 10000 not balanced. Max 2004 steps (0.0006 hrs). 19 sec
[Run 188] Ep 10000 not balanced. Max 2558 steps (0.0007 hrs). 21 sec
[Run 189] Ep 10000 not balanced. Max 4299 steps (0.0012 hrs). 19 sec
[Run 190] Ep 10000 not balanced. Max 2349 steps (0.0007 hrs). 24 sec
[Run 191] Ep 10000 not balanced. Max 2138 steps (0.0006 hrs). 19 sec
[Run 192] Ep 10000 not balanced. Max 2481 steps (0.0007 hrs). 17 sec
[Run 193] Ep 10000 not balanced. Max 5047 steps (0.0014 hrs). 17 sec
[Run 194] Ep 10000 not balanced. Max 11539 steps (0.0032 hrs). 24 sec
[Run 195] Ep 10000 not balanced. Max 2299 steps (0.0006 hrs). 18 sec
[Run 196] Ep 10000 not balanced. Max 2274 steps (0.0006 hrs). 24 sec
[Run 197] Ep 10000 not balanced. Max 17288 steps (0.0048 hrs). 26 sec
[Run 198] Ep 10000 not balanced. Max 101427 steps (0.0282 hrs). 46 sec
[Run 199] Ep 10000 not balanced. Max 9924 steps (0.0028 hrs). 21 sec
[Run 200] Ep 10000 not balanced. Max 2428 steps (0.0007 hrs). 21 sec
[Run 201] Ep 10000 not balanced. Max 85643 steps (0.0238 hrs). 15 sec
[Run 202] Ep 5669 balanced for 3600000 steps (1.0000 hrs). 61 sec
Wrote current weights to latest.weights
Total Elapsed time: 4386 seconds
Wrote current data to latest.train
