TRAINING AGAIN BUT WITHOUT GRAPHICS
balanced 0 test_flag 0
Run 1: Trial 10000 not balanced. Max 2314 steps (0.012856 hours).
Run 2: Trial 10000 not balanced. Max 260 steps (0.001444 hours).
Run 3: Trial 10000 not balanced. Max 11426 steps (0.063478 hours).
Run 4: Trial 10000 not balanced. Max 273 steps (0.001517 hours).
Run 5: Trial 10000 not balanced. Max 249 steps (0.001383 hours).
Run 6: Trial 10000 not balanced. Max 231 steps (0.001283 hours).
Run 7: Trial 10000 not balanced. Max 5306 steps (0.029478 hours).
Run 8: Trial 10000 not balanced. Max 10689 steps (0.059383 hours).
Run 9: Trial 10000 not balanced. Max 11627 steps (0.064594 hours).
Run 10: Trial 10000 not balanced. Max 1315 steps (0.007306 hours).
Run 11: Trial 10000 not balanced. Max 23720 steps (0.131778 hours).
Run 12: Trial 10000 not balanced. Max 14304 steps (0.079467 hours).
Run 13: Trial 10000 not balanced. Max 128 steps (0.000711 hours).
Run 14: Trial 10000 not balanced. Max 5528 steps (0.030711 hours).
Run 15: Trial 10000 not balanced. Max 6038 steps (0.033544 hours).
Run 16: Trial 10000 not balanced. Max 266 steps (0.001478 hours).
Run 17: Trial 10000 not balanced. Max 129 steps (0.000717 hours).
Run 18: Trial 10000 not balanced. Max 23719 steps (0.131772 hours).
Run 19: Trial 10000 not balanced. Max 10040 steps (0.055778 hours).
Run 20: Trial 10000 not balanced. Max 187 steps (0.001039 hours).
Run 21: Trial 10000 not balanced. Max 242 steps (0.001344 hours).
Run 22: Trial 10000 not balanced. Max 14954 steps (0.083078 hours).
Run 23: Trial 10000 not balanced. Max 2170 steps (0.012056 hours).
Run 24: Trial 10000 not balanced. Max 264 steps (0.001467 hours).
Run 25: Trial 10000 not balanced. Max 116 steps (0.000644 hours).
Run 26: Trial 10000 not balanced. Max 17626 steps (0.097922 hours).
Run 27: Trial 10000 not balanced. Max 246 steps (0.001367 hours).
Run 28: Trial 10000 not balanced. Max 26699 steps (0.148328 hours).
Run 29: Trial 10000 not balanced. Max 1860 steps (0.010333 hours).
Run 30: Trial 10000 not balanced. Max 282 steps (0.001567 hours).
Run 31: Trial 10000 not balanced. Max 20501 steps (0.113894 hours).
Run 32: Trial 10000 not balanced. Max 55162 steps (0.306456 hours).
Run 33: Trial 10000 not balanced. Max 196 steps (0.001089 hours).
Run 34: Trial 10000 not balanced. Max 291 steps (0.001617 hours).
Run 35: Trial 10000 not balanced. Max 10213 steps (0.056739 hours).
Run 36: Trial 10000 not balanced. Max 21354 steps (0.118633 hours).
Run 37: Trial 10000 not balanced. Max 1101 steps (0.006117 hours).
Run 38: Trial 10000 not balanced. Max 6749 steps (0.037494 hours).
Run 39: Trial 10000 not balanced. Max 26199 steps (0.145550 hours).
Run 40: Trial 10000 not balanced. Max 16533 steps (0.091850 hours).
Run 41: Trial 10000 not balanced. Max 3787 steps (0.021039 hours).
Run 42: Trial 10000 not balanced. Max 112 steps (0.000622 hours).
Run 43: Trial 10000 not balanced. Max 269 steps (0.001494 hours).
Run 44: Trial 10000 not balanced. Max 137 steps (0.000761 hours).
Run 45: Trial 10000 not balanced. Max 15029 steps (0.083494 hours).
Run 46: Trial 10000 not balanced. Max 8986 steps (0.049922 hours).
Run 47: Trial 10000 not balanced. Max 1274 steps (0.007078 hours).
Run 48: Trial 10000 not balanced. Max 257 steps (0.001428 hours).
Run 49: Trial 10000 not balanced. Max 104 steps (0.000578 hours).
Run 50: Trial 10000 not balanced. Max 23071 steps (0.128172 hours).
Run 51: Trial 10000 not balanced. Max 10107 steps (0.056150 hours).
Run 52: Trial 10000 not balanced. Max 233 steps (0.001294 hours).
Run 53: Trial 10000 not balanced. Max 21030 steps (0.116833 hours).
Run 54: Trial 10000 not balanced. Max 4342 steps (0.024122 hours).
Run 55: Trial 10000 not balanced. Max 8741 steps (0.048561 hours).
Run 56: Trial 10000 not balanced. Max 221 steps (0.001228 hours).
Run 57: Trial 10000 not balanced. Max 231 steps (0.001283 hours).
Run 58: Trial 10000 not balanced. Max 17729 steps (0.098494 hours).
Run 59: Trial 10000 not balanced. Max 225 steps (0.001250 hours).
Run 60: Trial 10000 not balanced. Max 25525 steps (0.141806 hours).
Run 61: Trial 10000 not balanced. Max 164 steps (0.000911 hours).
Run 62: Trial 10000 not balanced. Max 151 steps (0.000839 hours).
Run 63: Trial 10000 not balanced. Max 4356 steps (0.024200 hours).
Run 64: Trial 10000 not balanced. Max 8638 steps (0.047989 hours).
Run 65: Trial 10000 not balanced. Max 260 steps (0.001444 hours).
Run 66: Trial 10000 not balanced. Max 7360 steps (0.040889 hours).
Run 67: Trial 10000 not balanced. Max 4409 steps (0.024494 hours).
Run 68: Trial 10000 not balanced. Max 6572 steps (0.036511 hours).
Run 69: Trial 10000 not balanced. Max 235 steps (0.001306 hours).
Run 70: Trial 10000 not balanced. Max 15795 steps (0.087750 hours).
Run 71: Trial 10000 not balanced. Max 4438 steps (0.024656 hours).
Run 72: Trial 10000 not balanced. Max 6217 steps (0.034539 hours).
Run 73: Trial 10000 not balanced. Max 179 steps (0.000994 hours).
Run 74: Trial 10000 not balanced. Max 4592 steps (0.025511 hours).
Run 75: Trial 10000 not balanced. Max 257 steps (0.001428 hours).
Run 76: Trial 10000 not balanced. Max 217 steps (0.001206 hours).
Run 77: Trial 10000 not balanced. Max 185 steps (0.001028 hours).
Run 78: Trial 10000 not balanced. Max 13377 steps (0.074317 hours).
Run 79: Trial 10000 not balanced. Max 235 steps (0.001306 hours).
Run 80: Trial 10000 not balanced. Max 5812 steps (0.032289 hours).
Run 81: Trial 10000 not balanced. Max 3150 steps (0.017500 hours).
Run 82: Trial 10000 not balanced. Max 15740 steps (0.087444 hours).
Run 83: Trial 10000 not balanced. Max 7438 steps (0.041322 hours).
Run 84: Trial 10000 not balanced. Max 7528 steps (0.041822 hours).
Run 85: Trial 10000 not balanced. Max 8515 steps (0.047306 hours).
Run 86: Trial 10000 not balanced. Max 270 steps (0.001500 hours).
Run 87: Trial 10000 not balanced. Max 43915 steps (0.243972 hours).
Run 88: Trial 10000 not balanced. Max 14855 steps (0.082528 hours).
Run 89: Trial 10000 not balanced. Max 226 steps (0.001256 hours).
Run 90: Trial 10000 not balanced. Max 3491 steps (0.019394 hours).
Run 91: Trial 10000 not balanced. Max 131 steps (0.000728 hours).
Run 92: Trial 10000 not balanced. Max 4565 steps (0.025361 hours).
Run 93: Trial 10000 not balanced. Max 7239 steps (0.040217 hours).
Run 94: Trial 10000 not balanced. Max 57968 steps (0.322044 hours).
Run 95: Trial 10000 not balanced. Max 9447 steps (0.052483 hours).
Run 96: Trial 10000 not balanced. Max 17009 steps (0.094494 hours).
Run 97: Trial 10000 not balanced. Max 119 steps (0.000661 hours).
Run 98: Trial 10000 not balanced. Max 8131 steps (0.045172 hours).
Run 99: Trial 10000 not balanced. Max 195 steps (0.001083 hours).
Run 100: Trial 10000 not balanced. Max 20497 steps (0.113872 hours).
Run 101: Trial 10000 not balanced. Max 225 steps (0.001250 hours).
Run 102: Trial 10000 not balanced. Max 268 steps (0.001489 hours).
Run 103: Trial 10000 not balanced. Max 4327 steps (0.024039 hours).
Run 104: Trial 10000 not balanced. Max 14615 steps (0.081194 hours).
Run 105: Trial 10000 not balanced. Max 214 steps (0.001189 hours).
Run 106: Trial 10000 not balanced. Max 310 steps (0.001722 hours).
Run 107: Trial 10000 not balanced. Max 286 steps (0.001589 hours).
Run 108: Trial 10000 not balanced. Max 115 steps (0.000639 hours).
Run 109: Trial 10000 not balanced. Max 244 steps (0.001356 hours).
Run 110: Trial 10000 not balanced. Max 125 steps (0.000694 hours).
Run 111: Trial 10000 not balanced. Max 251 steps (0.001394 hours).
Run 112: Trial 10000 not balanced. Max 294 steps (0.001633 hours).
Run 113: Trial 10000 not balanced. Max 196 steps (0.001089 hours).
Run 114: Trial 10000 not balanced. Max 11005 steps (0.061139 hours).
Run 115: Trial 10000 not balanced. Max 235 steps (0.001306 hours).
Run 116: Trial 10000 not balanced. Max 256 steps (0.001422 hours).
Run 117: Trial 10000 not balanced. Max 5073 steps (0.028183 hours).
Run 118: Trial 10000 not balanced. Max 3674 steps (0.020411 hours).
Run 119: Trial 10000 not balanced. Max 17554 steps (0.097522 hours).
Run 120: Trial 10000 not balanced. Max 25047 steps (0.139150 hours).
Run 121: Trial 10000 not balanced. Max 2087 steps (0.011594 hours).
Run 122: Trial 10000 not balanced. Max 6555 steps (0.036417 hours).
Run 123: Trial 10000 not balanced. Max 252 steps (0.001400 hours).
Run 124: Trial 10000 not balanced. Max 14751 steps (0.081950 hours).
Run 125: Trial 10000 not balanced. Max 11050 steps (0.061389 hours).
Run 126: Trial 10000 not balanced. Max 20493 steps (0.113850 hours).
Run 127: Trial 10000 not balanced. Max 242 steps (0.001344 hours).
Run 128: Trial 10000 not balanced. Max 5538 steps (0.030767 hours).
Run 129: Trial 10000 not balanced. Max 200 steps (0.001111 hours).
Run 130: Trial 10000 not balanced. Max 15384 steps (0.085467 hours).
Run 131: Trial 10000 not balanced. Max 121 steps (0.000672 hours).
Run 132: Trial 10000 not balanced. Max 11146 steps (0.061922 hours).
Run 133: Trial 10000 not balanced. Max 23640 steps (0.131333 hours).
Run 134: Trial 10000 not balanced. Max 10016 steps (0.055644 hours).
Run 135: Trial 10000 not balanced. Max 185 steps (0.001028 hours).
Run 136: Trial 10000 not balanced. Max 10404 steps (0.057800 hours).
Run 137: Trial 10000 not balanced. Max 186 steps (0.001033 hours).
Run 138: Trial 10000 not balanced. Max 126 steps (0.000700 hours).
Run 139: Trial 10000 not balanced. Max 11487 steps (0.063817 hours).
Run 140: Trial 10000 not balanced. Max 196 steps (0.001089 hours).
Run 141: Trial 10000 not balanced. Max 15972 steps (0.088733 hours).
Run 142: Trial 10000 not balanced. Max 4368 steps (0.024267 hours).
Run 143: Trial 10000 not balanced. Max 25377 steps (0.140983 hours).
Run 144: Trial 10000 not balanced. Max 9064 steps (0.050356 hours).
Run 145: Trial 10000 not balanced. Max 255 steps (0.001417 hours).
Run 146: Trial 10000 not balanced. Max 1573 steps (0.008739 hours).
Run 147: Trial 10000 not balanced. Max 11105 steps (0.061694 hours).
Run 148: Trial 10000 not balanced. Max 11235 steps (0.062417 hours).
Run 149: Trial 10000 not balanced. Max 190 steps (0.001056 hours).
Run 150: Trial 10000 not balanced. Max 19041 steps (0.105783 hours).
Run 151: Trial 10000 not balanced. Max 222 steps (0.001233 hours).
Run 152: Trial 10000 not balanced. Max 143 steps (0.000794 hours).
Run 153: Trial 10000 not balanced. Max 18465 steps (0.102583 hours).
Run 154: Trial 10000 not balanced. Max 18263 steps (0.101461 hours).
Run 155: Trial 10000 not balanced. Max 249 steps (0.001383 hours).
Run 156: Trial 10000 not balanced. Max 242 steps (0.001344 hours).
Run 157: Trial 10000 not balanced. Max 5112 steps (0.028400 hours).
Run 158: Trial 10000 not balanced. Max 2408 steps (0.013378 hours).
Run 159: Trial 10000 not balanced. Max 14857 steps (0.082539 hours).
Run 160: Trial 10000 not balanced. Max 291 steps (0.001617 hours).
Run 161: Trial 10000 not balanced. Max 6651 steps (0.036950 hours).
Run 162: Trial 10000 not balanced. Max 101 steps (0.000561 hours).
Run 163: Trial 10000 not balanced. Max 188 steps (0.001044 hours).
Run 164: Trial 10000 not balanced. Max 31930 steps (0.177389 hours).
Run 165: Trial 10000 not balanced. Max 8473 steps (0.047072 hours).
Run 166: Trial 10000 not balanced. Max 19195 steps (0.106639 hours).
Run 167: Trial 10000 not balanced. Max 199 steps (0.001106 hours).
Run 168: Trial 10000 not balanced. Max 117 steps (0.000650 hours).
Run 169: Trial 10000 not balanced. Max 3036 steps (0.016867 hours).
Run 170: Trial 10000 not balanced. Max 16541 steps (0.091894 hours).
Run 171: Trial 10000 not balanced. Max 127 steps (0.000706 hours).
Run 172: Trial 10000 not balanced. Max 116 steps (0.000644 hours).
Run 173: Trial 10000 not balanced. Max 129 steps (0.000717 hours).
Run 174: Trial 10000 not balanced. Max 275 steps (0.001528 hours).
Run 175: Trial 10000 not balanced. Max 13183 steps (0.073239 hours).
Run 176: Trial 10000 not balanced. Max 11648 steps (0.064711 hours).
Run 177: Trial 10000 not balanced. Max 14700 steps (0.081667 hours).
Run 178: Trial 10000 not balanced. Max 10238 steps (0.056878 hours).
Run 179: Trial 10000 not balanced. Max 13468 steps (0.074822 hours).
Run 180: Trial 10000 not balanced. Max 173 steps (0.000961 hours).
Run 181: Trial 10000 not balanced. Max 7932 steps (0.044067 hours).
Run 182: Trial 10000 not balanced. Max 256 steps (0.001422 hours).
Run 183: Trial 10000 not balanced. Max 227 steps (0.001261 hours).
Run 184: Trial 10000 not balanced. Max 13684 steps (0.076022 hours).
Run 185: Trial 10000 not balanced. Max 169 steps (0.000939 hours).
Run 186: Trial 10000 not balanced. Max 266 steps (0.001478 hours).
Run 187: Trial 10000 not balanced. Max 6710 steps (0.037278 hours).
Run 188: Trial 10000 not balanced. Max 33839 steps (0.187994 hours).
Run 189: Trial 10000 not balanced. Max 165 steps (0.000917 hours).
Run 190: Trial 10000 not balanced. Max 256 steps (0.001422 hours).
Run 191: Trial 10000 not balanced. Max 11555 steps (0.064194 hours).
Run 192: Trial 10000 not balanced. Max 134 steps (0.000744 hours).
Run 193: Trial 10000 not balanced. Max 131 steps (0.000728 hours).
Run 194: Trial 10000 not balanced. Max 11021 steps (0.061228 hours).
Run 195: Trial 10000 not balanced. Max 3804 steps (0.021133 hours).
Run 196: Trial 10000 not balanced. Max 9395 steps (0.052194 hours).
Run 197: Trial 10000 not balanced. Max 112 steps (0.000622 hours).
Run 198: Trial 10000 not balanced. Max 249 steps (0.001383 hours).
Run 199: Trial 10000 not balanced. Max 5968 steps (0.033156 hours).
Run 200: Trial 10000 not balanced. Max 13824 steps (0.076800 hours).
Run 201: Trial 10000 not balanced. Max 2277 steps (0.012650 hours).
Run 202: Trial 10000 not balanced. Max 3209 steps (0.017828 hours).
Run 203: Trial 10000 not balanced. Max 6898 steps (0.038322 hours).
Run 204: Trial 10000 not balanced. Max 11797 steps (0.065539 hours).
Run 205: Trial 10000 not balanced. Max 208 steps (0.001156 hours).
Run 206: Trial 10000 not balanced. Max 23248 steps (0.129156 hours).
Run 207: Trial 10000 not balanced. Max 121 steps (0.000672 hours).
Run 208: Trial 10000 not balanced. Max 14401 steps (0.080006 hours).
Run 209: Trial 10000 not balanced. Max 4082 steps (0.022678 hours).
Run 210: Trial 10000 not balanced. Max 8427 steps (0.046817 hours).
Run 211: Trial 10000 not balanced. Max 10544 steps (0.058578 hours).
Run 212: Trial 10000 not balanced. Max 110 steps (0.000611 hours).
Run 213: Trial 10000 not balanced. Max 8509 steps (0.047272 hours).
Run 214: Trial 10000 not balanced. Max 121 steps (0.000672 hours).
Run 215: Trial 10000 not balanced. Max 109 steps (0.000606 hours).
Run 216: Trial 10000 not balanced. Max 10345 steps (0.057472 hours).
Run 217: Trial 10000 not balanced. Max 12351 steps (0.068617 hours).
Run 218: Trial 10000 not balanced. Max 20602 steps (0.114456 hours).
Run 219: Trial 10000 not balanced. Max 218 steps (0.001211 hours).
Run 220: Trial 10000 not balanced. Max 9386 steps (0.052144 hours).
Run 221: Trial 10000 not balanced. Max 15414 steps (0.085633 hours).
Run 222: Trial 10000 not balanced. Max 18974 steps (0.105411 hours).
Run 223: Trial 10000 not balanced. Max 8056 steps (0.044756 hours).
Run 224: Trial 10000 not balanced. Max 256 steps (0.001422 hours).
Run 225: Trial 10000 not balanced. Max 16533 steps (0.091850 hours).
Run 226: Trial 10000 not balanced. Max 109 steps (0.000606 hours).
Run 227: Trial 10000 not balanced. Max 162 steps (0.000900 hours).
Run 228: Trial 10000 not balanced. Max 10775 steps (0.059861 hours).
Run 229: Trial 10000 not balanced. Max 267 steps (0.001483 hours).
Run 230: Trial 10000 not balanced. Max 21513 steps (0.119517 hours).
Run 231: Trial 10000 not balanced. Max 11720 steps (0.065111 hours).
Run 232: Trial 10000 not balanced. Max 181 steps (0.001006 hours).
Run 233: Trial 10000 not balanced. Max 103 steps (0.000572 hours).
Run 234: Trial 10000 not balanced. Max 10242 steps (0.056900 hours).
Run 235: Trial 10000 not balanced. Max 112 steps (0.000622 hours).
Run 236: Trial 10000 not balanced. Max 290 steps (0.001611 hours).
Run 237: Trial 10000 not balanced. Max 41908 steps (0.232822 hours).
Run 238: Trial 10000 not balanced. Max 233 steps (0.001294 hours).
Run 239: Trial 10000 not balanced. Max 11178 steps (0.062100 hours).
Run 240: Trial 10000 not balanced. Max 3555 steps (0.019750 hours).
Run 241: Trial 10000 not balanced. Max 187 steps (0.001039 hours).
Run 242: Trial 10000 not balanced. Max 106 steps (0.000589 hours).
Run 243: Trial 10000 not balanced. Max 99 steps (0.000550 hours).
Run 244: Trial 10000 not balanced. Max 11862 steps (0.065900 hours).
Run 245: Trial 10000 not balanced. Max 18520 steps (0.102889 hours).
Run 246: Trial 10000 not balanced. Max 7691 steps (0.042728 hours).
Run 247: Trial 10000 not balanced. Max 2237 steps (0.012428 hours).
Run 248: Trial 10000 not balanced. Max 171 steps (0.000950 hours).
Run 249: Trial 10000 not balanced. Max 187 steps (0.001039 hours).
Run 250: Trial 10000 not balanced. Max 99 steps (0.000550 hours).
Run 251: Trial 10000 not balanced. Max 15126 steps (0.084033 hours).
Run 252: Trial 10000 not balanced. Max 52333 steps (0.290739 hours).
Run 253: Trial 10000 not balanced. Max 9240 steps (0.051333 hours).
Run 254: Trial 10000 not balanced. Max 3406 steps (0.018922 hours).
Run 255: Trial 10000 not balanced. Max 242 steps (0.001344 hours).
Run 256: Trial 10000 not balanced. Max 17332 steps (0.096289 hours).
Run 257: Trial 10000 not balanced. Max 23131 steps (0.128506 hours).
Run 258: Trial 10000 not balanced. Max 7511 steps (0.041728 hours).
Run 259: Trial 10000 not balanced. Max 277 steps (0.001539 hours).
Run 260: Trial 10000 not balanced. Max 114 steps (0.000633 hours).
Run 261: Trial 10000 not balanced. Max 13898 steps (0.077211 hours).
Run 262: Trial 10000 not balanced. Max 254 steps (0.001411 hours).
Run 263: Trial 10000 not balanced. Max 117 steps (0.000650 hours).
Run 264: Trial 10000 not balanced. Max 242 steps (0.001344 hours).
Run 265: Trial 10000 not balanced. Max 16485 steps (0.091583 hours).
Run 266: Trial 10000 not balanced. Max 16414 steps (0.091189 hours).
Run 267: Trial 10000 not balanced. Max 130 steps (0.000722 hours).
Run 268: Trial 10000 not balanced. Max 10145 steps (0.056361 hours).
Run 269: Trial 10000 not balanced. Max 4022 steps (0.022344 hours).
Run 270: Trial 10000 not balanced. Max 7581 steps (0.042117 hours).
Run 271: Trial 10000 not balanced. Max 12142 steps (0.067456 hours).
Run 272: Trial 10000 not balanced. Max 13257 steps (0.073650 hours).
Run 273: Trial 10000 not balanced. Max 16728 steps (0.092933 hours).
Run 274: Trial 10000 not balanced. Max 13670 steps (0.075944 hours).
Run 275: Trial 10000 not balanced. Max 111 steps (0.000617 hours).
Run 276: Trial 10000 not balanced. Max 2175 steps (0.012083 hours).
Run 277: Trial 10000 not balanced. Max 105 steps (0.000583 hours).
Run 278: Trial 10000 not balanced. Max 5021 steps (0.027894 hours).
Run 279: Trial 10000 not balanced. Max 1505 steps (0.008361 hours).
Run 280: Trial 10000 not balanced. Max 9631 steps (0.053506 hours).
Run 281: Trial 10000 not balanced. Max 200 steps (0.001111 hours).
Run 282: Trial 10000 not balanced. Max 13135 steps (0.072972 hours).
Run 283: Trial 10000 not balanced. Max 6861 steps (0.038117 hours).
Run 284: Trial 10000 not balanced. Max 3698 steps (0.020544 hours).
Run 285: Trial 10000 not balanced. Max 9689 steps (0.053828 hours).
Run 286: Trial 10000 not balanced. Max 30973 steps (0.172072 hours).
Run 287: Trial 8267 balanced for 100000 steps (0.555556 hours).
Wrote current weights to latest.weights
Wrote current data to latest.train
1198.926u 431.342s 1:25:48.69 31.6%     0+0k 0+22949968io 0pf+0w
