
 ****** Running generation 0 ****** 

Population's average fitness: 0.38524 stdev: 0.06835
Best fitness: 0.4950324993 - size: (0, 2) - species 1 - id 51
Species length: 1 totalizing 150 individuals
Species ID       : [1]
Each species size: [150]
Amount to spawn  : [150]
Species age      : [0]
Species no improv: [0]

 ****** Running generation 1 ****** 

Population's average fitness: 0.38621 stdev: 0.07866
Best fitness: 0.4999291367 - size: (0, 2) - species 1 - id 267
Species length: 1 totalizing 150 individuals
Species ID       : [1]
Each species size: [150]
Amount to spawn  : [150]
Species age      : [1]
Species no improv: [0]

 ****** Running generation 2 ****** 

Population's average fitness: 0.37912 stdev: 0.07994
Best fitness: 0.5089638287 - size: (1, 4) - species 3 - id 409
Species length: 3 totalizing 150 individuals
Species ID       : [1, 2, 3]
Each species size: [138, 10, 2]
Amount to spawn  : [52, 50, 48]
Species age      : [2, 0, 0]
Species no improv: [1, 0, 0]

 ****** Running generation 3 ****** 

Population's average fitness: 0.38156 stdev: 0.08745
Best fitness: 0.5089638287 - size: (1, 4) - species 2 - id 409
Species length: 5 totalizing 150 individuals
Species ID       : [1, 2, 3, 4, 5]
Each species size: [88, 13, 47, 1, 1]
Amount to spawn  : [28, 33, 29, 37, 23]
Species age      : [3, 1, 1, 0, 0]
Species no improv: [2, 0, 0, 0, 0]

 ****** Running generation 4 ****** 

Population's average fitness: 0.39429 stdev: 0.09017
Best fitness: 0.5244241922 - size: (1, 4) - species 2 - id 627
Species length: 5 totalizing 150 individuals
Species ID       : [1, 2, 3, 4, 5]
Each species size: [36, 73, 1, 39, 1]
Amount to spawn  : [30, 26, 26, 36, 31]
Species age      : [4, 2, 2, 1, 1]
Species no improv: [0, 1, 1, 1, 0]
   Producing 1 more individual(s) to fill up the new population

 ****** Running generation 5 ****** 

Population's average fitness: 0.40293 stdev: 0.08717
Best fitness: 0.5699963883 - size: (1, 4) - species 5 - id 865
Species length: 5 totalizing 150 individuals
Species ID       : [1, 2, 3, 4, 5]
Each species size: [43, 51, 23, 6, 27]
Amount to spawn  : [34, 28, 24, 34, 30]
Species age      : [5, 3, 3, 2, 2]
Species no improv: [0, 2, 2, 2, 1]

 ****** Running generation 6 ****** 

Removing species 4 for being empty
Removing species 5 for being empty
Population's average fitness: 0.42947 stdev: 0.09387
Best fitness: 0.5699963883 - size: (1, 4) - species 2 - id 865
Species length: 3 totalizing 150 individuals
Species ID       : [1, 2, 3]
Each species size: [68, 56, 26]
Amount to spawn  : [61, 50, 39]
Species age      : [6, 4, 4]
Species no improv: [0, 3, 3]

 ****** Running generation 7 ****** 

Population's average fitness: 0.42612 stdev: 0.10113
Best fitness: 0.6442962441 - size: (1, 4) - species 2 - id 1116
Species length: 4 totalizing 150 individuals
Species ID       : [1, 2, 3, 6]
Each species size: [58, 49, 40, 3]
Amount to spawn  : [44, 38, 30, 38]
Species age      : [7, 5, 5, 0]
Species no improv: [1, 4, 4, 0]

 ****** Running generation 8 ****** 

Population's average fitness: 0.43242 stdev: 0.10394
Best fitness: 0.6461897884 - size: (1, 4) - species 2 - id 1229
Species length: 5 totalizing 150 individuals
Species ID       : [1, 2, 3, 6, 7]
Each species size: [34, 38, 29, 48, 1]
Amount to spawn  : [34, 30, 21, 34, 31]
Species age      : [8, 6, 6, 1, 0]
Species no improv: [2, 5, 5, 0, 0]

 ****** Running generation 9 ****** 

Population's average fitness: 0.45763 stdev: 0.10449
Best fitness: 0.6464256840 - size: (1, 4) - species 2 - id 1361
Species length: 6 totalizing 150 individuals
Species ID       : [1, 2, 3, 6, 7, 8]
Each species size: [65, 30, 19, 2, 33, 1]
Amount to spawn  : [28, 29, 20, 26, 21, 28]
Species age      : [9, 7, 7, 2, 1, 0]
Species no improv: [0, 0, 6, 1, 1, 0]
   Removing 2 excess individual(s) from the new population

 ****** Running generation 10 ****** 

Population's average fitness: 0.46896 stdev: 0.10277
Best fitness: 0.6464425480 - size: (1, 4) - species 2 - id 1512
Species length: 8 totalizing 150 individuals
Species ID       : [1, 2, 3, 6, 7, 8, 9, 10]
Each species size: [68, 30, 33, 3, 5, 8, 1, 2]
Amount to spawn  : [18, 24, 17, 22, 18, 22, 14, 14]
Species age      : [10, 8, 8, 3, 2, 1, 0, 0]
Species no improv: [1, 0, 0, 0, 2, 0, 0, 0]
   Producing 1 more individual(s) to fill up the new population

 ****** Running generation 11 ****** 

Removing species 8 for being empty
Population's average fitness: 0.43417 stdev: 0.11656
Best fitness: 0.8582300022 - size: (2, 7) - species 3 - id 1666
Species length: 8 totalizing 150 individuals
Species ID       : [1, 2, 3, 6, 7, 9, 10, 11]
Each species size: [60, 25, 13, 2, 23, 14, 12, 1]
Amount to spawn  : [19, 23, 19, 14, 17, 13, 16, 28]
Species age      : [11, 9, 9, 4, 3, 1, 1, 0]
Species no improv: [2, 1, 0, 1, 3, 1, 0, 0]
   Producing 1 more individual(s) to fill up the new population

 ****** Running generation 12 ****** 

Population's average fitness: 0.43559 stdev: 0.13658
Best fitness: 0.8582828723 - size: (2, 8) - species 3 - id 1798
Species length: 8 totalizing 150 individuals
Species ID       : [1, 2, 3, 6, 7, 9, 10, 11]
Each species size: [19, 25, 53, 13, 10, 13, 16, 1]
Amount to spawn  : [20, 22, 18, 18, 20, 17, 20, 15]
Species age      : [12, 10, 10, 5, 4, 2, 2, 1]
Species no improv: [3, 2, 0, 2, 4, 0, 0, 1]

 ****** Running generation 13 ****** 

Population's average fitness: 0.43443 stdev: 0.12829
Best fitness: 0.8582828723 - size: (2, 8) - species 3 - id 1798
Species length: 9 totalizing 150 individuals
Species ID       : [1, 2, 3, 6, 7, 9, 10, 11, 12]
Each species size: [22, 22, 22, 8, 17, 18, 19, 14, 8]
Amount to spawn  : [17, 17, 18, 17, 15, 15, 16, 17, 17]
Species age      : [13, 11, 11, 6, 5, 3, 3, 2, 0]
Species no improv: [4, 3, 0, 3, 5, 0, 1, 2, 0]
   Producing 1 more individual(s) to fill up the new population

 ****** Running generation 14 ****** 

Removing species 12 for being empty

Best individual found in epoch 14 - complexity: (2, 7)
Number of evaluations: 2088

Best network output:
0.00000 	 0.00009
1.00000 	 0.97002
1.00000 	 0.93636
0.00000 	 0.06992
