balanced 0 test_flag 0
[Run 1] Ep 10000 not balanced. Max 2020 steps (0.0006 hrs). 18 sec
[Run 2] Ep 10000 not balanced. Max 2098 steps (0.0006 hrs). 20 sec
[Run 3] Ep 10000 not balanced. Max 2269 steps (0.0006 hrs). 19 sec
[Run 4] Ep 10000 not balanced. Max 2053 steps (0.0006 hrs). 23 sec
[Run 5] Ep 10000 not balanced. Max 2383 steps (0.0007 hrs). 25 sec
[Run 6] Ep 10000 not balanced. Max 13591 steps (0.0038 hrs). 27 sec
[Run 7] Ep 10000 not balanced. Max 139115 steps (0.0386 hrs). 29 sec
[Run 8] Ep 10000 not balanced. Max 2172 steps (0.0006 hrs). 24 sec
[Run 9] Ep 10000 not balanced. Max 2879 steps (0.0008 hrs). 15 sec
[Run 10] Ep 10000 not balanced. Max 15369 steps (0.0043 hrs). 22 sec
[Run 11] Ep 10000 not balanced. Max 23000 steps (0.0064 hrs). 26 sec
[Run 12] Ep 10000 not balanced. Max 7402 steps (0.0021 hrs). 20 sec
[Run 13] Ep 10000 not balanced. Max 10525 steps (0.0029 hrs). 21 sec
[Run 14] Ep 10000 not balanced. Max 1495042 steps (0.4153 hrs). 41 sec
[Run 15] Ep 10000 not balanced. Max 4247 steps (0.0012 hrs). 23 sec
[Run 16] Ep 10000 not balanced. Max 1936 steps (0.0005 hrs). 25 sec
[Run 17] Ep 10000 not balanced. Max 14207 steps (0.0039 hrs). 23 sec
[Run 18] Ep 10000 not balanced. Max 1909 steps (0.0005 hrs). 13 sec
[Run 19] Ep 10000 not balanced. Max 4093 steps (0.0011 hrs). 21 sec
[Run 20] Ep 10000 not balanced. Max 22705 steps (0.0063 hrs). 23 sec
[Run 21] Ep 10000 not balanced. Max 2495 steps (0.0007 hrs). 20 sec
[Run 22] Ep 10000 not balanced. Max 2124 steps (0.0006 hrs). 20 sec
[Run 23] Ep 10000 not balanced. Max 2715 steps (0.0008 hrs). 18 sec
[Run 24] Ep 10000 not balanced. Max 8907 steps (0.0025 hrs). 26 sec
[Run 25] Ep 10000 not balanced. Max 2381 steps (0.0007 hrs). 21 sec
[Run 26] Ep 10000 not balanced. Max 6818 steps (0.0019 hrs). 12 sec
[Run 27] Ep 10000 not balanced. Max 4314 steps (0.0012 hrs). 25 sec
[Run 28] Ep 10000 not balanced. Max 5386 steps (0.0015 hrs). 19 sec
[Run 29] Ep 10000 not balanced. Max 8996 steps (0.0025 hrs). 22 sec
[Run 30] Ep 10000 not balanced. Max 2177 steps (0.0006 hrs). 25 sec
[Run 31] Ep 10000 not balanced. Max 2292 steps (0.0006 hrs). 19 sec
[Run 32] Ep 10000 not balanced. Max 2072 steps (0.0006 hrs). 14 sec
[Run 33] Ep 10000 not balanced. Max 3200 steps (0.0009 hrs). 25 sec
[Run 34] Ep 10000 not balanced. Max 2583 steps (0.0007 hrs). 20 sec
[Run 35] Ep 10000 not balanced. Max 2355 steps (0.0007 hrs). 25 sec
[Run 36] Ep 10000 not balanced. Max 2249 steps (0.0006 hrs). 19 sec
[Run 37] Ep 10000 not balanced. Max 13353 steps (0.0037 hrs). 23 sec
[Run 38] Ep 10000 not balanced. Max 5161 steps (0.0014 hrs). 24 sec
[Run 39] Ep 10000 not balanced. Max 2076 steps (0.0006 hrs). 25 sec
[Run 40] Ep 10000 not balanced. Max 8652 steps (0.0024 hrs). 24 sec
[Run 41] Ep 10000 not balanced. Max 3877 steps (0.0011 hrs). 20 sec
[Run 42] Ep 10000 not balanced. Max 14526 steps (0.0040 hrs). 21 sec
[Run 43] Ep 10000 not balanced. Max 19742 steps (0.0055 hrs). 21 sec
[Run 44] Ep 10000 not balanced. Max 2238 steps (0.0006 hrs). 17 sec
[Run 45] Ep 10000 not balanced. Max 6373 steps (0.0018 hrs). 20 sec
[Run 46] Ep 10000 not balanced. Max 1883 steps (0.0005 hrs). 24 sec
[Run 47] Ep 10000 not balanced. Max 88815 steps (0.0247 hrs). 23 sec
[Run 48] Ep 10000 not balanced. Max 8941 steps (0.0025 hrs). 17 sec
[Run 49] Ep 10000 not balanced. Max 2360 steps (0.0007 hrs). 18 sec
[Run 50] Ep 10000 not balanced. Max 9152 steps (0.0025 hrs). 23 sec
[Run 51] Ep 10000 not balanced. Max 2193 steps (0.0006 hrs). 24 sec
[Run 52] Ep 10000 not balanced. Max 3391 steps (0.0009 hrs). 20 sec
[Run 53] Ep 10000 not balanced. Max 2296 steps (0.0006 hrs). 24 sec
[Run 54] Ep 10000 not balanced. Max 1807 steps (0.0005 hrs). 13 sec
[Run 55] Ep 10000 not balanced. Max 2419 steps (0.0007 hrs). 24 sec
[Run 56] Ep 10000 not balanced. Max 10900 steps (0.0030 hrs). 21 sec
[Run 57] Ep 10000 not balanced. Max 2295 steps (0.0006 hrs). 21 sec
[Run 58] Ep 10000 not balanced. Max 1579 steps (0.0004 hrs). 17 sec
[Run 59] Ep 10000 not balanced. Max 3347 steps (0.0009 hrs). 19 sec
[Run 60] Ep 10000 not balanced. Max 1574211 steps (0.4373 hrs). 47 sec
[Run 61] Ep 10000 not balanced. Max 661603 steps (0.1838 hrs). 30 sec
[Run 62] Ep 10000 not balanced. Max 2370 steps (0.0007 hrs). 25 sec
[Run 63] Ep 10000 not balanced. Max 2971 steps (0.0008 hrs). 23 sec
[Run 64] Ep 10000 not balanced. Max 2291 steps (0.0006 hrs). 25 sec
[Run 65] Ep 10000 not balanced. Max 2302 steps (0.0006 hrs). 20 sec
[Run 66] Ep 10000 not balanced. Max 1744 steps (0.0005 hrs). 18 sec
[Run 67] Ep 10000 not balanced. Max 2906 steps (0.0008 hrs). 18 sec
[Run 68] Ep 10000 not balanced. Max 2175 steps (0.0006 hrs). 18 sec
[Run 69] Ep 10000 not balanced. Max 3226 steps (0.0009 hrs). 24 sec
[Run 70] Ep 10000 not balanced. Max 3167229 steps (0.8798 hrs). 51 sec
[Run 71] Ep 10000 not balanced. Max 2058 steps (0.0006 hrs). 21 sec
[Run 72] Ep 10000 not balanced. Max 16562 steps (0.0046 hrs). 22 sec
[Run 73] Ep 10000 not balanced. Max 2450 steps (0.0007 hrs). 25 sec
[Run 74] Ep 10000 not balanced. Max 7768 steps (0.0022 hrs). 20 sec
[Run 75] Ep 10000 not balanced. Max 3778 steps (0.0010 hrs). 23 sec
[Run 76] Ep 10000 not balanced. Max 3380 steps (0.0009 hrs). 22 sec
[Run 77] Ep 10000 not balanced. Max 2630 steps (0.0007 hrs). 24 sec
[Run 78] Ep 10000 not balanced. Max 14991 steps (0.0042 hrs). 22 sec
[Run 79] Ep 10000 not balanced. Max 5736 steps (0.0016 hrs). 21 sec
[Run 80] Ep 10000 not balanced. Max 1994 steps (0.0006 hrs). 19 sec
[Run 81] Ep 10000 not balanced. Max 7839 steps (0.0022 hrs). 24 sec
[Run 82] Ep 10000 not balanced. Max 3191 steps (0.0009 hrs). 24 sec
[Run 83] Ep 10000 not balanced. Max 2479 steps (0.0007 hrs). 20 sec
[Run 84] Ep 10000 not balanced. Max 7216 steps (0.0020 hrs). 21 sec
[Run 85] Ep 10000 not balanced. Max 10649 steps (0.0030 hrs). 14 sec
[Run 86] Ep 10000 not balanced. Max 2236 steps (0.0006 hrs). 20 sec
[Run 87] Ep 10000 not balanced. Max 1997 steps (0.0006 hrs). 25 sec
[Run 88] Ep 10000 not balanced. Max 2555 steps (0.0007 hrs). 25 sec
[Run 89] Ep 10000 not balanced. Max 2650 steps (0.0007 hrs). 23 sec
[Run 90] Ep 10000 not balanced. Max 7109 steps (0.0020 hrs). 19 sec
[Run 91] Ep 10000 not balanced. Max 2180 steps (0.0006 hrs). 23 sec
[Run 92] Ep 10000 not balanced. Max 2824 steps (0.0008 hrs). 19 sec
[Run 93] Ep 10000 not balanced. Max 4807 steps (0.0013 hrs). 21 sec
[Run 94] Ep 10000 not balanced. Max 2016 steps (0.0006 hrs). 15 sec
[Run 95] Ep 10000 not balanced. Max 2164 steps (0.0006 hrs). 24 sec
[Run 96] Ep 10000 not balanced. Max 2611 steps (0.0007 hrs). 19 sec
[Run 97] Ep 10000 not balanced. Max 3074 steps (0.0009 hrs). 25 sec
[Run 98] Ep 10000 not balanced. Max 2182 steps (0.0006 hrs). 23 sec
[Run 99] Ep 10000 not balanced. Max 5081 steps (0.0014 hrs). 19 sec
[Run 100] Ep 10000 not balanced. Max 2857 steps (0.0008 hrs). 25 sec
[Run 101] Ep 10000 not balanced. Max 3115 steps (0.0009 hrs). 24 sec
[Run 102] Ep 10000 not balanced. Max 2300 steps (0.0006 hrs). 20 sec
[Run 103] Ep 10000 not balanced. Max 11040 steps (0.0031 hrs). 25 sec
[Run 104] Ep 10000 not balanced. Max 17279 steps (0.0048 hrs). 26 sec
[Run 105] Ep 10000 not balanced. Max 2250 steps (0.0006 hrs). 19 sec
[Run 106] Ep 10000 not balanced. Max 921097 steps (0.2559 hrs). 45 sec
[Run 107] Ep 10000 not balanced. Max 27371 steps (0.0076 hrs). 22 sec
[Run 108] Ep 10000 not balanced. Max 1615 steps (0.0004 hrs). 16 sec
[Run 109] Ep 10000 not balanced. Max 1823 steps (0.0005 hrs). 22 sec
[Run 110] Ep 10000 not balanced. Max 2783 steps (0.0008 hrs). 19 sec
[Run 111] Ep 10000 not balanced. Max 3156 steps (0.0009 hrs). 25 sec
[Run 112] Ep 10000 not balanced. Max 1937 steps (0.0005 hrs). 20 sec
[Run 113] Ep 10000 not balanced. Max 1625 steps (0.0005 hrs). 15 sec
[Run 114] Ep 10000 not balanced. Max 2024 steps (0.0006 hrs). 21 sec
[Run 115] Ep 10000 not balanced. Max 1998 steps (0.0006 hrs). 20 sec
[Run 116] Ep 10000 not balanced. Max 2606 steps (0.0007 hrs). 24 sec
[Run 117] Ep 10000 not balanced. Max 2341 steps (0.0007 hrs). 19 sec
[Run 118] Ep 10000 not balanced. Max 5964 steps (0.0017 hrs). 22 sec
[Run 119] Ep 10000 not balanced. Max 2166 steps (0.0006 hrs). 18 sec
[Run 120] Ep 10000 not balanced. Max 28851 steps (0.0080 hrs). 39 sec
[Run 121] Ep 10000 not balanced. Max 1924 steps (0.0005 hrs). 16 sec
[Run 122] Ep 10000 not balanced. Max 8471 steps (0.0024 hrs). 22 sec
[Run 123] Ep 10000 not balanced. Max 4145 steps (0.0012 hrs). 18 sec
[Run 124] Ep 10000 not balanced. Max 2034 steps (0.0006 hrs). 24 sec
[Run 125] Ep 10000 not balanced. Max 2257 steps (0.0006 hrs). 23 sec
[Run 126] Ep 10000 not balanced. Max 1556 steps (0.0004 hrs). 12 sec
[Run 127] Ep 10000 not balanced. Max 4438 steps (0.0012 hrs). 24 sec
[Run 128] Ep 10000 not balanced. Max 2633 steps (0.0007 hrs). 24 sec
[Run 129] Ep 10000 not balanced. Max 1647 steps (0.0005 hrs). 19 sec
[Run 130] Ep 10000 not balanced. Max 2634 steps (0.0007 hrs). 24 sec
[Run 131] Ep 10000 not balanced. Max 17463 steps (0.0049 hrs). 21 sec
[Run 132] Ep 10000 not balanced. Max 2240 steps (0.0006 hrs). 19 sec
[Run 133] Ep 10000 not balanced. Max 9754 steps (0.0027 hrs). 26 sec
[Run 134] Ep 10000 not balanced. Max 14628 steps (0.0041 hrs). 27 sec
[Run 135] Ep 10000 not balanced. Max 1533 steps (0.0004 hrs). 16 sec
[Run 136] Ep 10000 not balanced. Max 1819 steps (0.0005 hrs). 20 sec
[Run 137] Ep 10000 not balanced. Max 2065 steps (0.0006 hrs). 13 sec
[Run 138] Ep 10000 not balanced. Max 4615 steps (0.0013 hrs). 19 sec
[Run 139] Ep 10000 not balanced. Max 10336 steps (0.0029 hrs). 28 sec
[Run 140] Ep 10000 not balanced. Max 2561 steps (0.0007 hrs). 26 sec
[Run 141] Ep 10000 not balanced. Max 4043 steps (0.0011 hrs). 19 sec
[Run 142] Ep 10000 not balanced. Max 5301 steps (0.0015 hrs). 20 sec
[Run 143] Ep 10000 not balanced. Max 2524 steps (0.0007 hrs). 19 sec
[Run 144] Ep 10000 not balanced. Max 9587 steps (0.0027 hrs). 21 sec
[Run 145] Ep 10000 not balanced. Max 624884 steps (0.1736 hrs). 34 sec
[Run 146] Ep 10000 not balanced. Max 3405 steps (0.0009 hrs). 27 sec
[Run 147] Ep 10000 not balanced. Max 5018 steps (0.0014 hrs). 23 sec
[Run 148] Ep 10000 not balanced. Max 1998 steps (0.0006 hrs). 18 sec
[Run 149] Ep 10000 not balanced. Max 6587 steps (0.0018 hrs). 19 sec
[Run 150] Ep 10000 not balanced. Max 2006 steps (0.0006 hrs). 25 sec
[Run 151] Ep 10000 not balanced. Max 5392 steps (0.0015 hrs). 20 sec
[Run 152] Ep 10000 not balanced. Max 1858 steps (0.0005 hrs). 19 sec
[Run 153] Ep 10000 not balanced. Max 181349 steps (0.0504 hrs). 35 sec
[Run 154] Ep 10000 not balanced. Max 18772 steps (0.0052 hrs). 25 sec
[Run 155] Ep 10000 not balanced. Max 2009 steps (0.0006 hrs). 26 sec
[Run 156] Ep 10000 not balanced. Max 1976 steps (0.0005 hrs). 15 sec
[Run 157] Ep 10000 not balanced. Max 3097 steps (0.0009 hrs). 20 sec
[Run 158] Ep 10000 not balanced. Max 1915 steps (0.0005 hrs). 25 sec
[Run 159] Ep 10000 not balanced. Max 189225 steps (0.0526 hrs). 40 sec
[Run 160] Ep 10000 not balanced. Max 2632 steps (0.0007 hrs). 23 sec
[Run 161] Ep 10000 not balanced. Max 2999 steps (0.0008 hrs). 27 sec
[Run 162] Ep 10000 not balanced. Max 3354 steps (0.0009 hrs). 25 sec
[Run 163] Ep 10000 not balanced. Max 16523 steps (0.0046 hrs). 30 sec
[Run 164] Ep 10000 not balanced. Max 2555 steps (0.0007 hrs). 21 sec
[Run 165] Ep 10000 not balanced. Max 5323 steps (0.0015 hrs). 18 sec
[Run 166] Ep 10000 not balanced. Max 2564 steps (0.0007 hrs). 20 sec
[Run 167] Ep 10000 not balanced. Max 2228 steps (0.0006 hrs). 20 sec
[Run 168] Ep 10000 not balanced. Max 2030 steps (0.0006 hrs). 24 sec
[Run 169] Ep 10000 not balanced. Max 9519 steps (0.0026 hrs). 19 sec
[Run 170] Ep 10000 not balanced. Max 3351 steps (0.0009 hrs). 25 sec
[Run 171] Ep 10000 not balanced. Max 2929 steps (0.0008 hrs). 24 sec
[Run 172] Ep 10000 not balanced. Max 3217 steps (0.0009 hrs). 19 sec
[Run 173] Ep 10000 not balanced. Max 7096 steps (0.0020 hrs). 24 sec
[Run 174] Ep 10000 not balanced. Max 6532 steps (0.0018 hrs). 22 sec
[Run 175] Ep 10000 not balanced. Max 4273 steps (0.0012 hrs). 20 sec
[Run 176] Ep 10000 not balanced. Max 2497 steps (0.0007 hrs). 17 sec
[Run 177] Ep 10000 not balanced. Max 484603 steps (0.1346 hrs). 26 sec
[Run 178] Ep 10000 not balanced. Max 44584 steps (0.0124 hrs). 30 sec
[Run 179] Ep 10000 not balanced. Max 2482 steps (0.0007 hrs). 25 sec
[Run 180] Ep 10000 not balanced. Max 2449 steps (0.0007 hrs). 21 sec
[Run 181] Ep 10000 not balanced. Max 2917 steps (0.0008 hrs). 18 sec
[Run 182] Ep 10000 not balanced. Max 2035 steps (0.0006 hrs). 18 sec
[Run 183] Ep 10000 not balanced. Max 2483 steps (0.0007 hrs). 25 sec
[Run 184] Ep 10000 not balanced. Max 2253 steps (0.0006 hrs). 13 sec
[Run 185] Ep 10000 not balanced. Max 7093 steps (0.0020 hrs). 26 sec
[Run 186] Ep 10000 not balanced. Max 3050 steps (0.0008 hrs). 22 sec
[Run 187] Ep 10000 not balanced. Max 2743 steps (0.0008 hrs). 20 sec
[Run 188] Ep 10000 not balanced. Max 7511 steps (0.0021 hrs). 23 sec
[Run 189] Ep 10000 not balanced. Max 2110 steps (0.0006 hrs). 25 sec
[Run 190] Ep 10000 not balanced. Max 90236 steps (0.0251 hrs). 26 sec
[Run 191] Ep 10000 not balanced. Max 5704 steps (0.0016 hrs). 24 sec
[Run 192] Ep 10000 not balanced. Max 6822 steps (0.0019 hrs). 33 sec
[Run 193] Ep 10000 not balanced. Max 2139 steps (0.0006 hrs). 18 sec
[Run 194] Ep 10000 not balanced. Max 38103 steps (0.0106 hrs). 23 sec
[Run 195] Ep 10000 not balanced. Max 5126 steps (0.0014 hrs). 20 sec
[Run 196] Ep 10000 not balanced. Max 2242 steps (0.0006 hrs). 20 sec
[Run 197] Ep 10000 not balanced. Max 11579 steps (0.0032 hrs). 25 sec
[Run 198] Ep 10000 not balanced. Max 1785 steps (0.0005 hrs). 19 sec
[Run 199] Ep 10000 not balanced. Max 12952 steps (0.0036 hrs). 18 sec
[Run 200] Ep 10000 not balanced. Max 1529 steps (0.0004 hrs). 13 sec
[Run 201] Ep 10000 not balanced. Max 2195 steps (0.0006 hrs). 19 sec
[Run 202] Ep 10000 not balanced. Max 2161 steps (0.0006 hrs). 20 sec
[Run 203] Ep 10000 not balanced. Max 2502 steps (0.0007 hrs). 17 sec
[Run 204] Ep 10000 not balanced. Max 26743 steps (0.0074 hrs). 22 sec
[Run 205] Ep 10000 not balanced. Max 1436 steps (0.0004 hrs). 18 sec
[Run 206] Ep 10000 not balanced. Max 1812 steps (0.0005 hrs). 21 sec
[Run 207] Ep 10000 not balanced. Max 13076 steps (0.0036 hrs). 23 sec
[Run 208] Ep 10000 not balanced. Max 175258 steps (0.0487 hrs). 25 sec
[Run 209] Ep 10000 not balanced. Max 3454 steps (0.0010 hrs). 19 sec
[Run 210] Ep 10000 not balanced. Max 12507 steps (0.0035 hrs). 22 sec
[Run 211] Ep 10000 not balanced. Max 3392 steps (0.0009 hrs). 23 sec
[Run 212] Ep 10000 not balanced. Max 3456 steps (0.0010 hrs). 21 sec
[Run 213] Ep 10000 not balanced. Max 26248 steps (0.0073 hrs). 25 sec
[Run 214] Ep 10000 not balanced. Max 2471 steps (0.0007 hrs). 17 sec
[Run 215] Ep 10000 not balanced. Max 4494 steps (0.0012 hrs). 22 sec
[Run 216] Ep 10000 not balanced. Max 1887 steps (0.0005 hrs). 17 sec
[Run 217] Ep 10000 not balanced. Max 2198 steps (0.0006 hrs). 23 sec
[Run 218] Ep 10000 not balanced. Max 12406 steps (0.0034 hrs). 20 sec
[Run 219] Ep 10000 not balanced. Max 30637 steps (0.0085 hrs). 24 sec
[Run 220] Ep 10000 not balanced. Max 1962 steps (0.0005 hrs). 15 sec
[Run 221] Ep 10000 not balanced. Max 2825 steps (0.0008 hrs). 24 sec
[Run 222] Ep 10000 not balanced. Max 2537 steps (0.0007 hrs). 25 sec
[Run 223] Ep 10000 not balanced. Max 2201 steps (0.0006 hrs). 25 sec
[Run 224] Ep 10000 not balanced. Max 2889 steps (0.0008 hrs). 21 sec
[Run 225] Ep 10000 not balanced. Max 2313 steps (0.0006 hrs). 20 sec
[Run 226] Ep 10000 not balanced. Max 3517 steps (0.0010 hrs). 25 sec
[Run 227] Ep 10000 not balanced. Max 2479 steps (0.0007 hrs). 20 sec
[Run 228] Ep 10000 not balanced. Max 30071 steps (0.0084 hrs). 34 sec
[Run 229] Ep 10000 not balanced. Max 2534 steps (0.0007 hrs). 20 sec
[Run 230] Ep 10000 not balanced. Max 3278 steps (0.0009 hrs). 16 sec
[Run 231] Ep 10000 not balanced. Max 6589 steps (0.0018 hrs). 22 sec
[Run 232] Ep 10000 not balanced. Max 2458 steps (0.0007 hrs). 20 sec
[Run 233] Ep 10000 not balanced. Max 2024 steps (0.0006 hrs). 23 sec
[Run 234] Ep 10000 not balanced. Max 3056 steps (0.0008 hrs). 20 sec
[Run 235] Ep 10000 not balanced. Max 2113 steps (0.0006 hrs). 17 sec
[Run 236] Ep 10000 not balanced. Max 2616 steps (0.0007 hrs). 21 sec
[Run 237] Ep 10000 not balanced. Max 7561 steps (0.0021 hrs). 19 sec
[Run 238] Ep 10000 not balanced. Max 8967 steps (0.0025 hrs). 29 sec
[Run 239] Ep 10000 not balanced. Max 2112 steps (0.0006 hrs). 23 sec
[Run 240] Ep 10000 not balanced. Max 5584 steps (0.0016 hrs). 22 sec
[Run 241] Ep 10000 not balanced. Max 1868 steps (0.0005 hrs). 20 sec
[Run 242] Ep 10000 not balanced. Max 3177 steps (0.0009 hrs). 17 sec
[Run 243] Ep 10000 not balanced. Max 3186 steps (0.0009 hrs). 26 sec
[Run 244] Ep 10000 not balanced. Max 6278 steps (0.0017 hrs). 25 sec
[Run 245] Ep 10000 not balanced. Max 2265 steps (0.0006 hrs). 25 sec
[Run 246] Ep 10000 not balanced. Max 2069 steps (0.0006 hrs). 19 sec
[Run 247] Ep 10000 not balanced. Max 4530 steps (0.0013 hrs). 23 sec
[Run 248] Ep 10000 not balanced. Max 2560 steps (0.0007 hrs). 22 sec
[Run 249] Ep 10000 not balanced. Max 2546 steps (0.0007 hrs). 20 sec
[Run 250] Ep 10000 not balanced. Max 2222 steps (0.0006 hrs). 18 sec
[Run 251] Ep 10000 not balanced. Max 2461 steps (0.0007 hrs). 21 sec
[Run 252] Ep 10000 not balanced. Max 2211 steps (0.0006 hrs). 24 sec
[Run 253] Ep 10000 not balanced. Max 2089 steps (0.0006 hrs). 19 sec
[Run 254] Ep 10000 not balanced. Max 8269 steps (0.0023 hrs). 29 sec
[Run 255] Ep 10000 not balanced. Max 2662 steps (0.0007 hrs). 23 sec
[Run 256] Ep 10000 not balanced. Max 8384 steps (0.0023 hrs). 20 sec
[Run 257] Ep 10000 not balanced. Max 2828 steps (0.0008 hrs). 25 sec
[Run 258] Ep 10000 not balanced. Max 3186 steps (0.0009 hrs). 16 sec
[Run 259] Ep 10000 not balanced. Max 2157 steps (0.0006 hrs). 25 sec
[Run 260] Ep 10000 not balanced. Max 8090 steps (0.0022 hrs). 18 sec
[Run 261] Ep 10000 not balanced. Max 3776 steps (0.0010 hrs). 21 sec
[Run 262] Ep 10000 not balanced. Max 1875 steps (0.0005 hrs). 23 sec
[Run 263] Ep 10000 not balanced. Max 35655 steps (0.0099 hrs). 20 sec
[Run 264] Ep 10000 not balanced. Max 7616 steps (0.0021 hrs). 14 sec
[Run 265] Ep 10000 not balanced. Max 2051 steps (0.0006 hrs). 20 sec
[Run 266] Ep 10000 not balanced. Max 3133 steps (0.0009 hrs). 26 sec
[Run 267] Ep 10000 not balanced. Max 2660 steps (0.0007 hrs). 25 sec
[Run 268] Ep 10000 not balanced. Max 3445 steps (0.0010 hrs). 23 sec
[Run 269] Ep 10000 not balanced. Max 17990 steps (0.0050 hrs). 23 sec
[Run 270] Ep 10000 not balanced. Max 85570 steps (0.0238 hrs). 29 sec
[Run 271] Ep 10000 not balanced. Max 2536 steps (0.0007 hrs). 20 sec
[Run 272] Ep 10000 not balanced. Max 16137 steps (0.0045 hrs). 24 sec
[Run 273] Ep 10000 not balanced. Max 3764 steps (0.0010 hrs). 16 sec
[Run 274] Ep 3042 balanced for 3600000 steps (1.0000 hrs). 39 sec
Wrote current weights to latest.weights
Total Elapsed time: 6075 seconds
Wrote current data to latest.train
