 
TRAINING WITH NO EXPERIENCE
Usage: ./demo-net g(raphics) num-trials trials-per-output weight-file(or - to init randomly) b bh r rh
 B= 0.1 Bh= 0.05 R= 1 Rh= 0.5 nt= 400 bin= 20
    20     10
    40      5
    60      9
    80      9
   100     12
   120     11
   140     12
   160     13
   180     12
   200     13
   220     14
   240     12
   260      8
   280      9
   300      8
   320     10
   340      8
   360      7
   380      8
   400      9
Final trial 400 balanced for 0 steps (0.000000 hours).
Wrote current weights to latest.weights
 
TRAINING AGAIN BUT WITHOUT GRAPHICS
Usage: ./demo-net g(raphics) num-trials trials-per-output weight-file(or - to init randomly) b bh r rh
 B= 0.1 Bh= 0.05 R= 2 Rh= 0.5 nt= 100000 bin= 100
   100      9
   200     10
   300     12
   400     11
   500     15
   600     15
   700     16
   800     16
   900     13
  1000     11
  1100     18
  1200     14
  1300     12
  1400     12
  1500     11
  1600     11
  1700     10
  1800     10
  1900     11
  2000     12
  2100      9
  2200     11
  2300     10
  2400     12
  2500     13
  2600     14
  2700     12
  2800     11
  2900      9
  3000     11
  3100     12
  3200     12
  3300     11
  3400     10
  3500     10
  3600      9
  3700     11
  3800     11
  3900     11
  4000     12
  4100     11
  4200     12
  4300     12
  4400     13
  4500     13
  4600     19
  4700     17
  4800     22
  4900     49
  5000    157
  5100    105
  5200    166
  5300    119
  5400    146
  5500    132
  5600     99
  5700    126
  5800    122
  5900    128
  6000    121
  6100    102
  6200    111
  6300    116
  6400    106
  6500    119
  6600    109
  6700    117
  6800    106
  6900    120
  7000    117
  7100     96
  7200     94
  7300     90
  7400     99
  7500    113
  7600    119
  7700    101
  7800     99
  7900    106
  8000     90
  8100    121
  8200    100
  8300    120
  8400    107
  8500    125
  8600    129
  8700     97
  8800    116
  8900    160
  9000    125
  9100    102
  9200    111
  9300    121
  9400    137
  9500    130
  9600    150
  9700    143
  9800    114
  9900    162
 10000    125
 10100    142
 10200    162
 10300    161
 10400    110
 10500    129
 10600    125
 10700    132
 10800    136
 10900    181
 11000    142
 11100    103
 11200    121
 11300    221
 11400    180
 11500    155
 11600    147
 11700    184
 11800    158
 11900    156
 12000    149
 12100    117
 12200    322
 12300    299
 12400    121
 12500    160
 12600    190
 12700    131
 12800    158
 12900    181
 13000    138
 13100    166
 13200    123
 13300    145
 13400    136
 13500    120
 13600    161
 13700    134
 13800    126
 13900    102
 14000    124
 14100    116
 14200    131
 14300    137
 14400    166
 14500    135
 14600    123
 14700    131
 14800    151
 14900    156
 15000    142
 15100    132
 15200    131
 15300    143
 15400    129
 15500    145
 15600    124
 15700    134
 15800    126
 15900    141
 16000    126
 16100    160
 16200    163
 16300    130
 16400    141
 16500    127
 16600    121
 16700    151
 16800    101
 16900    131
 17000    139
 17100    120
 17200    112
 17300    137
 17400    167
 17500    151
 17600    113
 17700    145
 17800    148
 17900    121
 18000    115
 18100    116
 18200    120
 18300    117
 18400    116
 18500    120
 18600    104
 18700    113
 18800    116
 18900    110
 19000    119
 19100    150
 19200    108
 19300    127
 19400    134
 19500    141
 19600    112
 19700    141
 19800    119
 19900    114
 20000    114
 20100    128
 20200    137
 20300    109
 20400    118
 20500    155
 20600    126
 20700    155
 20800    135
 20900    107
 21000    104
 21100    107
 21200    131
 21300    118
 21400    107
 21500    115
 21600    113
 21700    124
 21800    140
 21900    103
 22000    121
 22100    123
 22200    140
 22300    106
 22400    106
 22500    111
 22600    134
 22700    133
 22800    136
 22900    149
 23000    121
 23100    129
 23200    144
 23300    126
 23400    127
 23500    131
 23600    110
 23700    131
 23800    120
 23900    101
 24000    137
 24100    128
 24200    129
 24300    134
 24400    124
 24500    128
 24600    106
 24700    143
 24800    113
 24900    137
 25000    176
 25100    114
 25200    122
 25300    126
 25400    124
 25500    100
 25600     95
 25700    127
 25800    107
 25900    107
 26000    136
 26100    133
 26200    111
 26300    115
 26400    124
 26500    129
 26600     89
 26700    108
 26800    111
 26900    100
 27000     95
 27100    114
 27200    122
 27300    125
 27400    131
 27500    128
 27600     93
 27700    125
 27800    115
 27900    138
 28000    120
 28100    122
 28200    113
 28300    123
 28400    133
 28500    120
 28600    131
 28700    130
 28800    118
 28900    106
 29000     97
 29100    128
 29200    119
 29300    121
 29400     99
 29500    142
 29600    118
 29700    126
 29800    135
 29900    108
 30000    131
 30100    121
 30200    106
 30300    118
 30400    101
 30500    119
 30600    114
 30700    120
 30800    132
 30900    121
 31000    110
 31100    115
 31200    118
 31300    118
 31400    116
 31500    112
 31600    103
 31700     91
 31800    118
 31900    104
 32000    130
 32100    107
 32200    131
 32300    109
 32400    112
 32500    105
 32600    123
 32700    106
 32800    116
 32900    120
 33000    112
 33100    117
 33200    112
 33300    115
 33400    116
 33500    114
 33600    125
 33700    122
 33800    130
 33900    112
 34000    147
 34100    103
 34200    115
 34300     92
 34400    140
 34500    122
 34600    107
 34700    125
 34800    115
 34900    124
 35000    130
 35100    117
 35200    124
 35300    117
 35400    123
 35500    109
 35600    136
 35700    136
 35800    120
 35900    117
 36000    108
 36100    125
 36200    132
 36300    109
 36400    118
 36500    123
 36600    133
 36700    144
 36800    109
 36900    116
 37000    132
 37100    129
 37200    127
 37300    123
 37400    119
 37500    105
 37600    118
 37700    151
 37800    108
 37900    112
 38000    138
 38100    113
 38200    111
 38300    136
 38400    107
 38500    118
 38600    122
 38700    119
 38800    122
 38900    104
 39000    124
 39100    129
 39200    128
 39300    127
 39400     96
 39500    114
 39600    132
 39700    135
 39800    125
 39900    128
 40000    116
 40100    120
 40200    104
 40300    110
 40400    104
 40500     97
 40600    139
 40700    119
 40800    121
 40900    108
 41000    137
 41100    114
 41200    110
 41300    118
 41400    116
 41500    102
 41600    109
 41700    101
 41800    102
 41900    100
 42000    154
 42100    102
 42200    114
 42300    100
 42400     96
 42500    138
 42600    113
 42700    118
 42800    106
 42900     89
 43000    114
 43100    115
 43200    124
 43300    133
 43400    110
 43500    120
 43600    127
 43700    136
 43800    123
 43900    130
 44000    124
 44100    117
 44200    107
 44300    121
 44400    101
 44500    101
 44600    115
 44700    126
 44800    120
 44900    107
 45000    110
 45100    112
 45200    105
 45300    107
 45400    129
 45500    102
 45600    113
 45700    112
 45800    118
 45900    108
 46000    131
 46100    118
 46200    122
 46300    143
 46400    102
 46500    124
 46600    129
 46700    112
 46800    107
 46900    116
 47000    120
 47100    103
 47200     98
 47300    118
 47400    128
 47500    123
 47600     98
 47700    125
 47800    133
 47900    114
 48000    105
 48100    111
 48200    114
 48300    105
 48400     90
 48500    101
 48600    113
 48700    107
 48800    101
 48900    125
 49000    114
 49100    123
 49200    100
 49300    101
 49400    117
 49500    117
 49600    112
 49700    128
 49800    125
 49900     92
 50000    131
 50100    102
 50200     99
 50300    107
 50400    127
 50500    122
 50600    114
 50700    129
 50800     91
 50900    104
 51000    122
 51100    114
 51200    110
 51300    128
 51400     97
 51500    108
 51600    112
 51700     96
 51800    132
 51900    105
 52000     98
 52100    100
 52200    121
 52300    125
 52400    107
 52500    126
 52600     96
 52700    119
 52800     99
 52900    117
 53000    103
 53100    123
 53200    117
 53300    111
 53400     98
 53500    104
 53600    102
 53700    120
 53800    130
 53900    112
 54000    104
 54100    109
 54200    113
 54300    121
 54400    114
 54500    110
 54600     95
 54700    111
 54800    113
 54900    105
 55000    145
 55100    112
 55200    115
 55300    111
 55400    103
 55500     92
 55600    112
 55700    117
 55800    117
 55900    103
 56000    125
 56100    115
 56200    128
 56300    114
 56400    110
 56500    110
 56600    131
 56700    126
 56800    128
 56900    133
 57000    107
 57100    107
 57200    103
 57300    117
 57400    113
 57500    115
 57600    118
 57700    116
 57800    100
 57900     98
 58000    121
 58100    108
 58200    120
 58300    115
 58400    141
 58500    124
 58600    128
 58700    102
 58800    121
 58900    123
 59000    120
 59100    105
 59200    116
 59300    124
 59400    124
 59500    109
 59600    125
 59700    146
 59800    113
 59900    109
 60000    107
 60100    138
 60200    121
 60300    112
 60400    121
 60500    105
 60600    123
 60700     97
 60800    104
 60900    106
 61000    106
 61100    104
 61200    102
 61300    105
 61400    137
 61500    123
 61600    104
 61700    118
 61800    106
 61900    112
 62000    121
 62100    110
 62200    124
 62300     95
 62400     98
 62500     96
 62600    116
 62700    106
 62800    127
 62900     90
 63000    132
 63100     90
 63200    116
 63300    111
 63400    103
 63500    120
 63600    107
 63700    110
 63800    118
 63900    103
 64000    132
 64100     95
 64200    111
 64300    104
 64400    151
 64500     95
 64600    119
 64700    122
 64800    124
 64900    116
 65000    117
 65100    105
 65200    127
 65300    112
 65400    124
 65500     91
 65600    122
 65700     93
 65800     94
 65900    109
 66000    111
 66100    114
 66200    136
 66300    122
 66400    108
 66500    123
 66600    115
 66700    124
 66800    102
 66900    126
 67000    120
 67100    110
 67200    123
 67300    144
 67400    116
 67500    119
 67600    116
 67700    110
 67800    116
 67900    113
 68000     98
 68100    128
 68200    108
 68300     96
 68400    128
 68500    122
 68600    130
 68700     98
 68800    102
 68900    111
 69000    127
 69100    102
 69200    119
 69300    119
 69400    114
 69500    115
 69600    113
 69700    110
 69800    105
 69900     93
 70000     95
 70100    108
 70200    119
 70300    121
 70400    105
 70500    107
 70600    114
 70700    116
 70800    140
 70900    131
 71000    122
 71100    124
 71200     97
 71300    134
 71400    111
 71500     98
 71600    109
 71700     97
 71800    122
 71900    108
 72000    122
 72100    121
 72200    112
 72300    103
 72400    117
 72500    133
 72600    109
 72700    123
 72800    109
 72900    125
 73000    114
 73100     97
 73200     94
 73300    116
 73400    109
 73500    105
 73600    105
 73700    100
 73800    121
 73900    110
 74000    115
 74100    112
 74200    101
 74300    127
 74400    104
 74500    101
 74600    123
 74700    125
 74800    109
 74900    104
 75000    100
 75100    117
 75200    108
 75300    112
 75400    106
 75500    112
 75600     95
 75700     99
 75800    104
 75900    138
 76000    120
 76100    135
 76200    116
 76300    115
 76400     92
 76500    131
 76600     95
 76700     96
 76800    111
 76900    119
 77000    113
 77100    112
 77200    128
 77300     94
 77400    105
 77500     91
 77600    107
 77700    122
 77800    106
 77900    119
 78000    129
 78100     96
 78200    112
 78300     98
 78400     99
 78500    106
 78600    105
 78700    122
 78800    112
 78900     95
 79000    123
 79100    104
 79200     97
 79300    114
 79400    112
 79500    122
 79600    103
 79700    127
 79800    118
 79900    129
 80000    103
 80100     94
 80200    117
 80300    117
 80400    105
 80500    111
 80600    122
 80700    106
 80800     98
 80900    104
 81000    108
 81100    123
 81200     99
 81300    109
 81400    107
 81500    107
 81600    106
 81700     97
 81800    123
 81900    113
 82000    106
 82100    104
 82200    105
 82300    114
 82400    115
 82500     92
 82600     99
 82700    110
 82800     98
 82900    108
 83000    121
 83100    126
 83200    100
 83300    126
 83400    121
 83500    124
 83600    100
 83700    112
 83800    107
 83900    119
 84000    107
 84100     89
 84200    112
 84300    119
 84400     97
 84500    105
 84600    123
 84700    108
 84800    124
 84900    113
 85000    102
 85100    108
 85200    109
 85300    103
 85400    100
 85500    110
 85600     98
 85700    103
 85800     96
 85900    112
 86000     99
 86100     97
 86200    111
 86300    110
 86400     89
 86500    118
 86600    121
 86700    118
 86800    108
 86900     86
 87000    125
 87100    116
 87200    106
 87300    119
 87400    109
 87500    111
 87600     91
 87700    112
 87800     93
 87900    129
 88000     92
 88100    103
 88200     97
 88300    120
 88400     94
 88500    105
 88600    135
 88700    100
 88800    123
 88900    101
 89000    116
 89100    126
 89200    101
 89300     96
 89400    105
 89500    108
 89600    112
 89700    109
 89800    100
 89900    139
 90000     99
 90100     90
 90200     92
 90300     98
 90400     95
 90500    107
 90600    109
 90700     92
 90800    123
 90900    113
 91000    118
 91100    120
 91200    112
 91300    119
 91400    118
 91500    120
 91600    101
 91700    105
 91800    107
 91900     93
 92000    107
 92100     89
 92200    115
 92300    114
 92400    103
 92500     92
 92600    100
 92700    100
 92800    111
 92900    124
 93000    113
 93100    118
 93200     99
 93300    116
 93400    103
 93500    113
 93600     97
 93700     94
 93800    121
 93900    117
 94000    117
 94100     85
 94200    131
 94300    107
 94400    122
 94500    111
 94600    108
 94700    111
 94800    133
 94900    112
 95000    120
 95100    115
 95200    106
 95300    110
 95400    117
 95500     99
 95600     99
 95700    115
 95800    112
 95900    104
 96000    109
 96100     97
 96200    102
 96300    108
 96400    115
 96500    103
 96600     99
 96700    108
 96800    110
 96900     98
 97000     98
 97100    109
 97200    109
 97300    104
 97400    122
 97500    103
 97600    112
 97700    118
 97800    119
 97900    136
 98000    107
 98100    112
 98200     94
 98300     99
 98400    110
 98500    132
 98600    102
 98700     93
 98800    120
 98900     97
 99000    125
 99100    112
 99200     98
 99300    154
 99400    104
 99500     95
 99600     99
 99700    100
 99800    104
 99900    113
100000    129
Final trial 100000 balanced for 0 steps (0.000000 hours).
Wrote current weights to latest.weights
 
AGAIN, USING THE TRAINED WEIGHTS
Usage: ./demo-net g(raphics) num-trials trials-per-output weight-file(or - to init randomly) b bh r rh
Read weights from latest.weights
 B= 0 Bh= 0 R= 0 Rh= 0 nt= 2000 bin= 10
    10    139
    20    122
    30    117
    40     60
    50    131
    60    135
    70    117
    80     84
    90    168
   100    201
   110    119
   120     82
   130    161
   140    100
   150    170
   160     83
   170    107
   180     91
   190    102
   200    111
   210    118
   220     69
   230     61
   240    139
   250    100
   260     75
   270     61
   280     67
   290     80
   300     92
   310    119
   320    148
   330     98
   340     97
   350     99
   360     99
   370    123
   380    111
   390     83
   400    111
   410     75
   420    190
   430    110
   440    111
   450     31
   460    158
   470    169
   480    132
   490    107
   500     46
   510    107
   520    109
   530    144
   540    123
   550     70
   560    184
   570    112
   580    139
   590    105
   600    129
   610     96
   620     91
   630     66
   640    110
   650     90
   660     86
   670    112
   680     73
   690     73
   700    134
   710     68
   720     68
   730    113
   740    166
   750     74
   760    136
   770     89
   780    125
   790    104
   800    107
   810    158
   820    122
   830     86
   840     66
   850    120
   860    138
   870     84
   880     71
   890     66
   900     88
   910    115
   920     69
   930     96
   940    135
   950     97
   960    118
   970    151
   980     60
   990     79
  1000     92
  1010    104
  1020    122
  1030     87
  1040    100
  1050    132
  1060    129
  1070    141
  1080     94
  1090    146
  1100    147
  1110    139
  1120    140
  1130    114
  1140    125
  1150    136
  1160     50
  1170    104
  1180     95
  1190    181
  1200     66
  1210    169
  1220     68
  1230    175
  1240    134
  1250    138
  1260    112
  1270    117
  1280    133
  1290     87
  1300    111
  1310     93
  1320     67
  1330    146
  1340     82
  1350    157
  1360    137
  1370    158
  1380    139
  1390     81
  1400    119
  1410     95
  1420     78
  1430    141
  1440     87
  1450     89
  1460     75
  1470    118
  1480    115
  1490     72
  1500     78
  1510     83
  1520    128
  1530    105
  1540    114
  1550     91
  1560    163
  1570     90
  1580    131
  1590     64
  1600     91
  1610     96
  1620     79
  1630    213
  1640    125
  1650    109
  1660    153
  1670    179
  1680    105
  1690    110
  1700     96
  1710    120
  1720     76
  1730     56
  1740    106
  1750     62
  1760    131
  1770     96
  1780     82
  1790    136
  1800     79
  1810     77
  1820    115
  1830     93
  1840    128
  1850    114
  1860    161
  1870     85
  1880     94
  1890     80
  1900    148
  1910     76
  1920    131
  1930    175
  1940    136
  1950     64
  1960    122
  1970     97
  1980    124
  1990    126
  2000     64
Final trial 2000 balanced for 0 steps (0.000000 hours).
Wrote current weights to latest.weights
