 
TRAINING AGAIN BUT WITHOUT GRAPHICS
balanced 0 test_flag 0
Run 1: Trial 10000 not balanced. Max 27598 steps (0.153322 hours).
Run 2: Trial 10000 not balanced. Max 117 steps (0.000650 hours).
Run 3: Trial 10000 not balanced. Max 3506 steps (0.019478 hours).
Run 4: Trial 10000 not balanced. Max 6859 steps (0.038106 hours).
Run 5: Trial 10000 not balanced. Max 13154 steps (0.073078 hours).
Run 6: Trial 10000 not balanced. Max 27446 steps (0.152478 hours).
Run 7: Trial 10000 not balanced. Max 1702 steps (0.009456 hours).
Run 8: Trial 10000 not balanced. Max 246 steps (0.001367 hours).
Run 9: Trial 10000 not balanced. Max 6869 steps (0.038161 hours).
Run 10: Trial 10000 not balanced. Max 171 steps (0.000950 hours).
Run 11: Trial 10000 not balanced. Max 268 steps (0.001489 hours).
Run 12: Trial 10000 not balanced. Max 18554 steps (0.103078 hours).
Run 13: Trial 10000 not balanced. Max 9689 steps (0.053828 hours).
Run 14: Trial 10000 not balanced. Max 1827 steps (0.010150 hours).
Run 15: Trial 10000 not balanced. Max 146 steps (0.000811 hours).
Run 16: Trial 10000 not balanced. Max 252 steps (0.001400 hours).
Run 17: Trial 10000 not balanced. Max 254 steps (0.001411 hours).
Run 18: Trial 10000 not balanced. Max 218 steps (0.001211 hours).
Run 19: Trial 10000 not balanced. Max 16884 steps (0.093800 hours).
Run 20: Trial 10000 not balanced. Max 6448 steps (0.035822 hours).
Run 21: Trial 10000 not balanced. Max 311 steps (0.001728 hours).
Run 22: Trial 10000 not balanced. Max 103 steps (0.000572 hours).
Run 23: Trial 10000 not balanced. Max 13266 steps (0.073700 hours).
Run 24: Trial 10000 not balanced. Max 5639 steps (0.031328 hours).
Run 25: Trial 10000 not balanced. Max 8964 steps (0.049800 hours).
Run 26: Trial 10000 not balanced. Max 270 steps (0.001500 hours).
Run 27: Trial 10000 not balanced. Max 268 steps (0.001489 hours).
Run 28: Trial 10000 not balanced. Max 123 steps (0.000683 hours).
Run 29: Trial 10000 not balanced. Max 10412 steps (0.057844 hours).
Run 30: Trial 10000 not balanced. Max 5088 steps (0.028267 hours).
Run 31: Trial 10000 not balanced. Max 280 steps (0.001556 hours).
Run 32: Trial 10000 not balanced. Max 13222 steps (0.073456 hours).
Run 33: Trial 10000 not balanced. Max 254 steps (0.001411 hours).
Run 34: Trial 10000 not balanced. Max 18172 steps (0.100956 hours).
Run 35: Trial 10000 not balanced. Max 252 steps (0.001400 hours).
Run 36: Trial 10000 not balanced. Max 233 steps (0.001294 hours).
Run 37: Trial 10000 not balanced. Max 5806 steps (0.032256 hours).
Run 38: Trial 10000 not balanced. Max 5461 steps (0.030339 hours).
Run 39: Trial 10000 not balanced. Max 20247 steps (0.112483 hours).
Run 40: Trial 10000 not balanced. Max 2973 steps (0.016517 hours).
Run 41: Trial 10000 not balanced. Max 123 steps (0.000683 hours).
Run 42: Trial 10000 not balanced. Max 19746 steps (0.109700 hours).
Run 43: Trial 10000 not balanced. Max 9505 steps (0.052806 hours).
Run 44: Trial 10000 not balanced. Max 9007 steps (0.050039 hours).
Run 45: Trial 10000 not balanced. Max 1172 steps (0.006511 hours).
Run 46: Trial 10000 not balanced. Max 5602 steps (0.031122 hours).
Run 47: Trial 10000 not balanced. Max 258 steps (0.001433 hours).
Run 48: Trial 10000 not balanced. Max 221 steps (0.001228 hours).
Run 49: Trial 10000 not balanced. Max 236 steps (0.001311 hours).
Run 50: Trial 10000 not balanced. Max 113 steps (0.000628 hours).
Run 51: Trial 10000 not balanced. Max 125 steps (0.000694 hours).
Run 52: Trial 10000 not balanced. Max 284 steps (0.001578 hours).
Run 53: Trial 10000 not balanced. Max 16533 steps (0.091850 hours).
Run 54: Trial 10000 not balanced. Max 15935 steps (0.088528 hours).
Run 55: Trial 10000 not balanced. Max 32819 steps (0.182328 hours).
Run 56: Trial 10000 not balanced. Max 10287 steps (0.057150 hours).
Run 57: Trial 10000 not balanced. Max 130 steps (0.000722 hours).
Run 58: Trial 10000 not balanced. Max 2302 steps (0.012789 hours).
Run 59: Trial 10000 not balanced. Max 5746 steps (0.031922 hours).
Run 60: Trial 10000 not balanced. Max 96 steps (0.000533 hours).
Run 61: Trial 10000 not balanced. Max 2504 steps (0.013911 hours).
Run 62: Trial 10000 not balanced. Max 15332 steps (0.085178 hours).
Run 63: Trial 10000 not balanced. Max 17550 steps (0.097500 hours).
Run 64: Trial 10000 not balanced. Max 20719 steps (0.115106 hours).
Run 65: Trial 10000 not balanced. Max 122 steps (0.000678 hours).
Run 66: Trial 10000 not balanced. Max 143 steps (0.000794 hours).
Run 67: Trial 10000 not balanced. Max 1594 steps (0.008856 hours).
Run 68: Trial 10000 not balanced. Max 11614 steps (0.064522 hours).
Run 69: Trial 10000 not balanced. Max 112 steps (0.000622 hours).
Run 70: Trial 10000 not balanced. Max 16477 steps (0.091539 hours).
Run 71: Trial 10000 not balanced. Max 260 steps (0.001444 hours).
Run 72: Trial 10000 not balanced. Max 238 steps (0.001322 hours).
Run 73: Trial 10000 not balanced. Max 137 steps (0.000761 hours).
Run 74: Trial 10000 not balanced. Max 4504 steps (0.025022 hours).
Run 75: Trial 10000 not balanced. Max 27448 steps (0.152489 hours).
Run 76: Trial 10000 not balanced. Max 235 steps (0.001306 hours).
Run 77: Trial 10000 not balanced. Max 239 steps (0.001328 hours).
Run 78: Trial 10000 not balanced. Max 265 steps (0.001472 hours).
Run 79: Trial 10000 not balanced. Max 105 steps (0.000583 hours).
Run 80: Trial 10000 not balanced. Max 125 steps (0.000694 hours).
Run 81: Trial 10000 not balanced. Max 246 steps (0.001367 hours).
Run 82: Trial 10000 not balanced. Max 576 steps (0.003200 hours).
Run 83: Trial 10000 not balanced. Max 246 steps (0.001367 hours).
Run 84: Trial 10000 not balanced. Max 8889 steps (0.049383 hours).
Run 85: Trial 10000 not balanced. Max 107 steps (0.000594 hours).
Run 86: Trial 10000 not balanced. Max 119 steps (0.000661 hours).
Run 87: Trial 10000 not balanced. Max 265 steps (0.001472 hours).
Run 88: Trial 10000 not balanced. Max 23227 steps (0.129039 hours).
Run 89: Trial 10000 not balanced. Max 265 steps (0.001472 hours).
Run 90: Trial 10000 not balanced. Max 131 steps (0.000728 hours).
Run 91: Trial 10000 not balanced. Max 210 steps (0.001167 hours).
Run 92: Trial 10000 not balanced. Max 11554 steps (0.064189 hours).
Run 93: Trial 10000 not balanced. Max 247 steps (0.001372 hours).
Run 94: Trial 10000 not balanced. Max 8868 steps (0.049267 hours).
Run 95: Trial 10000 not balanced. Max 16572 steps (0.092067 hours).
Run 96: Trial 10000 not balanced. Max 250 steps (0.001389 hours).
Run 97: Trial 10000 not balanced. Max 9854 steps (0.054744 hours).
Run 98: Trial 10000 not balanced. Max 10841 steps (0.060228 hours).
Run 99: Trial 10000 not balanced. Max 5427 steps (0.030150 hours).
Run 100: Trial 10000 not balanced. Max 2493 steps (0.013850 hours).
Run 101: Trial 10000 not balanced. Max 2110 steps (0.011722 hours).
Run 102: Trial 10000 not balanced. Max 5146 steps (0.028589 hours).
Run 103: Trial 10000 not balanced. Max 10315 steps (0.057306 hours).
Run 104: Trial 10000 not balanced. Max 154 steps (0.000856 hours).
Run 105: Trial 10000 not balanced. Max 9913 steps (0.055072 hours).
Run 106: Trial 10000 not balanced. Max 2962 steps (0.016456 hours).
Run 107: Trial 10000 not balanced. Max 3645 steps (0.020250 hours).
Run 108: Trial 10000 not balanced. Max 18112 steps (0.100622 hours).
Run 109: Trial 10000 not balanced. Max 254 steps (0.001411 hours).
Run 110: Trial 10000 not balanced. Max 4192 steps (0.023289 hours).
Run 111: Trial 10000 not balanced. Max 3417 steps (0.018983 hours).
Run 112: Trial 10000 not balanced. Max 8976 steps (0.049867 hours).
Run 113: Trial 10000 not balanced. Max 98 steps (0.000544 hours).
Run 114: Trial 10000 not balanced. Max 228 steps (0.001267 hours).
Run 115: Trial 10000 not balanced. Max 39010 steps (0.216722 hours).
Run 116: Trial 10000 not balanced. Max 17727 steps (0.098483 hours).
Run 117: Trial 10000 not balanced. Max 245 steps (0.001361 hours).
Run 118: Trial 10000 not balanced. Max 105 steps (0.000583 hours).
Run 119: Trial 10000 not balanced. Max 18666 steps (0.103700 hours).
Run 120: Trial 10000 not balanced. Max 9313 steps (0.051739 hours).
Run 121: Trial 10000 not balanced. Max 5725 steps (0.031806 hours).
Run 122: Trial 10000 not balanced. Max 15615 steps (0.086750 hours).
Run 123: Trial 10000 not balanced. Max 15006 steps (0.083367 hours).
Run 124: Trial 10000 not balanced. Max 191 steps (0.001061 hours).
Run 125: Trial 10000 not balanced. Max 24502 steps (0.136122 hours).
Run 126: Trial 10000 not balanced. Max 306 steps (0.001700 hours).
Run 127: Trial 10000 not balanced. Max 120 steps (0.000667 hours).
Run 128: Trial 10000 not balanced. Max 262 steps (0.001456 hours).
Run 129: Trial 10000 not balanced. Max 8266 steps (0.045922 hours).
Run 130: Trial 8243 balanced for 180000 steps (1.000000 hours).
Wrote current weights to latest.weights
Wrote current data to latest.train
374.240u 74.300s 7:52.44 94.9%	0+0k 64+10387504io 2pf+0w
 
TESTING USING THE TRAINED WEIGHTS
Read weights from latest.weights
balanced 0 test_flag 1
TEST_RUNS = 100
------------- Test Run 1 -------------
Trial 5 balanced for 180000 steps (1.000000 hours).
Elapsed time: 2 seconds
------------- Test Run 2 -------------
Trial 19 balanced for 180000 steps (1.000000 hours).
Elapsed time: 3 seconds
------------- Test Run 3 -------------
Trial 100 not balanced. Max 172623 steps (0.959017 hours).
Elapsed time: 2 seconds
------------- Test Run 4 -------------
Trial 1 balanced for 180000 steps (1.000000 hours).
Elapsed time: 1 seconds
------------- Test Run 5 -------------
Trial 1 balanced for 180000 steps (1.000000 hours).
Elapsed time: 1 seconds
------------- Test Run 6 -------------
Trial 4 balanced for 180000 steps (1.000000 hours).
Elapsed time: 1 seconds
------------- Test Run 7 -------------
Trial 0 balanced for 180000 steps (1.000000 hours).
Elapsed time: 1 seconds
------------- Test Run 8 -------------
Trial 0 balanced for 180000 steps (1.000000 hours).
Elapsed time: 1 seconds
------------- Test Run 9 -------------
Trial 0 balanced for 180000 steps (1.000000 hours).
Elapsed time: 1 seconds
------------- Test Run 10 -------------
Trial 0 balanced for 180000 steps (1.000000 hours).
Elapsed time: 2 seconds
------------- Test Run 11 -------------
Trial 1 balanced for 180000 steps (1.000000 hours).
Elapsed time: 1 seconds
------------- Test Run 12 -------------
Trial 57 balanced for 180000 steps (1.000000 hours).
Elapsed time: 2 seconds
------------- Test Run 13 -------------
Trial 0 balanced for 180000 steps (1.000000 hours).
Elapsed time: 2 seconds
------------- Test Run 14 -------------
Trial 100 not balanced. Max 153329 steps (0.851828 hours).
Elapsed time: 1 seconds
------------- Test Run 15 -------------
Trial 4 balanced for 180000 steps (1.000000 hours).
Elapsed time: 1 seconds
------------- Test Run 16 -------------
Trial 1 balanced for 180000 steps (1.000000 hours).
Elapsed time: 2 seconds
------------- Test Run 17 -------------
Trial 100 not balanced. Max 129503 steps (0.719461 hours).
Elapsed time: 1 seconds
------------- Test Run 18 -------------
Trial 3 balanced for 180000 steps (1.000000 hours).
Elapsed time: 1 seconds
------------- Test Run 19 -------------
Trial 0 balanced for 180000 steps (1.000000 hours).
Elapsed time: 1 seconds
------------- Test Run 20 -------------
Trial 3 balanced for 180000 steps (1.000000 hours).
Elapsed time: 1 seconds
------------- Test Run 21 -------------
Trial 0 balanced for 180000 steps (1.000000 hours).
Elapsed time: 2 seconds
------------- Test Run 22 -------------
Trial 0 balanced for 180000 steps (1.000000 hours).
Elapsed time: 1 seconds
------------- Test Run 23 -------------
Trial 1 balanced for 180000 steps (1.000000 hours).
Elapsed time: 1 seconds
------------- Test Run 24 -------------
Trial 10 balanced for 180000 steps (1.000000 hours).
Elapsed time: 2 seconds
------------- Test Run 25 -------------
Trial 5 balanced for 180000 steps (1.000000 hours).
Elapsed time: 1 seconds
------------- Test Run 26 -------------
Trial 78 balanced for 180000 steps (1.000000 hours).
Elapsed time: 4 seconds
------------- Test Run 27 -------------
Trial 100 not balanced. Max 173362 steps (0.963122 hours).
Elapsed time: 3 seconds
------------- Test Run 28 -------------
Trial 2 balanced for 180000 steps (1.000000 hours).
Elapsed time: 1 seconds
------------- Test Run 29 -------------
Trial 68 balanced for 180000 steps (1.000000 hours).
Elapsed time: 2 seconds
------------- Test Run 30 -------------
Trial 0 balanced for 180000 steps (1.000000 hours).
Elapsed time: 1 seconds
------------- Test Run 31 -------------
Trial 4 balanced for 180000 steps (1.000000 hours).
Elapsed time: 2 seconds
------------- Test Run 32 -------------
Trial 100 not balanced. Max 172526 steps (0.958478 hours).
Elapsed time: 1 seconds
------------- Test Run 33 -------------
Trial 0 balanced for 180000 steps (1.000000 hours).
Elapsed time: 1 seconds
------------- Test Run 34 -------------
Trial 9 balanced for 180000 steps (1.000000 hours).
Elapsed time: 2 seconds
------------- Test Run 35 -------------
Trial 2 balanced for 180000 steps (1.000000 hours).
Elapsed time: 1 seconds
------------- Test Run 36 -------------
Trial 4 balanced for 180000 steps (1.000000 hours).
Elapsed time: 1 seconds
------------- Test Run 37 -------------
Trial 9 balanced for 180000 steps (1.000000 hours).
Elapsed time: 1 seconds
------------- Test Run 38 -------------
Trial 100 not balanced. Max 119128 steps (0.661822 hours).
Elapsed time: 2 seconds
------------- Test Run 39 -------------
Trial 1 balanced for 180000 steps (1.000000 hours).
Elapsed time: 1 seconds
------------- Test Run 40 -------------
Trial 19 balanced for 180000 steps (1.000000 hours).
Elapsed time: 2 seconds
------------- Test Run 41 -------------
Trial 26 balanced for 180000 steps (1.000000 hours).
Elapsed time: 3 seconds
------------- Test Run 42 -------------
Trial 4 balanced for 180000 steps (1.000000 hours).
Elapsed time: 1 seconds
------------- Test Run 43 -------------
Trial 30 balanced for 180000 steps (1.000000 hours).
Elapsed time: 2 seconds
------------- Test Run 44 -------------
Trial 3 balanced for 180000 steps (1.000000 hours).
Elapsed time: 1 seconds
------------- Test Run 45 -------------
Trial 9 balanced for 180000 steps (1.000000 hours).
Elapsed time: 2 seconds
------------- Test Run 46 -------------
Trial 100 not balanced. Max 177030 steps (0.983500 hours).
Elapsed time: 3 seconds
------------- Test Run 47 -------------
Trial 0 balanced for 180000 steps (1.000000 hours).
Elapsed time: 1 seconds
------------- Test Run 48 -------------
Trial 14 balanced for 180000 steps (1.000000 hours).
Elapsed time: 3 seconds
------------- Test Run 49 -------------
Trial 100 not balanced. Max 139940 steps (0.777444 hours).
Elapsed time: 1 seconds
------------- Test Run 50 -------------
Trial 0 balanced for 180000 steps (1.000000 hours).
Elapsed time: 1 seconds
------------- Test Run 51 -------------
Trial 21 balanced for 180000 steps (1.000000 hours).
Elapsed time: 1 seconds
------------- Test Run 52 -------------
Trial 4 balanced for 180000 steps (1.000000 hours).
Elapsed time: 2 seconds
------------- Test Run 53 -------------
Trial 15 balanced for 180000 steps (1.000000 hours).
Elapsed time: 2 seconds
------------- Test Run 54 -------------
Trial 3 balanced for 180000 steps (1.000000 hours).
Elapsed time: 1 seconds
------------- Test Run 55 -------------
Trial 42 balanced for 180000 steps (1.000000 hours).
Elapsed time: 3 seconds
------------- Test Run 56 -------------
Trial 20 balanced for 180000 steps (1.000000 hours).
Elapsed time: 3 seconds
------------- Test Run 57 -------------
Trial 0 balanced for 180000 steps (1.000000 hours).
Elapsed time: 1 seconds
------------- Test Run 58 -------------
Trial 100 not balanced. Max 179146 steps (0.995256 hours).
Elapsed time: 1 seconds
------------- Test Run 59 -------------
Trial 1 balanced for 180000 steps (1.000000 hours).
Elapsed time: 1 seconds
------------- Test Run 60 -------------
Trial 16 balanced for 180000 steps (1.000000 hours).
Elapsed time: 2 seconds
------------- Test Run 61 -------------
Trial 0 balanced for 180000 steps (1.000000 hours).
Elapsed time: 2 seconds
------------- Test Run 62 -------------
Trial 33 balanced for 180000 steps (1.000000 hours).
Elapsed time: 3 seconds
------------- Test Run 63 -------------
Trial 56 balanced for 180000 steps (1.000000 hours).
Elapsed time: 2 seconds
------------- Test Run 64 -------------
Trial 0 balanced for 180000 steps (1.000000 hours).
Elapsed time: 1 seconds
------------- Test Run 65 -------------
Trial 1 balanced for 180000 steps (1.000000 hours).
Elapsed time: 1 seconds
------------- Test Run 66 -------------
Trial 17 balanced for 180000 steps (1.000000 hours).
Elapsed time: 2 seconds
------------- Test Run 67 -------------
Trial 100 not balanced. Max 152211 steps (0.845617 hours).
Elapsed time: 2 seconds
------------- Test Run 68 -------------
Trial 100 not balanced. Max 177476 steps (0.985978 hours).
Elapsed time: 3 seconds
------------- Test Run 69 -------------
Trial 100 not balanced. Max 167345 steps (0.929694 hours).
Elapsed time: 4 seconds
------------- Test Run 70 -------------
Trial 2 balanced for 180000 steps (1.000000 hours).
Elapsed time: 1 seconds
------------- Test Run 71 -------------
Trial 0 balanced for 180000 steps (1.000000 hours).
Elapsed time: 1 seconds
------------- Test Run 72 -------------
Trial 45 balanced for 180000 steps (1.000000 hours).
Elapsed time: 2 seconds
------------- Test Run 73 -------------
Trial 22 balanced for 180000 steps (1.000000 hours).
Elapsed time: 2 seconds
------------- Test Run 74 -------------
Trial 100 not balanced. Max 50564 steps (0.280911 hours).
Elapsed time: 1 seconds
------------- Test Run 75 -------------
Trial 2 balanced for 180000 steps (1.000000 hours).
Elapsed time: 1 seconds
------------- Test Run 76 -------------
Trial 27 balanced for 180000 steps (1.000000 hours).
Elapsed time: 2 seconds
------------- Test Run 77 -------------
Trial 51 balanced for 180000 steps (1.000000 hours).
Elapsed time: 2 seconds
------------- Test Run 78 -------------
Trial 6 balanced for 180000 steps (1.000000 hours).
Elapsed time: 1 seconds
------------- Test Run 79 -------------
Trial 6 balanced for 180000 steps (1.000000 hours).
Elapsed time: 2 seconds
------------- Test Run 80 -------------
Trial 18 balanced for 180000 steps (1.000000 hours).
Elapsed time: 2 seconds
------------- Test Run 81 -------------
Trial 22 balanced for 180000 steps (1.000000 hours).
Elapsed time: 2 seconds
------------- Test Run 82 -------------
Trial 8 balanced for 180000 steps (1.000000 hours).
Elapsed time: 2 seconds
------------- Test Run 83 -------------
Trial 36 balanced for 180000 steps (1.000000 hours).
Elapsed time: 3 seconds
------------- Test Run 84 -------------
Trial 8 balanced for 180000 steps (1.000000 hours).
Elapsed time: 1 seconds
------------- Test Run 85 -------------
Trial 1 balanced for 180000 steps (1.000000 hours).
Elapsed time: 2 seconds
------------- Test Run 86 -------------
Trial 9 balanced for 180000 steps (1.000000 hours).
Elapsed time: 1 seconds
------------- Test Run 87 -------------
Trial 3 balanced for 180000 steps (1.000000 hours).
Elapsed time: 1 seconds
------------- Test Run 88 -------------
Trial 1 balanced for 180000 steps (1.000000 hours).
Elapsed time: 1 seconds
------------- Test Run 89 -------------
Trial 16 balanced for 180000 steps (1.000000 hours).
Elapsed time: 2 seconds
------------- Test Run 90 -------------
Trial 0 balanced for 180000 steps (1.000000 hours).
Elapsed time: 1 seconds
------------- Test Run 91 -------------
Trial 0 balanced for 180000 steps (1.000000 hours).
Elapsed time: 1 seconds
------------- Test Run 92 -------------
Trial 0 balanced for 180000 steps (1.000000 hours).
Elapsed time: 2 seconds
------------- Test Run 93 -------------
Trial 1 balanced for 180000 steps (1.000000 hours).
Elapsed time: 1 seconds
------------- Test Run 94 -------------
Trial 22 balanced for 180000 steps (1.000000 hours).
Elapsed time: 2 seconds
------------- Test Run 95 -------------
Trial 100 not balanced. Max 174838 steps (0.971322 hours).
Elapsed time: 3 seconds
------------- Test Run 96 -------------
Trial 14 balanced for 180000 steps (1.000000 hours).
Elapsed time: 2 seconds
------------- Test Run 97 -------------
Trial 3 balanced for 180000 steps (1.000000 hours).
Elapsed time: 1 seconds
------------- Test Run 98 -------------
Trial 0 balanced for 180000 steps (1.000000 hours).
Elapsed time: 1 seconds
------------- Test Run 99 -------------
Trial 0 balanced for 180000 steps (1.000000 hours).
Elapsed time: 1 seconds
------------- Test Run 100 -------------
Trial 6 balanced for 180000 steps (1.000000 hours).
Elapsed time: 2 seconds

=============== SUMMARY ===============
Trials: 86.00% (86/100) avg 24 max 101 min 1
Wrote current data to latest.train
148.900u 8.760s 2:43.17 96.6%	0+0k 0+47648io 0pf+0w
