gcc -fopenmp -o demo.o demo.c -lm
./demo.o
demo
demo
demo
demo
MAX_FAILURES	= 10000
TARGET_STEPS	= 100000
STEPSIZE (ms)	= 0.05
TAU      (sec)	= 0.02
MAX_FORCE 	= 1000

------------- Run 1 -------------
0 L 1 R 0 push -1 force 0.00
1 L 0 R 1 push 1 force -0.05
4 L 1 R 0 push -1 force -0.05
5 L 1 R 0 push -1 force -0.10
6 L 1 R 0 push -1 force -0.20
9 L 0 R 1 push 1 force -0.64
10 L 1 R 0 push -1 force -0.74
11 L 1 R 0 push -1 force -0.88
15 L 0 R 1 push 1 force -1.66
17 L 0 R 1 push 1 force -1.94
20 L 1 R 0 push -1 force -2.21
21 L 0 R 1 push 1 force -2.35
23 L 0 R 1 push 1 force -2.52
24 L 0 R 1 push 1 force -2.56
26 L 1 R 0 push -1 force -2.53
27 L 0 R 1 push 1 force -2.57
30 L 0 R 1 push 1 force -2.53
34 L 0 R 1 push 1 force -2.28
36 L 0 R 1 push 1 force -2.06
37 L 1 R 0 push -1 force -1.90
41 L 1 R 0 push -1 force -1.46
44 L 1 R 0 push -1 force -1.29
48 L 1 R 0 push -1 force -1.27
51 L 1 R 0 push -1 force -1.39
53 L 1 R 0 push -1 force -1.58
54 L 0 R 1 push 1 force -1.72
58 L 1 R 0 push -1 force -2.08
59 L 0 R 1 push 1 force -2.22
62 L 1 R 0 push -1 force -2.48
64 L 1 R 0 push -1 force -2.75
70 L 0 R 1 push 1 force -3.85
71 L 1 R 0 push -1 force -3.98
73 L 1 R 0 push -1 force -4.34
74 L 1 R 0 push -1 force -4.56
77 L 0 R 1 push 1 force -5.39
79 L 1 R 0 push -1 force -5.83
81 L 0 R 1 push 1 force -6.36
83 L 1 R 0 push -1 force -6.80
84 L 0 R 1 push 1 force -7.06
85 L 1 R 0 push -1 force -7.27
87 L 1 R 0 push -1 force -7.80
90 L 1 R 0 push -1 force -8.72
91 L 1 R 0 push -1 force -9.07
92 L 0 R 1 push 1 force -9.47
93 L 0 R 1 push 1 force -9.82
95 L 0 R 1 push 1 force -10.42
97 L 0 R 1 push 1 force -10.91
105 L 0 R 1 push 1 force -12.42
107 L 0 R 1 push 1 force -12.69
108 L 1 R 0 push -1 force -12.78
109 L 1 R 0 push -1 force -12.91
115 L 1 R 0 push -1 force -13.99
116 L 0 R 1 push 1 force -14.21
118 L 1 R 0 push -1 force -14.56
119 L 1 R 0 push -1 force -14.78
121 L 0 R 1 push 1 force -15.33
127 L 0 R 1 push 1 force -16.62
131 L 1 R 0 push -1 force -17.26
137 L 0 R 1 push 1 force -18.50
140 L 0 R 1 push 1 force -18.95
141 L 0 R 1 push 1 force -19.05
142 L 1 R 0 push -1 force -19.09
146 L 1 R 0 push -1 force -19.48
148 L 0 R 1 push 1 force -19.77
149 L 1 R 0 push -1 force -19.87
150 L 0 R 1 push 1 force -20.01
154 L 0 R 1 push 1 force -20.38
155 L 1 R 0 push -1 force -20.42
159 L 1 R 0 push -1 force -20.77
160 L 1 R 0 push -1 force -20.91
164 L 0 R 1 push 1 force -21.65
165 L 1 R 0 push -1 force -21.78
166 L 0 R 1 push 1 force -21.96
169 L 0 R 1 push 1 force -22.35
170 L 1 R 0 push -1 force -22.43
171 L 1 R 0 push -1 force -22.56
172 L 0 R 1 push 1 force -22.73
173 L 1 R 0 push -1 force -22.86
176 L 0 R 1 push 1 force -23.38
178 L 0 R 1 push 1 force -23.63
180 L 0 R 1 push 1 force -23.77
182 L 1 R 0 push -1 force -23.81
183 L 1 R 0 push -1 force -23.88
185 L 1 R 0 push -1 force -24.11
188 L 1 R 0 push -1 force -24.61
190 L 0 R 1 push 1 force -25.04
191 L 0 R 1 push 1 force -25.20
193 L 0 R 1 push 1 force -25.42
194 L 1 R 0 push -1 force -25.48
195 L 1 R 0 push -1 force -25.59
196 L 0 R 1 push 1 force -25.74
197 L 1 R 0 push -1 force -25.85
200 L 1 R 0 push -1 force -26.32
203 L 1 R 0 push -1 force -26.92
204 L 0 R 1 push 1 force -27.17
207 L 0 R 1 push 1 force -27.77
208 L 1 R 0 push -1 force -27.91
210 L 1 R 0 push -1 force -28.30
212 L 1 R 0 push -1 force -28.78
214 L 1 R 0 push -1 force -29.36
217 L 1 R 0 push -1 force -30.36
224 L 1 R 0 push -1 force -32.97
227 L 1 R 0 push -1 force -34.21
230 L 0 R 1 push 1 force -35.58
231 L 0 R 1 push 1 force -35.98
234 L 1 R 0 push -1 force -37.02
236 L 0 R 1 push 1 force -37.80
238 L 1 R 0 push -1 force -38.48
242 L 1 R 0 push -1 force -40.00
243 L 0 R 1 push 1 force -40.43
245 L 0 R 1 push 1 force -41.18
246 L 1 R 0 push -1 force -41.50
248 L 0 R 1 push 1 force -42.23
251 L 0 R 1 push 1 force -43.16
254 L 1 R 0 push -1 force -43.93
257 L 1 R 0 push -1 force -44.84
259 L 0 R 1 push 1 force -45.53
260 L 1 R 0 push -1 force -45.83
261 L 0 R 1 push 1 force -46.17
267 L 0 R 1 push 1 force -47.88
268 L 1 R 0 push -1 force -48.11
269 L 1 R 0 push -1 force -48.39
287 L 1 R 0 push -1 force -53.98
288 L 1 R 0 push -1 force -54.33
292 L 1 R 0 push -1 force -55.88
294 L 0 R 1 push 1 force -56.74
297 L 1 R 0 push -1 force -57.86
303 L 1 R 0 push -1 force -60.34
305 L 0 R 1 push 1 force -61.25
306 L 1 R 0 push -1 force -61.65
310 L 1 R 0 push -1 force -63.42
312 L 0 R 1 push 1 force -64.39
313 L 1 R 0 push -1 force -64.83
315 L 0 R 1 push 1 force -65.78
319 L 0 R 1 push 1 force -67.46
320 L 1 R 0 push -1 force -67.82
323 L 1 R 0 push -1 force -69.05
327 L 1 R 0 push -1 force -70.84
330 L 0 R 1 push 1 force -72.31
331 L 1 R 0 push -1 force -72.75
333 L 1 R 0 push -1 force -73.71
334 L 1 R 0 push -1 force -74.23
335 L 0 R 1 push 1 force -74.81
336 L 1 R 0 push -1 force -75.32
341 L 0 R 1 push 1 force -78.12
342 L 0 R 1 push 1 force -78.62
346 L 1 R 0 push -1 force -80.39
349 L 0 R 1 push 1 force -81.84
352 L 0 R 1 push 1 force -83.11
354 L 0 R 1 push 1 force -83.85
356 L 0 R 1 push 1 force -84.48
357 L 1 R 0 push -1 force -84.74
358 L 1 R 0 push -1 force -85.05
362 L 1 R 0 push -1 force -86.46
363 L 0 R 1 push 1 force -86.86
367 L 0 R 1 push 1 force -88.23
368 L 0 R 1 push 1 force -88.51
371 L 1 R 0 push -1 force -89.21
374 L 0 R 1 push 1 force -90.04
375 L 1 R 0 push -1 force -90.26
377 L 1 R 0 push -1 force -90.80
378 L 1 R 0 push -1 force -91.12
379 L 0 R 1 push 1 force -91.49
382 L 0 R 1 push 1 force -92.42
383 L 0 R 1 push 1 force -92.68
384 L 1 R 0 push -1 force -92.88
386 L 1 R 0 push -1 force -93.39
388 L 0 R 1 push 1 force -93.98
389 L 1 R 0 push -1 force -94.23
390 L 0 R 1 push 1 force -94.52
393 L 1 R 0 push -1 force -95.24
395 L 0 R 1 push 1 force -95.81
397 L 1 R 0 push -1 force -96.27
399 L 1 R 0 push -1 force -96.83
401 L 1 R 0 push -1 force -97.48
403 L 0 R 1 push 1 force -98.21
404 L 0 R 1 push 1 force -98.53
409 L 1 R 0 push -1 force -99.82
412 L 1 R 0 push -1 force -100.73
414 L 0 R 1 push 1 force -101.42
415 L 1 R 0 push -1 force -101.71
416 L 0 R 1 push 1 force -102.05
419 L 0 R 1 push 1 force -102.91
420 L 1 R 0 push -1 force -103.14
421 L 1 R 0 push -1 force -103.42
423 L 1 R 0 push -1 force -104.07
424 L 1 R 0 push -1 force -104.45
425 L 0 R 1 push 1 force -104.87
426 L 0 R 1 push 1 force -105.23
427 L 0 R 1 push 1 force -105.55
430 L 1 R 0 push -1 force -106.33
431 L 1 R 0 push -1 force -106.64
436 L 0 R 1 push 1 force -108.39
437 L 1 R 0 push -1 force -108.68
438 L 1 R 0 push -1 force -109.03
440 L 0 R 1 push 1 force -109.80
441 L 1 R 0 push -1 force -110.13
443 L 0 R 1 push 1 force -110.89
444 L 0 R 1 push 1 force -111.22
445 L 1 R 0 push -1 force -111.49
446 L 1 R 0 push -1 force -111.81
447 L 0 R 1 push 1 force -112.18
448 L 1 R 0 push -1 force -112.50
453 L 0 R 1 push 1 force -114.29
454 L 0 R 1 push 1 force -114.59
459 L 0 R 1 push 1 force -115.82
461 L 0 R 1 push 1 force -116.20
462 L 0 R 1 push 1 force -116.34
463 L 0 R 1 push 1 force -116.42
465 L 0 R 1 push 1 force -116.49
466 L 1 R 0 push -1 force -116.47
467 L 0 R 1 push 1 force -116.50
469 L 1 R 0 push -1 force -116.47
471 L 1 R 0 push -1 force -116.52
473 L 1 R 0 push -1 force -116.68
475 L 1 R 0 push -1 force -116.93
476 L 0 R 1 push 1 force -117.10
477 L 1 R 0 push -1 force -117.22
478 L 1 R 0 push -1 force -117.39
482 L 1 R 0 push -1 force -118.25
483 L 1 R 0 push -1 force -118.51
484 L 1 R 0 push -1 force -118.82
486 L 1 R 0 push -1 force -119.53
490 L 1 R 0 push -1 force -121.12
493 L 0 R 1 push 1 force -122.43
497 L 1 R 0 push -1 force -123.94
499 L 0 R 1 push 1 force -124.78
501 L 0 R 1 push 1 force -125.51
502 L 0 R 1 push 1 force -125.82
504 L 1 R 0 push -1 force -126.33
505 L 0 R 1 push 1 force -126.63
508 L 1 R 0 push -1 force -127.38
512 L 1 R 0 push -1 force -128.55
514 L 1 R 0 push -1 force -129.22
516 L 0 R 1 push 1 force -129.98
522 L 0 R 1 push 1 force -131.89
523 L 0 R 1 push 1 force -132.15
524 L 0 R 1 push 1 force -132.36
530 L 1 R 0 push -1 force -133.28
533 L 0 R 1 push 1 force -133.87
536 L 1 R 0 push -1 force -134.29
537 L 1 R 0 push -1 force -134.48
538 L 0 R 1 push 1 force -134.72
539 L 1 R 0 push -1 force -134.90
543 L 0 R 1 push 1 force -135.82
544 L 0 R 1 push 1 force -135.99
546 L 1 R 0 push -1 force -136.24
549 L 0 R 1 push 1 force -136.74
551 L 1 R 0 push -1 force -136.97
553 L 0 R 1 push 1 force -137.29
554 L 0 R 1 push 1 force -137.40
556 L 0 R 1 push 1 force -137.51
560 L 1 R 0 push -1 force -137.53
561 L 0 R 1 push 1 force -137.58
562 L 0 R 1 push 1 force -137.58
567 L 1 R 0 push -1 force -137.32
570 L 0 R 1 push 1 force -137.31
571 L 1 R 0 push -1 force -137.25
572 L 0 R 1 push 1 force -137.25
576 L 1 R 0 push -1 force -137.01
579 L 1 R 0 push -1 force -136.98
580 L 1 R 0 push -1 force -137.02
581 L 0 R 1 push 1 force -137.11
583 L 1 R 0 push -1 force -137.18
585 L 1 R 0 push -1 force -137.34
586 L 1 R 0 push -1 force -137.47
587 L 1 R 0 push -1 force -137.65
588 L 0 R 1 push 1 force -137.88
589 L 1 R 0 push -1 force -138.05
591 L 1 R 0 push -1 force -138.50
593 L 0 R 1 push 1 force -139.04
594 L 0 R 1 push 1 force -139.25
597 L 1 R 0 push -1 force -139.74
598 L 0 R 1 push 1 force -139.94
601 L 0 R 1 push 1 force -140.41
602 L 0 R 1 push 1 force -140.51
606 L 1 R 0 push -1 force -140.70
607 L 1 R 0 push -1 force -140.80
609 L 0 R 1 push 1 force -141.09
611 L 1 R 0 push -1 force -141.27
612 L 0 R 1 push 1 force -141.41
613 L 1 R 0 push -1 force -141.49
614 L 0 R 1 push 1 force -141.63
615 L 1 R 0 push -1 force -141.71
621 L 1 R 0 push -1 force -142.49
624 L 0 R 1 push 1 force -143.00
626 L 1 R 0 push -1 force -143.24
627 L 1 R 0 push -1 force -143.40
628 L 1 R 0 push -1 force -143.61
630 L 1 R 0 push -1 force -144.13
636 L 1 R 0 push -1 force -145.94
638 L 1 R 0 push -1 force -146.62
641 L 0 R 1 push 1 force -147.77
642 L 1 R 0 push -1 force -148.10
643 L 0 R 1 push 1 force -148.48
645 L 1 R 0 push -1 force -149.12
646 L 0 R 1 push 1 force -149.49
650 L 1 R 0 push -1 force -150.73
652 L 0 R 1 push 1 force -151.44
653 L 1 R 0 push -1 force -151.74
655 L 0 R 1 push 1 force -152.43
657 L 1 R 0 push -1 force -153.01
658 L 0 R 1 push 1 force -153.35
661 L 1 R 0 push -1 force -154.20
662 L 1 R 0 push -1 force -154.52
663 L 0 R 1 push 1 force -154.90
664 L 1 R 0 push -1 force -155.22
666 L 0 R 1 push 1 force -155.96
667 L 0 R 1 push 1 force -156.27
668 L 1 R 0 push -1 force -156.53
670 L 1 R 0 push -1 force -157.15
671 L 1 R 0 push -1 force -157.50
675 L 1 R 0 push -1 force -159.09
677 L 0 R 1 push 1 force -159.96
683 L 1 R 0 push -1 force -162.21
684 L 0 R 1 push 1 force -162.63
688 L 0 R 1 push 1 force -164.06
689 L 0 R 1 push 1 force -164.36
690 L 0 R 1 push 1 force -164.61
691 L 1 R 0 push -1 force -164.81
693 L 1 R 0 push -1 force -165.30
694 L 0 R 1 push 1 force -165.59
696 L 1 R 0 push -1 force -166.06
698 L 1 R 0 push -1 force -166.62
710 L 1 R 0 push -1 force -170.38
711 L 1 R 0 push -1 force -170.73
712 L 0 R 1 push 1 force -171.12
714 L 0 R 1 push 1 force -171.80
719 L 0 R 1 push 1 force -173.20
723 L 1 R 0 push -1 force -174.08
725 L 0 R 1 push 1 force -174.61
728 L 1 R 0 push -1 force -175.23
729 L 1 R 0 push -1 force -175.48
730 L 0 R 1 push 1 force -175.79
732 L 0 R 1 push 1 force -176.28
733 L 1 R 0 push -1 force -176.47
735 L 1 R 0 push -1 force -176.95
736 L 0 R 1 push 1 force -177.24
738 L 0 R 1 push 1 force -177.71
739 L 0 R 1 push 1 force -177.89
740 L 0 R 1 push 1 force -178.01
741 L 1 R 0 push -1 force -178.09
742 L 1 R 0 push -1 force -178.21
743 L 1 R 0 push -1 force -178.39
744 L 1 R 0 push -1 force -178.61
749 L 0 R 1 push 1 force -179.93
750 L 1 R 0 push -1 force -180.13
751 L 1 R 0 push -1 force -180.39
759 L 1 R 0 push -1 force -182.73
760 L 1 R 0 push -1 force -183.06
761 L 0 R 1 push 1 force -183.43
764 L 1 R 0 push -1 force -184.40
767 L 1 R 0 push -1 force -185.49
768 L 0 R 1 push 1 force -185.90
