gcc -fopenmp -o demo.o demo.c -lm
./demo.o
demo
demo
demo
demo
MAX_FAILURES	= 10000
TARGET_STEPS	= 10000
LAST_STEPS	= 100
STEPSIZE (ms)	= 10.00
TAU      (ms)	= 20
MAX_FORCE 	= 100

------------- Run 1 -------------
0 (0) L 1 R 0 push -1 force 0.00
2 (2) L 1 R 0 push -1 force -0.74
3 (3) L 0 R 1 push 1 force -1.28
5 (5) L 1 R 0 push -1 force -0.34
7 (7) L 1 R 0 push -1 force -0.82
8 (8) L 0 R 1 push 1 force -1.31
9 (9) L 0 R 1 push 1 force -0.68
10 (10) L 1 R 0 push -1 force 0.26
15 (15) L 0 R 1 push 1 force -0.11
16 (16) L 0 R 1 push 1 force 0.52
18 (18) L 0 R 1 push 1 force 1.36
20 (20) L 0 R 1 push 1 force 1.67
21 (21) L 0 R 1 push 1 force 1.97
23 (23) L 1 R 0 push -1 force 2.17
26 (26) L 1 R 0 push -1 force 0.30
27 (27) L 1 R 0 push -1 force -0.46
28 (28) L 0 R 1 push 1 force -1.28
29 (29) L 1 R 0 push -1 force -0.77
31 (31) L 0 R 1 push 1 force -1.02
34 (34) L 0 R 1 push 1 force 0.20
35 (35) L 1 R 0 push -1 force 0.81
36 (36) L 1 R 0 push -1 force 0.31
39 (39) L 0 R 1 push 1 force -0.73
40 (40) L 0 R 1 push 1 force 0.01
41 (41) L 0 R 1 push 1 force 0.88
44 (44) L 0 R 1 push 1 force 1.45
45 (45) L 1 R 0 push -1 force 1.74
1 (1) L 1 R 0 push -1 force 0.00
3 (3) L 0 R 1 push 1 force -0.74
6 (6) L 1 R 0 push -1 force 0.26
8 (8) L 1 R 0 push -1 force -0.54
11 (11) L 1 R 0 push -1 force -1.00
13 (13) L 1 R 0 push -1 force -1.32
14 (14) L 1 R 0 push -1 force -1.70
17 (17) L 0 R 1 push 1 force -1.65
20 (20) L 0 R 1 push 1 force 0.02
23 (23) L 1 R 0 push -1 force 0.76
24 (24) L 0 R 1 push 1 force 0.01
25 (25) L 1 R 0 push -1 force 0.34
27 (27) L 0 R 1 push 1 force -0.37
29 (29) L 1 R 0 push -1 force 0.42
32 (32) L 1 R 0 push -1 force -0.39
33 (33) L 1 R 0 push -1 force -0.94
34 (34) L 1 R 0 push -1 force -1.60
35 (35) L 0 R 1 push 1 force -2.21
36 (36) L 1 R 0 push -1 force -1.48
37 (37) L 0 R 1 push 1 force -1.59
40 (40) L 0 R 1 push 1 force -0.15
43 (43) L 0 R 1 push 1 force 0.68
45 (45) L 1 R 0 push -1 force 1.16
50 (50) L 1 R 0 push -1 force -0.13
51 (51) L 0 R 1 push 1 force -0.71
52 (52) L 0 R 1 push 1 force -0.21
55 (55) L 1 R 0 push -1 force 0.77
56 (56) L 0 R 1 push 1 force 0.03
58 (58) L 0 R 1 push 1 force 0.42
59 (59) L 0 R 1 push 1 force 0.99
60 (60) L 0 R 1 push 1 force 1.65
62 (62) L 0 R 1 push 1 force 2.11
64 (64) L 0 R 1 push 1 force 2.07
65 (65) L 1 R 0 push -1 force 2.25
1 (1) L 1 R 0 push -1 force 0.00
3 (3) L 1 R 0 push -1 force -0.74
7 (7) L 0 R 1 push 1 force -0.84
8 (8) L 0 R 1 push 1 force -0.02
9 (9) L 1 R 0 push -1 force 0.90
12 (12) L 0 R 1 push 1 force 0.14
18 (18) L 0 R 1 push 1 force 0.30
20 (20) L 0 R 1 push 1 force 0.88
24 (24) L 0 R 1 push 1 force 0.87
28 (28) L 1 R 0 push -1 force 0.76
29 (29) L 1 R 0 push -1 force -0.05
31 (31) L 1 R 0 push -1 force -1.13
32 (32) L 1 R 0 push -1 force -1.63
33 (33) L 1 R 0 push -1 force -2.17
35 (35) L 0 R 1 push 1 force -2.40
36 (36) L 0 R 1 push 1 force -1.34
37 (37) L 1 R 0 push -1 force -0.13
40 (40) L 1 R 0 push -1 force -0.24
42 (42) L 1 R 0 push -1 force -0.88
43 (43) L 1 R 0 push -1 force -1.38
44 (44) L 0 R 1 push 1 force -1.96
46 (46) L 0 R 1 push 1 force -0.81
48 (48) L 0 R 1 push 1 force 0.41
53 (53) L 0 R 1 push 1 force 0.59
54 (54) L 0 R 1 push 1 force 1.03
55 (55) L 1 R 0 push -1 force 1.64
1 (1) L 1 R 0 push -1 force 0.00
4 (4) L 1 R 0 push -1 force -0.67
5 (5) L 1 R 0 push -1 force -1.15
6 (6) L 0 R 1 push 1 force -1.75
8 (8) L 0 R 1 push 1 force -0.69
10 (10) L 0 R 1 push 1 force 0.47
13 (13) L 0 R 1 push 1 force 1.01
15 (15) L 1 R 0 push -1 force 1.33
18 (18) L 1 R 0 push -1 force -0.05
25 (25) L 1 R 0 push -1 force -0.24
31 (31) L 0 R 1 push 1 force -0.32
32 (32) L 0 R 1 push 1 force 0.38
34 (34) L 0 R 1 push 1 force 1.30
36 (36) L 0 R 1 push 1 force 1.64
37 (37) L 0 R 1 push 1 force 1.95
43 (43) L 0 R 1 push 1 force 0.68
50 (50) L 1 R 0 push -1 force 0.25
54 (54) L 1 R 0 push -1 force -0.49
1 (1) L 1 R 0 push -1 force 0.00
3 (3) L 0 R 1 push 1 force -0.74
4 (4) L 0 R 1 push 1 force -0.06
5 (5) L 0 R 1 push 1 force 0.80
6 (6) L 1 R 0 push -1 force 1.60
7 (7) L 0 R 1 push 1 force 1.04
9 (9) L 0 R 1 push 1 force 1.17
11 (11) L 0 R 1 push 1 force 1.46
12 (12) L 0 R 1 push 1 force 1.80
14 (14) L 0 R 1 push 1 force 2.07
15 (15) L 1 R 0 push -1 force 2.29
16 (16) L 0 R 1 push 1 force 1.41
17 (17) L 0 R 1 push 1 force 1.47
19 (19) L 1 R 0 push -1 force 1.73
23 (23) L 0 R 1 push 1 force 0.02
25 (25) L 1 R 0 push -1 force 0.70
26 (26) L 0 R 1 push 1 force 0.03
28 (28) L 0 R 1 push 1 force 0.46
29 (29) L 0 R 1 push 1 force 1.02
32 (32) L 1 R 0 push -1 force 1.39
33 (33) L 1 R 0 push -1 force 0.47
35 (35) L 1 R 0 push -1 force -0.83
36 (36) L 0 R 1 push 1 force -1.42
37 (37) L 1 R 0 push -1 force -0.81
39 (39) L 0 R 1 push 1 force -0.99
42 (42) L 1 R 0 push -1 force 0.21
0 (0) L 1 R 0 push -1 force 0.00
3 (3) L 0 R 1 push 1 force -0.67
5 (5) L 0 R 1 push 1 force 0.33
7 (7) L 1 R 0 push -1 force 1.07
9 (9) L 1 R 0 push -1 force 0.00
11 (11) L 1 R 0 push -1 force -0.88
12 (12) L 0 R 1 push 1 force -1.40
15 (15) L 0 R 1 push 1 force -0.23
17 (17) L 1 R 0 push -1 force 0.67
22 (22) L 0 R 1 push 1 force -0.20
23 (23) L 1 R 0 push -1 force 0.45
25 (25) L 1 R 0 push -1 force -0.15
27 (27) L 1 R 0 push -1 force -0.90
28 (28) L 0 R 1 push 1 force -1.41
36 (36) L 1 R 0 push -1 force -0.01
39 (39) L 0 R 1 push 1 force -0.67
41 (41) L 0 R 1 push 1 force 0.33
46 (46) L 1 R 0 push -1 force 0.55
1 (1) L 1 R 0 push -1 force 0.00
21 (21) L 0 R 1 push 1 force 0.00
Pole not balanced. Stopping after 10000 failures 
Max steps: 287, Total Steps: 630748 
Firing rate (spikes/sec): 1.04 (L: 0.52, R: 0.52)
Number of spikes        : 6589 (L: 3290, R: 3299)
Elapsed time: 102 seconds

------------- Run 2 -------------
0 (0) L 0 R 1 push 1 force 0.00
1 (1) L 1 R 0 push -1 force 0.61
2 (2) L 1 R 0 push -1 force 0.13
3 (3) L 0 R 1 push 1 force -0.67
4 (4) L 0 R 1 push 1 force -0.26
5 (5) L 0 R 1 push 1 force 0.54
7 (7) L 1 R 0 push -1 force 1.45
9 (9) L 1 R 0 push -1 force 0.26
11 (11) L 0 R 1 push 1 force -0.74
16 (16) L 1 R 0 push -1 force 0.18
18 (18) L 1 R 0 push -1 force -0.64
22 (22) L 0 R 1 push 1 force -0.82
25 (25) L 0 R 1 push 1 force 0.36
27 (27) L 1 R 0 push -1 force 1.00
28 (28) L 1 R 0 push -1 force 0.27
29 (29) L 1 R 0 push -1 force -0.65
32 (32) L 0 R 1 push 1 force -1.36
36 (36) L 0 R 1 push 1 force 0.14
38 (38) L 0 R 1 push 1 force 0.85
41 (41) L 1 R 0 push -1 force 1.12
45 (45) L 0 R 1 push 1 force -0.22
48 (48) L 1 R 0 push -1 force 0.56
51 (51) L 1 R 0 push -1 force -0.41
52 (52) L 1 R 0 push -1 force -0.96
53 (53) L 1 R 0 push -1 force -1.62
55 (55) L 0 R 1 push 1 force -2.10
56 (56) L 0 R 1 push 1 force -1.12
1 (1) L 1 R 0 push -1 force 0.00
3 (3) L 0 R 1 push 1 force -0.74
5 (5) L 0 R 1 push 1 force 0.19
6 (6) L 0 R 1 push 1 force 0.87
9 (9) L 0 R 1 push 1 force 1.36
10 (10) L 1 R 0 push -1 force 1.67
12 (12) L 0 R 1 push 1 force 0.50
13 (13) L 1 R 0 push -1 force 0.87
14 (14) L 0 R 1 push 1 force 0.27
15 (15) L 1 R 0 push -1 force 0.61
16 (16) L 0 R 1 push 1 force 0.04
17 (17) L 0 R 1 push 1 force 0.43
19 (19) L 1 R 0 push -1 force 1.19
20 (20) L 0 R 1 push 1 force 0.43
21 (21) L 0 R 1 push 1 force 0.69
22 (22) L 0 R 1 push 1 force 1.28
23 (23) L 1 R 0 push -1 force 1.91
25 (25) L 1 R 0 push -1 force 0.80
28 (28) L 0 R 1 push 1 force -0.46
29 (29) L 1 R 0 push -1 force 0.20
30 (30) L 0 R 1 push 1 force -0.20
32 (32) L 0 R 1 push 1 force 0.43
33 (33) L 0 R 1 push 1 force 1.02
34 (34) L 0 R 1 push 1 force 1.69
36 (36) L 1 R 0 push -1 force 2.14
37 (37) L 0 R 1 push 1 force 1.15
38 (38) L 1 R 0 push -1 force 1.22
40 (40) L 0 R 1 push 1 force 0.09
42 (42) L 0 R 1 push 1 force 0.64
44 (44) L 0 R 1 push 1 force 1.19
46 (46) L 1 R 0 push -1 force 1.53
47 (47) L 0 R 1 push 1 force 0.65
52 (52) L 0 R 1 push 1 force 0.35
53 (53) L 1 R 0 push -1 force 0.86
54 (54) L 0 R 1 push 1 force 0.30
55 (55) L 1 R 0 push -1 force 0.66
58 (58) L 0 R 1 push 1 force -0.20
61 (61) L 1 R 0 push -1 force 0.55
1 (1) L 1 R 0 push -1 force 0.00
4 (4) L 0 R 1 push 1 force -0.67
5 (5) L 1 R 0 push -1 force 0.07
14 (14) L 1 R 0 push -1 force -0.05
15 (15) L 1 R 0 push -1 force -0.64
19 (19) L 1 R 0 push -1 force -0.96
21 (21) L 0 R 1 push 1 force -1.25
22 (22) L 1 R 0 push -1 force -0.42
23 (23) L 0 R 1 push 1 force -0.66
26 (26) L 0 R 1 push 1 force 0.25
27 (27) L 1 R 0 push -1 force 0.84
44 (44) L 0 R 1 push 1 force -0.00
53 (53) L 1 R 0 push -1 force 0.00
Pole not balanced. Stopping after 10000 failures 
Max steps: 317, Total Steps: 620989 
Firing rate (spikes/sec): 0.03 (L: 0.02, R: 0.02)
Number of spikes        : 198 (L: 96, R: 102)
Elapsed time: 99 seconds

------------- Run 3 -------------
0 (0) L 0 R 1 push 1 force 0.00
1 (1) L 0 R 1 push 1 force 0.61
2 (2) L 1 R 0 push -1 force 1.34
4 (4) L 0 R 1 push 1 force 0.47
7 (7) L 0 R 1 push 1 force 0.77
8 (8) L 1 R 0 push -1 force 1.21
9 (9) L 0 R 1 push 1 force 0.57
10 (10) L 0 R 1 push 1 force 0.86
12 (12) L 0 R 1 push 1 force 1.43
13 (13) L 1 R 0 push -1 force 1.81
14 (14) L 1 R 0 push -1 force 1.06
16 (16) L 0 R 1 push 1 force -0.37
20 (20) L 1 R 0 push -1 force 0.29
21 (21) L 1 R 0 push -1 force -0.38
22 (22) L 0 R 1 push 1 force -1.18
23 (23) L 0 R 1 push 1 force -0.68
32 (32) L 1 R 0 push -1 force 0.10
34 (34) L 1 R 0 push -1 force -0.69
38 (38) L 1 R 0 push -1 force -0.83
42 (42) L 1 R 0 push -1 force -0.75
43 (43) L 0 R 1 push 1 force -1.16
44 (44) L 1 R 0 push -1 force -0.52
45 (45) L 1 R 0 push -1 force -0.82
46 (46) L 1 R 0 push -1 force -1.40
47 (47) L 0 R 1 push 1 force -2.01
48 (48) L 1 R 0 push -1 force -1.31
53 (53) L 0 R 1 push 1 force -0.56
54 (54) L 1 R 0 push -1 force 0.21
58 (58) L 1 R 0 push -1 force -0.21
62 (62) L 1 R 0 push -1 force -0.60
63 (63) L 1 R 0 push -1 force -1.06
64 (64) L 1 R 0 push -1 force -1.67
66 (66) L 0 R 1 push 1 force -2.11
67 (67) L 0 R 1 push 1 force -1.12
72 (72) L 0 R 1 push 1 force 0.38
77 (77) L 0 R 1 push 1 force 0.48
78 (78) L 1 R 0 push -1 force 0.95
79 (79) L 1 R 0 push -1 force 0.37
80 (80) L 0 R 1 push 1 force -0.51
83 (83) L 1 R 0 push -1 force 0.07
84 (84) L 1 R 0 push -1 force -0.53
86 (86) L 0 R 1 push 1 force -1.35
87 (87) L 1 R 0 push -1 force -0.56
89 (89) L 1 R 0 push -1 force -0.75
90 (90) L 0 R 1 push 1 force -1.23
92 (92) L 0 R 1 push 1 force -0.29
93 (93) L 1 R 0 push -1 force 0.48
3 (3) L 0 R 1 push 1 force 0.00
4 (4) L 1 R 0 push -1 force 0.61
5 (5) L 0 R 1 push 1 force 0.13
8 (8) L 1 R 0 push -1 force 0.54
14 (14) L 0 R 1 push 1 force -0.22
15 (15) L 0 R 1 push 1 force 0.45
17 (17) L 1 R 0 push -1 force 1.33
18 (18) L 0 R 1 push 1 force 0.55
20 (20) L 1 R 0 push -1 force 0.75
21 (21) L 1 R 0 push -1 force 0.02
22 (22) L 0 R 1 push 1 force -0.86
24 (24) L 0 R 1 push 1 force -0.22
25 (25) L 0 R 1 push 1 force 0.50
27 (27) L 1 R 0 push -1 force 1.39
28 (28) L 1 R 0 push -1 force 0.60
29 (29) L 0 R 1 push 1 force -0.39
30 (30) L 0 R 1 push 1 force -0.09
32 (32) L 1 R 0 push -1 force 0.81
33 (33) L 0 R 1 push 1 force 0.14
35 (35) L 1 R 0 push -1 force 0.53
36 (36) L 1 R 0 push -1 force -0.14
37 (37) L 0 R 1 push 1 force -0.97
38 (38) L 0 R 1 push 1 force -0.52
39 (39) L 0 R 1 push 1 force 0.33
40 (40) L 1 R 0 push -1 force 1.20
43 (43) L 1 R 0 push -1 force 0.27
44 (44) L 1 R 0 push -1 force -0.44
46 (46) L 1 R 0 push -1 force -1.35
48 (48) L 1 R 0 push -1 force -1.67
50 (50) L 1 R 0 push -1 force -1.78
51 (51) L 1 R 0 push -1 force -2.04
52 (52) L 1 R 0 push -1 force -2.43
53 (53) L 0 R 1 push 1 force -2.80
54 (54) L 1 R 0 push -1 force -1.90
55 (55) L 0 R 1 push 1 force -1.88
58 (58) L 1 R 0 push -1 force -0.24
60 (60) L 0 R 1 push 1 force -0.78
65 (65) L 1 R 0 push -1 force 0.20
66 (66) L 1 R 0 push -1 force -0.45
2 (2) L 0 R 1 push 1 force 0.00
4 (4) L 1 R 0 push -1 force 0.74
5 (5) L 0 R 1 push 1 force 0.06
8 (8) L 1 R 0 push -1 force 0.43
11 (11) L 0 R 1 push 1 force -0.48
12 (12) L 0 R 1 push 1 force 0.20
13 (13) L 0 R 1 push 1 force 1.02
14 (14) L 0 R 1 push 1 force 1.78
17 (17) L 0 R 1 push 1 force 1.84
18 (18) L 0 R 1 push 1 force 2.01
19 (19) L 0 R 1 push 1 force 2.37
20 (20) L 0 R 1 push 1 force 2.74
22 (22) L 0 R 1 push 1 force 2.71
23 (23) L 1 R 0 push -1 force 2.76
24 (24) L 1 R 0 push -1 force 1.75
26 (26) L 1 R 0 push -1 force -0.04
27 (27) L 0 R 1 push 1 force -0.84
28 (28) L 0 R 1 push 1 force -0.39
30 (30) L 1 R 0 push -1 force 0.67
31 (31) L 0 R 1 push 1 force 0.05
34 (34) L 0 R 1 push 1 force 0.44
38 (38) L 1 R 0 push -1 force 0.68
39 (39) L 1 R 0 push -1 force -0.10
41 (41) L 1 R 0 push -1 force -1.15
42 (42) L 1 R 0 push -1 force -1.64
43 (43) L 1 R 0 push -1 force -2.17
46 (46) L 0 R 1 push 1 force -1.94
47 (47) L 0 R 1 push 1 force -0.87
48 (48) L 0 R 1 push 1 force 0.27
51 (51) L 0 R 1 push 1 force 1.26
52 (52) L 0 R 1 push 1 force 1.61
54 (54) L 1 R 0 push -1 force 1.95
57 (57) L 0 R 1 push 1 force 0.22
58 (58) L 0 R 1 push 1 force 0.70
63 (63) L 1 R 0 push -1 force 0.70
5 (5) L 0 R 1 push 1 force 0.00
6 (6) L 1 R 0 push -1 force 0.61
15 (15) L 1 R 0 push -1 force -0.03
25 (25) L 1 R 0 push -1 force -0.07
38 (38) L 0 R 1 push 1 force -0.02
27 (27) L 1 R 0 push -1 force 0.00
Pole not balanced. Stopping after 10000 failures 
Max steps: 314, Total Steps: 626936 
Firing rate (spikes/sec): 0.04 (L: 0.02, R: 0.02)
Number of spikes        : 223 (L: 113, R: 110)
Elapsed time: 100 seconds

------------- Run 4 -------------
1 (1) L 1 R 0 push -1 force 0.00
2 (2) L 0 R 1 push 1 force -0.61
3 (3) L 1 R 0 push -1 force -0.13
4 (4) L 1 R 0 push -1 force -0.54
6 (6) L 1 R 0 push -1 force -1.27
9 (9) L 0 R 1 push 1 force -1.31
10 (10) L 1 R 0 push -1 force -0.40
11 (11) L 1 R 0 push -1 force -0.61
13 (13) L 1 R 0 push -1 force -1.23
19 (19) L 0 R 1 push 1 force -0.51
20 (20) L 1 R 0 push -1 force 0.25
21 (21) L 0 R 1 push 1 force -0.11
22 (22) L 1 R 0 push -1 force 0.38
25 (25) L 0 R 1 push 1 force -0.29
29 (29) L 0 R 1 push 1 force 0.44
0 (0) L 1 R 0 push -1 force 0.00
2 (2) L 0 R 1 push 1 force -0.74
3 (3) L 0 R 1 push 1 force -0.06
6 (6) L 0 R 1 push 1 force 0.91
8 (8) L 0 R 1 push 1 force 1.30
9 (9) L 0 R 1 push 1 force 1.69
10 (10) L 1 R 0 push -1 force 2.17
11 (11) L 0 R 1 push 1 force 1.41
12 (12) L 1 R 0 push -1 force 1.52
14 (14) L 0 R 1 push 1 force 0.31
15 (15) L 0 R 1 push 1 force 0.72
17 (17) L 1 R 0 push -1 force 1.39
20 (20) L 1 R 0 push -1 force 0.02
21 (21) L 1 R 0 push -1 force -0.65
26 (26) L 1 R 0 push -1 force -0.74
27 (27) L 0 R 1 push 1 force -1.14
32 (32) L 1 R 0 push -1 force 0.03
34 (34) L 1 R 0 push -1 force -0.70
41 (41) L 0 R 1 push 1 force -0.31
42 (42) L 0 R 1 push 1 force 0.39
43 (43) L 0 R 1 push 1 force 1.20
47 (47) L 1 R 0 push -1 force 1.22
49 (49) L 0 R 1 push 1 force -0.09
52 (52) L 1 R 0 push -1 force 0.47
53 (53) L 1 R 0 push -1 force -0.22
54 (54) L 0 R 1 push 1 force -1.05
58 (58) L 0 R 1 push 1 force -0.10
61 (61) L 0 R 1 push 1 force 0.66
65 (65) L 0 R 1 push 1 force 0.75
66 (66) L 0 R 1 push 1 force 1.16
68 (68) L 1 R 0 push -1 force 1.68
69 (69) L 0 R 1 push 1 force 0.80
70 (70) L 1 R 0 push -1 force 0.95
72 (72) L 1 R 0 push -1 force -0.04
74 (74) L 0 R 1 push 1 force -0.89
75 (75) L 1 R 0 push -1 force -0.20
78 (78) L 1 R 0 push -1 force -0.49
82 (82) L 0 R 1 push 1 force -0.69
86 (86) L 1 R 0 push -1 force 0.36
88 (88) L 1 R 0 push -1 force -0.52
89 (89) L 0 R 1 push 1 force -1.12
93 (93) L 1 R 0 push -1 force -0.05
94 (94) L 0 R 1 push 1 force -0.62
98 (98) L 0 R 1 push 1 force 0.14
101 (100) L 0 R 1 push 1 force 0.74
1 (1) L 0 R 1 push 1 force 0.00
6 (6) L 1 R 0 push -1 force 0.41
7 (7) L 1 R 0 push -1 force -0.31
12 (12) L 0 R 1 push 1 force -0.66
13 (13) L 1 R 0 push -1 force 0.13
14 (14) L 0 R 1 push 1 force -0.21
15 (15) L 1 R 0 push -1 force 0.31
18 (18) L 1 R 0 push -1 force -0.31
20 (20) L 0 R 1 push 1 force -0.94
22 (22) L 0 R 1 push 1 force 0.08
25 (25) L 0 R 1 push 1 force 0.83
27 (27) L 0 R 1 push 1 force 1.24
28 (28) L 1 R 0 push -1 force 1.64
29 (29) L 0 R 1 push 1 force 0.93
33 (33) L 1 R 0 push -1 force 0.63
34 (34) L 0 R 1 push 1 force -0.15
35 (35) L 0 R 1 push 1 force 0.20
41 (41) L 0 R 1 push 1 force 0.39
42 (42) L 0 R 1 push 1 force 0.88
44 (44) L 0 R 1 push 1 force 1.54
46 (46) L 1 R 0 push -1 force 1.75
47 (47) L 0 R 1 push 1 force 0.81
0 (0) L 0 R 1 push 1 force 0.00
3 (3) L 1 R 0 push -1 force 0.67
4 (4) L 1 R 0 push -1 force -0.07
7 (7) L 1 R 0 push -1 force -1.00
8 (8) L 0 R 1 push 1 force -1.41
11 (11) L 0 R 1 push 1 force -0.18
18 (18) L 1 R 0 push -1 force 0.21
19 (19) L 0 R 1 push 1 force -0.46
20 (20) L 0 R 1 push 1 force -0.03
24 (24) L 1 R 0 push -1 force 0.67
25 (25) L 0 R 1 push 1 force -0.10
29 (29) L 0 R 1 push 1 force 0.26
31 (31) L 0 R 1 push 1 force 0.88
41 (41) L 0 R 1 push 1 force 0.10
7 (7) L 0 R 1 push 1 force 0.00
11 (11) L 1 R 0 push -1 force 0.54
12 (12) L 1 R 0 push -1 force -0.20
13 (13) L 1 R 0 push -1 force -1.04
16 (16) L 0 R 1 push 1 force -1.52
18 (18) L 1 R 0 push -1 force -0.14
21 (21) L 0 R 1 push 1 force -0.56
25 (25) L 1 R 0 push -1 force 0.37
28 (28) L 0 R 1 push 1 force -0.51
35 (35) L 0 R 1 push 1 force 0.15
37 (37) L 1 R 0 push -1 force 0.81
39 (39) L 1 R 0 push -1 force -0.16
41 (41) L 1 R 0 push -1 force -0.96
42 (42) L 0 R 1 push 1 force -1.47
44 (44) L 0 R 1 push 1 force -0.45
45 (45) L 0 R 1 push 1 force 0.36
46 (46) L 1 R 0 push -1 force 1.21
47 (47) L 0 R 1 push 1 force 0.73
48 (48) L 1 R 0 push -1 force 1.04
53 (53) L 1 R 0 push -1 force -0.08
62 (62) L 1 R 0 push -1 force -0.10
64 (64) L 1 R 0 push -1 force -0.78
68 (68) L 0 R 1 push 1 force -0.85
69 (69) L 0 R 1 push 1 force -0.02
74 (74) L 0 R 1 push 1 force 0.61
76 (76) L 0 R 1 push 1 force 1.05
77 (77) L 0 R 1 push 1 force 1.49
79 (79) L 0 R 1 push 1 force 1.92
80 (80) L 1 R 0 push -1 force 2.18
83 (83) L 1 R 0 push -1 force 0.50
85 (85) L 1 R 0 push -1 force -0.55
87 (87) L 1 R 0 push -1 force -1.21
88 (88) L 0 R 1 push 1 force -1.64
89 (89) L 0 R 1 push 1 force -0.94
91 (91) L 0 R 1 push 1 force 0.43
94 (94) L 1 R 0 push -1 force 1.02
95 (95) L 0 R 1 push 1 force 0.20
98 (98) L 0 R 1 push 1 force 0.43
100 (100) L 0 R 1 push 1 force 0.99
105 (100) L 0 R 1 push 1 force 0.25
1 (1) L 1 R 0 push -1 force 0.00
2 (2) L 1 R 0 push -1 force -0.61
8 (8) L 0 R 1 push 1 force -0.51
9 (9) L 0 R 1 push 1 force 0.25
11 (11) L 1 R 0 push -1 force 1.24
12 (12) L 1 R 0 push -1 force 0.49
13 (13) L 0 R 1 push 1 force -0.47
15 (15) L 1 R 0 push -1 force 0.00
16 (16) L 0 R 1 push 1 force -0.55
17 (17) L 1 R 0 push -1 force -0.06
19 (19) L 0 R 1 push 1 force -0.56
21 (21) L 1 R 0 push -1 force 0.33
25 (25) L 0 R 1 push 1 force -0.35
27 (27) L 0 R 1 push 1 force 0.53
32 (32) L 0 R 1 push 1 force 0.59
2 (2) L 0 R 1 push 1 force 0.00
3 (3) L 0 R 1 push 1 force 0.61
4 (4) L 0 R 1 push 1 force 1.34
5 (5) L 1 R 0 push -1 force 2.01
6 (6) L 1 R 0 push -1 force 1.34
9 (9) L 1 R 0 push -1 force -0.29
11 (11) L 1 R 0 push -1 force -0.99
12 (12) L 1 R 0 push -1 force -1.47
14 (14) L 1 R 0 push -1 force -1.92
18 (18) L 0 R 1 push 1 force -1.17
26 (26) L 0 R 1 push 1 force 0.09
27 (27) L 0 R 1 push 1 force 0.67
31 (31) L 1 R 0 push -1 force 0.97
32 (32) L 0 R 1 push 1 force 0.11
33 (33) L 1 R 0 push -1 force 0.39
35 (35) L 0 R 1 push 1 force -0.36
38 (38) L 0 R 1 push 1 force 0.42
40 (40) L 1 R 0 push -1 force 1.01
41 (41) L 1 R 0 push -1 force 0.27
42 (42) L 1 R 0 push -1 force -0.65
43 (43) L 1 R 0 push -1 force -1.50
44 (44) L 1 R 0 push -1 force -2.18
50 (50) L 0 R 1 push 1 force -0.79
51 (51) L 0 R 1 push 1 force 0.06
54 (54) L 0 R 1 push 1 force 1.04
56 (56) L 1 R 0 push -1 force 1.37
57 (57) L 0 R 1 push 1 force 0.53
58 (58) L 1 R 0 push -1 force 0.74
61 (61) L 1 R 0 push -1 force -0.22
63 (63) L 0 R 1 push 1 force -0.91
64 (64) L 0 R 1 push 1 force -0.20
65 (65) L 0 R 1 push 1 force 0.70
69 (69) L 0 R 1 push 1 force 1.08
1 (1) L 0 R 1 push 1 force 0.00
0 (0) L 0 R 1 push 1 force 0.00
Pole not balanced. Stopping after 10000 failures 
Max steps: 246, Total Steps: 628521 
Firing rate (spikes/sec): 0.68 (L: 0.34, R: 0.34)
Number of spikes        : 4272 (L: 2126, R: 2146)
Elapsed time: 100 seconds

------------- Run 5 -------------
1 (1) L 1 R 0 push -1 force 0.00
2 (2) L 1 R 0 push -1 force -0.61
3 (3) L 1 R 0 push -1 force -1.34
4 (4) L 1 R 0 push -1 force -2.01
5 (5) L 1 R 0 push -1 force -2.55
7 (7) L 1 R 0 push -1 force -2.66
8 (8) L 0 R 1 push 1 force -2.74
9 (9) L 1 R 0 push -1 force -1.74
10 (10) L 0 R 1 push 1 force -1.71
11 (11) L 1 R 0 push -1 force -0.83
12 (12) L 0 R 1 push 1 force -0.98
14 (14) L 0 R 1 push 1 force 0.02
16 (16) L 0 R 1 push 1 force 0.89
17 (17) L 0 R 1 push 1 force 1.41
21 (21) L 1 R 0 push -1 force 1.20
25 (25) L 0 R 1 push 1 force -0.24
26 (26) L 1 R 0 push -1 force 0.40
32 (32) L 1 R 0 push -1 force -0.12
33 (33) L 0 R 1 push 1 force -0.69
34 (34) L 0 R 1 push 1 force -0.19
36 (36) L 0 R 1 push 1 force 0.84
12 (12) L 0 R 1 push 1 force 0.00
Pole not balanced. Stopping after 10000 failures 
Max steps: 270, Total Steps: 627308 
Firing rate (spikes/sec): 1.07 (L: 0.54, R: 0.54)
Number of spikes        : 6740 (L: 3370, R: 3370)
Elapsed time: 101 seconds

============== SUMMARY ===============
Final Max Steps: 317
Success rate: 0.00 percent (0/5)
Elapsed time: 502 seconds
MAX_FAILURES	= 10000
TARGET_STEPS	= 10000
LAST_STEPS	= 100
STEPSIZE (ms)	= 10.00
TAU      (ms)	= 20
MAX_FORCE 	= 100
#./demo.o > demo.log
