gcc -fopenmp -o demo.o demo.c -lm
./demo.o
demo
demo
demo
demo
MAX_FAILURES	= 10000
TARGET_STEPS	= 200
LAST_STEPS	= 100
STEPSIZE (ms)	= 10.00
TAU      (ms)	= 20
MAX_FORCE 	= 1000

------------- Run 1 -------------
0 (0) L 0 R 1 push 1 force 0.00
1 (1) L 0 R 1 push 1 force 6.07
5 (5) L 1 R 0 push -1 force 9.52
7 (7) L 1 R 0 push -1 force -2.26
8 (8) L 1 R 0 push -1 force -9.18
9 (9) L 1 R 0 push -1 force -16.37
11 (11) L 1 R 0 push -1 force -21.33
17 (17) L 1 R 0 push -1 force -6.34
19 (19) L 0 R 1 push 1 force -10.33
21 (21) L 0 R 1 push 1 force 0.61
24 (24) L 0 R 1 push 1 force 8.31
29 (29) L 0 R 1 push 1 force 5.90
32 (32) L 0 R 1 push 1 force 8.71
34 (34) L 1 R 0 push -1 force 12.38
35 (35) L 0 R 1 push 1 force 4.22
36 (36) L 0 R 1 push 1 force 6.63
37 (37) L 0 R 1 push 1 force 12.56
38 (38) L 0 R 1 push 1 force 18.86
39 (39) L 0 R 1 push 1 force 24.32
40 (40) L 1 R 0 push -1 force 28.63
41 (41) L 0 R 1 push 1 force 19.72
42 (42) L 1 R 0 push -1 force 19.45
44 (44) L 0 R 1 push 1 force 5.31
45 (45) L 0 R 1 push 1 force 8.73
46 (46) L 0 R 1 push 1 force 14.70
48 (48) L 1 R 0 push -1 force 19.68
2 (2) L 1 R 0 push -1 force 0.00
3 (3) L 1 R 0 push -1 force -6.07
4 (4) L 1 R 0 push -1 force -13.42
7 (7) L 0 R 1 push 1 force -16.21
8 (8) L 0 R 1 push 1 force -6.44
9 (9) L 0 R 1 push 1 force 4.22
11 (11) L 0 R 1 push 1 force 14.89
13 (13) L 1 R 0 push -1 force 17.74
14 (14) L 0 R 1 push 1 force 8.41
15 (15) L 0 R 1 push 1 force 9.74
18 (18) L 0 R 1 push 1 force 11.98
20 (20) L 1 R 0 push -1 force 14.17
22 (22) L 1 R 0 push -1 force 1.45
26 (26) L 1 R 0 push -1 force -6.24
27 (27) L 1 R 0 push -1 force -10.82
28 (28) L 0 R 1 push 1 force -16.90
30 (30) L 0 R 1 push 1 force -6.46
32 (32) L 1 R 0 push -1 force 4.89
33 (33) L 0 R 1 push 1 force -0.90
34 (34) L 0 R 1 push 1 force 3.18
36 (36) L 1 R 0 push -1 force 11.27
41 (41) L 0 R 1 push 1 force -1.11
42 (42) L 0 R 1 push 1 force 5.15
43 (43) L 1 R 0 push -1 force 12.72
0 (0) L 1 R 0 push -1 force 0.00
2 (2) L 1 R 0 push -1 force -7.36
4 (4) L 1 R 0 push -1 force -12.77
5 (5) L 1 R 0 push -1 force -16.86
8 (8) L 1 R 0 push -1 force -16.56
9 (9) L 0 R 1 push 1 force -18.70
12 (12) L 1 R 0 push -1 force -3.27
16 (16) L 1 R 0 push -1 force -5.69
18 (18) L 1 R 0 push -1 force -10.42
20 (20) L 1 R 0 push -1 force -14.25
22 (22) L 1 R 0 push -1 force -16.43
26 (26) L 0 R 1 push 1 force -10.67
27 (27) L 1 R 0 push -1 force -1.68
28 (28) L 1 R 0 push -1 force -4.18
29 (29) L 0 R 1 push 1 force -10.52
30 (30) L 0 R 1 push 1 force -5.16
33 (33) L 1 R 0 push -1 force 6.36
19 (19) L 1 R 0 push -1 force 0.00
Pole balanced successfully for at least 200 steps at 637 trials
Max steps: 200, Total Steps: 39206 
Firing rate (spikes/sec): 16.05 (L: 8.03, R: 8.02)
Number of spikes        : 6292 (L: 3147, R: 3145)
Balanced = 1
Elapsed time: 7 seconds

------------- Run 2 -------------
0 (0) L 0 R 1 push 1 force 0.00
3 (3) L 1 R 0 push -1 force 6.69
5 (5) L 1 R 0 push -1 force -3.25
8 (8) L 0 R 1 push 1 force -9.33
10 (10) L 0 R 1 push 1 force 1.81
15 (15) L 0 R 1 push 1 force 5.33
17 (17) L 0 R 1 push 1 force 10.08
20 (20) L 0 R 1 push 1 force 11.66
22 (22) L 0 R 1 push 1 force 13.96
23 (23) L 1 R 0 push -1 force 17.46
26 (26) L 0 R 1 push 1 force 3.22
27 (27) L 1 R 0 push -1 force 7.89
28 (28) L 0 R 1 push 1 force 2.31
30 (30) L 0 R 1 push 1 force 6.39
33 (33) L 1 R 0 push -1 force 9.97
35 (35) L 0 R 1 push 1 force -1.59
37 (37) L 1 R 0 push -1 force 4.84
39 (39) L 1 R 0 push -1 force -3.58
40 (40) L 0 R 1 push 1 force -9.87
41 (41) L 0 R 1 push 1 force -4.58
42 (42) L 0 R 1 push 1 force 4.13
43 (43) L 1 R 0 push -1 force 12.77
44 (44) L 1 R 0 push -1 force 7.90
46 (46) L 1 R 0 push -1 force -4.34
48 (48) L 0 R 1 push 1 force -11.62
50 (50) L 1 R 0 push -1 force -0.60
0 (0) L 0 R 1 push 1 force 0.00
1 (1) L 0 R 1 push 1 force 6.07
3 (3) L 0 R 1 push 1 force 14.05
10 (10) L 1 R 0 push -1 force 3.79
15 (15) L 1 R 0 push -1 force -3.60
16 (16) L 1 R 0 push -1 force -8.72
17 (17) L 1 R 0 push -1 force -15.32
18 (18) L 1 R 0 push -1 force -21.44
20 (20) L 1 R 0 push -1 force -24.19
21 (21) L 1 R 0 push -1 force -25.68
23 (23) L 1 R 0 push -1 force -24.90
27 (27) L 0 R 1 push 1 force -12.97
28 (28) L 1 R 0 push -1 force -3.25
30 (30) L 0 R 1 push 1 force -5.16
31 (31) L 1 R 0 push -1 force 1.73
35 (35) L 1 R 0 push -1 force -2.55
39 (39) L 0 R 1 push 1 force -6.13
40 (40) L 0 R 1 push 1 force 1.47
3 (3) L 1 R 0 push -1 force 0.00
6 (6) L 1 R 0 push -1 force -6.69
22 (22) L 0 R 1 push 1 force -0.07
4 (4) L 0 R 1 push 1 force 0.00
8 (8) L 0 R 1 push 1 force 5.41
9 (9) L 0 R 1 push 1 force 10.17
10 (10) L 1 R 0 push -1 force 16.41
12 (12) L 0 R 1 push 1 force 6.21
14 (14) L 0 R 1 push 1 force 9.71
17 (17) L 1 R 0 push -1 force 11.34
18 (18) L 1 R 0 push -1 force 2.67
20 (20) L 0 R 1 push 1 force -9.47
Pole balanced successfully for at least 200 steps at 542 trials
Max steps: 200, Total Steps: 34567 
Firing rate (spikes/sec): 0.46 (L: 0.23, R: 0.23)
Number of spikes        : 160 (L: 79, R: 81)
Balanced = 2
Elapsed time: 5 seconds

------------- Run 3 -------------
1 (1) L 0 R 1 push 1 force 0.00
2 (2) L 1 R 0 push -1 force 6.07
3 (3) L 1 R 0 push -1 force 1.29
6 (6) L 0 R 1 push 1 force -8.00
10 (10) L 1 R 0 push -1 force 2.83
13 (13) L 1 R 0 push -1 force -5.41
14 (14) L 1 R 0 push -1 force -10.57
15 (15) L 1 R 0 push -1 force -16.89
16 (16) L 1 R 0 push -1 force -22.67
17 (17) L 0 R 1 push 1 force -27.35
18 (18) L 0 R 1 push 1 force -18.77
19 (19) L 0 R 1 push 1 force -6.65
21 (21) L 0 R 1 push 1 force 8.40
24 (24) L 0 R 1 push 1 force 12.20
25 (25) L 0 R 1 push 1 force 15.55
27 (27) L 0 R 1 push 1 force 19.08
28 (28) L 0 R 1 push 1 force 21.69
34 (34) L 0 R 1 push 1 force 7.09
35 (35) L 0 R 1 push 1 force 10.97
38 (38) L 1 R 0 push -1 force 13.61
39 (39) L 1 R 0 push -1 force 4.45
40 (40) L 1 R 0 push -1 force -5.68
42 (42) L 1 R 0 push -1 force -15.61
43 (43) L 0 R 1 push 1 force -19.63
44 (44) L 0 R 1 push 1 force -12.01
45 (45) L 1 R 0 push -1 force -1.28
46 (46) L 0 R 1 push 1 force -3.20
56 (56) L 1 R 0 push -1 force 0.49
57 (57) L 1 R 0 push -1 force -5.74
59 (59) L 1 R 0 push -1 force -13.91
57 (57) L 1 R 0 push -1 force 0.00
Pole balanced successfully for at least 200 steps at 876 trials
Max steps: 200, Total Steps: 53307 
Firing rate (spikes/sec): 0.09 (L: 0.05, R: 0.05)
Number of spikes        : 49 (L: 25, R: 24)
Balanced = 3
Elapsed time: 9 seconds

------------- Run 4 -------------
3 (3) L 0 R 1 push 1 force 0.00
4 (4) L 0 R 1 push 1 force 6.07
5 (5) L 1 R 0 push -1 force 13.42
6 (6) L 1 R 0 push -1 force 7.99
8 (8) L 0 R 1 push 1 force -4.53
9 (9) L 0 R 1 push 1 force 1.05
11 (11) L 0 R 1 push 1 force 10.54
12 (12) L 1 R 0 push -1 force 15.54
13 (13) L 0 R 1 push 1 force 8.90
14 (14) L 1 R 0 push -1 force 11.15
15 (15) L 1 R 0 push -1 force 4.19
16 (16) L 1 R 0 push -1 force -5.09
17 (17) L 1 R 0 push -1 force -13.78
20 (20) L 1 R 0 push -1 force -16.93
23 (23) L 0 R 1 push 1 force -13.56
24 (24) L 0 R 1 push 1 force -4.14
26 (26) L 0 R 1 push 1 force 8.84
27 (27) L 0 R 1 push 1 force 14.57
28 (28) L 1 R 0 push -1 force 20.49
31 (31) L 1 R 0 push -1 force 5.68
32 (32) L 0 R 1 push 1 force -2.40
33 (33) L 0 R 1 push 1 force 1.07
35 (35) L 1 R 0 push -1 force 9.61
36 (36) L 0 R 1 push 1 force 2.55
37 (37) L 0 R 1 push 1 force 5.63
38 (38) L 0 R 1 push 1 force 11.96
41 (41) L 0 R 1 push 1 force 15.08
2 (2) L 0 R 1 push 1 force 0.00
Pole balanced successfully for at least 200 steps at 8 trials
Max steps: 200, Total Steps: 651 
Firing rate (spikes/sec): 12.29 (L: 5.68, R: 6.61)
Number of spikes        : 80 (L: 37, R: 43)
Balanced = 4
Elapsed time: 1 seconds

------------- Run 5 -------------
1 (1) L 0 R 1 push 1 force 0.00
2 (2) L 1 R 0 push -1 force 6.07
3 (3) L 0 R 1 push 1 force 1.29
5 (5) L 1 R 0 push -1 force 6.08
7 (7) L 1 R 0 push -1 force -3.06
15 (15) L 0 R 1 push 1 force -1.91
16 (16) L 0 R 1 push 1 force 4.77
17 (17) L 0 R 1 push 1 force 12.55
19 (19) L 0 R 1 push 1 force 19.08
23 (23) L 1 R 0 push -1 force 11.91
25 (25) L 0 R 1 push 1 force -1.26
26 (26) L 1 R 0 push -1 force 3.59
27 (27) L 0 R 1 push 1 force -1.25
28 (28) L 1 R 0 push -1 force 3.23
29 (29) L 0 R 1 push 1 force -1.69
30 (30) L 1 R 0 push -1 force 2.83
31 (31) L 0 R 1 push 1 force -2.01
32 (32) L 0 R 1 push 1 force 2.58
1 (1) L 0 R 1 push 1 force 0.00
2 (2) L 1 R 0 push -1 force 6.07
7 (7) L 1 R 0 push -1 force -1.12
13 (13) L 0 R 1 push 1 force -3.14
15 (15) L 1 R 0 push -1 force 5.82
16 (16) L 0 R 1 push 1 force -0.42
18 (18) L 0 R 1 push 1 force 4.30
19 (19) L 1 R 0 push -1 force 10.02
20 (20) L 1 R 0 push -1 force 4.51
22 (22) L 1 R 0 push -1 force -6.85
23 (23) L 1 R 0 push -1 force -12.80
25 (25) L 1 R 0 push -1 force -18.43
26 (26) L 0 R 1 push 1 force -21.40
28 (28) L 0 R 1 push 1 force -8.04
29 (29) L 1 R 0 push -1 force 1.14
30 (30) L 1 R 0 push -1 force -1.73
33 (33) L 1 R 0 push -1 force -8.70
39 (39) L 1 R 0 push -1 force -4.25
3 (3) L 0 R 1 push 1 force 0.00
41 (41) L 0 R 1 push 1 force 0.00
47 (47) L 0 R 1 push 1 force 2.99
6 (6) L 0 R 1 push 1 force 0.00
Pole balanced successfully for at least 200 steps at 11 trials
Max steps: 200, Total Steps: 817 
Firing rate (spikes/sec): 111.38 (L: 55.57, R: 55.81)
Number of spikes        : 910 (L: 454, R: 456)
Balanced = 5
Elapsed time: 1 seconds

============== SUMMARY ===============
Final Max Steps: 200
Success rate: 100.00 percent (5/5)
Elapsed time: 23 seconds
MAX_FAILURES	= 10000
TARGET_STEPS	= 200
LAST_STEPS	= 100
STEPSIZE (ms)	= 10.00
TAU      (ms)	= 20
MAX_FORCE 	= 1000
#./demo.o > demo.log
