gcc -fopenmp -o demo.o demo.c -lm
./demo.o
demo
demo
demo
demo
MAX_FAILURES	= 10000
TARGET_STEPS	= 1000
LAST_STEPS	= 100
STEPSIZE (ms)	= 10.00
TAU      (ms)	= 20
MAX_FORCE 	= 1000

------------- Run 1 -------------
2 (2) L 1 R 0 push -1 force 0.00
7 (7) L 1 R 0 push -1 force -4.10
9 (9) L 0 R 1 push 1 force -9.47
10 (10) L 0 R 1 push 1 force -2.09
11 (11) L 1 R 0 push -1 force 7.01
14 (14) L 1 R 0 push -1 force 0.41
15 (15) L 0 R 1 push 1 force -6.05
16 (16) L 1 R 0 push -1 force -1.42
21 (21) L 0 R 1 push 1 force -3.30
26 (26) L 0 R 1 push 1 force 3.57
27 (27) L 1 R 0 push -1 force 8.70
28 (28) L 1 R 0 push -1 force 3.17
32 (32) L 0 R 1 push 1 force -6.12
33 (33) L 0 R 1 push 1 force 1.36
34 (34) L 0 R 1 push 1 force 9.97
37 (37) L 1 R 0 push -1 force 15.04
38 (38) L 0 R 1 push 1 force 5.65
39 (39) L 0 R 1 push 1 force 7.38
1 (1) L 1 R 0 push -1 force 0.00
49 (49) L 0 R 1 push 1 force 0.00
Pole not balanced. Stopping after 10000 failures 
Max steps: 336, Total Steps: 626316 
Firing rate (spikes/sec): 0.65 (L: 0.33, R: 0.33)
Number of spikes        : 4080 (L: 2039, R: 2041)
Elapsed time: 100 seconds

------------- Run 2 -------------
1 (1) L 1 R 0 push -1 force 0.00
3 (3) L 1 R 0 push -1 force -7.36
5 (5) L 1 R 0 push -1 force -12.77
8 (8) L 0 R 1 push 1 force -12.91
10 (10) L 0 R 1 push 1 force 0.14
12 (12) L 1 R 0 push -1 force 9.21
14 (14) L 0 R 1 push 1 force -0.60
18 (18) L 0 R 1 push 1 force 4.25
20 (20) L 0 R 1 push 1 force 9.72
30 (30) L 1 R 0 push -1 force 1.01
31 (31) L 1 R 0 push -1 force -5.39
33 (33) L 1 R 0 push -1 force -13.76
34 (34) L 1 R 0 push -1 force -17.98
36 (36) L 0 R 1 push 1 force -21.06
37 (37) L 1 R 0 push -1 force -11.09
38 (38) L 1 R 0 push -1 force -11.77
41 (41) L 1 R 0 push -1 force -12.70
44 (44) L 1 R 0 push -1 force -11.77
46 (46) L 1 R 0 push -1 force -13.88
50 (50) L 1 R 0 push -1 force -9.88
51 (51) L 1 R 0 push -1 force -13.27
54 (54) L 1 R 0 push -1 force -14.53
56 (56) L 1 R 0 push -1 force -15.54
3 (3) L 0 R 1 push 1 force 0.00
42 (42) L 0 R 1 push 1 force 0.00
Pole not balanced. Stopping after 10000 failures 
Max steps: 313, Total Steps: 623700 
Firing rate (spikes/sec): 0.24 (L: 0.12, R: 0.12)
Number of spikes        : 1515 (L: 762, R: 753)
Elapsed time: 99 seconds

------------- Run 3 -------------
3 (3) L 1 R 0 push -1 force 0.00
4 (4) L 1 R 0 push -1 force -6.07
6 (6) L 0 R 1 push 1 force -14.05
9 (9) L 1 R 0 push -1 force -0.40
10 (10) L 0 R 1 push 1 force -5.75
12 (12) L 1 R 0 push -1 force 1.19
13 (13) L 0 R 1 push 1 force -4.34
14 (14) L 1 R 0 push -1 force 0.36
16 (16) L 1 R 0 push -1 force -5.02
18 (18) L 1 R 0 push -1 force -11.10
20 (20) L 0 R 1 push 1 force -14.85
21 (21) L 0 R 1 push 1 force -6.20
22 (22) L 1 R 0 push -1 force 4.00
23 (23) L 0 R 1 push 1 force 1.07
26 (26) L 1 R 0 push -1 force 6.03
27 (27) L 1 R 0 push -1 force -1.24
28 (28) L 1 R 0 push -1 force -9.79
32 (32) L 0 R 1 push 1 force -11.63
34 (34) L 1 R 0 push -1 force 1.18
35 (35) L 1 R 0 push -1 force -3.69
36 (36) L 1 R 0 push -1 force -10.98
37 (37) L 1 R 0 push -1 force -18.02
38 (38) L 1 R 0 push -1 force -23.89
5 (5) L 0 R 1 push 1 force 0.00
13 (13) L 0 R 1 push 1 force 1.47
16 (16) L 0 R 1 push 1 force 7.14
18 (18) L 0 R 1 push 1 force 11.66
19 (19) L 0 R 1 push 1 force 15.87
20 (20) L 1 R 0 push -1 force 21.03
29 (29) L 0 R 1 push 1 force 0.37
30 (30) L 1 R 0 push -1 force 6.30
31 (31) L 1 R 0 push -1 force 1.44
33 (33) L 1 R 0 push -1 force -8.58
34 (34) L 0 R 1 push 1 force -14.03
35 (35) L 0 R 1 push 1 force -7.80
2 (2) L 1 R 0 push -1 force 0.00
3 (3) L 0 R 1 push 1 force -6.07
5 (5) L 0 R 1 push 1 force 0.66
6 (6) L 0 R 1 push 1 force 7.35
14 (14) L 0 R 1 push 1 force 2.62
16 (16) L 0 R 1 push 1 force 8.55
22 (22) L 1 R 0 push -1 force 4.55
23 (23) L 1 R 0 push -1 force -2.89
24 (24) L 0 R 1 push 1 force -11.25
26 (26) L 1 R 0 push -1 force -3.76
30 (30) L 1 R 0 push -1 force -5.82
31 (31) L 0 R 1 push 1 force -10.40
34 (34) L 0 R 1 push 1 force -0.23
35 (35) L 0 R 1 push 1 force 6.35
36 (36) L 0 R 1 push 1 force 13.85
37 (37) L 0 R 1 push 1 force 20.53
38 (38) L 0 R 1 push 1 force 25.88
45 (45) L 1 R 0 push -1 force 5.73
46 (46) L 1 R 0 push -1 force -2.16
5 (5) L 1 R 0 push -1 force 0.00
7 (7) L 0 R 1 push 1 force -7.36
9 (9) L 1 R 0 push -1 force 1.94
10 (10) L 0 R 1 push 1 force -3.48
14 (14) L 0 R 1 push 1 force 2.42
20 (20) L 0 R 1 push 1 force 3.32
1 (1) L 1 R 0 push -1 force 0.00
Pole not balanced. Stopping after 10000 failures 
Max steps: 274, Total Steps: 626244 
Firing rate (spikes/sec): 1.78 (L: 0.89, R: 0.89)
Number of spikes        : 11121 (L: 5560, R: 5561)
Elapsed time: 100 seconds

------------- Run 4 -------------
1 (1) L 0 R 1 push 1 force 0.00
3 (3) L 0 R 1 push 1 force 7.36
8 (8) L 1 R 0 push -1 force 6.22
10 (10) L 0 R 1 push 1 force -4.24
15 (15) L 0 R 1 push 1 force 2.42
16 (16) L 1 R 0 push -1 force 7.87
20 (20) L 1 R 0 push -1 force -0.88
22 (22) L 1 R 0 push -1 force -8.04
23 (23) L 0 R 1 push 1 force -13.28
24 (24) L 0 R 1 push 1 force -7.09
25 (25) L 0 R 1 push 1 force 2.35
32 (32) L 1 R 0 push -1 force 3.59
34 (34) L 1 R 0 push -1 force -5.67
38 (38) L 0 R 1 push 1 force -8.07
40 (40) L 0 R 1 push 1 force 3.04
41 (41) L 0 R 1 push 1 force 9.74
43 (43) L 1 R 0 push -1 force 16.74
45 (45) L 0 R 1 push 1 force 3.64
1 (1) L 0 R 1 push 1 force 0.00
2 (2) L 1 R 0 push -1 force 6.07
4 (4) L 1 R 0 push -1 force -0.66
13 (13) L 0 R 1 push 1 force -1.15
18 (18) L 0 R 1 push 1 force 3.96
21 (21) L 0 R 1 push 1 force 8.12
24 (24) L 1 R 0 push -1 force 10.12
27 (27) L 0 R 1 push 1 force -2.58
31 (31) L 0 R 1 push 1 force 4.19
36 (36) L 1 R 0 push -1 force 4.91
3 (3) L 1 R 0 push -1 force 0.00
6 (6) L 0 R 1 push 1 force -6.69
12 (12) L 0 R 1 push 1 force 1.99
15 (15) L 1 R 0 push -1 force 7.40
17 (17) L 1 R 0 push -1 force -2.93
18 (18) L 0 R 1 push 1 force -9.56
21 (21) L 1 R 0 push -1 force -0.65
23 (23) L 0 R 1 push 1 force -7.23
24 (24) L 1 R 0 push -1 force -0.44
27 (27) L 1 R 0 push -1 force -4.15
29 (29) L 0 R 1 push 1 force -9.88
38 (38) L 0 R 1 push 1 force 0.47
39 (39) L 0 R 1 push 1 force 6.39
42 (42) L 0 R 1 push 1 force 12.21
45 (45) L 0 R 1 push 1 force 11.82
46 (46) L 1 R 0 push -1 force 15.08
47 (47) L 0 R 1 push 1 force 7.87
5 (5) L 0 R 1 push 1 force 0.00
12 (12) L 1 R 0 push -1 force 2.11
16 (16) L 1 R 0 push -1 force -4.96
17 (17) L 0 R 1 push 1 force -9.87
33 (33) L 0 R 1 push 1 force 0.00
Pole not balanced. Stopping after 10000 failures 
Max steps: 338, Total Steps: 623348 
Firing rate (spikes/sec): 1.22 (L: 0.61, R: 0.61)
Number of spikes        : 7582 (L: 3786, R: 3796)
Elapsed time: 100 seconds

------------- Run 5 -------------
0 (0) L 0 R 1 push 1 force 0.00
3 (3) L 0 R 1 push 1 force 6.69
7 (7) L 0 R 1 push 1 force 7.53
8 (8) L 1 R 0 push -1 force 11.63
11 (11) L 1 R 0 push -1 force 0.63
12 (12) L 0 R 1 push 1 force -6.08
13 (13) L 1 R 0 push -1 force -1.54
14 (14) L 0 R 1 push 1 force -5.70
19 (19) L 1 R 0 push -1 force 1.68
20 (20) L 0 R 1 push 1 force -4.78
23 (23) L 0 R 1 push 1 force 1.74
24 (24) L 1 R 0 push -1 force 7.69
25 (25) L 0 R 1 push 1 force 2.62
26 (26) L 0 R 1 push 1 force 6.42
27 (27) L 1 R 0 push -1 force 12.88
28 (28) L 1 R 0 push -1 force 7.20
33 (33) L 1 R 0 push -1 force -3.76
34 (34) L 0 R 1 push 1 force -8.88
35 (35) L 1 R 0 push -1 force -3.32
39 (39) L 0 R 1 push 1 force -4.74
40 (40) L 0 R 1 push 1 force 2.54
42 (42) L 0 R 1 push 1 force 12.27
44 (44) L 0 R 1 push 1 force 16.05
48 (48) L 0 R 1 push 1 force 10.71
51 (51) L 1 R 0 push -1 force 10.51
55 (55) L 1 R 0 push -1 force -2.53
56 (56) L 0 R 1 push 1 force -8.20
60 (60) L 1 R 0 push -1 force 0.70
64 (64) L 0 R 1 push 1 force -5.07
66 (66) L 1 R 0 push -1 force 4.54
71 (71) L 1 R 0 push -1 force -2.42
73 (73) L 1 R 0 push -1 force -8.66
80 (80) L 1 R 0 push -1 force -3.20
81 (81) L 0 R 1 push 1 force -8.26
1 (1) L 0 R 1 push 1 force 0.00
2 (2) L 1 R 0 push -1 force 6.07
3 (3) L 1 R 0 push -1 force 1.29
5 (5) L 0 R 1 push 1 force -8.64
6 (6) L 1 R 0 push -1 force -1.94
7 (7) L 1 R 0 push -1 force -5.24
9 (9) L 0 R 1 push 1 force -12.27
10 (10) L 1 R 0 push -1 force -4.52
11 (11) L 1 R 0 push -1 force -7.03
12 (12) L 1 R 0 push -1 force -12.93
15 (15) L 1 R 0 push -1 force -15.38
16 (16) L 0 R 1 push 1 force -17.92
17 (17) L 0 R 1 push 1 force -10.02
18 (18) L 0 R 1 push 1 force 0.51
20 (20) L 0 R 1 push 1 force 12.39
21 (21) L 0 R 1 push 1 force 17.28
23 (23) L 0 R 1 push 1 force 20.90
27 (27) L 1 R 0 push -1 force 12.18
28 (28) L 0 R 1 push 1 force 2.74
29 (29) L 1 R 0 push -1 force 4.91
30 (30) L 1 R 0 push -1 force -1.12
31 (31) L 0 R 1 push 1 force -9.23
33 (33) L 1 R 0 push -1 force -2.33
34 (34) L 0 R 1 push 1 force -7.15
35 (35) L 1 R 0 push -1 force -1.76
36 (36) L 1 R 0 push -1 force -5.56
41 (41) L 1 R 0 push -1 force -6.41
43 (43) L 0 R 1 push 1 force -10.59
45 (45) L 1 R 0 push -1 force 0.43
46 (46) L 0 R 1 push 1 force -4.49
51 (51) L 0 R 1 push 1 force 1.79
0 (0) L 1 R 0 push -1 force 0.00
1 (1) L 1 R 0 push -1 force -6.07
11 (11) L 1 R 0 push -1 force -1.12
13 (13) L 1 R 0 push -1 force -7.85
14 (14) L 0 R 1 push 1 force -13.08
18 (18) L 1 R 0 push -1 force -0.86
19 (19) L 1 R 0 push -1 force -6.45
3 (3) L 1 R 0 push -1 force 0.00
Pole not balanced. Stopping after 10000 failures 
Max steps: 260, Total Steps: 625696 
Firing rate (spikes/sec): 1.17 (L: 0.58, R: 0.58)
Number of spikes        : 7313 (L: 3659, R: 3654)
Elapsed time: 100 seconds

============== SUMMARY ===============
Final Max Steps: 338
Success rate: 0.00 percent (0/5)
Elapsed time: 499 seconds
MAX_FAILURES	= 10000
TARGET_STEPS	= 1000
LAST_STEPS	= 100
STEPSIZE (ms)	= 10.00
TAU      (ms)	= 20
MAX_FORCE 	= 1000
#./demo.o > demo.log
