gcc -fopenmp -o demo.o demo.c -lm
./demo.o
demo
demo
demo
demo
MAX_FAILURES	= 10000
TARGET_STEPS	= 2000
LAST_STEPS	= 100
STEPSIZE (ms)	= 1.00
TAU      (ms)	= 20
MAX_FORCE 	= 1000

------------- Run 1 -------------
1 (1) L 1 R 0 push -1 force 0.00
2 (2) L 0 R 1 push 1 force -0.95
4 (4) L 0 R 1 push 1 force -0.77
5 (5) L 0 R 1 push 1 force 0.26
9 (9) L 0 R 1 push 1 force 6.74
10 (10) L 1 R 0 push -1 force 8.91
11 (11) L 1 R 0 push -1 force 9.91
15 (15) L 1 R 0 push -1 force 9.52
17 (17) L 0 R 1 push 1 force 7.44
19 (19) L 1 R 0 push -1 force 7.48
24 (24) L 1 R 0 push -1 force 3.39
25 (25) L 0 R 1 push 1 force 1.81
26 (26) L 0 R 1 push 1 force 1.33
30 (30) L 0 R 1 push 1 force 3.07
39 (39) L 0 R 1 push 1 force 10.54
42 (42) L 1 R 0 push -1 force 14.12
43 (43) L 1 R 0 push -1 force 14.08
46 (46) L 1 R 0 push -1 force 11.21
48 (48) L 1 R 0 push -1 force 7.79
51 (51) L 1 R 0 push -1 force 1.08
52 (52) L 0 R 1 push 1 force -1.71
56 (56) L 0 R 1 push 1 force -7.08
57 (57) L 0 R 1 push 1 force -7.14
58 (58) L 0 R 1 push 1 force -6.22
61 (61) L 0 R 1 push 1 force -1.30
62 (62) L 0 R 1 push 1 force 1.00
66 (66) L 0 R 1 push 1 force 11.42
68 (68) L 1 R 0 push -1 force 16.94
70 (70) L 0 R 1 push 1 force 19.50
74 (74) L 1 R 0 push -1 force 26.06
75 (75) L 1 R 0 push -1 force 26.24
76 (76) L 0 R 1 push 1 force 25.39
78 (78) L 1 R 0 push -1 force 25.56
79 (79) L 1 R 0 push -1 force 24.59
80 (80) L 0 R 1 push 1 force 22.71
83 (83) L 1 R 0 push -1 force 20.35
84 (84) L 1 R 0 push -1 force 18.67
86 (86) L 1 R 0 push -1 force 13.82
87 (87) L 1 R 0 push -1 force 10.74
88 (88) L 1 R 0 push -1 force 6.97
89 (89) L 1 R 0 push -1 force 2.60
90 (90) L 1 R 0 push -1 force -2.32
93 (93) L 1 R 0 push -1 force -16.95
98 (98) L 0 R 1 push 1 force -36.50
99 (99) L 1 R 0 push -1 force -38.21
100 (100) L 1 R 0 push -1 force -40.61
102 (100) L 0 R 1 push 1 force -44.46
105 (100) L 1 R 0 push -1 force -48.23
107 (100) L 0 R 1 push 1 force -49.65
109 (100) L 1 R 0 push -1 force -50.36
112 (100) L 0 R 1 push 1 force -50.36
115 (100) L 1 R 0 push -1 force -49.39
117 (100) L 0 R 1 push 1 force -48.33
123 (100) L 1 R 0 push -1 force -43.91
124 (100) L 1 R 0 push -1 force -43.05
126 (100) L 1 R 0 push -1 force -41.28
128 (100) L 1 R 0 push -1 force -39.45
129 (100) L 1 R 0 push -1 force -38.53
131 (100) L 1 R 0 push -1 force -36.67
134 (100) L 1 R 0 push -1 force -33.90
135 (100) L 0 R 1 push 1 force -32.99
137 (100) L 0 R 1 push 1 force -31.19
138 (100) L 0 R 1 push 1 force -30.30
139 (100) L 0 R 1 push 1 force -29.43
140 (100) L 0 R 1 push 1 force -28.58
141 (100) L 1 R 0 push -1 force -27.73
142 (100) L 1 R 0 push -1 force -26.90
143 (100) L 0 R 1 push 1 force -26.08
144 (100) L 0 R 1 push 1 force -25.28
146 (100) L 1 R 0 push -1 force -23.73
151 (100) L 1 R 0 push -1 force -20.15
152 (100) L 0 R 1 push 1 force -19.48
153 (100) L 1 R 0 push -1 force -18.83
154 (100) L 1 R 0 push -1 force -18.20
156 (100) L 1 R 0 push -1 force -16.99
158 (100) L 1 R 0 push -1 force -15.84
160 (100) L 1 R 0 push -1 force -14.76
161 (100) L 1 R 0 push -1 force -14.24
166 (100) L 1 R 0 push -1 force -11.88
168 (100) L 0 R 1 push 1 force -11.03
169 (100) L 1 R 0 push -1 force -10.63
170 (100) L 1 R 0 push -1 force -10.24
171 (100) L 0 R 1 push 1 force -9.86
175 (100) L 0 R 1 push 1 force -8.47
178 (100) L 1 R 0 push -1 force -7.55
179 (100) L 1 R 0 push -1 force -7.27
181 (100) L 1 R 0 push -1 force -6.72
182 (100) L 0 R 1 push 1 force -6.47
184 (100) L 1 R 0 push -1 force -5.98
185 (100) L 1 R 0 push -1 force -5.75
186 (100) L 0 R 1 push 1 force -5.53
188 (100) L 1 R 0 push -1 force -5.10
189 (100) L 0 R 1 push 1 force -4.91
194 (100) L 0 R 1 push 1 force -4.01
196 (100) L 1 R 0 push -1 force -3.70
198 (100) L 1 R 0 push -1 force -3.41
199 (100) L 1 R 0 push -1 force -3.28
203 (100) L 1 R 0 push -1 force -2.78
205 (100) L 0 R 1 push 1 force -2.56
207 (100) L 0 R 1 push 1 force -2.36
209 (100) L 1 R 0 push -1 force -2.17
210 (100) L 1 R 0 push -1 force -2.08
212 (100) L 1 R 0 push -1 force -1.92
213 (100) L 1 R 0 push -1 force -1.84
214 (100) L 1 R 0 push -1 force -1.76
215 (100) L 1 R 0 push -1 force -1.69
216 (100) L 1 R 0 push -1 force -1.62
217 (100) L 1 R 0 push -1 force -1.55
218 (100) L 0 R 1 push 1 force -1.49
219 (100) L 0 R 1 push 1 force -1.43
220 (100) L 1 R 0 push -1 force -1.37
222 (100) L 0 R 1 push 1 force -1.26
224 (100) L 1 R 0 push -1 force -1.16
226 (100) L 1 R 0 push -1 force -1.06
228 (100) L 1 R 0 push -1 force -0.97
231 (100) L 1 R 0 push -1 force -0.86
233 (100) L 1 R 0 push -1 force -0.79
234 (100) L 0 R 1 push 1 force -0.75
237 (100) L 1 R 0 push -1 force -0.66
239 (100) L 0 R 1 push 1 force -0.61
242 (100) L 1 R 0 push -1 force -0.53
244 (100) L 0 R 1 push 1 force -0.49
245 (100) L 0 R 1 push 1 force -0.47
246 (100) L 1 R 0 push -1 force -0.45
248 (100) L 1 R 0 push -1 force -0.41
253 (100) L 1 R 0 push -1 force -0.33
255 (100) L 0 R 1 push 1 force -0.30
261 (100) L 1 R 0 push -1 force -0.23
262 (100) L 1 R 0 push -1 force -0.22
263 (100) L 0 R 1 push 1 force -0.21
264 (100) L 0 R 1 push 1 force -0.20
265 (100) L 1 R 0 push -1 force -0.19
267 (100) L 1 R 0 push -1 force -0.18
268 (100) L 1 R 0 push -1 force -0.17
269 (100) L 1 R 0 push -1 force -0.16
275 (100) L 1 R 0 push -1 force -0.12
276 (100) L 1 R 0 push -1 force -0.12
279 (100) L 0 R 1 push 1 force -0.10
281 (100) L 1 R 0 push -1 force -0.10
283 (100) L 0 R 1 push 1 force -0.09
284 (100) L 0 R 1 push 1 force -0.08
290 (100) L 0 R 1 push 1 force -0.06
295 (100) L 0 R 1 push 1 force -0.05
296 (100) L 1 R 0 push -1 force -0.05
298 (100) L 1 R 0 push -1 force -0.04
302 (100) L 0 R 1 push 1 force -0.04
303 (100) L 0 R 1 push 1 force -0.04
304 (100) L 0 R 1 push 1 force -0.03
306 (100) L 1 R 0 push -1 force -0.03
307 (100) L 0 R 1 push 1 force -0.03
308 (100) L 1 R 0 push -1 force -0.03
311 (100) L 0 R 1 push 1 force -0.02
312 (100) L 1 R 0 push -1 force -0.02
313 (100) L 1 R 0 push -1 force -0.02
317 (100) L 1 R 0 push -1 force -0.02
318 (100) L 0 R 1 push 1 force -0.02
320 (100) L 1 R 0 push -1 force -0.02
321 (100) L 1 R 0 push -1 force -0.02
322 (100) L 0 R 1 push 1 force -0.01
325 (100) L 1 R 0 push -1 force -0.01
330 (100) L 0 R 1 push 1 force -0.01
331 (100) L 1 R 0 push -1 force -0.01
333 (100) L 1 R 0 push -1 force -0.01
334 (100) L 0 R 1 push 1 force -0.01
335 (100) L 1 R 0 push -1 force -0.01
336 (100) L 1 R 0 push -1 force -0.01
339 (100) L 0 R 1 push 1 force -0.01
341 (100) L 0 R 1 push 1 force -0.01
342 (100) L 1 R 0 push -1 force -0.01
343 (100) L 0 R 1 push 1 force -0.01
344 (100) L 1 R 0 push -1 force -0.01
345 (100) L 1 R 0 push -1 force -0.01
347 (100) L 1 R 0 push -1 force -0.00
348 (100) L 1 R 0 push -1 force -0.00
349 (100) L 1 R 0 push -1 force -0.00
351 (100) L 0 R 1 push 1 force -0.00
356 (100) L 0 R 1 push 1 force -0.00
357 (100) L 1 R 0 push -1 force -0.00
358 (100) L 1 R 0 push -1 force -0.00
360 (100) L 0 R 1 push 1 force -0.00
365 (100) L 1 R 0 push -1 force -0.00
366 (100) L 0 R 1 push 1 force -0.00
368 (100) L 1 R 0 push -1 force -0.00
369 (100) L 0 R 1 push 1 force -0.00
372 (100) L 1 R 0 push -1 force -0.00
374 (100) L 1 R 0 push -1 force -0.00
375 (100) L 1 R 0 push -1 force -0.00
376 (100) L 0 R 1 push 1 force -0.00
378 (100) L 0 R 1 push 1 force -0.00
382 (100) L 1 R 0 push -1 force -0.00
383 (100) L 1 R 0 push -1 force -0.00
385 (100) L 1 R 0 push -1 force -0.00
386 (100) L 1 R 0 push -1 force -0.00
388 (100) L 1 R 0 push -1 force -0.00
389 (100) L 1 R 0 push -1 force -0.00
3 (3) L 1 R 0 push -1 force 0.00
Pole balanced successfully for at least 2000 steps at 12 trials
Max steps: 2000, Total Steps: 10028 
Firing rate (spikes/sec): 42.28 (L: 23.43, R: 18.85)
Number of spikes        : 424 (L: 235, R: 189)
Balanced = 1
Elapsed time: 2 seconds

------------- Run 2 -------------
0 (0) L 1 R 0 push -1 force 0.00
1 (1) L 1 R 0 push -1 force -0.95
2 (2) L 0 R 1 push 1 force -2.76
5 (5) L 0 R 1 push 1 force -4.59
6 (6) L 1 R 0 push -1 force -4.11
7 (7) L 0 R 1 push 1 force -4.63
11 (11) L 1 R 0 push -1 force -2.85
12 (12) L 1 R 0 push -1 force -3.44
16 (16) L 0 R 1 push 1 force -8.47
18 (18) L 1 R 0 push -1 force -8.42
19 (19) L 0 R 1 push 1 force -9.31
22 (22) L 0 R 1 push 1 force -8.81
23 (23) L 0 R 1 push 1 force -7.68
25 (25) L 1 R 0 push -1 force -3.88
26 (26) L 1 R 0 push -1 force -3.18
27 (27) L 1 R 0 push -1 force -3.49
28 (28) L 1 R 0 push -1 force -4.71
29 (29) L 0 R 1 push 1 force -6.76
30 (30) L 1 R 0 push -1 force -7.64
35 (35) L 0 R 1 push 1 force -14.58
38 (38) L 0 R 1 push 1 force -14.42
40 (40) L 0 R 1 push 1 force -12.36
41 (41) L 0 R 1 push 1 force -10.49
44 (44) L 0 R 1 push 1 force -3.15
45 (45) L 0 R 1 push 1 force -0.18
48 (48) L 0 R 1 push 1 force 9.69
50 (50) L 0 R 1 push 1 force 16.52
51 (51) L 1 R 0 push -1 force 20.35
52 (52) L 1 R 0 push -1 force 22.82
54 (54) L 1 R 0 push -1 force 25.10
55 (55) L 1 R 0 push -1 force 25.04
57 (57) L 1 R 0 push -1 force 22.96
58 (58) L 1 R 0 push -1 force 21.03
63 (63) L 1 R 0 push -1 force 9.34
64 (64) L 1 R 0 push -1 force 6.59
65 (65) L 1 R 0 push -1 force 3.14
66 (66) L 0 R 1 push 1 force -0.94
72 (72) L 1 R 0 push -1 force -13.72
75 (75) L 0 R 1 push 1 force -19.99
79 (79) L 1 R 0 push -1 force -22.03
81 (81) L 0 R 1 push 1 force -24.30
82 (82) L 0 R 1 push 1 force -24.24
84 (84) L 0 R 1 push 1 force -22.17
85 (85) L 0 R 1 push 1 force -20.24
86 (86) L 1 R 0 push -1 force -17.51
88 (88) L 1 R 0 push -1 force -14.48
89 (89) L 0 R 1 push 1 force -14.08
90 (90) L 1 R 0 push -1 force -12.73
91 (91) L 0 R 1 push 1 force -12.43
92 (92) L 1 R 0 push -1 force -11.18
94 (94) L 0 R 1 push 1 force -10.76
95 (95) L 1 R 0 push -1 force -9.59
96 (96) L 0 R 1 push 1 force -9.46
102 (100) L 1 R 0 push -1 force -4.06
105 (100) L 1 R 0 push -1 force -2.22
106 (100) L 1 R 0 push -1 force -1.71
109 (100) L 0 R 1 push 1 force -0.44
110 (100) L 0 R 1 push 1 force -0.08
111 (100) L 0 R 1 push 1 force 0.23
112 (100) L 1 R 0 push -1 force 0.52
113 (100) L 1 R 0 push -1 force 0.78
116 (100) L 1 R 0 push -1 force 1.40
119 (100) L 1 R 0 push -1 force 1.84
122 (100) L 1 R 0 push -1 force 2.12
127 (100) L 1 R 0 push -1 force 2.36
129 (100) L 1 R 0 push -1 force 2.39
131 (100) L 0 R 1 push 1 force 2.39
133 (100) L 1 R 0 push -1 force 2.37
138 (100) L 0 R 1 push 1 force 2.25
139 (100) L 1 R 0 push -1 force 2.22
140 (100) L 0 R 1 push 1 force 2.19
141 (100) L 0 R 1 push 1 force 2.15
145 (100) L 0 R 1 push 1 force 1.99
147 (100) L 0 R 1 push 1 force 1.90
148 (100) L 1 R 0 push -1 force 1.86
150 (100) L 0 R 1 push 1 force 1.77
155 (100) L 0 R 1 push 1 force 1.55
156 (100) L 1 R 0 push -1 force 1.51
157 (100) L 1 R 0 push -1 force 1.47
160 (100) L 1 R 0 push -1 force 1.34
164 (100) L 0 R 1 push 1 force 1.19
167 (100) L 1 R 0 push -1 force 1.08
171 (100) L 1 R 0 push -1 force 0.95
173 (100) L 1 R 0 push -1 force 0.89
174 (100) L 0 R 1 push 1 force 0.86
176 (100) L 1 R 0 push -1 force 0.80
179 (100) L 1 R 0 push -1 force 0.72
181 (100) L 1 R 0 push -1 force 0.67
182 (100) L 1 R 0 push -1 force 0.65
184 (100) L 0 R 1 push 1 force 0.60
188 (100) L 0 R 1 push 1 force 0.52
189 (100) L 0 R 1 push 1 force 0.50
190 (100) L 0 R 1 push 1 force 0.48
191 (100) L 0 R 1 push 1 force 0.46
193 (100) L 1 R 0 push -1 force 0.43
195 (100) L 1 R 0 push -1 force 0.40
196 (100) L 1 R 0 push -1 force 0.38
197 (100) L 1 R 0 push -1 force 0.37
199 (100) L 1 R 0 push -1 force 0.34
203 (100) L 1 R 0 push -1 force 0.29
206 (100) L 1 R 0 push -1 force 0.26
207 (100) L 0 R 1 push 1 force 0.25
208 (100) L 1 R 0 push -1 force 0.24
209 (100) L 1 R 0 push -1 force 0.23
211 (100) L 0 R 1 push 1 force 0.21
215 (100) L 0 R 1 push 1 force 0.18
218 (100) L 1 R 0 push -1 force 0.16
219 (100) L 0 R 1 push 1 force 0.15
220 (100) L 0 R 1 push 1 force 0.15
222 (100) L 0 R 1 push 1 force 0.14
223 (100) L 0 R 1 push 1 force 0.13
225 (100) L 1 R 0 push -1 force 0.12
226 (100) L 1 R 0 push -1 force 0.12
228 (100) L 0 R 1 push 1 force 0.11
229 (100) L 1 R 0 push -1 force 0.10
230 (100) L 0 R 1 push 1 force 0.10
234 (100) L 0 R 1 push 1 force 0.08
238 (100) L 1 R 0 push -1 force 0.07
245 (100) L 0 R 1 push 1 force 0.05
248 (100) L 0 R 1 push 1 force 0.05
249 (100) L 0 R 1 push 1 force 0.04
250 (100) L 1 R 0 push -1 force 0.04
252 (100) L 0 R 1 push 1 force 0.04
253 (100) L 0 R 1 push 1 force 0.04
254 (100) L 1 R 0 push -1 force 0.04
255 (100) L 1 R 0 push -1 force 0.03
256 (100) L 1 R 0 push -1 force 0.03
258 (100) L 0 R 1 push 1 force 0.03
260 (100) L 0 R 1 push 1 force 0.03
261 (100) L 1 R 0 push -1 force 0.03
264 (100) L 0 R 1 push 1 force 0.02
265 (100) L 1 R 0 push -1 force 0.02
266 (100) L 0 R 1 push 1 force 0.02
268 (100) L 1 R 0 push -1 force 0.02
273 (100) L 0 R 1 push 1 force 0.02
279 (100) L 0 R 1 push 1 force 0.01
280 (100) L 0 R 1 push 1 force 0.01
281 (100) L 1 R 0 push -1 force 0.01
282 (100) L 1 R 0 push -1 force 0.01
283 (100) L 1 R 0 push -1 force 0.01
284 (100) L 1 R 0 push -1 force 0.01
286 (100) L 1 R 0 push -1 force 0.01
288 (100) L 1 R 0 push -1 force 0.01
290 (100) L 0 R 1 push 1 force 0.01
292 (100) L 1 R 0 push -1 force 0.01
293 (100) L 1 R 0 push -1 force 0.01
294 (100) L 0 R 1 push 1 force 0.01
295 (100) L 1 R 0 push -1 force 0.01
297 (100) L 1 R 0 push -1 force 0.01
298 (100) L 0 R 1 push 1 force 0.01
299 (100) L 0 R 1 push 1 force 0.00
300 (100) L 0 R 1 push 1 force 0.00
304 (100) L 1 R 0 push -1 force 0.00
307 (100) L 1 R 0 push -1 force 0.00
309 (100) L 0 R 1 push 1 force 0.00
311 (100) L 0 R 1 push 1 force 0.00
312 (100) L 1 R 0 push -1 force 0.00
313 (100) L 0 R 1 push 1 force 0.00
317 (100) L 1 R 0 push -1 force 0.00
318 (100) L 1 R 0 push -1 force 0.00
319 (100) L 0 R 1 push 1 force 0.00
320 (100) L 0 R 1 push 1 force 0.00
323 (100) L 1 R 0 push -1 force 0.00
324 (100) L 0 R 1 push 1 force 0.00
327 (100) L 0 R 1 push 1 force 0.00
329 (100) L 0 R 1 push 1 force 0.00
330 (100) L 1 R 0 push -1 force 0.00
338 (100) L 1 R 0 push -1 force 0.00
339 (100) L 0 R 1 push 1 force 0.00
344 (100) L 0 R 1 push 1 force 0.00
347 (100) L 0 R 1 push 1 force 0.00
349 (100) L 0 R 1 push 1 force 0.00
350 (100) L 1 R 0 push -1 force 0.00
351 (100) L 1 R 0 push -1 force 0.00
352 (100) L 1 R 0 push -1 force 0.00
353 (100) L 1 R 0 push -1 force 0.00
354 (100) L 1 R 0 push -1 force 0.00
357 (100) L 0 R 1 push 1 force 0.00
359 (100) L 0 R 1 push 1 force 0.00
361 (100) L 0 R 1 push 1 force 0.00
362 (100) L 1 R 0 push -1 force 0.00
364 (100) L 0 R 1 push 1 force 0.00
366 (100) L 1 R 0 push -1 force 0.00
370 (100) L 1 R 0 push -1 force 0.00
371 (100) L 1 R 0 push -1 force 0.00
374 (100) L 1 R 0 push -1 force 0.00
377 (100) L 0 R 1 push 1 force 0.00
379 (100) L 1 R 0 push -1 force 0.00
380 (100) L 1 R 0 push -1 force 0.00
381 (100) L 1 R 0 push -1 force 0.00
383 (100) L 1 R 0 push -1 force 0.00
385 (100) L 1 R 0 push -1 force 0.00
386 (100) L 1 R 0 push -1 force 0.00
391 (100) L 1 R 0 push -1 force 0.00
394 (100) L 1 R 0 push -1 force 0.00
395 (100) L 1 R 0 push -1 force 0.00
397 (100) L 0 R 1 push 1 force 0.00
399 (100) L 1 R 0 push -1 force 0.00
400 (100) L 1 R 0 push -1 force 0.00
402 (100) L 1 R 0 push -1 force 0.00
404 (100) L 1 R 0 push -1 force 0.00
405 (100) L 1 R 0 push -1 force 0.00
407 (100) L 0 R 1 push 1 force 0.00
408 (100) L 0 R 1 push 1 force 0.00
409 (100) L 0 R 1 push 1 force 0.00
411 (100) L 1 R 0 push -1 force 0.00
412 (100) L 1 R 0 push -1 force 0.00
413 (100) L 1 R 0 push -1 force 0.00
414 (100) L 1 R 0 push -1 force 0.00
415 (100) L 0 R 1 push 1 force 0.00
419 (100) L 0 R 1 push 1 force 0.00
421 (100) L 1 R 0 push -1 force 0.00
422 (100) L 0 R 1 push 1 force 0.00
424 (100) L 1 R 0 push -1 force 0.00
425 (100) L 0 R 1 push 1 force 0.00
426 (100) L 0 R 1 push 1 force 0.00
427 (100) L 1 R 0 push -1 force 0.00
429 (100) L 0 R 1 push 1 force 0.00
431 (100) L 0 R 1 push 1 force 0.00
433 (100) L 0 R 1 push 1 force 0.00
435 (100) L 1 R 0 push -1 force 0.00
436 (100) L 1 R 0 push -1 force 0.00
437 (100) L 0 R 1 push 1 force 0.00
439 (100) L 0 R 1 push 1 force 0.00
440 (100) L 1 R 0 push -1 force 0.00
441 (100) L 0 R 1 push 1 force 0.00
444 (100) L 0 R 1 push 1 force 0.00
446 (100) L 0 R 1 push 1 force 0.00
448 (100) L 1 R 0 push -1 force 0.00
451 (100) L 0 R 1 push 1 force 0.00
455 (100) L 1 R 0 push -1 force 0.00
462 (100) L 1 R 0 push -1 force 0.00
473 (100) L 0 R 1 push 1 force 0.00
476 (100) L 1 R 0 push -1 force 0.00
479 (100) L 0 R 1 push 1 force 0.00
484 (100) L 0 R 1 push 1 force 0.00
485 (100) L 0 R 1 push 1 force 0.00
486 (100) L 0 R 1 push 1 force 0.00
488 (100) L 0 R 1 push 1 force 0.00
492 (100) L 0 R 1 push 1 force 0.00
493 (100) L 1 R 0 push -1 force 0.00
494 (100) L 0 R 1 push 1 force 0.00
496 (100) L 0 R 1 push 1 force 0.00
498 (100) L 1 R 0 push -1 force 0.00
499 (100) L 1 R 0 push -1 force 0.00
500 (100) L 0 R 1 push 1 force 0.00
501 (100) L 1 R 0 push -1 force 0.00
503 (100) L 0 R 1 push 1 force 0.00
504 (100) L 1 R 0 push -1 force 0.00
505 (100) L 1 R 0 push -1 force 0.00
506 (100) L 0 R 1 push 1 force 0.00
507 (100) L 1 R 0 push -1 force 0.00
508 (100) L 1 R 0 push -1 force 0.00
509 (100) L 0 R 1 push 1 force 0.00
510 (100) L 0 R 1 push 1 force 0.00
512 (100) L 1 R 0 push -1 force 0.00
517 (100) L 1 R 0 push -1 force 0.00
520 (100) L 0 R 1 push 1 force 0.00
522 (100) L 0 R 1 push 1 force 0.00
523 (100) L 0 R 1 push 1 force 0.00
524 (100) L 0 R 1 push 1 force 0.00
529 (100) L 0 R 1 push 1 force 0.00
530 (100) L 0 R 1 push 1 force 0.00
531 (100) L 0 R 1 push 1 force 0.00
533 (100) L 1 R 0 push -1 force 0.00
534 (100) L 0 R 1 push 1 force 0.00
535 (100) L 0 R 1 push 1 force 0.00
537 (100) L 0 R 1 push 1 force 0.00
538 (100) L 0 R 1 push 1 force 0.00
539 (100) L 1 R 0 push -1 force 0.00
542 (100) L 1 R 0 push -1 force 0.00
543 (100) L 0 R 1 push 1 force 0.00
545 (100) L 0 R 1 push 1 force 0.00
546 (100) L 1 R 0 push -1 force 0.00
547 (100) L 1 R 0 push -1 force 0.00
549 (100) L 0 R 1 push 1 force 0.00
551 (100) L 0 R 1 push 1 force 0.00
552 (100) L 1 R 0 push -1 force 0.00
554 (100) L 1 R 0 push -1 force 0.00
555 (100) L 1 R 0 push -1 force 0.00
558 (100) L 1 R 0 push -1 force 0.00
559 (100) L 1 R 0 push -1 force 0.00
0 (0) L 1 R 0 push -1 force 0.00
2 (2) L 1 R 0 push -1 force -1.81
3 (3) L 1 R 0 push -1 force -3.53
5 (5) L 1 R 0 push -1 force -8.29
8 (8) L 0 R 1 push 1 force -16.28
10 (10) L 1 R 0 push -1 force -18.45
11 (11) L 1 R 0 push -1 force -20.26
12 (12) L 1 R 0 push -1 force -22.81
14 (14) L 1 R 0 push -1 force -28.84
16 (16) L 1 R 0 push -1 force -35.34
21 (21) L 1 R 0 push -1 force -49.39
22 (22) L 1 R 0 push -1 force -52.10
25 (25) L 0 R 1 push 1 force -60.63
27 (27) L 0 R 1 push 1 force -62.57
28 (28) L 0 R 1 push 1 force -62.23
29 (29) L 0 R 1 push 1 force -60.83
30 (30) L 0 R 1 push 1 force -58.47
31 (31) L 1 R 0 push -1 force -55.24
35 (35) L 1 R 0 push -1 force -47.26
36 (36) L 1 R 0 push -1 force -46.39
37 (37) L 1 R 0 push -1 force -46.44
41 (41) L 1 R 0 push -1 force -48.89
42 (42) L 0 R 1 push 1 force -50.04
43 (43) L 1 R 0 push -1 force -50.01
44 (44) L 1 R 0 push -1 force -50.81
47 (47) L 1 R 0 push -1 force -54.69
48 (48) L 0 R 1 push 1 force -56.45
52 (52) L 1 R 0 push -1 force -57.44
53 (53) L 1 R 0 push -1 force -58.26
55 (55) L 0 R 1 push 1 force -61.07
56 (56) L 1 R 0 push -1 force -61.12
57 (57) L 1 R 0 push -1 force -61.97
59 (59) L 0 R 1 push 1 force -64.81
60 (60) L 1 R 0 push -1 force -64.85
61 (61) L 1 R 0 push -1 force -65.69
64 (64) L 0 R 1 push 1 force -69.45
65 (65) L 1 R 0 push -1 force -69.20
66 (66) L 1 R 0 push -1 force -69.77
68 (68) L 1 R 0 push -1 force -72.07
71 (71) L 0 R 1 push 1 force -76.15
74 (74) L 1 R 0 push -1 force -75.12
75 (75) L 1 R 0 push -1 force -75.44
76 (76) L 0 R 1 push 1 force -76.51
77 (77) L 0 R 1 push 1 force -76.34
78 (78) L 0 R 1 push 1 force -75.05
79 (79) L 0 R 1 push 1 force -72.76
80 (80) L 1 R 0 push -1 force -69.56
81 (81) L 1 R 0 push -1 force -67.45
82 (82) L 1 R 0 push -1 force -66.33
83 (83) L 1 R 0 push -1 force -66.11
86 (86) L 1 R 0 push -1 force -67.28
88 (88) L 0 R 1 push 1 force -68.94
1 (1) L 1 R 0 push -1 force 0.00
Pole balanced successfully for at least 2000 steps at 214 trials
Max steps: 2000, Total Steps: 131697 
Firing rate (spikes/sec): 68.68 (L: 34.46, R: 34.22)
Number of spikes        : 9045 (L: 4538, R: 4507)
Balanced = 2
Elapsed time: 22 seconds

------------- Run 3 -------------
0 (0) L 0 R 1 push 1 force 0.00
5 (5) L 1 R 0 push -1 force 3.89
7 (7) L 0 R 1 push 1 force 3.12
8 (8) L 0 R 1 push 1 force 3.73
11 (11) L 0 R 1 push 1 force 7.76
12 (12) L 1 R 0 push -1 force 9.77
13 (13) L 1 R 0 push -1 force 10.62
14 (14) L 0 R 1 push 1 force 10.41
15 (15) L 0 R 1 push 1 force 11.15
18 (18) L 1 R 0 push -1 force 15.39
27 (27) L 0 R 1 push 1 force 15.17
28 (28) L 1 R 0 push -1 force 15.94
29 (29) L 1 R 0 push -1 force 15.66
31 (31) L 1 R 0 push -1 force 13.25
32 (32) L 1 R 0 push -1 force 11.21
33 (33) L 1 R 0 push -1 force 8.39
38 (38) L 0 R 1 push 1 force -6.20
40 (40) L 0 R 1 push 1 force -8.42
41 (41) L 0 R 1 push 1 force -8.39
45 (45) L 1 R 0 push -1 force -4.84
46 (46) L 1 R 0 push -1 force -5.08
48 (48) L 1 R 0 push -1 force -7.25
51 (51) L 1 R 0 push -1 force -12.26
52 (52) L 0 R 1 push 1 force -14.52
54 (54) L 1 R 0 push -1 force -16.50
55 (55) L 0 R 1 push 1 force -18.25
59 (59) L 0 R 1 push 1 force -20.02
60 (60) L 0 R 1 push 1 force -19.30
63 (63) L 0 R 1 push 1 force -14.69
64 (64) L 1 R 0 push -1 force -12.41
65 (65) L 0 R 1 push 1 force -11.28
67 (67) L 0 R 1 push 1 force -7.43
68 (68) L 1 R 0 push -1 force -4.80
70 (70) L 1 R 0 push -1 force -2.04
71 (71) L 0 R 1 push 1 force -1.80
72 (72) L 1 R 0 push -1 force -0.63
73 (73) L 1 R 0 push -1 force -0.51
74 (74) L 0 R 1 push 1 force -1.36
75 (75) L 1 R 0 push -1 force -1.17
76 (76) L 0 R 1 push 1 force -1.95
78 (78) L 0 R 1 push 1 force -1.47
79 (79) L 0 R 1 push 1 force -0.31
81 (81) L 1 R 0 push -1 force 3.51
83 (83) L 1 R 0 push -1 force 4.79
85 (85) L 1 R 0 push -1 force 3.99
87 (87) L 0 R 1 push 1 force 1.48
88 (88) L 0 R 1 push 1 force 1.35
90 (90) L 0 R 1 push 1 force 2.93
94 (94) L 0 R 1 push 1 force 8.46
95 (95) L 1 R 0 push -1 force 10.44
98 (98) L 0 R 1 push 1 force 12.58
99 (99) L 0 R 1 push 1 force 14.06
100 (100) L 1 R 0 push -1 force 16.32
101 (100) L 1 R 0 push -1 force 18.32
105 (100) L 1 R 0 push -1 force 24.16
108 (100) L 0 R 1 push 1 force 26.71
109 (100) L 0 R 1 push 1 force 27.28
111 (100) L 0 R 1 push 1 force 28.08
114 (100) L 1 R 0 push -1 force 28.55
115 (100) L 0 R 1 push 1 force 28.55
116 (100) L 0 R 1 push 1 force 28.48
117 (100) L 1 R 0 push -1 force 28.34
123 (100) L 0 R 1 push 1 force 26.58
124 (100) L 0 R 1 push 1 force 26.17
125 (100) L 1 R 0 push -1 force 25.74
126 (100) L 1 R 0 push -1 force 25.29
128 (100) L 0 R 1 push 1 force 24.33
132 (100) L 1 R 0 push -1 force 22.30
134 (100) L 1 R 0 push -1 force 21.25
135 (100) L 0 R 1 push 1 force 20.72
136 (100) L 0 R 1 push 1 force 20.20
137 (100) L 0 R 1 push 1 force 19.68
145 (100) L 0 R 1 push 1 force 15.67
146 (100) L 0 R 1 push 1 force 15.20
149 (100) L 0 R 1 push 1 force 13.84
150 (100) L 0 R 1 push 1 force 13.41
152 (100) L 1 R 0 push -1 force 12.57
153 (100) L 1 R 0 push -1 force 12.17
154 (100) L 1 R 0 push -1 force 11.77
156 (100) L 1 R 0 push -1 force 11.01
157 (100) L 0 R 1 push 1 force 10.64
161 (100) L 0 R 1 push 1 force 9.27
166 (100) L 0 R 1 push 1 force 7.76
169 (100) L 1 R 0 push -1 force 6.96
170 (100) L 1 R 0 push -1 force 6.71
174 (100) L 1 R 0 push -1 force 5.78
175 (100) L 1 R 0 push -1 force 5.57
176 (100) L 1 R 0 push -1 force 5.37
178 (100) L 1 R 0 push -1 force 4.97
179 (100) L 0 R 1 push 1 force 4.79
181 (100) L 0 R 1 push 1 force 4.43
182 (100) L 0 R 1 push 1 force 4.27
184 (100) L 0 R 1 push 1 force 3.95
185 (100) L 1 R 0 push -1 force 3.80
187 (100) L 0 R 1 push 1 force 3.51
192 (100) L 0 R 1 push 1 force 2.88
195 (100) L 0 R 1 push 1 force 2.56
197 (100) L 1 R 0 push -1 force 2.36
199 (100) L 0 R 1 push 1 force 2.18
200 (100) L 1 R 0 push -1 force 2.09
201 (100) L 1 R 0 push -1 force 2.01
202 (100) L 0 R 1 push 1 force 1.93
203 (100) L 0 R 1 push 1 force 1.85
205 (100) L 1 R 0 push -1 force 1.71
206 (100) L 0 R 1 push 1 force 1.64
210 (100) L 0 R 1 push 1 force 1.39
212 (100) L 0 R 1 push 1 force 1.28
216 (100) L 0 R 1 push 1 force 1.08
217 (100) L 0 R 1 push 1 force 1.04
218 (100) L 1 R 0 push -1 force 1.00
222 (100) L 0 R 1 push 1 force 0.84
223 (100) L 1 R 0 push -1 force 0.81
225 (100) L 1 R 0 push -1 force 0.74
226 (100) L 0 R 1 push 1 force 0.71
227 (100) L 1 R 0 push -1 force 0.68
235 (100) L 0 R 1 push 1 force 0.48
237 (100) L 1 R 0 push -1 force 0.44
238 (100) L 1 R 0 push -1 force 0.43
240 (100) L 0 R 1 push 1 force 0.39
244 (100) L 1 R 0 push -1 force 0.33
245 (100) L 1 R 0 push -1 force 0.31
246 (100) L 0 R 1 push 1 force 0.30
251 (100) L 0 R 1 push 1 force 0.24
255 (100) L 0 R 1 push 1 force 0.20
257 (100) L 0 R 1 push 1 force 0.19
258 (100) L 0 R 1 push 1 force 0.18
259 (100) L 0 R 1 push 1 force 0.17
260 (100) L 1 R 0 push -1 force 0.16
261 (100) L 0 R 1 push 1 force 0.16
263 (100) L 1 R 0 push -1 force 0.14
268 (100) L 0 R 1 push 1 force 0.11
269 (100) L 1 R 0 push -1 force 0.11
271 (100) L 0 R 1 push 1 force 0.10
275 (100) L 0 R 1 push 1 force 0.08
276 (100) L 1 R 0 push -1 force 0.08
283 (100) L 1 R 0 push -1 force 0.06
287 (100) L 0 R 1 push 1 force 0.05
291 (100) L 0 R 1 push 1 force 0.04
293 (100) L 0 R 1 push 1 force 0.04
294 (100) L 0 R 1 push 1 force 0.04
295 (100) L 0 R 1 push 1 force 0.03
296 (100) L 0 R 1 push 1 force 0.03
304 (100) L 0 R 1 push 1 force 0.02
305 (100) L 0 R 1 push 1 force 0.02
314 (100) L 0 R 1 push 1 force 0.01
315 (100) L 0 R 1 push 1 force 0.01
0 (0) L 0 R 1 push 1 force 0.00
1 (1) L 0 R 1 push 1 force 0.95
2 (2) L 0 R 1 push 1 force 2.76
3 (3) L 1 R 0 push -1 force 5.34
4 (4) L 0 R 1 push 1 force 6.72
6 (6) L 1 R 0 push -1 force 10.84
9 (9) L 0 R 1 push 1 force 12.90
11 (11) L 1 R 0 push -1 force 15.64
12 (12) L 0 R 1 push 1 force 15.81
13 (13) L 1 R 0 push -1 force 16.88
15 (15) L 1 R 0 push -1 force 16.79
18 (18) L 1 R 0 push -1 force 13.83
19 (19) L 0 R 1 push 1 force 12.01
20 (20) L 1 R 0 push -1 force 11.28
21 (21) L 0 R 1 push 1 force 9.64
22 (22) L 1 R 0 push -1 force 9.09
23 (23) L 1 R 0 push -1 force 7.62
24 (24) L 1 R 0 push -1 force 5.32
26 (26) L 0 R 1 push 1 force -0.49
28 (28) L 1 R 0 push -1 force -3.43
29 (29) L 0 R 1 push 1 force -5.63
31 (31) L 0 R 1 push 1 force -7.58
32 (32) L 1 R 0 push -1 force -7.44
34 (34) L 0 R 1 push 1 force -8.96
36 (36) L 0 R 1 push 1 force -8.31
38 (38) L 0 R 1 push 1 force -5.89
39 (39) L 0 R 1 push 1 force -3.88
40 (40) L 0 R 1 push 1 force -1.10
41 (41) L 0 R 1 push 1 force 2.37
42 (42) L 0 R 1 push 1 force 6.45
45 (45) L 1 R 0 push -1 force 18.98
46 (46) L 0 R 1 push 1 force 21.37
48 (48) L 0 R 1 push 1 force 27.13
49 (49) L 0 R 1 push 1 force 30.46
52 (52) L 0 R 1 push 1 force 40.83
53 (53) L 1 R 0 push -1 force 44.42
54 (54) L 1 R 0 push -1 force 46.61
56 (56) L 1 R 0 push -1 force 48.26
57 (57) L 1 R 0 push -1 force 47.85
61 (61) L 1 R 0 push -1 force 42.26
64 (64) L 0 R 1 push 1 force 35.78
65 (65) L 0 R 1 push 1 force 34.79
66 (66) L 0 R 1 push 1 force 34.78
68 (68) L 1 R 0 push -1 force 36.31
70 (70) L 0 R 1 push 1 force 35.43
71 (71) L 0 R 1 push 1 force 35.88
73 (73) L 0 R 1 push 1 force 38.21
74 (74) L 1 R 0 push -1 force 40.03
76 (76) L 0 R 1 push 1 force 41.08
77 (77) L 1 R 0 push -1 force 42.34
80 (80) L 0 R 1 push 1 force 42.28
84 (84) L 1 R 0 push -1 force 44.27
85 (85) L 0 R 1 push 1 force 43.45
87 (87) L 1 R 0 push -1 force 43.56
88 (88) L 0 R 1 push 1 force 42.50
93 (93) L 0 R 1 push 1 force 41.14
94 (94) L 1 R 0 push -1 force 41.62
95 (95) L 0 R 1 push 1 force 41.00
97 (97) L 0 R 1 push 1 force 41.46
99 (99) L 0 R 1 push 1 force 43.27
100 (100) L 0 R 1 push 1 force 44.85
102 (100) L 0 R 1 push 1 force 47.25
104 (100) L 0 R 1 push 1 force 48.80
105 (100) L 0 R 1 push 1 force 49.29
106 (100) L 0 R 1 push 1 force 49.62
110 (100) L 0 R 1 push 1 force 49.57
113 (100) L 1 R 0 push -1 force 48.44
114 (100) L 0 R 1 push 1 force 47.91
115 (100) L 0 R 1 push 1 force 47.32
121 (100) L 0 R 1 push 1 force 42.80
125 (100) L 1 R 0 push -1 force 39.27
127 (100) L 1 R 0 push -1 force 37.44
135 (100) L 1 R 0 push -1 force 30.23
137 (100) L 0 R 1 push 1 force 28.51
138 (100) L 0 R 1 push 1 force 27.67
139 (100) L 0 R 1 push 1 force 26.85
141 (100) L 0 R 1 push 1 force 25.24
142 (100) L 0 R 1 push 1 force 24.46
143 (100) L 1 R 0 push -1 force 23.70
144 (100) L 0 R 1 push 1 force 22.95
145 (100) L 1 R 0 push -1 force 22.22
146 (100) L 1 R 0 push -1 force 21.51
147 (100) L 1 R 0 push -1 force 20.81
148 (100) L 1 R 0 push -1 force 20.13
149 (100) L 0 R 1 push 1 force 19.47
151 (100) L 0 R 1 push 1 force 18.19
152 (100) L 0 R 1 push 1 force 17.58
154 (100) L 1 R 0 push -1 force 16.40
155 (100) L 0 R 1 push 1 force 15.84
156 (100) L 0 R 1 push 1 force 15.29
157 (100) L 1 R 0 push -1 force 14.76
158 (100) L 0 R 1 push 1 force 14.24
161 (100) L 1 R 0 push -1 force 12.78
162 (100) L 0 R 1 push 1 force 12.32
169 (100) L 0 R 1 push 1 force 9.50
170 (100) L 1 R 0 push -1 force 9.15
186 (100) L 1 R 0 push -1 force 4.91
Pole balanced successfully for at least 2000 steps at 388 trials
Max steps: 2000, Total Steps: 234427 
Firing rate (spikes/sec): 97.76 (L: 48.78, R: 48.97)
Number of spikes        : 22917 (L: 11436, R: 11481)
Balanced = 3
Elapsed time: 37 seconds

------------- Run 4 -------------
0 (0) L 0 R 1 push 1 force 0.00
4 (4) L 1 R 0 push -1 force 3.27
5 (5) L 1 R 0 push -1 force 2.94
7 (7) L 1 R 0 push -1 force 0.54
8 (8) L 0 R 1 push 1 force -1.45
11 (11) L 0 R 1 push 1 force -3.72
12 (12) L 1 R 0 push -1 force -3.38
13 (13) L 1 R 0 push -1 force -4.01
14 (14) L 0 R 1 push 1 force -5.52
18 (18) L 1 R 0 push -1 force -6.83
20 (20) L 0 R 1 push 1 force -9.04
22 (22) L 0 R 1 push 1 force -8.95
23 (23) L 0 R 1 push 1 force -7.94
24 (24) L 1 R 0 push -1 force -6.04
25 (25) L 1 R 0 push -1 force -5.27
28 (28) L 0 R 1 push 1 force -5.88
32 (32) L 1 R 0 push -1 force -3.00
33 (33) L 1 R 0 push -1 force -3.37
34 (34) L 0 R 1 push 1 force -4.66
35 (35) L 0 R 1 push 1 force -4.85
38 (38) L 0 R 1 push 1 force -2.69
41 (41) L 0 R 1 push 1 force 1.54
42 (42) L 1 R 0 push -1 force 3.64
43 (43) L 1 R 0 push -1 force 4.58
44 (44) L 1 R 0 push -1 force 4.47
45 (45) L 0 R 1 push 1 force 3.41
46 (46) L 1 R 0 push -1 force 3.39
48 (48) L 1 R 0 push -1 force 1.53
51 (51) L 1 R 0 push -1 force -3.26
52 (52) L 0 R 1 push 1 force -5.50
54 (54) L 1 R 0 push -1 force -7.51
55 (55) L 0 R 1 push 1 force -9.30
58 (58) L 1 R 0 push -1 force -10.99
60 (60) L 0 R 1 push 1 force -13.56
61 (61) L 1 R 0 push -1 force -13.67
62 (62) L 0 R 1 push 1 force -14.68
64 (64) L 0 R 1 push 1 force -14.51
68 (68) L 1 R 0 push -1 force -10.63
70 (70) L 1 R 0 push -1 force -10.85
74 (74) L 0 R 1 push 1 force -14.19
76 (76) L 0 R 1 push 1 force -13.43
78 (78) L 1 R 0 push -1 force -10.88
81 (81) L 1 R 0 push -1 force -10.30
83 (83) L 1 R 0 push -1 force -11.69
85 (85) L 1 R 0 push -1 force -14.54
86 (86) L 0 R 1 push 1 force -16.66
87 (87) L 1 R 0 push -1 force -17.60
94 (94) L 0 R 1 push 1 force -25.94
95 (95) L 1 R 0 push -1 force -25.56
97 (97) L 1 R 0 push -1 force -26.55
98 (98) L 1 R 0 push -1 force -27.83
102 (100) L 1 R 0 push -1 force -34.50
103 (100) L 0 R 1 push 1 force -35.60
105 (100) L 0 R 1 push 1 force -37.25
109 (100) L 1 R 0 push -1 force -38.75
111 (100) L 0 R 1 push 1 force -38.80
112 (100) L 1 R 0 push -1 force -38.68
114 (100) L 0 R 1 push 1 force -38.22
119 (100) L 1 R 0 push -1 force -36.02
120 (100) L 0 R 1 push 1 force -35.45
121 (100) L 1 R 0 push -1 force -34.86
125 (100) L 1 R 0 push -1 force -32.25
126 (100) L 1 R 0 push -1 force -31.56
127 (100) L 1 R 0 push -1 force -30.86
128 (100) L 0 R 1 push 1 force -30.15
129 (100) L 0 R 1 push 1 force -29.44
130 (100) L 0 R 1 push 1 force -28.73
132 (100) L 0 R 1 push 1 force -27.30
135 (100) L 0 R 1 push 1 force -25.18
137 (100) L 0 R 1 push 1 force -23.80
139 (100) L 1 R 0 push -1 force -22.46
143 (100) L 1 R 0 push -1 force -19.90
144 (100) L 1 R 0 push -1 force -19.28
146 (100) L 1 R 0 push -1 force -18.10
147 (100) L 0 R 1 push 1 force -17.52
152 (100) L 0 R 1 push 1 force -14.85
153 (100) L 1 R 0 push -1 force -14.35
157 (100) L 1 R 0 push -1 force -12.50
158 (100) L 0 R 1 push 1 force -12.07
159 (100) L 1 R 0 push -1 force -11.65
162 (100) L 1 R 0 push -1 force -10.46
163 (100) L 1 R 0 push -1 force -10.09
165 (100) L 1 R 0 push -1 force -9.38
167 (100) L 1 R 0 push -1 force -8.72
168 (100) L 0 R 1 push 1 force -8.40
169 (100) L 1 R 0 push -1 force -8.09
170 (100) L 0 R 1 push 1 force -7.80
173 (100) L 1 R 0 push -1 force -6.96
176 (100) L 0 R 1 push 1 force -6.21
185 (100) L 1 R 0 push -1 force -4.38
187 (100) L 1 R 0 push -1 force -4.04
189 (100) L 1 R 0 push -1 force -3.73
193 (100) L 0 R 1 push 1 force -3.18
195 (100) L 1 R 0 push -1 force -2.93
196 (100) L 0 R 1 push 1 force -2.82
198 (100) L 1 R 0 push -1 force -2.60
203 (100) L 0 R 1 push 1 force -2.12
206 (100) L 0 R 1 push 1 force -1.87
210 (100) L 1 R 0 push -1 force -1.58
211 (100) L 0 R 1 push 1 force -1.52
213 (100) L 0 R 1 push 1 force -1.40
214 (100) L 1 R 0 push -1 force -1.34
215 (100) L 1 R 0 push -1 force -1.29
219 (100) L 0 R 1 push 1 force -1.09
223 (100) L 1 R 0 push -1 force -0.92
226 (100) L 0 R 1 push 1 force -0.81
228 (100) L 0 R 1 push 1 force -0.74
229 (100) L 1 R 0 push -1 force -0.71
230 (100) L 0 R 1 push 1 force -0.68
234 (100) L 1 R 0 push -1 force -0.57
237 (100) L 1 R 0 push -1 force -0.50
238 (100) L 1 R 0 push -1 force -0.48
241 (100) L 1 R 0 push -1 force -0.42
242 (100) L 1 R 0 push -1 force -0.41
245 (100) L 0 R 1 push 1 force -0.36
247 (100) L 1 R 0 push -1 force -0.33
248 (100) L 0 R 1 push 1 force -0.31
249 (100) L 0 R 1 push 1 force -0.30
251 (100) L 1 R 0 push -1 force -0.27
256 (100) L 1 R 0 push -1 force -0.22
258 (100) L 1 R 0 push -1 force -0.20
259 (100) L 1 R 0 push -1 force -0.19
260 (100) L 1 R 0 push -1 force -0.18
261 (100) L 1 R 0 push -1 force -0.18
263 (100) L 1 R 0 push -1 force -0.16
264 (100) L 0 R 1 push 1 force -0.15
265 (100) L 1 R 0 push -1 force -0.15
266 (100) L 0 R 1 push 1 force -0.14
269 (100) L 1 R 0 push -1 force -0.12
271 (100) L 0 R 1 push 1 force -0.11
274 (100) L 0 R 1 push 1 force -0.10
276 (100) L 1 R 0 push -1 force -0.09
277 (100) L 0 R 1 push 1 force -0.09
278 (100) L 0 R 1 push 1 force -0.08
279 (100) L 1 R 0 push -1 force -0.08
280 (100) L 0 R 1 push 1 force -0.08
282 (100) L 0 R 1 push 1 force -0.07
283 (100) L 0 R 1 push 1 force -0.07
284 (100) L 0 R 1 push 1 force -0.06
285 (100) L 1 R 0 push -1 force -0.06
288 (100) L 1 R 0 push -1 force -0.05
289 (100) L 0 R 1 push 1 force -0.05
292 (100) L 0 R 1 push 1 force -0.04
297 (100) L 0 R 1 push 1 force -0.04
298 (100) L 0 R 1 push 1 force -0.03
300 (100) L 1 R 0 push -1 force -0.03
301 (100) L 0 R 1 push 1 force -0.03
305 (100) L 0 R 1 push 1 force -0.02
306 (100) L 0 R 1 push 1 force -0.02
307 (100) L 1 R 0 push -1 force -0.02
313 (100) L 1 R 0 push -1 force -0.02
315 (100) L 0 R 1 push 1 force -0.02
316 (100) L 0 R 1 push 1 force -0.01
321 (100) L 1 R 0 push -1 force -0.01
323 (100) L 0 R 1 push 1 force -0.01
324 (100) L 0 R 1 push 1 force -0.01
325 (100) L 0 R 1 push 1 force -0.01
328 (100) L 1 R 0 push -1 force -0.01
329 (100) L 1 R 0 push -1 force -0.01
330 (100) L 1 R 0 push -1 force -0.01
331 (100) L 0 R 1 push 1 force -0.01
335 (100) L 1 R 0 push -1 force -0.01
336 (100) L 1 R 0 push -1 force -0.01
337 (100) L 0 R 1 push 1 force -0.01
340 (100) L 0 R 1 push 1 force -0.00
344 (100) L 1 R 0 push -1 force -0.00
345 (100) L 1 R 0 push -1 force -0.00
346 (100) L 1 R 0 push -1 force -0.00
347 (100) L 0 R 1 push 1 force -0.00
350 (100) L 1 R 0 push -1 force -0.00
351 (100) L 1 R 0 push -1 force -0.00
354 (100) L 1 R 0 push -1 force -0.00
358 (100) L 0 R 1 push 1 force -0.00
360 (100) L 0 R 1 push 1 force -0.00
361 (100) L 0 R 1 push 1 force -0.00
362 (100) L 1 R 0 push -1 force -0.00
366 (100) L 0 R 1 push 1 force -0.00
367 (100) L 0 R 1 push 1 force -0.00
370 (100) L 1 R 0 push -1 force -0.00
372 (100) L 0 R 1 push 1 force -0.00
373 (100) L 1 R 0 push -1 force -0.00
374 (100) L 0 R 1 push 1 force -0.00
376 (100) L 1 R 0 push -1 force -0.00
377 (100) L 0 R 1 push 1 force -0.00
379 (100) L 1 R 0 push -1 force -0.00
381 (100) L 0 R 1 push 1 force -0.00
384 (100) L 1 R 0 push -1 force -0.00
385 (100) L 1 R 0 push -1 force -0.00
386 (100) L 1 R 0 push -1 force -0.00
387 (100) L 0 R 1 push 1 force -0.00
390 (100) L 0 R 1 push 1 force -0.00
391 (100) L 0 R 1 push 1 force -0.00
393 (100) L 1 R 0 push -1 force -0.00
394 (100) L 1 R 0 push -1 force -0.00
395 (100) L 0 R 1 push 1 force -0.00
399 (100) L 1 R 0 push -1 force -0.00
401 (100) L 1 R 0 push -1 force -0.00
403 (100) L 1 R 0 push -1 force -0.00
404 (100) L 0 R 1 push 1 force -0.00
405 (100) L 1 R 0 push -1 force -0.00
406 (100) L 1 R 0 push -1 force -0.00
407 (100) L 0 R 1 push 1 force -0.00
411 (100) L 1 R 0 push -1 force -0.00
413 (100) L 1 R 0 push -1 force -0.00
416 (100) L 1 R 0 push -1 force -0.00
419 (100) L 0 R 1 push 1 force -0.00
422 (100) L 0 R 1 push 1 force -0.00
432 (100) L 0 R 1 push 1 force -0.00
