gcc -fopenmp -o demo.o demo.c -lm
./demo.o
demo
demo
demo
demo
MAX_FAILURES	= 10000
TARGET_STEPS	= 1000
LAST_STEPS	= 100
STEPSIZE (ms)	= 1.00
TAU      (ms)	= 20
MAX_FORCE 	= 1000

------------- Run 1 -------------
0 (0) L 0 R 1 push 1 force 0.00
1 (1) L 1 R 0 push -1 force 0.95
2 (2) L 1 R 0 push -1 force 0.86
3 (3) L 1 R 0 push -1 force -0.18
4 (4) L 0 R 1 push 1 force -2.07
5 (5) L 1 R 0 push -1 force -2.82
6 (6) L 0 R 1 push 1 force -4.45
7 (7) L 0 R 1 push 1 force -4.96
9 (9) L 0 R 1 push 1 force -3.99
17 (17) L 0 R 1 push 1 force 4.01
18 (18) L 1 R 0 push -1 force 5.57
20 (20) L 1 R 0 push -1 force 6.39
21 (21) L 0 R 1 push 1 force 5.77
22 (22) L 1 R 0 push -1 force 6.14
23 (23) L 0 R 1 push 1 force 5.52
26 (26) L 0 R 1 push 1 force 6.49
27 (27) L 0 R 1 push 1 force 7.68
28 (28) L 0 R 1 push 1 force 9.68
30 (30) L 1 R 0 push -1 force 14.88
33 (33) L 1 R 0 push -1 force 18.13
35 (35) L 0 R 1 push 1 force 17.80
36 (36) L 0 R 1 push 1 force 18.55
37 (37) L 0 R 1 push 1 force 20.13
38 (38) L 0 R 1 push 1 force 22.47
39 (39) L 1 R 0 push -1 force 25.48
40 (40) L 0 R 1 push 1 force 27.19
42 (42) L 1 R 0 push -1 force 31.77
44 (44) L 0 R 1 push 1 force 33.41
45 (45) L 0 R 1 push 1 force 34.95
47 (47) L 1 R 0 push -1 force 39.18
50 (50) L 1 R 0 push -1 force 40.88
51 (51) L 0 R 1 push 1 force 40.21
53 (53) L 1 R 0 push -1 force 40.58
55 (55) L 0 R 1 push 1 force 38.71
58 (58) L 1 R 0 push -1 force 38.47
59 (59) L 0 R 1 push 1 force 37.28
61 (61) L 0 R 1 push 1 force 36.77
63 (63) L 0 R 1 push 1 force 37.84
64 (64) L 1 R 0 push -1 force 39.12
66 (66) L 0 R 1 push 1 force 39.23
70 (70) L 0 R 1 push 1 force 41.68
71 (71) L 1 R 0 push -1 force 42.88
74 (74) L 1 R 0 push -1 force 42.65
77 (77) L 1 R 0 push -1 force 39.07
78 (78) L 1 R 0 push -1 force 36.97
79 (79) L 0 R 1 push 1 force 34.02
80 (80) L 0 R 1 push 1 force 32.22
81 (81) L 0 R 1 push 1 force 31.47
82 (82) L 0 R 1 push 1 force 31.67
85 (85) L 0 R 1 push 1 force 34.32
86 (86) L 0 R 1 push 1 force 35.83
87 (87) L 1 R 0 push -1 force 38.07
88 (88) L 0 R 1 push 1 force 39.05
91 (91) L 1 R 0 push -1 force 43.52
93 (93) L 0 R 1 push 1 force 43.55
94 (94) L 0 R 1 push 1 force 44.36
96 (96) L 0 R 1 push 1 force 47.26
97 (97) L 0 R 1 push 1 force 49.29
105 (100) L 0 R 1 push 1 force 61.67
106 (100) L 0 R 1 push 1 force 62.06
107 (100) L 0 R 1 push 1 force 62.27
110 (100) L 0 R 1 push 1 force 61.96
111 (100) L 1 R 0 push -1 force 61.59
112 (100) L 0 R 1 push 1 force 61.10
114 (100) L 1 R 0 push -1 force 59.85
115 (100) L 0 R 1 push 1 force 59.10
116 (100) L 0 R 1 push 1 force 58.29
117 (100) L 1 R 0 push -1 force 57.41
118 (100) L 1 R 0 push -1 force 56.47
120 (100) L 0 R 1 push 1 force 54.48
121 (100) L 1 R 0 push -1 force 53.43
124 (100) L 1 R 0 push -1 force 50.14
128 (100) L 0 R 1 push 1 force 45.58
129 (100) L 0 R 1 push 1 force 44.44
131 (100) L 1 R 0 push -1 force 42.16
132 (100) L 1 R 0 push -1 force 41.03
138 (100) L 0 R 1 push 1 force 34.52
60 (60) L 1 R 0 push -1 force 0.00
Pole balanced successfully for at least 1000 steps at 30 trials
Max steps: 1000, Total Steps: 17871 
Firing rate (spikes/sec): 311.34 (L: 155.22, R: 156.12)
Number of spikes        : 5564 (L: 2774, R: 2790)
Balanced = 1
Elapsed time: 4 seconds

------------- Run 2 -------------
1 (1) L 0 R 1 push 1 force 0.00
3 (3) L 1 R 0 push -1 force 1.81
5 (5) L 0 R 1 push 1 force 1.47
6 (6) L 1 R 0 push -1 force 2.26
8 (8) L 0 R 1 push 1 force 1.81
9 (9) L 1 R 0 push -1 force 2.56
13 (13) L 1 R 0 push -1 force 1.57
16 (16) L 0 R 1 push 1 force -1.57
17 (17) L 1 R 0 push -1 force -1.47
19 (19) L 0 R 1 push 1 force -3.10
26 (26) L 0 R 1 push 1 force -1.60
27 (27) L 0 R 1 push 1 force -0.50
28 (28) L 0 R 1 push 1 force 1.46
29 (29) L 0 R 1 push 1 force 4.18
30 (30) L 0 R 1 push 1 force 7.58
31 (31) L 1 R 0 push -1 force 11.58
32 (32) L 0 R 1 push 1 force 14.23
33 (33) L 0 R 1 push 1 force 17.55
34 (34) L 0 R 1 push 1 force 21.46
35 (35) L 0 R 1 push 1 force 25.89
37 (37) L 0 R 1 push 1 force 35.16
38 (38) L 0 R 1 push 1 force 39.98
39 (39) L 0 R 1 push 1 force 45.19
45 (45) L 0 R 1 push 1 force 69.77
46 (46) L 0 R 1 push 1 force 73.07
51 (51) L 0 R 1 push 1 force 86.91
52 (52) L 0 R 1 push 1 force 89.33
53 (53) L 0 R 1 push 1 force 92.25
55 (55) L 0 R 1 push 1 force 98.47
58 (58) L 0 R 1 push 1 force 106.69
63 (63) L 1 R 0 push -1 force 115.46
65 (65) L 1 R 0 push -1 force 114.38
73 (73) L 1 R 0 push -1 force 97.87
74 (74) L 0 R 1 push 1 force 94.67
75 (75) L 1 R 0 push -1 force 92.50
76 (76) L 0 R 1 push 1 force 89.36
77 (77) L 1 R 0 push -1 force 87.26
81 (81) L 1 R 0 push -1 force 75.56
83 (83) L 1 R 0 push -1 force 68.43
86 (86) L 1 R 0 push -1 force 56.38
87 (87) L 1 R 0 push -1 force 51.88
88 (88) L 0 R 1 push 1 force 46.74
89 (89) L 1 R 0 push -1 force 42.93
90 (90) L 1 R 0 push -1 force 38.42
95 (95) L 1 R 0 push -1 force 16.64
96 (96) L 0 R 1 push 1 force 12.35
100 (100) L 1 R 0 push -1 force 1.99
5 (5) L 1 R 0 push -1 force 0.00
Pole balanced successfully for at least 1000 steps at 10 trials
Max steps: 1000, Total Steps: 5604 
Firing rate (spikes/sec): 1815.85 (L: 907.21, R: 908.64)
Number of spikes        : 10176 (L: 5084, R: 5092)
Balanced = 2
Elapsed time: 1 seconds

------------- Run 3 -------------
0 (0) L 0 R 1 push 1 force 0.00
2 (2) L 1 R 0 push -1 force 1.81
3 (3) L 0 R 1 push 1 force 1.63
6 (6) L 1 R 0 push -1 force 3.75
8 (8) L 1 R 0 push -1 force 3.00
10 (10) L 1 R 0 push -1 force 0.55
14 (14) L 1 R 0 push -1 force -6.37
18 (18) L 0 R 1 push 1 force -14.07
20 (20) L 0 R 1 push 1 force -14.93
21 (21) L 1 R 0 push -1 force -14.30
23 (23) L 1 R 0 push -1 force -14.92
26 (26) L 1 R 0 push -1 force -17.98
27 (27) L 0 R 1 push 1 force -19.68
31 (31) L 1 R 0 push -1 force -21.29
32 (32) L 1 R 0 push -1 force -22.44
33 (33) L 1 R 0 push -1 force -24.37
35 (35) L 0 R 1 push 1 force -29.34
36 (36) L 0 R 1 push 1 force -30.42
37 (37) L 1 R 0 push -1 force -30.38
38 (38) L 0 R 1 push 1 force -31.22
39 (39) L 1 R 0 push -1 force -30.95
40 (40) L 0 R 1 push 1 force -31.59
41 (41) L 1 R 0 push -1 force -31.14
43 (43) L 1 R 0 push -1 force -31.96
44 (44) L 1 R 0 push -1 force -33.16
46 (46) L 1 R 0 push -1 force -36.79
48 (48) L 1 R 0 push -1 force -41.24
49 (49) L 0 R 1 push 1 force -43.96
51 (51) L 1 R 0 push -1 force -46.54
52 (52) L 0 R 1 push 1 force -48.43
56 (56) L 0 R 1 push 1 force -50.02
57 (57) L 1 R 0 push -1 force -49.09
58 (58) L 0 R 1 push 1 force -49.09
59 (59) L 0 R 1 push 1 force -48.02
60 (60) L 1 R 0 push -1 force -45.98
61 (61) L 1 R 0 push -1 force -44.98
67 (67) L 1 R 0 push -1 force -43.30
68 (68) L 0 R 1 push 1 force -43.72
75 (75) L 0 R 1 push 1 force -38.36
77 (77) L 1 R 0 push -1 force -34.86
78 (78) L 1 R 0 push -1 force -34.18
80 (80) L 1 R 0 push -1 force -34.58
85 (85) L 1 R 0 push -1 force -37.94
88 (88) L 0 R 1 push 1 force -40.93
89 (89) L 1 R 0 push -1 force -40.60
90 (90) L 0 R 1 push 1 force -41.16
91 (91) L 1 R 0 push -1 force -40.62
92 (92) L 1 R 0 push -1 force -40.98
96 (96) L 0 R 1 push 1 force -44.51
97 (97) L 1 R 0 push -1 force -43.99
102 (100) L 0 R 1 push 1 force -44.59
109 (100) L 1 R 0 push -1 force -41.62
111 (100) L 1 R 0 push -1 force -40.29
112 (100) L 0 R 1 push 1 force -39.58
113 (100) L 1 R 0 push -1 force -38.84
114 (100) L 0 R 1 push 1 force -38.08
116 (100) L 0 R 1 push 1 force -36.51
117 (100) L 0 R 1 push 1 force -35.71
120 (100) L 1 R 0 push -1 force -33.26
123 (100) L 1 R 0 push -1 force -30.79
125 (100) L 1 R 0 push -1 force -29.17
128 (100) L 0 R 1 push 1 force -26.80
129 (100) L 0 R 1 push 1 force -26.03
131 (100) L 1 R 0 push -1 force -24.52
133 (100) L 1 R 0 push -1 force -23.06
136 (100) L 0 R 1 push 1 force -20.98
137 (100) L 0 R 1 push 1 force -20.32
138 (100) L 0 R 1 push 1 force -19.67
139 (100) L 1 R 0 push -1 force -19.04
140 (100) L 0 R 1 push 1 force -18.42
147 (100) L 1 R 0 push -1 force -14.50
167 (100) L 0 R 1 push 1 force -6.94
Pole balanced successfully for at least 1000 steps at 23 trials
Max steps: 1000, Total Steps: 13294 
Firing rate (spikes/sec): 302.54 (L: 151.65, R: 150.90)
Number of spikes        : 4022 (L: 2016, R: 2006)
Balanced = 3
Elapsed time: 3 seconds

------------- Run 4 -------------
6 (6) L 0 R 1 push 1 force 0.00
9 (9) L 1 R 0 push -1 force 2.58
10 (10) L 1 R 0 push -1 force 2.32
13 (13) L 1 R 0 push -1 force -0.92
14 (14) L 0 R 1 push 1 force -2.76
16 (16) L 1 R 0 push -1 force -4.08
17 (17) L 0 R 1 push 1 force -5.59
19 (19) L 0 R 1 push 1 force -6.34
20 (20) L 0 R 1 push 1 force -5.69
21 (21) L 0 R 1 push 1 force -4.13
23 (23) L 0 R 1 push 1 force 0.38
26 (26) L 1 R 0 push -1 force 8.23
28 (28) L 0 R 1 push 1 force 10.40
34 (34) L 1 R 0 push -1 force 18.72
35 (35) L 0 R 1 push 1 force 18.61
43 (43) L 1 R 0 push -1 force 22.10
45 (45) L 0 R 1 push 1 force 20.36
46 (46) L 0 R 1 push 1 force 20.50
47 (47) L 1 R 0 push -1 force 21.52
48 (48) L 0 R 1 push 1 force 21.44
50 (50) L 0 R 1 push 1 force 22.97
57 (57) L 0 R 1 push 1 force 29.93
58 (58) L 0 R 1 push 1 force 31.29
68 (68) L 0 R 1 push 1 force 42.13
69 (69) L 1 R 0 push -1 force 43.23
70 (70) L 0 R 1 push 1 force 43.17
72 (72) L 0 R 1 push 1 force 44.58
74 (74) L 1 R 0 push -1 force 47.14
77 (77) L 1 R 0 push -1 force 46.78
78 (78) L 1 R 0 push -1 force 45.51
82 (82) L 1 R 0 push -1 force 37.31
86 (86) L 1 R 0 push -1 force 27.31
88 (88) L 0 R 1 push 1 force 21.44
93 (93) L 1 R 0 push -1 force 14.22
94 (94) L 1 R 0 push -1 force 12.10
95 (95) L 1 R 0 push -1 force 9.20
96 (96) L 0 R 1 push 1 force 5.61
98 (98) L 1 R 0 push -1 force 1.20
99 (99) L 0 R 1 push 1 force -1.66
100 (100) L 0 R 1 push 1 force -3.28
102 (100) L 1 R 0 push -1 force -6.06
104 (100) L 0 R 1 push 1 force -8.28
105 (100) L 1 R 0 push -1 force -9.21
107 (100) L 1 R 0 push -1 force -10.74
108 (100) L 0 R 1 push 1 force -11.36
109 (100) L 1 R 0 push -1 force -11.90
111 (100) L 1 R 0 push -1 force -12.74
112 (100) L 0 R 1 push 1 force -13.05
113 (100) L 0 R 1 push 1 force -13.31
114 (100) L 0 R 1 push 1 force -13.51
119 (100) L 0 R 1 push 1 force -13.83
120 (100) L 0 R 1 push 1 force -13.78
122 (100) L 0 R 1 push 1 force -13.61
123 (100) L 0 R 1 push 1 force -13.48
124 (100) L 1 R 0 push -1 force -13.34
127 (100) L 0 R 1 push 1 force -12.81
130 (100) L 0 R 1 push 1 force -12.17
133 (100) L 0 R 1 push 1 force -11.46
135 (100) L 0 R 1 push 1 force -10.96
139 (100) L 1 R 0 push -1 force -9.95
143 (100) L 0 R 1 push 1 force -8.94
144 (100) L 0 R 1 push 1 force -8.69
145 (100) L 1 R 0 push -1 force -8.45
149 (100) L 0 R 1 push 1 force -7.51
151 (100) L 0 R 1 push 1 force -7.06
154 (100) L 1 R 0 push -1 force -6.42
156 (100) L 1 R 0 push -1 force -6.02
157 (100) L 1 R 0 push -1 force -5.82
160 (100) L 0 R 1 push 1 force -5.27
161 (100) L 0 R 1 push 1 force -5.09
163 (100) L 1 R 0 push -1 force -4.75
167 (100) L 1 R 0 push -1 force -4.13
168 (100) L 1 R 0 push -1 force -3.99
170 (100) L 1 R 0 push -1 force -3.71
171 (100) L 1 R 0 push -1 force -3.58
173 (100) L 0 R 1 push 1 force -3.33
178 (100) L 1 R 0 push -1 force -2.76
179 (100) L 0 R 1 push 1 force -2.66
181 (100) L 1 R 0 push -1 force -2.47
183 (100) L 1 R 0 push -1 force -2.29
184 (100) L 1 R 0 push -1 force -2.20
189 (100) L 1 R 0 push -1 force -1.81
190 (100) L 1 R 0 push -1 force -1.74
194 (100) L 0 R 1 push 1 force -1.49
197 (100) L 1 R 0 push -1 force -1.32
202 (100) L 0 R 1 push 1 force -1.08
206 (100) L 1 R 0 push -1 force -0.92
207 (100) L 0 R 1 push 1 force -0.88
211 (100) L 0 R 1 push 1 force -0.75
216 (100) L 0 R 1 push 1 force -0.61
217 (100) L 0 R 1 push 1 force -0.59
218 (100) L 1 R 0 push -1 force -0.56
219 (100) L 1 R 0 push -1 force -0.54
220 (100) L 1 R 0 push -1 force -0.52
221 (100) L 1 R 0 push -1 force -0.50
222 (100) L 0 R 1 push 1 force -0.47
223 (100) L 0 R 1 push 1 force -0.46
224 (100) L 1 R 0 push -1 force -0.44
225 (100) L 0 R 1 push 1 force -0.42
226 (100) L 1 R 0 push -1 force -0.40
232 (100) L 1 R 0 push -1 force -0.31
233 (100) L 0 R 1 push 1 force -0.30
234 (100) L 1 R 0 push -1 force -0.29
236 (100) L 0 R 1 push 1 force -0.26
239 (100) L 0 R 1 push 1 force -0.23
244 (100) L 0 R 1 push 1 force -0.19
245 (100) L 0 R 1 push 1 force -0.18
246 (100) L 1 R 0 push -1 force -0.17
248 (100) L 1 R 0 push -1 force -0.16
249 (100) L 0 R 1 push 1 force -0.15
250 (100) L 0 R 1 push 1 force -0.14
251 (100) L 0 R 1 push 1 force -0.14
252 (100) L 1 R 0 push -1 force -0.13
253 (100) L 0 R 1 push 1 force -0.13
255 (100) L 1 R 0 push -1 force -0.12
256 (100) L 1 R 0 push -1 force -0.11
258 (100) L 0 R 1 push 1 force -0.10
259 (100) L 1 R 0 push -1 force -0.10
260 (100) L 0 R 1 push 1 force -0.09
262 (100) L 0 R 1 push 1 force -0.09
263 (100) L 0 R 1 push 1 force -0.08
267 (100) L 0 R 1 push 1 force -0.07
268 (100) L 1 R 0 push -1 force -0.07
269 (100) L 1 R 0 push -1 force -0.06
270 (100) L 1 R 0 push -1 force -0.06
271 (100) L 0 R 1 push 1 force -0.06
273 (100) L 0 R 1 push 1 force -0.05
276 (100) L 0 R 1 push 1 force -0.05
277 (100) L 1 R 0 push -1 force -0.04
279 (100) L 0 R 1 push 1 force -0.04
285 (100) L 0 R 1 push 1 force -0.03
287 (100) L 0 R 1 push 1 force -0.03
290 (100) L 0 R 1 push 1 force -0.02
291 (100) L 1 R 0 push -1 force -0.02
293 (100) L 1 R 0 push -1 force -0.02
301 (100) L 0 R 1 push 1 force -0.01
304 (100) L 0 R 1 push 1 force -0.01
305 (100) L 0 R 1 push 1 force -0.01
307 (100) L 1 R 0 push -1 force -0.01
310 (100) L 1 R 0 push -1 force -0.01
311 (100) L 1 R 0 push -1 force -0.01
312 (100) L 0 R 1 push 1 force -0.01
314 (100) L 1 R 0 push -1 force -0.01
315 (100) L 1 R 0 push -1 force -0.01
316 (100) L 0 R 1 push 1 force -0.01
318 (100) L 1 R 0 push -1 force -0.01
320 (100) L 1 R 0 push -1 force -0.01
321 (100) L 1 R 0 push -1 force -0.01
323 (100) L 0 R 1 push 1 force -0.01
325 (100) L 1 R 0 push -1 force -0.01
327 (100) L 1 R 0 push -1 force -0.00
328 (100) L 1 R 0 push -1 force -0.00
329 (100) L 1 R 0 push -1 force -0.00
331 (100) L 1 R 0 push -1 force -0.00
332 (100) L 1 R 0 push -1 force -0.00
335 (100) L 1 R 0 push -1 force -0.00
338 (100) L 1 R 0 push -1 force -0.00
340 (100) L 1 R 0 push -1 force -0.00
341 (100) L 1 R 0 push -1 force -0.00
343 (100) L 0 R 1 push 1 force -0.00
344 (100) L 1 R 0 push -1 force -0.00
346 (100) L 1 R 0 push -1 force -0.00
347 (100) L 1 R 0 push -1 force -0.00
348 (100) L 0 R 1 push 1 force -0.00
350 (100) L 0 R 1 push 1 force -0.00
352 (100) L 0 R 1 push 1 force -0.00
353 (100) L 1 R 0 push -1 force -0.00
354 (100) L 1 R 0 push -1 force -0.00
355 (100) L 0 R 1 push 1 force -0.00
356 (100) L 1 R 0 push -1 force -0.00
359 (100) L 1 R 0 push -1 force -0.00
360 (100) L 1 R 0 push -1 force -0.00
362 (100) L 1 R 0 push -1 force -0.00
364 (100) L 1 R 0 push -1 force -0.00
365 (100) L 1 R 0 push -1 force -0.00
366 (100) L 0 R 1 push 1 force -0.00
368 (100) L 1 R 0 push -1 force -0.00
369 (100) L 0 R 1 push 1 force -0.00
370 (100) L 0 R 1 push 1 force -0.00
372 (100) L 1 R 0 push -1 force -0.00
373 (100) L 1 R 0 push -1 force -0.00
378 (100) L 0 R 1 push 1 force -0.00
380 (100) L 1 R 0 push -1 force -0.00
381 (100) L 0 R 1 push 1 force -0.00
382 (100) L 0 R 1 push 1 force -0.00
384 (100) L 0 R 1 push 1 force -0.00
386 (100) L 0 R 1 push 1 force -0.00
387 (100) L 1 R 0 push -1 force -0.00
389 (100) L 1 R 0 push -1 force -0.00
391 (100) L 1 R 0 push -1 force -0.00
393 (100) L 1 R 0 push -1 force -0.00
394 (100) L 1 R 0 push -1 force -0.00
395 (100) L 0 R 1 push 1 force -0.00
396 (100) L 0 R 1 push 1 force -0.00
398 (100) L 0 R 1 push 1 force -0.00
404 (100) L 0 R 1 push 1 force -0.00
405 (100) L 1 R 0 push -1 force -0.00
409 (100) L 0 R 1 push 1 force -0.00
411 (100) L 0 R 1 push 1 force -0.00
412 (100) L 0 R 1 push 1 force -0.00
419 (100) L 1 R 0 push -1 force -0.00
420 (100) L 0 R 1 push 1 force -0.00
421 (100) L 1 R 0 push -1 force -0.00
424 (100) L 0 R 1 push 1 force -0.00
425 (100) L 0 R 1 push 1 force -0.00
426 (100) L 0 R 1 push 1 force -0.00
427 (100) L 1 R 0 push -1 force -0.00
429 (100) L 1 R 0 push -1 force -0.00
430 (100) L 0 R 1 push 1 force -0.00
432 (100) L 0 R 1 push 1 force -0.00
434 (100) L 1 R 0 push -1 force -0.00
437 (100) L 1 R 0 push -1 force -0.00
441 (100) L 0 R 1 push 1 force -0.00
444 (100) L 0 R 1 push 1 force -0.00
445 (100) L 0 R 1 push 1 force -0.00
447 (100) L 0 R 1 push 1 force -0.00
450 (100) L 0 R 1 push 1 force -0.00
451 (100) L 1 R 0 push -1 force -0.00
452 (100) L 1 R 0 push -1 force -0.00
453 (100) L 0 R 1 push 1 force -0.00
454 (100) L 0 R 1 push 1 force -0.00
455 (100) L 1 R 0 push -1 force -0.00
456 (100) L 1 R 0 push -1 force -0.00
457 (100) L 1 R 0 push -1 force -0.00
458 (100) L 0 R 1 push 1 force -0.00
459 (100) L 0 R 1 push 1 force -0.00
464 (100) L 1 R 0 push -1 force -0.00
465 (100) L 0 R 1 push 1 force -0.00
471 (100) L 1 R 0 push -1 force -0.00
473 (100) L 0 R 1 push 1 force -0.00
474 (100) L 0 R 1 push 1 force -0.00
475 (100) L 0 R 1 push 1 force -0.00
476 (100) L 0 R 1 push 1 force -0.00
480 (100) L 0 R 1 push 1 force -0.00
481 (100) L 1 R 0 push -1 force -0.00
482 (100) L 0 R 1 push 1 force -0.00
483 (100) L 0 R 1 push 1 force -0.00
484 (100) L 0 R 1 push 1 force -0.00
486 (100) L 0 R 1 push 1 force -0.00
489 (100) L 0 R 1 push 1 force -0.00
490 (100) L 1 R 0 push -1 force -0.00
492 (100) L 0 R 1 push 1 force -0.00
493 (100) L 0 R 1 push 1 force -0.00
494 (100) L 0 R 1 push 1 force -0.00
495 (100) L 1 R 0 push -1 force -0.00
496 (100) L 0 R 1 push 1 force -0.00
505 (100) L 0 R 1 push 1 force -0.00
506 (100) L 0 R 1 push 1 force -0.00
507 (100) L 1 R 0 push -1 force -0.00
509 (100) L 0 R 1 push 1 force -0.00
510 (100) L 0 R 1 push 1 force -0.00
511 (100) L 0 R 1 push 1 force -0.00
512 (100) L 0 R 1 push 1 force -0.00
513 (100) L 0 R 1 push 1 force -0.00
514 (100) L 1 R 0 push -1 force -0.00
515 (100) L 0 R 1 push 1 force -0.00
516 (100) L 1 R 0 push -1 force -0.00
517 (100) L 1 R 0 push -1 force -0.00
519 (100) L 0 R 1 push 1 force -0.00
520 (100) L 0 R 1 push 1 force -0.00
521 (100) L 0 R 1 push 1 force -0.00
522 (100) L 1 R 0 push -1 force -0.00
523 (100) L 1 R 0 push -1 force -0.00
525 (100) L 1 R 0 push -1 force -0.00
526 (100) L 1 R 0 push -1 force -0.00
527 (100) L 0 R 1 push 1 force -0.00
529 (100) L 0 R 1 push 1 force -0.00
533 (100) L 0 R 1 push 1 force -0.00
534 (100) L 0 R 1 push 1 force -0.00
535 (100) L 0 R 1 push 1 force -0.00
536 (100) L 1 R 0 push -1 force -0.00
0 (0) L 0 R 1 push 1 force 0.00
2 (2) L 1 R 0 push -1 force 1.81
6 (6) L 0 R 1 push 1 force 1.17
7 (7) L 0 R 1 push 1 force 1.99
8 (8) L 0 R 1 push 1 force 3.68
10 (10) L 0 R 1 push 1 force 8.37
12 (12) L 0 R 1 push 1 force 13.94
13 (13) L 0 R 1 push 1 force 17.25
14 (14) L 0 R 1 push 1 force 21.14
15 (15) L 1 R 0 push -1 force 25.57
17 (17) L 0 R 1 push 1 force 31.21
20 (20) L 1 R 0 push -1 force 39.86
21 (21) L 0 R 1 push 1 force 41.08
22 (22) L 1 R 0 push -1 force 43.05
23 (23) L 1 R 0 push -1 force 43.77
25 (25) L 1 R 0 push -1 force 42.90
26 (26) L 0 R 1 push 1 force 41.43
27 (27) L 1 R 0 push -1 force 40.95
28 (28) L 0 R 1 push 1 force 39.46
29 (29) L 0 R 1 push 1 force 38.97
31 (31) L 0 R 1 push 1 force 39.68
33 (33) L 0 R 1 push 1 force 41.71
37 (37) L 0 R 1 push 1 force 46.92
38 (38) L 0 R 1 push 1 force 48.62
39 (39) L 1 R 0 push -1 force 51.00
40 (40) L 0 R 1 push 1 force 52.07
41 (41) L 1 R 0 push -1 force 53.88
44 (44) L 0 R 1 push 1 force 55.00
50 (50) L 1 R 0 push -1 force 57.97
54 (54) L 0 R 1 push 1 force 53.59
56 (56) L 0 R 1 push 1 force 53.07
57 (57) L 1 R 0 push -1 force 53.61
59 (59) L 1 R 0 push -1 force 52.37
60 (60) L 1 R 0 push -1 force 50.70
61 (61) L 0 R 1 push 1 force 48.11
62 (62) L 0 R 1 push 1 force 46.61
63 (63) L 0 R 1 push 1 force 46.09
66 (66) L 1 R 0 push -1 force 46.78
68 (68) L 1 R 0 push -1 force 44.81
69 (69) L 1 R 0 push -1 force 42.86
70 (70) L 0 R 1 push 1 force 40.03
73 (73) L 1 R 0 push -1 force 35.15
74 (74) L 0 R 1 push 1 force 32.70
75 (75) L 0 R 1 push 1 force 31.36
77 (77) L 1 R 0 push -1 force 30.64
78 (78) L 1 R 0 push -1 force 29.28
82 (82) L 1 R 0 push -1 force 21.11
84 (84) L 1 R 0 push -1 force 16.00
85 (85) L 0 R 1 push 1 force 12.80
86 (86) L 1 R 0 push -1 force 10.82
88 (88) L 1 R 0 push -1 force 5.52
90 (90) L 1 R 0 push -1 force -0.67
92 (92) L 1 R 0 push -1 force -7.55
93 (93) L 1 R 0 push -1 force -11.43
97 (97) L 1 R 0 push -1 force -26.56
99 (99) L 0 R 1 push 1 force -33.62
100 (100) L 1 R 0 push -1 force -35.59
102 (100) L 1 R 0 push -1 force -38.74
104 (100) L 0 R 1 push 1 force -40.96
105 (100) L 0 R 1 push 1 force -41.78
113 (100) L 1 R 0 push -1 force -43.08
114 (100) L 0 R 1 push 1 force -42.77
116 (100) L 0 R 1 push 1 force -41.95
117 (100) L 0 R 1 push 1 force -41.44
118 (100) L 1 R 0 push -1 force -40.89
124 (100) L 1 R 0 push -1 force -36.82
126 (100) L 1 R 0 push -1 force -35.28
129 (100) L 1 R 0 push -1 force -32.91
131 (100) L 1 R 0 push -1 force -31.31
132 (100) L 0 R 1 push 1 force -30.51
133 (100) L 1 R 0 push -1 force -29.72
135 (100) L 0 R 1 push 1 force -28.14
137 (100) L 1 R 0 push -1 force -26.60
138 (100) L 1 R 0 push -1 force -25.84
139 (100) L 0 R 1 push 1 force -25.10
140 (100) L 0 R 1 push 1 force -24.36
141 (100) L 1 R 0 push -1 force -23.64
142 (100) L 1 R 0 push -1 force -22.93
145 (100) L 0 R 1 push 1 force -20.87
147 (100) L 1 R 0 push -1 force -19.58
148 (100) L 0 R 1 push 1 force -18.95
150 (100) L 1 R 0 push -1 force -17.74
152 (100) L 1 R 0 push -1 force -16.59
156 (100) L 0 R 1 push 1 force -14.46
157 (100) L 1 R 0 push -1 force -13.96
158 (100) L 1 R 0 push -1 force -13.48
160 (100) L 0 R 1 push 1 force -12.56
163 (100) L 0 R 1 push 1 force -11.27
167 (100) L 0 R 1 push 1 force -9.73
168 (100) L 0 R 1 push 1 force -9.38
170 (100) L 0 R 1 push 1 force -8.71
174 (100) L 1 R 0 push -1 force -7.48
175 (100) L 1 R 0 push -1 force -7.20
176 (100) L 0 R 1 push 1 force -6.93
177 (100) L 0 R 1 push 1 force -6.67
178 (100) L 0 R 1 push 1 force -6.42
183 (100) L 0 R 1 push 1 force -5.28
186 (100) L 1 R 0 push -1 force -4.70
187 (100) L 1 R 0 push -1 force -4.51
189 (100) L 1 R 0 push -1 force -4.17
190 (100) L 0 R 1 push 1 force -4.00
193 (100) L 0 R 1 push 1 force -3.55
194 (100) L 1 R 0 push -1 force -3.41
197 (100) L 0 R 1 push 1 force -3.02
198 (100) L 1 R 0 push -1 force -2.90
199 (100) L 1 R 0 push -1 force -2.78
201 (100) L 1 R 0 push -1 force -2.57
202 (100) L 1 R 0 push -1 force -2.46
203 (100) L 1 R 0 push -1 force -2.36
205 (100) L 1 R 0 push -1 force -2.18
208 (100) L 1 R 0 push -1 force -1.92
209 (100) L 1 R 0 push -1 force -1.84
211 (100) L 0 R 1 push 1 force -1.70
213 (100) L 1 R 0 push -1 force -1.56
218 (100) L 1 R 0 push -1 force -1.26
221 (100) L 0 R 1 push 1 force -1.11
222 (100) L 0 R 1 push 1 force -1.07
223 (100) L 0 R 1 push 1 force -1.02
227 (100) L 1 R 0 push -1 force -0.86
229 (100) L 1 R 0 push -1 force -0.79
231 (100) L 0 R 1 push 1 force -0.73
232 (100) L 0 R 1 push 1 force -0.70
233 (100) L 1 R 0 push -1 force -0.67
236 (100) L 0 R 1 push 1 force -0.59
238 (100) L 1 R 0 push -1 force -0.54
240 (100) L 0 R 1 push 1 force -0.49
242 (100) L 0 R 1 push 1 force -0.45
243 (100) L 0 R 1 push 1 force -0.43
244 (100) L 0 R 1 push 1 force -0.41
245 (100) L 0 R 1 push 1 force -0.40
249 (100) L 0 R 1 push 1 force -0.33
251 (100) L 1 R 0 push -1 force -0.31
252 (100) L 0 R 1 push 1 force -0.29
255 (100) L 0 R 1 push 1 force -0.26
256 (100) L 0 R 1 push 1 force -0.25
258 (100) L 1 R 0 push -1 force -0.22
259 (100) L 1 R 0 push -1 force -0.21
260 (100) L 0 R 1 push 1 force -0.21
263 (100) L 0 R 1 push 1 force -0.18
266 (100) L 1 R 0 push -1 force -0.16
268 (100) L 0 R 1 push 1 force -0.14
269 (100) L 0 R 1 push 1 force -0.14
270 (100) L 1 R 0 push -1 force -0.13
272 (100) L 0 R 1 push 1 force -0.12
274 (100) L 0 R 1 push 1 force -0.11
275 (100) L 0 R 1 push 1 force -0.11
277 (100) L 1 R 0 push -1 force -0.10
278 (100) L 0 R 1 push 1 force -0.09
279 (100) L 0 R 1 push 1 force -0.09
280 (100) L 1 R 0 push -1 force -0.08
282 (100) L 0 R 1 push 1 force -0.08
284 (100) L 1 R 0 push -1 force -0.07
285 (100) L 0 R 1 push 1 force -0.07
286 (100) L 0 R 1 push 1 force -0.06
287 (100) L 1 R 0 push -1 force -0.06
290 (100) L 0 R 1 push 1 force -0.05
292 (100) L 1 R 0 push -1 force -0.05
293 (100) L 0 R 1 push 1 force -0.05
294 (100) L 1 R 0 push -1 force -0.05
298 (100) L 1 R 0 push -1 force -0.04
300 (100) L 1 R 0 push -1 force -0.03
303 (100) L 0 R 1 push 1 force -0.03
305 (100) L 1 R 0 push -1 force -0.03
307 (100) L 0 R 1 push 1 force -0.03
308 (100) L 1 R 0 push -1 force -0.02
309 (100) L 1 R 0 push -1 force -0.02
310 (100) L 1 R 0 push -1 force -0.02
311 (100) L 1 R 0 push -1 force -0.02
313 (100) L 1 R 0 push -1 force -0.02
316 (100) L 0 R 1 push 1 force -0.02
318 (100) L 1 R 0 push -1 force -0.02
319 (100) L 0 R 1 push 1 force -0.01
322 (100) L 1 R 0 push -1 force -0.01
325 (100) L 1 R 0 push -1 force -0.01
330 (100) L 0 R 1 push 1 force -0.01
335 (100) L 0 R 1 push 1 force -0.01
341 (100) L 0 R 1 push 1 force -0.01
346 (100) L 1 R 0 push -1 force -0.00
347 (100) L 1 R 0 push -1 force -0.00
349 (100) L 1 R 0 push -1 force -0.00
350 (100) L 1 R 0 push -1 force -0.00
357 (100) L 0 R 1 push 1 force -0.00
358 (100) L 1 R 0 push -1 force -0.00
359 (100) L 1 R 0 push -1 force -0.00
360 (100) L 1 R 0 push -1 force -0.00
362 (100) L 1 R 0 push -1 force -0.00
363 (100) L 1 R 0 push -1 force -0.00
366 (100) L 0 R 1 push 1 force -0.00
367 (100) L 1 R 0 push -1 force -0.00
369 (100) L 1 R 0 push -1 force -0.00
370 (100) L 0 R 1 push 1 force -0.00
375 (100) L 1 R 0 push -1 force -0.00
376 (100) L 1 R 0 push -1 force -0.00
377 (100) L 1 R 0 push -1 force -0.00
380 (100) L 1 R 0 push -1 force -0.00
381 (100) L 0 R 1 push 1 force -0.00
383 (100) L 0 R 1 push 1 force -0.00
384 (100) L 1 R 0 push -1 force -0.00
386 (100) L 1 R 0 push -1 force -0.00
388 (100) L 0 R 1 push 1 force -0.00
390 (100) L 0 R 1 push 1 force -0.00
391 (100) L 1 R 0 push -1 force -0.00
395 (100) L 1 R 0 push -1 force -0.00
399 (100) L 0 R 1 push 1 force -0.00
400 (100) L 0 R 1 push 1 force -0.00
402 (100) L 0 R 1 push 1 force -0.00
403 (100) L 0 R 1 push 1 force -0.00
405 (100) L 0 R 1 push 1 force -0.00
407 (100) L 1 R 0 push -1 force -0.00
408 (100) L 1 R 0 push -1 force -0.00
409 (100) L 1 R 0 push -1 force -0.00
410 (100) L 1 R 0 push -1 force -0.00
412 (100) L 0 R 1 push 1 force -0.00
414 (100) L 0 R 1 push 1 force -0.00
421 (100) L 1 R 0 push -1 force -0.00
422 (100) L 1 R 0 push -1 force -0.00
423 (100) L 1 R 0 push -1 force -0.00
424 (100) L 1 R 0 push -1 force -0.00
425 (100) L 0 R 1 push 1 force -0.00
429 (100) L 0 R 1 push 1 force -0.00
433 (100) L 1 R 0 push -1 force -0.00
434 (100) L 1 R 0 push -1 force -0.00
435 (100) L 0 R 1 push 1 force -0.00
436 (100) L 1 R 0 push -1 force -0.00
439 (100) L 1 R 0 push -1 force -0.00
441 (100) L 1 R 0 push -1 force -0.00
442 (100) L 0 R 1 push 1 force -0.00
443 (100) L 0 R 1 push 1 force -0.00
444 (100) L 0 R 1 push 1 force -0.00
445 (100) L 1 R 0 push -1 force -0.00
448 (100) L 1 R 0 push -1 force -0.00
449 (100) L 0 R 1 push 1 force -0.00
450 (100) L 0 R 1 push 1 force -0.00
453 (100) L 0 R 1 push 1 force -0.00
457 (100) L 0 R 1 push 1 force -0.00
458 (100) L 0 R 1 push 1 force -0.00
461 (100) L 1 R 0 push -1 force -0.00
463 (100) L 1 R 0 push -1 force -0.00
466 (100) L 1 R 0 push -1 force -0.00
469 (100) L 1 R 0 push -1 force -0.00
470 (100) L 1 R 0 push -1 force -0.00
472 (100) L 0 R 1 push 1 force -0.00
474 (100) L 0 R 1 push 1 force -0.00
476 (100) L 0 R 1 push 1 force -0.00
477 (100) L 1 R 0 push -1 force -0.00
478 (100) L 1 R 0 push -1 force -0.00
481 (100) L 0 R 1 push 1 force -0.00
483 (100) L 1 R 0 push -1 force -0.00
486 (100) L 1 R 0 push -1 force -0.00
488 (100) L 0 R 1 push 1 force -0.00
490 (100) L 1 R 0 push -1 force -0.00
496 (100) L 1 R 0 push -1 force -0.00
497 (100) L 0 R 1 push 1 force -0.00
499 (100) L 1 R 0 push -1 force -0.00
500 (100) L 1 R 0 push -1 force -0.00
501 (100) L 0 R 1 push 1 force -0.00
502 (100) L 1 R 0 push -1 force -0.00
503 (100) L 0 R 1 push 1 force -0.00
508 (100) L 1 R 0 push -1 force -0.00
509 (100) L 0 R 1 push 1 force -0.00
510 (100) L 1 R 0 push -1 force -0.00
511 (100) L 0 R 1 push 1 force -0.00
512 (100) L 1 R 0 push -1 force -0.00
516 (100) L 1 R 0 push -1 force -0.00
517 (100) L 1 R 0 push -1 force -0.00
518 (100) L 0 R 1 push 1 force -0.00
520 (100) L 1 R 0 push -1 force -0.00
521 (100) L 1 R 0 push -1 force -0.00
524 (100) L 0 R 1 push 1 force -0.00
529 (100) L 1 R 0 push -1 force -0.00
530 (100) L 1 R 0 push -1 force -0.00
534 (100) L 0 R 1 push 1 force -0.00
537 (100) L 0 R 1 push 1 force -0.00
538 (100) L 1 R 0 push -1 force -0.00
539 (100) L 0 R 1 push 1 force -0.00
542 (100) L 0 R 1 push 1 force -0.00
543 (100) L 0 R 1 push 1 force -0.00
544 (100) L 1 R 0 push -1 force -0.00
545 (100) L 1 R 0 push -1 force -0.00
547 (100) L 1 R 0 push -1 force -0.00
549 (100) L 0 R 1 push 1 force -0.00
551 (100) L 0 R 1 push 1 force -0.00
553 (100) L 1 R 0 push -1 force -0.00
557 (100) L 0 R 1 push 1 force -0.00
560 (100) L 1 R 0 push -1 force -0.00
561 (100) L 0 R 1 push 1 force -0.00
562 (100) L 0 R 1 push 1 force -0.00
563 (100) L 0 R 1 push 1 force -0.00
564 (100) L 0 R 1 push 1 force -0.00
565 (100) L 1 R 0 push -1 force -0.00
566 (100) L 0 R 1 push 1 force -0.00
568 (100) L 0 R 1 push 1 force -0.00
569 (100) L 0 R 1 push 1 force -0.00
570 (100) L 1 R 0 push -1 force -0.00
572 (100) L 1 R 0 push -1 force -0.00
574 (100) L 0 R 1 push 1 force -0.00
577 (100) L 1 R 0 push -1 force -0.00
579 (100) L 1 R 0 push -1 force -0.00
584 (100) L 0 R 1 push 1 force -0.00
585 (100) L 0 R 1 push 1 force -0.00
588 (100) L 1 R 0 push -1 force -0.00
592 (100) L 0 R 1 push 1 force -0.00
594 (100) L 1 R 0 push -1 force -0.00
596 (100) L 1 R 0 push -1 force -0.00
599 (100) L 0 R 1 push 1 force -0.00
600 (100) L 0 R 1 push 1 force -0.00
602 (100) L 1 R 0 push -1 force -0.00
606 (100) L 1 R 0 push -1 force -0.00
607 (100) L 0 R 1 push 1 force -0.00
611 (100) L 0 R 1 push 1 force -0.00
613 (100) L 1 R 0 push -1 force -0.00
614 (100) L 1 R 0 push -1 force -0.00
615 (100) L 1 R 0 push -1 force -0.00
616 (100) L 1 R 0 push -1 force -0.00
617 (100) L 0 R 1 push 1 force -0.00
618 (100) L 1 R 0 push -1 force -0.00
622 (100) L 1 R 0 push -1 force -0.00
627 (100) L 1 R 0 push -1 force -0.00
628 (100) L 0 R 1 push 1 force -0.00
630 (100) L 0 R 1 push 1 force -0.00
632 (100) L 0 R 1 push 1 force -0.00
634 (100) L 1 R 0 push -1 force -0.00
635 (100) L 0 R 1 push 1 force -0.00
636 (100) L 0 R 1 push 1 force -0.00
638 (100) L 0 R 1 push 1 force -0.00
642 (100) L 0 R 1 push 1 force -0.00
644 (100) L 1 R 0 push -1 force -0.00
647 (100) L 1 R 0 push -1 force -0.00
653 (100) L 0 R 1 push 1 force -0.00
654 (100) L 0 R 1 push 1 force -0.00
655 (100) L 1 R 0 push -1 force -0.00
656 (100) L 0 R 1 push 1 force -0.00
657 (100) L 1 R 0 push -1 force -0.00
659 (100) L 1 R 0 push -1 force -0.00
661 (100) L 1 R 0 push -1 force -0.00
663 (100) L 1 R 0 push -1 force -0.00
664 (100) L 0 R 1 push 1 force -0.00
666 (100) L 0 R 1 push 1 force -0.00
675 (100) L 0 R 1 push 1 force -0.00
677 (100) L 0 R 1 push 1 force -0.00
679 (100) L 1 R 0 push -1 force -0.00
680 (100) L 1 R 0 push -1 force -0.00
681 (100) L 1 R 0 push -1 force -0.00
682 (100) L 0 R 1 push 1 force -0.00
683 (100) L 1 R 0 push -1 force -0.00
686 (100) L 0 R 1 push 1 force -0.00
687 (100) L 1 R 0 push -1 force -0.00
688 (100) L 1 R 0 push -1 force -0.00
689 (100) L 0 R 1 push 1 force -0.00
690 (100) L 1 R 0 push -1 force -0.00
691 (100) L 0 R 1 push 1 force -0.00
692 (100) L 0 R 1 push 1 force -0.00
696 (100) L 1 R 0 push -1 force -0.00
697 (100) L 0 R 1 push 1 force -0.00
698 (100) L 1 R 0 push -1 force -0.00
699 (100) L 0 R 1 push 1 force -0.00
701 (100) L 1 R 0 push -1 force -0.00
702 (100) L 0 R 1 push 1 force -0.00
704 (100) L 1 R 0 push -1 force -0.00
705 (100) L 0 R 1 push 1 force -0.00
707 (100) L 1 R 0 push -1 force -0.00
709 (100) L 0 R 1 push 1 force -0.00
710 (100) L 0 R 1 push 1 force -0.00
712 (100) L 1 R 0 push -1 force -0.00
713 (100) L 0 R 1 push 1 force -0.00
716 (100) L 1 R 0 push -1 force -0.00
718 (100) L 0 R 1 push 1 force -0.00
722 (100) L 1 R 0 push -1 force -0.00
723 (100) L 1 R 0 push -1 force -0.00
728 (100) L 0 R 1 push 1 force -0.00
730 (100) L 0 R 1 push 1 force -0.00
732 (100) L 0 R 1 push 1 force -0.00
734 (100) L 1 R 0 push -1 force -0.00
735 (100) L 0 R 1 push 1 force -0.00
737 (100) L 0 R 1 push 1 force -0.00
739 (100) L 1 R 0 push -1 force -0.00
743 (100) L 0 R 1 push 1 force -0.00
744 (100) L 0 R 1 push 1 force -0.00
747 (100) L 1 R 0 push -1 force -0.00
748 (100) L 1 R 0 push -1 force -0.00
750 (100) L 0 R 1 push 1 force -0.00
751 (100) L 1 R 0 push -1 force -0.00
753 (100) L 1 R 0 push -1 force -0.00
757 (100) L 1 R 0 push -1 force -0.00
761 (100) L 0 R 1 push 1 force -0.00
765 (100) L 0 R 1 push 1 force -0.00
767 (100) L 1 R 0 push -1 force -0.00
769 (100) L 1 R 0 push -1 force -0.00
770 (100) L 1 R 0 push -1 force -0.00
771 (100) L 0 R 1 push 1 force -0.00
774 (100) L 1 R 0 push -1 force -0.00
776 (100) L 0 R 1 push 1 force -0.00
777 (100) L 1 R 0 push -1 force -0.00
778 (100) L 0 R 1 push 1 force -0.00
780 (100) L 1 R 0 push -1 force -0.00
782 (100) L 0 R 1 push 1 force -0.00
786 (100) L 1 R 0 push -1 force -0.00
788 (100) L 1 R 0 push -1 force -0.00
790 (100) L 0 R 1 push 1 force -0.00
795 (100) L 0 R 1 push 1 force -0.00
797 (100) L 0 R 1 push 1 force -0.00
798 (100) L 0 R 1 push 1 force -0.00
800 (100) L 1 R 0 push -1 force -0.00
802 (100) L 1 R 0 push -1 force -0.00
803 (100) L 0 R 1 push 1 force -0.00
806 (100) L 0 R 1 push 1 force -0.00
807 (100) L 0 R 1 push 1 force -0.00
812 (100) L 0 R 1 push 1 force -0.00
814 (100) L 0 R 1 push 1 force -0.00
817 (100) L 0 R 1 push 1 force -0.00
818 (100) L 0 R 1 push 1 force -0.00
819 (100) L 1 R 0 push -1 force -0.00
820 (100) L 0 R 1 push 1 force -0.00
821 (100) L 1 R 0 push -1 force -0.00
822 (100) L 1 R 0 push -1 force -0.00
824 (100) L 0 R 1 push 1 force -0.00
826 (100) L 1 R 0 push -1 force -0.00
828 (100) L 1 R 0 push -1 force -0.00
830 (100) L 1 R 0 push -1 force -0.00
833 (100) L 1 R 0 push -1 force -0.00
834 (100) L 1 R 0 push -1 force -0.00
835 (100) L 0 R 1 push 1 force -0.00
838 (100) L 0 R 1 push 1 force -0.00
840 (100) L 1 R 0 push -1 force -0.00
841 (100) L 0 R 1 push 1 force -0.00
843 (100) L 0 R 1 push 1 force -0.00
845 (100) L 0 R 1 push 1 force -0.00
850 (100) L 1 R 0 push -1 force -0.00
851 (100) L 0 R 1 push 1 force -0.00
853 (100) L 0 R 1 push 1 force -0.00
854 (100) L 0 R 1 push 1 force -0.00
855 (100) L 1 R 0 push -1 force -0.00
856 (100) L 0 R 1 push 1 force -0.00
862 (100) L 1 R 0 push -1 force -0.00
863 (100) L 0 R 1 push 1 force -0.00
864 (100) L 0 R 1 push 1 force -0.00
866 (100) L 1 R 0 push -1 force -0.00
868 (100) L 0 R 1 push 1 force -0.00
870 (100) L 1 R 0 push -1 force -0.00
871 (100) L 0 R 1 push 1 force -0.00
873 (100) L 0 R 1 push 1 force -0.00
874 (100) L 1 R 0 push -1 force -0.00
875 (100) L 1 R 0 push -1 force -0.00
876 (100) L 1 R 0 push -1 force -0.00
877 (100) L 1 R 0 push -1 force -0.00
884 (100) L 0 R 1 push 1 force -0.00
885 (100) L 1 R 0 push -1 force -0.00
886 (100) L 0 R 1 push 1 force -0.00
887 (100) L 0 R 1 push 1 force -0.00
888 (100) L 1 R 0 push -1 force -0.00
892 (100) L 1 R 0 push -1 force -0.00
894 (100) L 0 R 1 push 1 force -0.00
895 (100) L 0 R 1 push 1 force -0.00
897 (100) L 0 R 1 push 1 force -0.00
898 (100) L 1 R 0 push -1 force -0.00
901 (100) L 1 R 0 push -1 force -0.00
903 (100) L 0 R 1 push 1 force -0.00
906 (100) L 0 R 1 push 1 force -0.00
907 (100) L 1 R 0 push -1 force -0.00
908 (100) L 0 R 1 push 1 force -0.00
910 (100) L 0 R 1 push 1 force -0.00
911 (100) L 0 R 1 push 1 force -0.00
912 (100) L 0 R 1 push 1 force -0.00
913 (100) L 0 R 1 push 1 force -0.00
920 (100) L 1 R 0 push -1 force -0.00
922 (100) L 0 R 1 push 1 force -0.00
923 (100) L 0 R 1 push 1 force -0.00
925 (100) L 1 R 0 push -1 force -0.00
928 (100) L 0 R 1 push 1 force -0.00
929 (100) L 1 R 0 push -1 force -0.00
932 (100) L 0 R 1 push 1 force -0.00
934 (100) L 0 R 1 push 1 force -0.00
935 (100) L 1 R 0 push -1 force -0.00
936 (100) L 0 R 1 push 1 force -0.00
937 (100) L 0 R 1 push 1 force -0.00
938 (100) L 1 R 0 push -1 force -0.00
939 (100) L 1 R 0 push -1 force -0.00
940 (100) L 1 R 0 push -1 force -0.00
942 (100) L 0 R 1 push 1 force -0.00
943 (100) L 0 R 1 push 1 force -0.00
945 (100) L 1 R 0 push -1 force -0.00
946 (100) L 1 R 0 push -1 force -0.00
947 (100) L 1 R 0 push -1 force -0.00
949 (100) L 1 R 0 push -1 force -0.00
950 (100) L 0 R 1 push 1 force -0.00
951 (100) L 0 R 1 push 1 force -0.00
953 (100) L 1 R 0 push -1 force -0.00
954 (100) L 0 R 1 push 1 force -0.00
958 (100) L 1 R 0 push -1 force -0.00
960 (100) L 0 R 1 push 1 force -0.00
961 (100) L 0 R 1 push 1 force -0.00
965 (100) L 0 R 1 push 1 force -0.00
966 (100) L 1 R 0 push -1 force -0.00
969 (100) L 0 R 1 push 1 force -0.00
976 (100) L 1 R 0 push -1 force -0.00
979 (100) L 1 R 0 push -1 force -0.00
981 (100) L 1 R 0 push -1 force -0.00
982 (100) L 1 R 0 push -1 force -0.00
985 (100) L 1 R 0 push -1 force -0.00
988 (100) L 1 R 0 push -1 force -0.00
991 (100) L 1 R 0 push -1 force -0.00
992 (100) L 0 R 1 push 1 force -0.00
994 (100) L 1 R 0 push -1 force -0.00
995 (100) L 1 R 0 push -1 force -0.00
998 (100) L 0 R 1 push 1 force -0.00
999 (100) L 1 R 0 push -1 force -0.00
Pole balanced successfully for at least 1000 steps at 1 trials
Max steps: 1000, Total Steps: 1538 
Firing rate (spikes/sec): 1044.86 (L: 518.21, R: 526.66)
Number of spikes        : 1607 (L: 797, R: 810)
Balanced = 4
Elapsed time: 1 seconds

------------- Run 5 -------------
0 (0) L 1 R 0 push -1 force 0.00
2 (2) L 1 R 0 push -1 force -1.81
4 (4) L 0 R 1 push 1 force -5.08
5 (5) L 1 R 0 push -1 force -5.52
8 (8) L 1 R 0 push -1 force -9.11
9 (9) L 0 R 1 push 1 force -11.00
13 (13) L 1 R 0 push -1 force -13.38
15 (15) L 1 R 0 push -1 force -15.89
17 (17) L 0 R 1 push 1 force -19.61
19 (19) L 0 R 1 push 1 force -20.67
21 (21) L 0 R 1 push 1 force -19.54
22 (22) L 0 R 1 push 1 force -18.04
23 (23) L 1 R 0 push -1 force -15.68
25 (25) L 0 R 1 push 1 force -13.33
26 (26) L 1 R 0 push -1 force -11.32
27 (27) L 1 R 0 push -1 force -10.42
31 (31) L 1 R 0 push -1 force -10.68
36 (36) L 1 R 0 push -1 force -14.30
37 (37) L 1 R 0 push -1 force -15.70
38 (38) L 0 R 1 push 1 force -17.87
39 (39) L 1 R 0 push -1 force -18.84
40 (40) L 0 R 1 push 1 force -20.63
41 (41) L 1 R 0 push -1 force -21.25
43 (43) L 0 R 1 push 1 force -23.97
44 (44) L 1 R 0 push -1 force -24.11
46 (46) L 1 R 0 push -1 force -25.99
49 (49) L 0 R 1 push 1 force -30.34
51 (51) L 1 R 0 push -1 force -30.45
55 (55) L 0 R 1 push 1 force -33.11
56 (56) L 0 R 1 push 1 force -32.49
57 (57) L 1 R 0 push -1 force -30.91
59 (59) L 1 R 0 push -1 force -29.77
60 (60) L 0 R 1 push 1 force -30.12
63 (63) L 0 R 1 push 1 force -28.01
65 (65) L 0 R 1 push 1 force -24.80
70 (70) L 1 R 0 push -1 force -14.34
71 (71) L 0 R 1 push 1 force -13.65
72 (72) L 0 R 1 push 1 force -12.04
73 (73) L 0 R 1 push 1 force -9.60
74 (74) L 1 R 0 push -1 force -6.42
75 (75) L 1 R 0 push -1 force -4.48
78 (78) L 1 R 0 push -1 force -2.24
80 (80) L 1 R 0 push -1 force -2.85
81 (81) L 1 R 0 push -1 force -4.06
82 (82) L 0 R 1 push 1 force -6.10
84 (84) L 0 R 1 push 1 force -7.75
91 (91) L 0 R 1 push 1 force -6.03
93 (93) L 0 R 1 push 1 force -3.79
94 (94) L 0 R 1 push 1 force -1.86
95 (95) L 0 R 1 push 1 force 0.84
96 (96) L 1 R 0 push -1 force 4.23
99 (99) L 1 R 0 push -1 force 9.92
101 (100) L 1 R 0 push -1 force 10.96
105 (100) L 0 R 1 push 1 force 12.21
106 (100) L 0 R 1 push 1 force 12.39
107 (100) L 1 R 0 push -1 force 12.51
110 (100) L 1 R 0 push -1 force 12.66
111 (100) L 0 R 1 push 1 force 12.65
112 (100) L 0 R 1 push 1 force 12.60
114 (100) L 0 R 1 push 1 force 12.43
116 (100) L 1 R 0 push -1 force 12.19
117 (100) L 1 R 0 push -1 force 12.04
118 (100) L 0 R 1 push 1 force 11.87
119 (100) L 1 R 0 push -1 force 11.70
123 (100) L 0 R 1 push 1 force 10.89
125 (100) L 0 R 1 push 1 force 10.45
128 (100) L 0 R 1 push 1 force 9.77
129 (100) L 0 R 1 push 1 force 9.53
130 (100) L 0 R 1 push 1 force 9.30
134 (100) L 1 R 0 push -1 force 8.38
135 (100) L 1 R 0 push -1 force 8.15
136 (100) L 1 R 0 push -1 force 7.92
138 (100) L 0 R 1 push 1 force 7.48
139 (100) L 1 R 0 push -1 force 7.26
141 (100) L 0 R 1 push 1 force 6.84
143 (100) L 1 R 0 push -1 force 6.43
148 (100) L 0 R 1 push 1 force 5.48
150 (100) L 0 R 1 push 1 force 5.13
151 (100) L 1 R 0 push -1 force 4.96
157 (100) L 1 R 0 push -1 force 4.04
161 (100) L 0 R 1 push 1 force 3.50
162 (100) L 1 R 0 push -1 force 3.38
164 (100) L 0 R 1 push 1 force 3.14
165 (100) L 0 R 1 push 1 force 3.03
166 (100) L 1 R 0 push -1 force 2.92
168 (100) L 0 R 1 push 1 force 2.71
169 (100) L 1 R 0 push -1 force 2.61
171 (100) L 1 R 0 push -1 force 2.42
172 (100) L 1 R 0 push -1 force 2.33
176 (100) L 0 R 1 push 1 force 2.00
177 (100) L 1 R 0 push -1 force 1.93
184 (100) L 0 R 1 push 1 force 1.47
187 (100) L 1 R 0 push -1 force 1.30
188 (100) L 1 R 0 push -1 force 1.25
189 (100) L 0 R 1 push 1 force 1.20
191 (100) L 0 R 1 push 1 force 1.11
192 (100) L 0 R 1 push 1 force 1.07
196 (100) L 1 R 0 push -1 force 0.91
203 (100) L 0 R 1 push 1 force 0.68
204 (100) L 0 R 1 push 1 force 0.65
205 (100) L 0 R 1 push 1 force 0.63
209 (100) L 1 R 0 push -1 force 0.53
215 (100) L 0 R 1 push 1 force 0.41
217 (100) L 0 R 1 push 1 force 0.38
218 (100) L 0 R 1 push 1 force 0.36
219 (100) L 0 R 1 push 1 force 0.35
221 (100) L 0 R 1 push 1 force 0.32
222 (100) L 1 R 0 push -1 force 0.31
224 (100) L 0 R 1 push 1 force 0.28
226 (100) L 1 R 0 push -1 force 0.26
227 (100) L 1 R 0 push -1 force 0.25
228 (100) L 1 R 0 push -1 force 0.24
231 (100) L 1 R 0 push -1 force 0.21
233 (100) L 1 R 0 push -1 force 0.19
236 (100) L 0 R 1 push 1 force 0.17
240 (100) L 1 R 0 push -1 force 0.14
242 (100) L 1 R 0 push -1 force 0.13
244 (100) L 1 R 0 push -1 force 0.12
245 (100) L 1 R 0 push -1 force 0.11
246 (100) L 1 R 0 push -1 force 0.11
247 (100) L 0 R 1 push 1 force 0.10
250 (100) L 1 R 0 push -1 force 0.09
251 (100) L 1 R 0 push -1 force 0.09
253 (100) L 0 R 1 push 1 force 0.08
254 (100) L 0 R 1 push 1 force 0.08
256 (100) L 0 R 1 push 1 force 0.07
260 (100) L 1 R 0 push -1 force 0.06
261 (100) L 1 R 0 push -1 force 0.06
263 (100) L 1 R 0 push -1 force 0.05
264 (100) L 1 R 0 push -1 force 0.05
265 (100) L 1 R 0 push -1 force 0.05
266 (100) L 1 R 0 push -1 force 0.05
267 (100) L 0 R 1 push 1 force 0.04
268 (100) L 0 R 1 push 1 force 0.04
269 (100) L 0 R 1 push 1 force 0.04
270 (100) L 0 R 1 push 1 force 0.04
272 (100) L 1 R 0 push -1 force 0.03
276 (100) L 0 R 1 push 1 force 0.03
278 (100) L 0 R 1 push 1 force 0.03
281 (100) L 0 R 1 push 1 force 0.02
282 (100) L 0 R 1 push 1 force 0.02
283 (100) L 0 R 1 push 1 force 0.02
284 (100) L 0 R 1 push 1 force 0.02
285 (100) L 0 R 1 push 1 force 0.02
286 (100) L 1 R 0 push -1 force 0.02
287 (100) L 0 R 1 push 1 force 0.02
288 (100) L 0 R 1 push 1 force 0.02
292 (100) L 0 R 1 push 1 force 0.01
294 (100) L 0 R 1 push 1 force 0.01
295 (100) L 1 R 0 push -1 force 0.01
297 (100) L 1 R 0 push -1 force 0.01
299 (100) L 0 R 1 push 1 force 0.01
303 (100) L 1 R 0 push -1 force 0.01
304 (100) L 0 R 1 push 1 force 0.01
306 (100) L 0 R 1 push 1 force 0.01
307 (100) L 0 R 1 push 1 force 0.01
308 (100) L 0 R 1 push 1 force 0.01
309 (100) L 0 R 1 push 1 force 0.01
310 (100) L 1 R 0 push -1 force 0.01
312 (100) L 0 R 1 push 1 force 0.01
314 (100) L 1 R 0 push -1 force 0.01
316 (100) L 1 R 0 push -1 force 0.00
317 (100) L 0 R 1 push 1 force 0.00
318 (100) L 0 R 1 push 1 force 0.00
319 (100) L 0 R 1 push 1 force 0.00
320 (100) L 1 R 0 push -1 force 0.00
321 (100) L 1 R 0 push -1 force 0.00
322 (100) L 0 R 1 push 1 force 0.00
324 (100) L 1 R 0 push -1 force 0.00
325 (100) L 0 R 1 push 1 force 0.00
326 (100) L 1 R 0 push -1 force 0.00
328 (100) L 0 R 1 push 1 force 0.00
329 (100) L 0 R 1 push 1 force 0.00
332 (100) L 1 R 0 push -1 force 0.00
333 (100) L 1 R 0 push -1 force 0.00
337 (100) L 1 R 0 push -1 force 0.00
338 (100) L 0 R 1 push 1 force 0.00
339 (100) L 1 R 0 push -1 force 0.00
343 (100) L 1 R 0 push -1 force 0.00
5 (5) L 1 R 0 push -1 force 0.00
Pole balanced successfully for at least 1000 steps at 3 trials
Max steps: 1000, Total Steps: 2406 
Firing rate (spikes/sec): 1733.17 (L: 865.34, R: 867.83)
Number of spikes        : 4170 (L: 2082, R: 2088)
Balanced = 5
Elapsed time: 1 seconds

============== SUMMARY ===============
Final Max Steps: 1000
Success rate: 100.00 percent (5/5)
Elapsed time: 10 seconds
MAX_FAILURES	= 10000
TARGET_STEPS	= 1000
LAST_STEPS	= 100
STEPSIZE (ms)	= 1.00
TAU      (ms)	= 20
MAX_FORCE 	= 1000
#./demo.o > demo.log
