gcc -fopenmp -o demo.o demo.c -lm
./demo.o
demo
demo
demo
demo
MAX_FAILURES	= 20000
TARGET_STEPS	= 10000
STEPSIZE (ms)	= 0.05
TAU      (sec)	= 0.02
MAX_FORCE 	= 1000

------------- Run 1 -------------
0 L 0 R 1 push 1 force 0.00
3 L 0 R 1 push 1 force 0.15
5 L 1 R 0 push -1 force 0.35
6 L 0 R 1 push 1 force 0.39
12 L 0 R 1 push 1 force 0.97
15 L 1 R 0 push -1 force 1.41
16 L 1 R 0 push -1 force 1.50
17 L 0 R 1 push 1 force 1.54
18 L 1 R 0 push -1 force 1.63
19 L 1 R 0 push -1 force 1.67
20 L 1 R 0 push -1 force 1.67
21 L 1 R 0 push -1 force 1.61
22 L 0 R 1 push 1 force 1.50
26 L 0 R 1 push 1 force 1.27
28 L 1 R 0 push -1 force 1.26
29 L 0 R 1 push 1 force 1.20
33 L 1 R 0 push -1 force 1.18
34 L 0 R 1 push 1 force 1.12
35 L 1 R 0 push -1 force 1.12
38 L 0 R 1 push 1 force 0.95
39 L 1 R 0 push -1 force 0.94
41 L 0 R 1 push 1 force 0.84
42 L 1 R 0 push -1 force 0.83
43 L 0 R 1 push 1 force 0.78
47 L 0 R 1 push 1 force 0.76
48 L 1 R 0 push -1 force 0.81
50 L 1 R 0 push -1 force 0.80
52 L 1 R 0 push -1 force 0.69
60 L 0 R 1 push 1 force -0.12
61 L 0 R 1 push 1 force -0.17
64 L 1 R 0 push -1 force -0.17
65 L 1 R 0 push -1 force -0.22
66 L 1 R 0 push -1 force -0.32
67 L 0 R 1 push 1 force -0.47
69 L 0 R 1 push 1 force -0.66
70 L 1 R 0 push -1 force -0.71
71 L 0 R 1 push 1 force -0.81
72 L 0 R 1 push 1 force -0.85
73 L 1 R 0 push -1 force -0.85
76 L 1 R 0 push -1 force -0.99
80 L 0 R 1 push 1 force -1.36
81 L 1 R 0 push -1 force -1.41
82 L 0 R 1 push 1 force -1.50
83 L 1 R 0 push -1 force -1.54
85 L 0 R 1 push 1 force -1.73
88 L 0 R 1 push 1 force -1.85
89 L 1 R 0 push -1 force -1.84
90 L 1 R 0 push -1 force -1.88
91 L 1 R 0 push -1 force -1.97
93 L 1 R 0 push -1 force -2.25
96 L 1 R 0 push -1 force -2.81
98 L 0 R 1 push 1 force -3.28
99 L 1 R 0 push -1 force -3.47
100 L 1 R 0 push -1 force -3.70
102 L 1 R 0 push -1 force -4.26
103 L 1 R 0 push -1 force -4.59
104 L 1 R 0 push -1 force -4.96
105 L 1 R 0 push -1 force -5.39
109 L 0 R 1 push 1 force -7.26
111 L 0 R 1 push 1 force -8.08
112 L 1 R 0 push -1 force -8.44
113 L 0 R 1 push 1 force -8.85
114 L 1 R 0 push -1 force -9.20
117 L 1 R 0 push -1 force -10.40
118 L 1 R 0 push -1 force -10.85
121 L 0 R 1 push 1 force -12.32
122 L 1 R 0 push -1 force -12.76
124 L 1 R 0 push -1 force -13.72
126 L 0 R 1 push 1 force -14.78
127 L 0 R 1 push 1 force -15.25
128 L 1 R 0 push -1 force -15.67
130 L 0 R 1 push 1 force -16.61
131 L 0 R 1 push 1 force -17.02
132 L 0 R 1 push 1 force -17.38
136 L 0 R 1 push 1 force -18.61
138 L 1 R 0 push -1 force -19.12
141 L 0 R 1 push 1 force -20.02
143 L 1 R 0 push -1 force -20.51
144 L 1 R 0 push -1 force -20.80
150 L 0 R 1 push 1 force -22.82
152 L 0 R 1 push 1 force -23.38
153 L 1 R 0 push -1 force -23.61
154 L 0 R 1 push 1 force -23.89
156 L 0 R 1 push 1 force -24.34
158 L 1 R 0 push -1 force -24.68
160 L 1 R 0 push -1 force -25.12
162 L 1 R 0 push -1 force -25.65
164 L 1 R 0 push -1 force -26.28
169 L 1 R 0 push -1 force -28.07
170 L 1 R 0 push -1 force -28.47
171 L 1 R 0 push -1 force -28.92
172 L 1 R 0 push -1 force -29.42
173 L 1 R 0 push -1 force -29.96
174 L 1 R 0 push -1 force -30.55
175 L 1 R 0 push -1 force -31.19
176 L 1 R 0 push -1 force -31.87
177 L 1 R 0 push -1 force -32.60
181 L 0 R 1 push 1 force -35.68
183 L 0 R 1 push 1 force -37.10
184 L 0 R 1 push 1 force -37.75
185 L 0 R 1 push 1 force -38.35
186 L 0 R 1 push 1 force -38.89
187 L 0 R 1 push 1 force -39.39
188 L 0 R 1 push 1 force -39.83
189 L 0 R 1 push 1 force -40.22
190 L 0 R 1 push 1 force -40.55
192 L 0 R 1 push 1 force -41.12
193 L 1 R 0 push -1 force -41.35
194 L 0 R 1 push 1 force -41.63
196 L 1 R 0 push -1 force -42.09
197 L 0 R 1 push 1 force -42.36
198 L 1 R 0 push -1 force -42.59
199 L 1 R 0 push -1 force -42.86
200 L 0 R 1 push 1 force -43.18
202 L 1 R 0 push -1 force -43.72
205 L 1 R 0 push -1 force -44.66
207 L 1 R 0 push -1 force -45.37
208 L 1 R 0 push -1 force -45.78
210 L 0 R 1 push 1 force -46.68
212 L 0 R 1 push 1 force -47.48
213 L 1 R 0 push -1 force -47.82
219 L 1 R 0 push -1 force -50.14
220 L 1 R 0 push -1 force -50.57
221 L 0 R 1 push 1 force -51.04
223 L 0 R 1 push 1 force -51.88
224 L 0 R 1 push 1 force -52.25
230 L 0 R 1 push 1 force -54.12
231 L 1 R 0 push -1 force -54.38
232 L 1 R 0 push -1 force -54.68
234 L 1 R 0 push -1 force -55.38
235 L 1 R 0 push -1 force -55.78
237 L 1 R 0 push -1 force -56.66
238 L 1 R 0 push -1 force -57.15
239 L 1 R 0 push -1 force -57.69
240 L 1 R 0 push -1 force -58.27
241 L 0 R 1 push 1 force -58.90
243 L 0 R 1 push 1 force -60.05
244 L 0 R 1 push 1 force -60.57
246 L 1 R 0 push -1 force -61.50
247 L 1 R 0 push -1 force -62.02
249 L 1 R 0 push -1 force -63.13
250 L 1 R 0 push -1 force -63.73
251 L 1 R 0 push -1 force -64.38
253 L 0 R 1 push 1 force -65.77
257 L 1 R 0 push -1 force -68.29
258 L 1 R 0 push -1 force -68.97
259 L 1 R 0 push -1 force -69.69
262 L 0 R 1 push 1 force -71.97
263 L 0 R 1 push 1 force -72.67
264 L 0 R 1 push 1 force -73.32
266 L 1 R 0 push -1 force -74.50
271 L 1 R 0 push -1 force -77.66
272 L 0 R 1 push 1 force -78.33
278 L 1 R 0 push -1 force -81.97
281 L 0 R 1 push 1 force -83.89
283 L 1 R 0 push -1 force -85.06
285 L 1 R 0 push -1 force -86.31
286 L 0 R 1 push 1 force -86.97
287 L 1 R 0 push -1 force -87.59
290 L 0 R 1 push 1 force -89.56
291 L 1 R 0 push -1 force -90.16
293 L 1 R 0 push -1 force -91.45
295 L 0 R 1 push 1 force -92.83
298 L 1 R 0 push -1 force -94.71
301 L 0 R 1 push 1 force -96.71
304 L 1 R 0 push -1 force -98.52
305 L 0 R 1 push 1 force -99.17
307 L 0 R 1 push 1 force -100.35
311 L 0 R 1 push 1 force -102.48
316 L 0 R 1 push 1 force -104.81
318 L 0 R 1 push 1 force -105.63
320 L 1 R 0 push -1 force -106.33
323 L 0 R 1 push 1 force -107.52
324 L 1 R 0 push -1 force -107.86
326 L 0 R 1 push 1 force -108.63
330 L 0 R 1 push 1 force -109.95
331 L 0 R 1 push 1 force -110.23
335 L 1 R 0 push -1 force -111.10
339 L 0 R 1 push 1 force -112.15
340 L 0 R 1 push 1 force -112.36
342 L 0 R 1 push 1 force -112.66
343 L 1 R 0 push -1 force -112.77
345 L 0 R 1 push 1 force -113.07
346 L 1 R 0 push -1 force -113.17
347 L 1 R 0 push -1 force -113.31
350 L 1 R 0 push -1 force -113.89
351 L 0 R 1 push 1 force -114.13
352 L 1 R 0 push -1 force -114.32
353 L 0 R 1 push 1 force -114.56
354 L 0 R 1 push 1 force -114.74
361 L 0 R 1 push 1 force -115.65
364 L 1 R 0 push -1 force -115.87
367 L 0 R 1 push 1 force -116.22
372 L 0 R 1 push 1 force -116.55
373 L 1 R 0 push -1 force -116.56
374 L 0 R 1 push 1 force -116.62
375 L 1 R 0 push -1 force -116.63
376 L 1 R 0 push -1 force -116.69
378 L 0 R 1 push 1 force -116.90
380 L 0 R 1 push 1 force -117.01
385 L 1 R 0 push -1 force -117.02
386 L 1 R 0 push -1 force -117.07
390 L 1 R 0 push -1 force -117.46
393 L 0 R 1 push 1 force -117.88
394 L 1 R 0 push -1 force -117.97
395 L 1 R 0 push -1 force -118.11
398 L 0 R 1 push 1 force -118.67
399 L 0 R 1 push 1 force -118.80
403 L 0 R 1 push 1 force -119.11
404 L 0 R 1 push 1 force -119.14
405 L 0 R 1 push 1 force -119.11
413 L 0 R 1 push 1 force -118.50
415 L 1 R 0 push -1 force -118.25
416 L 0 R 1 push 1 force -118.17
418 L 1 R 0 push -1 force -117.91
419 L 0 R 1 push 1 force -117.83
424 L 1 R 0 push -1 force -117.18
425 L 1 R 0 push -1 force -117.11
426 L 0 R 1 push 1 force -117.07
428 L 0 R 1 push 1 force -116.91
429 L 1 R 0 push -1 force -116.78
430 L 1 R 0 push -1 force -116.70
431 L 1 R 0 push -1 force -116.67
436 L 1 R 0 push -1 force -116.75
439 L 1 R 0 push -1 force -116.94
442 L 0 R 1 push 1 force -117.26
446 L 0 R 1 push 1 force -117.48
449 L 0 R 1 push 1 force -117.49
450 L 0 R 1 push 1 force -117.44
451 L 0 R 1 push 1 force -117.34
453 L 0 R 1 push 1 force -117.04
456 L 0 R 1 push 1 force -116.44
458 L 1 R 0 push -1 force -115.94
461 L 1 R 0 push -1 force -115.35
462 L 1 R 0 push -1 force -115.20
464 L 0 R 1 push 1 force -115.01
468 L 0 R 1 push 1 force -114.42
469 L 0 R 1 push 1 force -114.22
471 L 1 R 0 push -1 force -113.72
472 L 0 R 1 push 1 force -113.53
473 L 0 R 1 push 1 force -113.28
474 L 1 R 0 push -1 force -112.99
476 L 0 R 1 push 1 force -112.50
479 L 1 R 0 push -1 force -111.62
480 L 1 R 0 push -1 force -111.38
481 L 1 R 0 push -1 force -111.19
482 L 1 R 0 push -1 force -111.05
483 L 1 R 0 push -1 force -110.96
486 L 0 R 1 push 1 force -110.83
487 L 1 R 0 push -1 force -110.74
488 L 0 R 1 push 1 force -110.70
490 L 1 R 0 push -1 force -110.51
492 L 1 R 0 push -1 force -110.42
493 L 1 R 0 push -1 force -110.43
494 L 0 R 1 push 1 force -110.48
500 L 0 R 1 push 1 force -110.49
501 L 1 R 0 push -1 force -110.44
502 L 1 R 0 push -1 force -110.44
506 L 1 R 0 push -1 force -110.63
507 L 0 R 1 push 1 force -110.72
510 L 1 R 0 push -1 force -110.85
512 L 0 R 1 push 1 force -111.03
513 L 1 R 0 push -1 force -111.06
515 L 0 R 1 push 1 force -111.24
516 L 1 R 0 push -1 force -111.27
518 L 1 R 0 push -1 force -111.44
519 L 1 R 0 push -1 force -111.57
520 L 1 R 0 push -1 force -111.75
521 L 0 R 1 push 1 force -111.98
522 L 0 R 1 push 1 force -112.16
524 L 1 R 0 push -1 force -112.41
525 L 1 R 0 push -1 force -112.58
526 L 0 R 1 push 1 force -112.80
527 L 0 R 1 push 1 force -112.97
529 L 1 R 0 push -1 force -113.20
531 L 0 R 1 push 1 force -113.53
532 L 1 R 0 push -1 force -113.64
538 L 0 R 1 push 1 force -114.59
539 L 0 R 1 push 1 force -114.69
541 L 1 R 0 push -1 force -114.79
542 L 1 R 0 push -1 force -114.89
545 L 0 R 1 push 1 force -115.33
546 L 0 R 1 push 1 force -115.42
548 L 1 R 0 push -1 force -115.50
551 L 1 R 0 push -1 force -115.77
552 L 1 R 0 push -1 force -115.91
555 L 0 R 1 push 1 force -116.46
556 L 1 R 0 push -1 force -116.59
557 L 0 R 1 push 1 force -116.76
559 L 1 R 0 push -1 force -117.02
562 L 0 R 1 push 1 force -117.54
568 L 0 R 1 push 1 force -118.23
569 L 1 R 0 push -1 force -118.30
570 L 0 R 1 push 1 force -118.41
571 L 1 R 0 push -1 force -118.47
574 L 1 R 0 push -1 force -118.79
576 L 1 R 0 push -1 force -119.10
577 L 0 R 1 push 1 force -119.30
580 L 0 R 1 push 1 force -119.74
581 L 0 R 1 push 1 force -119.84
584 L 0 R 1 push 1 force -119.97
585 L 0 R 1 push 1 force -119.96
586 L 1 R 0 push -1 force -119.90
587 L 0 R 1 push 1 force -119.89
589 L 0 R 1 push 1 force -119.77
590 L 0 R 1 push 1 force -119.66
593 L 0 R 1 push 1 force -119.18
597 L 1 R 0 push -1 force -118.34
598 L 0 R 1 push 1 force -118.18
600 L 1 R 0 push -1 force -117.76
602 L 1 R 0 push -1 force -117.44
606 L 1 R 0 push -1 force -117.00
607 L 0 R 1 push 1 force -116.94
611 L 1 R 0 push -1 force -116.50
612 L 0 R 1 push 1 force -116.44
615 L 1 R 0 push -1 force -116.11
616 L 0 R 1 push 1 force -116.04
618 L 0 R 1 push 1 force -115.82
619 L 1 R 0 push -1 force -115.66
620 L 1 R 0 push -1 force -115.54
625 L 1 R 0 push -1 force -115.23
626 L 0 R 1 push 1 force -115.21
629 L 1 R 0 push -1 force -115.02
631 L 1 R 0 push -1 force -114.98
635 L 1 R 0 push -1 force -115.10
636 L 0 R 1 push 1 force -115.18
641 L 0 R 1 push 1 force -115.31
644 L 1 R 0 push -1 force -115.23
647 L 1 R 0 push -1 force -115.29
648 L 0 R 1 push 1 force -115.36
651 L 1 R 0 push -1 force -115.41
653 L 1 R 0 push -1 force -115.54
654 L 0 R 1 push 1 force -115.65
657 L 0 R 1 push 1 force -115.84
658 L 0 R 1 push 1 force -115.85
659 L 0 R 1 push 1 force -115.80
660 L 0 R 1 push 1 force -115.71
661 L 0 R 1 push 1 force -115.57
663 L 0 R 1 push 1 force -115.19
664 L 1 R 0 push -1 force -114.94
667 L 1 R 0 push -1 force -114.37
670 L 0 R 1 push 1 force -113.95
671 L 0 R 1 push 1 force -113.76
673 L 0 R 1 push 1 force -113.28
674 L 1 R 0 push -1 force -112.99
676 L 0 R 1 push 1 force -112.52
677 L 1 R 0 push -1 force -112.23
678 L 1 R 0 push -1 force -111.99
681 L 1 R 0 push -1 force -111.43
683 L 0 R 1 push 1 force -111.16
684 L 0 R 1 push 1 force -110.98
688 L 0 R 1 push 1 force -110.04
690 L 1 R 0 push -1 force -109.47
691 L 1 R 0 push -1 force -109.24
693 L 1 R 0 push -1 force -108.88
694 L 0 R 1 push 1 force -108.75
695 L 1 R 0 push -1 force -108.57
696 L 1 R 0 push -1 force -108.44
698 L 0 R 1 push 1 force -108.27
699 L 0 R 1 push 1 force -108.14
700 L 1 R 0 push -1 force -107.96
702 L 0 R 1 push 1 force -107.70
707 L 0 R 1 push 1 force -106.79
709 L 1 R 0 push -1 force -106.33
710 L 0 R 1 push 1 force -106.16
711 L 1 R 0 push -1 force -105.93
712 L 1 R 0 push -1 force -105.75
713 L 1 R 0 push -1 force -105.62
714 L 1 R 0 push -1 force -105.54
716 L 0 R 1 push 1 force -105.48
717 L 1 R 0 push -1 force -105.40
718 L 1 R 0 push -1 force -105.37
720 L 0 R 1 push 1 force -105.41
722 L 1 R 0 push -1 force -105.35
724 L 0 R 1 push 1 force -105.38
727 L 1 R 0 push -1 force -105.27
730 L 1 R 0 push -1 force -105.31
731 L 0 R 1 push 1 force -105.37
732 L 1 R 0 push -1 force -105.39
733 L 0 R 1 push 1 force -105.45
735 L 0 R 1 push 1 force -105.46
738 L 1 R 0 push -1 force -105.33
739 L 0 R 1 push 1 force -105.34
740 L 0 R 1 push 1 force -105.30
742 L 0 R 1 push 1 force -105.11
744 L 0 R 1 push 1 force -104.82
752 L 1 R 0 push -1 force -103.27
753 L 0 R 1 push 1 force -103.13
755 L 0 R 1 push 1 force -102.75
758 L 1 R 0 push -1 force -102.02
759 L 0 R 1 push 1 force -101.83
760 L 0 R 1 push 1 force -101.59
762 L 1 R 0 push -1 force -101.02
763 L 1 R 0 push -1 force -100.78
766 L 1 R 0 push -1 force -100.22
769 L 1 R 0 push -1 force -99.82
773 L 1 R 0 push -1 force -99.47
774 L 0 R 1 push 1 force -99.43
777 L 1 R 0 push -1 force -99.17
782 L 0 R 1 push 1 force -98.98
783 L 0 R 1 push 1 force -98.89
784 L 1 R 0 push -1 force -98.75
786 L 0 R 1 push 1 force -98.57
790 L 0 R 1 push 1 force -98.01
794 L 0 R 1 push 1 force -97.26
795 L 1 R 0 push -1 force -97.02
796 L 1 R 0 push -1 force -96.83
797 L 0 R 1 push 1 force -96.69
801 L 1 R 0 push -1 force -95.95
807 L 1 R 0 push -1 force -95.13
808 L 0 R 1 push 1 force -95.05
809 L 1 R 0 push -1 force -94.91
810 L 0 R 1 push 1 force -94.83
817 L 1 R 0 push -1 force -93.88
820 L 1 R 0 push -1 force -93.62
821 L 1 R 0 push -1 force -93.59
822 L 0 R 1 push 1 force -93.60
823 L 1 R 0 push -1 force -93.56
824 L 0 R 1 push 1 force -93.58
828 L 0 R 1 push 1 force -93.42
830 L 0 R 1 push 1 force -93.24
833 L 0 R 1 push 1 force -92.82
836 L 0 R 1 push 1 force -92.26
838 L 0 R 1 push 1 force -91.78
840 L 1 R 0 push -1 force -91.21
841 L 0 R 1 push 1 force -90.98
842 L 1 R 0 push -1 force -90.69
843 L 0 R 1 push 1 force -90.46
845 L 0 R 1 push 1 force -89.89
849 L 1 R 0 push -1 force -88.58
851 L 1 R 0 push -1 force -88.02
853 L 1 R 0 push -1 force -87.58
854 L 0 R 1 push 1 force -87.40
855 L 0 R 1 push 1 force -87.18
856 L 1 R 0 push -1 force -86.90
859 L 0 R 1 push 1 force -86.24
860 L 0 R 1 push 1 force -85.97
862 L 1 R 0 push -1 force -85.33
863 L 1 R 0 push -1 force -85.06
869 L 1 R 0 push -1 force -83.77
871 L 0 R 1 push 1 force -83.44
872 L 0 R 1 push 1 force -83.23
873 L 0 R 1 push 1 force -82.97
875 L 0 R 1 push 1 force -82.35
876 L 0 R 1 push 1 force -81.99
877 L 1 R 0 push -1 force -81.58
879 L 1 R 0 push -1 force -80.87
883 L 1 R 0 push -1 force -79.66
884 L 1 R 0 push -1 force -79.41
886 L 0 R 1 push 1 force -79.01
888 L 0 R 1 push 1 force -78.51
889 L 1 R 0 push -1 force -78.22
890 L 1 R 0 push -1 force -77.97
891 L 0 R 1 push 1 force -77.78
892 L 0 R 1 push 1 force -77.53
894 L 0 R 1 push 1 force -76.95
895 L 1 R 0 push -1 force -76.60
898 L 0 R 1 push 1 force -75.74
899 L 1 R 0 push -1 force -75.40
902 L 1 R 0 push -1 force -74.54
907 L 0 R 1 push 1 force -73.38
909 L 0 R 1 push 1 force -72.82
1273 L 0 R 1 push 1 force -7.84
Pole balanced successfully for at least 10000 steps at 1 trials
Max steps: 10000, Total Steps: 14231 
Firing rate (spikes/sec): 1235.33 (L: 623.99, R: 611.34)
Number of spikes        : 879 (L: 444, R: 435)
Balanced = 1
Elapsed time: 9 seconds

------------- Run 2 -------------
0 L 0 R 1 push 1 force 0.00
4 L 0 R 1 push 1 force 0.20
6 L 1 R 0 push -1 force 0.40
7 L 0 R 1 push 1 force 0.44
11 L 0 R 1 push 1 force 0.83
12 L 1 R 0 push -1 force 0.98
16 L 1 R 0 push -1 force 1.35
18 L 1 R 0 push -1 force 1.44
19 L 0 R 1 push 1 force 1.43
20 L 1 R 0 push -1 force 1.47
21 L 0 R 1 push 1 force 1.47
23 L 0 R 1 push 1 force 1.55
24 L 0 R 1 push 1 force 1.64
27 L 0 R 1 push 1 force 2.06
30 L 0 R 1 push 1 force 2.63
31 L 0 R 1 push 1 force 2.86
34 L 0 R 1 push 1 force 3.71
36 L 0 R 1 push 1 force 4.37
39 L 1 R 0 push -1 force 5.50
42 L 0 R 1 push 1 force 6.46
43 L 0 R 1 push 1 force 6.82
46 L 1 R 0 push -1 force 8.06
47 L 0 R 1 push 1 force 8.42
48 L 1 R 0 push -1 force 8.82
50 L 0 R 1 push 1 force 9.53
55 L 1 R 0 push -1 force 11.51
56 L 1 R 0 push -1 force 11.85
57 L 0 R 1 push 1 force 12.14
58 L 1 R 0 push -1 force 12.48
59 L 1 R 0 push -1 force 12.76
60 L 0 R 1 push 1 force 13.00
61 L 1 R 0 push -1 force 13.28
62 L 1 R 0 push -1 force 13.51
65 L 1 R 0 push -1 force 14.05
66 L 0 R 1 push 1 force 14.18
67 L 1 R 0 push -1 force 14.35
68 L 0 R 1 push 1 force 14.48
71 L 0 R 1 push 1 force 15.00
74 L 1 R 0 push -1 force 15.66
76 L 0 R 1 push 1 force 16.00
77 L 0 R 1 push 1 force 16.21
78 L 1 R 0 push -1 force 16.48
79 L 0 R 1 push 1 force 16.69
80 L 1 R 0 push -1 force 16.95
81 L 0 R 1 push 1 force 17.16
83 L 1 R 0 push -1 force 17.68
85 L 0 R 1 push 1 force 18.10
86 L 1 R 0 push -1 force 18.35
88 L 1 R 0 push -1 force 18.76
90 L 1 R 0 push -1 force 19.06
93 L 1 R 0 push -1 force 19.36
94 L 1 R 0 push -1 force 19.40
96 L 0 R 1 push 1 force 19.40
101 L 1 R 0 push -1 force 19.63
102 L 0 R 1 push 1 force 19.63
105 L 1 R 0 push -1 force 19.76
108 L 0 R 1 push 1 force 19.75
109 L 1 R 0 push -1 force 19.79
117 L 1 R 0 push -1 force 19.74
118 L 1 R 0 push -1 force 19.69
119 L 1 R 0 push -1 force 19.58
121 L 0 R 1 push 1 force 19.27
123 L 0 R 1 push 1 force 19.06
124 L 0 R 1 push 1 force 19.01
126 L 0 R 1 push 1 force 19.00
128 L 1 R 0 push -1 force 19.09
129 L 1 R 0 push -1 force 19.08
130 L 1 R 0 push -1 force 19.03
132 L 1 R 0 push -1 force 18.82
133 L 0 R 1 push 1 force 18.67
134 L 1 R 0 push -1 force 18.56
135 L 1 R 0 push -1 force 18.41
138 L 1 R 0 push -1 force 17.81
140 L 1 R 0 push -1 force 17.31
141 L 1 R 0 push -1 force 17.02
144 L 1 R 0 push -1 force 15.99
145 L 1 R 0 push -1 force 15.60
146 L 0 R 1 push 1 force 15.16
147 L 0 R 1 push 1 force 14.77
150 L 1 R 0 push -1 force 13.77
153 L 0 R 1 push 1 force 12.64
154 L 1 R 0 push -1 force 12.32
156 L 1 R 0 push -1 force 11.57
157 L 0 R 1 push 1 force 11.15
159 L 0 R 1 push 1 force 10.42
160 L 1 R 0 push -1 force 10.11
164 L 0 R 1 push 1 force 8.67
165 L 1 R 0 push -1 force 8.36
166 L 1 R 0 push -1 force 8.01
167 L 0 R 1 push 1 force 7.61
169 L 0 R 1 push 1 force 6.91
170 L 1 R 0 push -1 force 6.61
171 L 1 R 0 push -1 force 6.27
172 L 0 R 1 push 1 force 5.87
173 L 1 R 0 push -1 force 5.53
177 L 0 R 1 push 1 force 3.99
179 L 1 R 0 push -1 force 3.32
183 L 0 R 1 push 1 force 1.82
184 L 0 R 1 push 1 force 1.50
186 L 1 R 0 push -1 force 0.96
188 L 1 R 0 push -1 force 0.33
190 L 0 R 1 push 1 force -0.40
198 L 0 R 1 push 1 force -2.84
199 L 1 R 0 push -1 force -3.09
201 L 0 R 1 push 1 force -3.68
204 L 1 R 0 push -1 force -4.41
205 L 0 R 1 push 1 force -4.70
208 L 1 R 0 push -1 force -5.41
209 L 0 R 1 push 1 force -5.70
210 L 0 R 1 push 1 force -5.93
211 L 1 R 0 push -1 force -6.12
218 L 1 R 0 push -1 force -7.71
221 L 0 R 1 push 1 force -8.53
224 L 1 R 0 push -1 force -9.18
228 L 0 R 1 push 1 force -10.24
229 L 1 R 0 push -1 force -10.45
230 L 1 R 0 push -1 force -10.71
232 L 1 R 0 push -1 force -11.32
233 L 1 R 0 push -1 force -11.67
235 L 1 R 0 push -1 force -12.48
239 L 0 R 1 push 1 force -14.25
240 L 1 R 0 push -1 force -14.64
241 L 1 R 0 push -1 force -15.08
242 L 0 R 1 push 1 force -15.56
246 L 0 R 1 push 1 force -17.28
248 L 1 R 0 push -1 force -18.02
251 L 0 R 1 push 1 force -19.27
252 L 0 R 1 push 1 force -19.63
253 L 1 R 0 push -1 force -19.95
255 L 0 R 1 push 1 force -20.66
256 L 0 R 1 push 1 force -20.97
258 L 0 R 1 push 1 force -21.47
259 L 0 R 1 push 1 force -21.67
261 L 1 R 0 push -1 force -21.97
264 L 1 R 0 push -1 force -22.56
271 L 1 R 0 push -1 force -24.25
272 L 0 R 1 push 1 force -24.53
275 L 0 R 1 push 1 force -25.23
278 L 1 R 0 push -1 force -25.77
279 L 1 R 0 push -1 force -25.99
280 L 1 R 0 push -1 force -26.27
283 L 1 R 0 push -1 force -27.23
284 L 1 R 0 push -1 force -27.60
285 L 0 R 1 push 1 force -28.02
286 L 0 R 1 push 1 force -28.38
287 L 1 R 0 push -1 force -28.69
290 L 1 R 0 push -1 force -29.77
291 L 1 R 0 push -1 force -30.17
293 L 1 R 0 push -1 force -31.07
294 L 1 R 0 push -1 force -31.57
295 L 1 R 0 push -1 force -32.11
296 L 0 R 1 push 1 force -32.70
299 L 1 R 0 push -1 force -34.31
300 L 0 R 1 push 1 force -34.89
302 L 0 R 1 push 1 force -35.94
306 L 1 R 0 push -1 force -37.80
307 L 0 R 1 push 1 force -38.31
312 L 1 R 0 push -1 force -40.58
315 L 1 R 0 push -1 force -42.05
318 L 1 R 0 push -1 force -43.65
319 L 0 R 1 push 1 force -44.23
320 L 1 R 0 push -1 force -44.76
322 L 0 R 1 push 1 force -45.90
323 L 1 R 0 push -1 force -46.41
325 L 1 R 0 push -1 force -47.53
326 L 0 R 1 push 1 force -48.14
327 L 0 R 1 push 1 force -48.69
328 L 1 R 0 push -1 force -49.19
329 L 0 R 1 push 1 force -49.74
330 L 1 R 0 push -1 force -50.23
332 L 0 R 1 push 1 force -51.31
333 L 1 R 0 push -1 force -51.80
334 L 0 R 1 push 1 force -52.33
335 L 1 R 0 push -1 force -52.81
338 L 0 R 1 push 1 force -54.38
339 L 0 R 1 push 1 force -54.85
341 L 1 R 0 push -1 force -55.68
342 L 0 R 1 push 1 force -56.14
344 L 0 R 1 push 1 force -56.96
348 L 1 R 0 push -1 force -58.36
350 L 0 R 1 push 1 force -59.14
353 L 0 R 1 push 1 force -60.16
355 L 0 R 1 push 1 force -60.73
356 L 0 R 1 push 1 force -60.96
358 L 1 R 0 push -1 force -61.31
359 L 0 R 1 push 1 force -61.54
360 L 1 R 0 push -1 force -61.72
361 L 1 R 0 push -1 force -61.94
362 L 0 R 1 push 1 force -62.21
363 L 0 R 1 push 1 force -62.43
365 L 1 R 0 push -1 force -62.77
367 L 1 R 0 push -1 force -63.20
368 L 1 R 0 push -1 force -63.47
369 L 1 R 0 push -1 force -63.78
373 L 0 R 1 push 1 force -65.21
375 L 0 R 1 push 1 force -65.81
378 L 1 R 0 push -1 force -66.54
379 L 0 R 1 push 1 force -66.84
381 L 0 R 1 push 1 force -67.32
383 L 1 R 0 push -1 force -67.69
386 L 0 R 1 push 1 force -68.39
387 L 1 R 0 push -1 force -68.57
390 L 1 R 0 push -1 force -69.25
391 L 1 R 0 push -1 force -69.52
392 L 0 R 1 push 1 force -69.85
393 L 0 R 1 push 1 force -70.12
395 L 1 R 0 push -1 force -70.55
396 L 0 R 1 push 1 force -70.82
398 L 1 R 0 push -1 force -71.24
400 L 0 R 1 push 1 force -71.76
402 L 1 R 0 push -1 force -72.17
403 L 1 R 0 push -1 force -72.43
405 L 0 R 1 push 1 force -73.03
406 L 1 R 0 push -1 force -73.28
410 L 1 R 0 push -1 force -74.45
412 L 0 R 1 push 1 force -75.13
413 L 0 R 1 push 1 force -75.41
415 L 1 R 0 push -1 force -75.88
420 L 1 R 0 push -1 force -77.26
428 L 0 R 1 push 1 force -79.76
431 L 0 R 1 push 1 force -80.51
433 L 0 R 1 push 1 force -80.91
436 L 1 R 0 push -1 force -81.34
437 L 1 R 0 push -1 force -81.54
440 L 1 R 0 push -1 force -82.25
441 L 1 R 0 push -1 force -82.54
442 L 1 R 0 push -1 force -82.87
443 L 0 R 1 push 1 force -83.25
444 L 1 R 0 push -1 force -83.58
447 L 0 R 1 push 1 force -84.70
448 L 0 R 1 push 1 force -85.02
449 L 0 R 1 push 1 force -85.29
452 L 1 R 0 push -1 force -85.93
453 L 0 R 1 push 1 force -86.19
460 L 0 R 1 push 1 force -87.62
461 L 1 R 0 push -1 force -87.76
464 L 1 R 0 push -1 force -88.35
465 L 0 R 1 push 1 force -88.59
467 L 0 R 1 push 1 force -88.97
472 L 1 R 0 push -1 force -89.64
474 L 0 R 1 push 1 force -90.01
475 L 1 R 0 push -1 force -90.13
476 L 0 R 1 push 1 force -90.31
477 L 1 R 0 push -1 force -90.44
479 L 1 R 0 push -1 force -90.78
480 L 0 R 1 push 1 force -91.00
481 L 0 R 1 push 1 force -91.17
482 L 1 R 0 push -1 force -91.29
486 L 0 R 1 push 1 force -91.95
487 L 0 R 1 push 1 force -92.07
488 L 1 R 0 push -1 force -92.13
489 L 0 R 1 push 1 force -92.24
492 L 0 R 1 push 1 force -92.41
495 L 1 R 0 push -1 force -92.43
496 L 0 R 1 push 1 force -92.48
501 L 1 R 0 push -1 force -92.49
502 L 0 R 1 push 1 force -92.54
503 L 0 R 1 push 1 force -92.54
505 L 1 R 0 push -1 force -92.44
506 L 0 R 1 push 1 force -92.44
507 L 0 R 1 push 1 force -92.39
508 L 1 R 0 push -1 force -92.29
509 L 1 R 0 push -1 force -92.23
513 L 1 R 0 push -1 force -92.22
520 L 0 R 1 push 1 force -92.52
521 L 0 R 1 push 1 force -92.51
526 L 0 R 1 push 1 force -92.20
527 L 1 R 0 push -1 force -92.09
528 L 1 R 0 push -1 force -92.03
529 L 1 R 0 push -1 force -92.01
530 L 1 R 0 push -1 force -92.05
531 L 0 R 1 push 1 force -92.14
532 L 1 R 0 push -1 force -92.17
534 L 0 R 1 push 1 force -92.34
536 L 1 R 0 push -1 force -92.40
538 L 1 R 0 push -1 force -92.56
539 L 0 R 1 push 1 force -92.69
540 L 0 R 1 push 1 force -92.77
542 L 0 R 1 push 1 force -92.82
543 L 1 R 0 push -1 force -92.80
544 L 0 R 1 push 1 force -92.82
545 L 0 R 1 push 1 force -92.80
547 L 1 R 0 push -1 force -92.65
550 L 0 R 1 push 1 force -92.56
551 L 0 R 1 push 1 force -92.49
553 L 0 R 1 push 1 force -92.23
554 L 0 R 1 push 1 force -92.05
555 L 1 R 0 push -1 force -91.83
556 L 0 R 1 push 1 force -91.65
560 L 1 R 0 push -1 force -90.75
561 L 0 R 1 push 1 force -90.57
563 L 1 R 0 push -1 force -90.13
564 L 0 R 1 push 1 force -89.95
565 L 1 R 0 push -1 force -89.73
567 L 0 R 1 push 1 force -89.39
568 L 0 R 1 push 1 force -89.17
569 L 1 R 0 push -1 force -88.90
570 L 0 R 1 push 1 force -88.68
571 L 1 R 0 push -1 force -88.41
572 L 1 R 0 push -1 force -88.19
574 L 1 R 0 push -1 force -87.85
575 L 1 R 0 push -1 force -87.73
578 L 1 R 0 push -1 force -87.53
581 L 1 R 0 push -1 force -87.47
585 L 0 R 1 push 1 force -87.59
587 L 0 R 1 push 1 force -87.54
589 L 0 R 1 push 1 force -87.40
593 L 0 R 1 push 1 force -86.90
596 L 0 R 1 push 1 force -86.38
598 L 1 R 0 push -1 force -85.94
599 L 1 R 0 push -1 force -85.77
600 L 0 R 1 push 1 force -85.65
601 L 0 R 1 push 1 force -85.48
602 L 1 R 0 push -1 force -85.26
605 L 1 R 0 push -1 force -84.75
609 L 0 R 1 push 1 force -84.27
610 L 1 R 0 push -1 force -84.11
612 L 1 R 0 push -1 force -83.87
613 L 0 R 1 push 1 force -83.80
614 L 0 R 1 push 1 force -83.68
616 L 1 R 0 push -1 force -83.35
617 L 1 R 0 push -1 force -83.23
618 L 1 R 0 push -1 force -83.16
621 L 1 R 0 push -1 force -83.10
622 L 1 R 0 push -1 force -83.14
625 L 1 R 0 push -1 force -83.37
626 L 1 R 0 push -1 force -83.50
627 L 0 R 1 push 1 force -83.67
628 L 0 R 1 push 1 force -83.80
631 L 1 R 0 push -1 force -84.02
633 L 1 R 0 push -1 force -84.26
634 L 0 R 1 push 1 force -84.42
635 L 1 R 0 push -1 force -84.54
638 L 1 R 0 push -1 force -85.03
639 L 0 R 1 push 1 force -85.24
641 L 0 R 1 push 1 force -85.56
645 L 0 R 1 push 1 force -85.99
646 L 1 R 0 push -1 force -86.04
647 L 0 R 1 push 1 force -86.14
648 L 0 R 1 push 1 force -86.19
649 L 1 R 0 push -1 force -86.20
654 L 0 R 1 push 1 force -86.44
659 L 1 R 0 push -1 force -86.41
662 L 0 R 1 push 1 force -86.54
664 L 1 R 0 push -1 force -86.53
665 L 1 R 0 push -1 force -86.57
666 L 0 R 1 push 1 force -86.66
669 L 1 R 0 push -1 force -86.77
673 L 0 R 1 push 1 force -87.11
675 L 0 R 1 push 1 force -87.17
676 L 1 R 0 push -1 force -87.16
677 L 1 R 0 push -1 force -87.19
683 L 1 R 0 push -1 force -87.65
689 L 1 R 0 push -1 force -88.38
690 L 0 R 1 push 1 force -88.55
691 L 1 R 0 push -1 force -88.66
692 L 1 R 0 push -1 force -88.83
693 L 0 R 1 push 1 force -89.04
695 L 0 R 1 push 1 force -89.36
699 L 1 R 0 push -1 force -89.79
702 L 0 R 1 push 1 force -90.25
703 L 0 R 1 push 1 force -90.35
708 L 1 R 0 push -1 force -90.60
710 L 0 R 1 push 1 force -90.79
711 L 0 R 1 push 1 force -90.83
714 L 1 R 0 push -1 force -90.81
716 L 0 R 1 push 1 force -90.89
717 L 0 R 1 push 1 force -90.88
719 L 1 R 0 push -1 force -90.76
721 L 1 R 0 push -1 force -90.73
722 L 0 R 1 push 1 force -90.77
726 L 1 R 0 push -1 force -90.72
727 L 1 R 0 push -1 force -90.75
728 L 1 R 0 push -1 force -90.84
730 L 0 R 1 push 1 force -91.10
732 L 0 R 1 push 1 force -91.26
733 L 0 R 1 push 1 force -91.29
734 L 1 R 0 push -1 force -91.27
735 L 0 R 1 push 1 force -91.30
736 L 0 R 1 push 1 force -91.27
737 L 1 R 0 push -1 force -91.20
740 L 0 R 1 push 1 force -91.13
742 L 0 R 1 push 1 force -90.98
743 L 0 R 1 push 1 force -90.85
744 L 1 R 0 push -1 force -90.68
748 L 1 R 0 push -1 force -90.18
750 L 1 R 0 push -1 force -90.03
752 L 0 R 1 push 1 force -89.98
753 L 1 R 0 push -1 force -89.91
756 L 0 R 1 push 1 force -89.83
760 L 0 R 1 push 1 force -89.52
761 L 1 R 0 push -1 force -89.39
764 L 0 R 1 push 1 force -89.15
765 L 0 R 1 push 1 force -89.02
766 L 1 R 0 push -1 force -88.85
770 L 1 R 0 push -1 force -88.34
771 L 0 R 1 push 1 force -88.26
772 L 0 R 1 push 1 force -88.13
776 L 1 R 0 push -1 force -87.42
777 L 1 R 0 push -1 force -87.30
779 L 0 R 1 push 1 force -87.14
784 L 1 R 0 push -1 force -86.51
787 L 1 R 0 push -1 force -86.28
790 L 0 R 1 push 1 force -86.20
791 L 0 R 1 push 1 force -86.12
792 L 1 R 0 push -1 force -86.00
794 L 0 R 1 push 1 force -85.84
796 L 1 R 0 push -1 force -85.58
800 L 1 R 0 push -1 force -85.27
801 L 1 R 0 push -1 force -85.24
802 L 1 R 0 push -1 force -85.26
804 L 1 R 0 push -1 force -85.40
807 L 0 R 1 push 1 force -85.75
810 L 1 R 0 push -1 force -85.95
811 L 1 R 0 push -1 force -86.06
812 L 0 R 1 push 1 force -86.22
813 L 1 R 0 push -1 force -86.33
818 L 1 R 0 push -1 force -87.11
819 L 1 R 0 push -1 force -87.31
820 L 1 R 0 push -1 force -87.56
824 L 0 R 1 push 1 force -88.74
828 L 0 R 1 push 1 force -89.69
830 L 1 R 0 push -1 force -90.06
831 L 0 R 1 push 1 force -90.29
832 L 1 R 0 push -1 force -90.47
833 L 1 R 0 push -1 force -90.70
834 L 1 R 0 push -1 force -90.97
835 L 1 R 0 push -1 force -91.29
836 L 0 R 1 push 1 force -91.67
837 L 1 R 0 push -1 force -91.98
838 L 0 R 1 push 1 force -92.35
840 L 1 R 0 push -1 force -92.98
842 L 1 R 0 push -1 force -93.69
843 L 1 R 0 push -1 force -94.10
847 L 0 R 1 push 1 force -95.89
850 L 0 R 1 push 1 force -97.06
855 L 0 R 1 push 1 force -98.70
858 L 1 R 0 push -1 force -99.51
859 L 1 R 0 push -1 force -99.83
860 L 0 R 1 push 1 force -100.19
861 L 0 R 1 push 1 force -100.50
864 L 0 R 1 push 1 force -101.28
865 L 1 R 0 push -1 force -101.48
866 L 1 R 0 push -1 force -101.73
867 L 1 R 0 push -1 force -102.03
868 L 1 R 0 push -1 force -102.38
870 L 1 R 0 push -1 force -103.17
871 L 0 R 1 push 1 force -103.61
872 L 0 R 1 push 1 force -104.00
875 L 0 R 1 push 1 force -105.00
876 L 0 R 1 push 1 force -105.27
878 L 0 R 1 push 1 force -105.72
881 L 1 R 0 push -1 force -106.24
882 L 0 R 1 push 1 force -106.46
883 L 0 R 1 push 1 force -106.62
885 L 0 R 1 push 1 force -106.85
887 L 0 R 1 push 1 force -106.98
888 L 0 R 1 push 1 force -106.99
889 L 0 R 1 push 1 force -106.95
891 L 1 R 0 push -1 force -106.77
892 L 0 R 1 push 1 force -106.73
893 L 1 R 0 push -1 force -106.64
895 L 1 R 0 push -1 force -106.55
897 L 0 R 1 push 1 force -106.57
898 L 0 R 1 push 1 force -106.52
903 L 0 R 1 push 1 force -106.05
905 L 1 R 0 push -1 force -105.76
908 L 1 R 0 push -1 force -105.48
909 L 0 R 1 push 1 force -105.43
911 L 1 R 0 push -1 force -105.24
913 L 1 R 0 push -1 force -105.15
914 L 1 R 0 push -1 force -105.15
915 L 1 R 0 push -1 force -105.20
916 L 0 R 1 push 1 force -105.31
918 L 0 R 1 push 1 force -105.40
921 L 1 R 0 push -1 force -105.40
922 L 0 R 1 push 1 force -105.44
924 L 1 R 0 push -1 force -105.43
930 L 1 R 0 push -1 force -105.69
932 L 0 R 1 push 1 force -105.86
933 L 0 R 1 push 1 force -105.90
936 L 1 R 0 push -1 force -105.85
937 L 0 R 1 push 1 force -105.89
938 L 1 R 0 push -1 force -105.87
939 L 1 R 0 push -1 force -105.90
941 L 1 R 0 push -1 force -106.07
942 L 0 R 1 push 1 force -106.20
944 L 0 R 1 push 1 force -106.35
945 L 0 R 1 push 1 force -106.38
947 L 0 R 1 push 1 force -106.33
948 L 1 R 0 push -1 force -106.25
949 L 0 R 1 push 1 force -106.23
950 L 0 R 1 push 1 force -106.15
952 L 1 R 0 push -1 force -105.90
954 L 1 R 0 push -1 force -105.75
955 L 0 R 1 push 1 force -105.72
956 L 1 R 0 push -1 force -105.64
957 L 0 R 1 push 1 force -105.61
958 L 1 R 0 push -1 force -105.54
959 L 0 R 1 push 1 force -105.51
961 L 1 R 0 push -1 force -105.35
966 L 1 R 0 push -1 force -105.19
967 L 0 R 1 push 1 force -105.21
969 L 0 R 1 push 1 force -105.14
972 L 1 R 0 push -1 force -104.89
973 L 1 R 0 push -1 force -104.86
974 L 0 R 1 push 1 force -104.87
975 L 1 R 0 push -1 force -104.84
978 L 0 R 1 push 1 force -104.87
983 L 0 R 1 push 1 force -104.68
985 L 1 R 0 push -1 force -104.50
989 L 1 R 0 push -1 force -104.33
991 L 1 R 0 push -1 force -104.34
995 L 0 R 1 push 1 force -104.56
999 L 1 R 0 push -1 force -104.56
1003 L 0 R 1 push 1 force -104.75
1004 L 0 R 1 push 1 force -104.75
1005 L 1 R 0 push -1 force -104.69
1008 L 1 R 0 push -1 force -104.67
1009 L 1 R 0 push -1 force -104.72
1010 L 0 R 1 push 1 force -104.81
1011 L 1 R 0 push -1 force -104.85
1012 L 1 R 0 push -1 force -104.94
1014 L 0 R 1 push 1 force -105.21
1017 L 1 R 0 push -1 force -105.47
1018 L 1 R 0 push -1 force -105.60
1019 L 0 R 1 push 1 force -105.78
1021 L 1 R 0 push -1 force -106.04
1027 L 1 R 0 push -1 force -107.08
1028 L 0 R 1 push 1 force -107.30
1029 L 1 R 0 push -1 force -107.46
1032 L 0 R 1 push 1 force -108.10
1033 L 0 R 1 push 1 force -108.26
1035 L 0 R 1 push 1 force -108.47
1036 L 1 R 0 push -1 force -108.53
1037 L 0 R 1 push 1 force -108.63
1038 L 0 R 1 push 1 force -108.69
1039 L 0 R 1 push 1 force -108.69
1044 L 0 R 1 push 1 force -108.45
1045 L 1 R 0 push -1 force -108.35
1049 L 1 R 0 push -1 force -108.14
1050 L 1 R 0 push -1 force -108.14
1051 L 1 R 0 push -1 force -108.19
1052 L 0 R 1 push 1 force -108.28
1057 L 1 R 0 push -1 force -108.50
1060 L 0 R 1 push 1 force -108.77
1062 L 0 R 1 push 1 force -108.84
1064 L 0 R 1 push 1 force -108.81
1065 L 1 R 0 push -1 force -108.75
1066 L 1 R 0 push -1 force -108.73
1068 L 0 R 1 push 1 force -108.80
1069 L 0 R 1 push 1 force -108.78
1070 L 0 R 1 push 1 force -108.71
1071 L 1 R 0 push -1 force -108.59
1072 L 0 R 1 push 1 force -108.52
1074 L 1 R 0 push -1 force -108.29
1075 L 1 R 0 push -1 force -108.22
1077 L 1 R 0 push -1 force -108.18
1078 L 0 R 1 push 1 force -108.20
1079 L 1 R 0 push -1 force -108.18
1082 L 1 R 0 push -1 force -108.26
1086 L 1 R 0 push -1 force -108.55
1087 L 0 R 1 push 1 force -108.67
1091 L 1 R 0 push -1 force -108.95
1092 L 1 R 0 push -1 force -109.06
1093 L 1 R 0 push -1 force -109.23
1094 L 0 R 1 push 1 force -109.44
1096 L 1 R 0 push -1 force -109.76
1100 L 0 R 1 push 1 force -110.58
1101 L 0 R 1 push 1 force -110.73
1103 L 1 R 0 push -1 force -110.92
1104 L 1 R 0 push -1 force -111.07
1105 L 0 R 1 push 1 force -111.27
1107 L 0 R 1 push 1 force -111.55
1108 L 0 R 1 push 1 force -111.64
1110 L 0 R 1 push 1 force -111.72
1111 L 1 R 0 push -1 force -111.71
1114 L 1 R 0 push -1 force -111.82
1116 L 1 R 0 push -1 force -111.99
1117 L 0 R 1 push 1 force -112.12
1121 L 1 R 0 push -1 force -112.44
1122 L 1 R 0 push -1 force -112.57
1124 L 1 R 0 push -1 force -112.92
1126 L 1 R 0 push -1 force -113.36
1127 L 1 R 0 push -1 force -113.63
1128 L 1 R 0 push -1 force -113.95
1133 L 0 R 1 push 1 force -115.74
1136 L 1 R 0 push -1 force -116.64
1137 L 1 R 0 push -1 force -116.98
1141 L 1 R 0 push -1 force -118.53
1142 L 1 R 0 push -1 force -118.96
1143 L 1 R 0 push -1 force -119.44
1145 L 1 R 0 push -1 force -120.49
1148 L 1 R 0 push -1 force -122.18
1149 L 1 R 0 push -1 force -122.79
1151 L 1 R 0 push -1 force -124.09
1152 L 1 R 0 push -1 force -124.79
1153 L 1 R 0 push -1 force -125.53
1154 L 0 R 1 push 1 force -126.31
1155 L 0 R 1 push 1 force -127.05
1158 L 1 R 0 push -1 force -129.07
1160 L 1 R 0 push -1 force -130.49
1161 L 1 R 0 push -1 force -131.25
1163 L 0 R 1 push 1 force -132.84
1166 L 1 R 0 push -1 force -135.05
1167 L 1 R 0 push -1 force -135.83
1168 L 1 R 0 push -1 force -136.66
1169 L 0 R 1 push 1 force -137.52
1174 L 0 R 1 push 1 force -141.54
1176 L 0 R 1 push 1 force -143.01
1177 L 0 R 1 push 1 force -143.69
1178 L 1 R 0 push -1 force -144.32
1180 L 0 R 1 push 1 force -145.66
1181 L 0 R 1 push 1 force -146.27
1182 L 0 R 1 push 1 force -146.83
1186 L 1 R 0 push -1 force -148.83
1192 L 1 R 0 push -1 force -152.03
1196 L 1 R 0 push -1 force -154.28
1197 L 0 R 1 push 1 force -154.89
1198 L 1 R 0 push -1 force -155.44
1199 L 1 R 0 push -1 force -156.04
1200 L 1 R 0 push -1 force -156.68
1202 L 0 R 1 push 1 force -158.05
1203 L 0 R 1 push 1 force -158.68
1208 L 1 R 0 push -1 force -161.53
1210 L 0 R 1 push 1 force -162.74
1216 L 1 R 0 push -1 force -165.97
1220 L 0 R 1 push 1 force -168.26
1221 L 1 R 0 push -1 force -168.77
1223 L 1 R 0 push -1 force -169.88
1224 L 1 R 0 push -1 force -170.48
1226 L 1 R 0 push -1 force -171.76
1227 L 1 R 0 push -1 force -172.45
1228 L 0 R 1 push 1 force -173.18
1234 L 0 R 1 push 1 force -177.18
1289 L 1 R 0 push -1 force -204.56
Pole balanced successfully for at least 10000 steps at 1 trials
Max steps: 10000, Total Steps: 12687 
Firing rate (spikes/sec): 3531.17 (L: 1798.69, R: 1732.48)
Number of spikes        : 2240 (L: 1141, R: 1099)
Balanced = 2
Elapsed time: 9 seconds

------------- Run 3 -------------
1 L 0 R 1 push 1 force 0.00
2 L 1 R 0 push -1 force 0.05
4 L 1 R 0 push -1 force 0.05
6 L 0 R 1 push 1 force -0.05
7 L 1 R 0 push -1 force -0.05
9 L 0 R 1 push 1 force -0.15
13 L 1 R 0 push -1 force -0.15
15 L 0 R 1 push 1 force -0.24
16 L 1 R 0 push -1 force -0.24
17 L 1 R 0 push -1 force -0.29
20 L 0 R 1 push 1 force -0.59
21 L 0 R 1 push 1 force -0.63
27 L 0 R 1 push 1 force -0.61
29 L 1 R 0 push -1 force -0.51
32 L 0 R 1 push 1 force -0.50
34 L 1 R 0 push -1 force -0.40
35 L 1 R 0 push -1 force -0.39
36 L 0 R 1 push 1 force -0.44
37 L 1 R 0 push -1 force -0.44
40 L 0 R 1 push 1 force -0.58
41 L 1 R 0 push -1 force -0.58
43 L 0 R 1 push 1 force -0.67
44 L 0 R 1 push 1 force -0.67
45 L 1 R 0 push -1 force -0.61
47 L 1 R 0 push -1 force -0.61
48 L 1 R 0 push -1 force -0.66
50 L 1 R 0 push -1 force -0.85
51 L 1 R 0 push -1 force -0.99
52 L 0 R 1 push 1 force -1.19
54 L 0 R 1 push 1 force -1.47
56 L 0 R 1 push 1 force -1.66
57 L 1 R 0 push -1 force -1.70
59 L 1 R 0 push -1 force -1.88
62 L 0 R 1 push 1 force -2.30
63 L 0 R 1 push 1 force -2.39
65 L 0 R 1 push 1 force -2.46
66 L 1 R 0 push -1 force -2.45
67 L 0 R 1 push 1 force -2.49
69 L 0 R 1 push 1 force -2.46
71 L 0 R 1 push 1 force -2.34
72 L 0 R 1 push 1 force -2.22
74 L 1 R 0 push -1 force -1.90
78 L 0 R 1 push 1 force -1.47
80 L 0 R 1 push 1 force -1.15
81 L 0 R 1 push 1 force -0.95
83 L 0 R 1 push 1 force -0.44
84 L 0 R 1 push 1 force -0.14
89 L 1 R 0 push -1 force 1.60
90 L 1 R 0 push -1 force 1.89
92 L 1 R 0 push -1 force 2.37
94 L 0 R 1 push 1 force 2.74
95 L 1 R 0 push -1 force 2.98
96 L 1 R 0 push -1 force 3.16
98 L 1 R 0 push -1 force 3.43
99 L 0 R 1 push 1 force 3.51
101 L 0 R 1 push 1 force 3.78
103 L 0 R 1 push 1 force 4.14
105 L 0 R 1 push 1 force 4.60
110 L 1 R 0 push -1 force 5.96
111 L 0 R 1 push 1 force 6.18
112 L 0 R 1 push 1 force 6.45
113 L 0 R 1 push 1 force 6.77
114 L 0 R 1 push 1 force 7.13
116 L 1 R 0 push -1 force 7.96
118 L 0 R 1 push 1 force 8.67
121 L 0 R 1 push 1 force 9.88
122 L 0 R 1 push 1 force 10.33
126 L 1 R 0 push -1 force 12.30
129 L 1 R 0 push -1 force 13.61
130 L 0 R 1 push 1 force 13.99
132 L 1 R 0 push -1 force 14.84
135 L 1 R 0 push -1 force 15.95
136 L 0 R 1 push 1 force 16.27
140 L 0 R 1 push 1 force 17.72
141 L 0 R 1 push 1 force 18.13
142 L 1 R 0 push -1 force 18.59
143 L 1 R 0 push -1 force 18.99
145 L 0 R 1 push 1 force 19.69
151 L 0 R 1 push 1 force 22.05
153 L 0 R 1 push 1 force 22.91
154 L 0 R 1 push 1 force 23.39
155 L 1 R 0 push -1 force 23.92
157 L 0 R 1 push 1 force 24.87
159 L 1 R 0 push -1 force 25.91
160 L 0 R 1 push 1 force 26.37
161 L 1 R 0 push -1 force 26.88
164 L 1 R 0 push -1 force 28.25
168 L 1 R 0 push -1 force 29.85
176 L 1 R 0 push -1 force 32.54
177 L 0 R 1 push 1 force 32.82
178 L 1 R 0 push -1 force 33.15
181 L 1 R 0 push -1 force 33.97
182 L 0 R 1 push 1 force 34.19
183 L 0 R 1 push 1 force 34.46
184 L 0 R 1 push 1 force 34.78
186 L 0 R 1 push 1 force 35.51
187 L 1 R 0 push -1 force 35.92
189 L 0 R 1 push 1 force 36.63
191 L 1 R 0 push -1 force 37.44
192 L 0 R 1 push 1 force 37.79
193 L 0 R 1 push 1 force 38.19
194 L 0 R 1 push 1 force 38.64
197 L 0 R 1 push 1 force 40.11
198 L 0 R 1 push 1 force 40.64
200 L 0 R 1 push 1 force 41.81
201 L 0 R 1 push 1 force 42.43
202 L 0 R 1 push 1 force 43.10
204 L 1 R 0 push -1 force 44.54
207 L 1 R 0 push -1 force 46.51
208 L 0 R 1 push 1 force 47.11
210 L 1 R 0 push -1 force 48.40
218 L 1 R 0 push -1 force 53.03
221 L 0 R 1 push 1 force 54.57
222 L 1 R 0 push -1 force 55.12
223 L 0 R 1 push 1 force 55.63
224 L 1 R 0 push -1 force 56.18
226 L 1 R 0 push -1 force 57.17
230 L 1 R 0 push -1 force 58.92
234 L 0 R 1 push 1 force 60.43
235 L 0 R 1 push 1 force 60.85
237 L 1 R 0 push -1 force 61.79
239 L 1 R 0 push -1 force 62.61
240 L 0 R 1 push 1 force 62.97
241 L 0 R 1 push 1 force 63.38
243 L 0 R 1 push 1 force 64.29
244 L 0 R 1 push 1 force 64.79
245 L 0 R 1 push 1 force 65.33
247 L 0 R 1 push 1 force 66.51
248 L 1 R 0 push -1 force 67.15
249 L 0 R 1 push 1 force 67.73
250 L 0 R 1 push 1 force 68.36
251 L 0 R 1 push 1 force 69.04
255 L 0 R 1 push 1 force 71.90
257 L 1 R 0 push -1 force 73.41
258 L 1 R 0 push -1 force 74.10
261 L 0 R 1 push 1 force 76.02
262 L 0 R 1 push 1 force 76.70
263 L 0 R 1 push 1 force 77.43
265 L 1 R 0 push -1 force 78.97
267 L 1 R 0 push -1 force 80.40
268 L 0 R 1 push 1 force 81.06
269 L 0 R 1 push 1 force 81.76
270 L 1 R 0 push -1 force 82.51
271 L 1 R 0 push -1 force 83.21
272 L 0 R 1 push 1 force 83.85
273 L 1 R 0 push -1 force 84.54
276 L 1 R 0 push -1 force 86.42
278 L 1 R 0 push -1 force 87.57
282 L 0 R 1 push 1 force 89.61
284 L 1 R 0 push -1 force 90.72
287 L 1 R 0 push -1 force 92.20
288 L 1 R 0 push -1 force 92.64
289 L 0 R 1 push 1 force 93.02
290 L 0 R 1 push 1 force 93.45
296 L 1 R 0 push -1 force 96.29
298 L 0 R 1 push 1 force 97.11
299 L 0 R 1 push 1 force 97.57
305 L 1 R 0 push -1 force 100.54
306 L 0 R 1 push 1 force 100.98
307 L 1 R 0 push -1 force 101.46
311 L 1 R 0 push -1 force 103.16
314 L 0 R 1 push 1 force 104.26
315 L 1 R 0 push -1 force 104.67
317 L 1 R 0 push -1 force 105.39
318 L 1 R 0 push -1 force 105.69
321 L 0 R 1 push 1 force 106.44
323 L 1 R 0 push -1 force 107.03
327 L 0 R 1 push 1 force 107.99
333 L 0 R 1 push 1 force 109.66
335 L 1 R 0 push -1 force 110.30
336 L 0 R 1 push 1 force 110.57
337 L 1 R 0 push -1 force 110.88
339 L 1 R 0 push -1 force 111.41
340 L 1 R 0 push -1 force 111.62
342 L 1 R 0 push -1 force 111.93
345 L 1 R 0 push -1 force 112.24
346 L 0 R 1 push 1 force 112.29
351 L 0 R 1 push 1 force 112.78
352 L 1 R 0 push -1 force 112.92
354 L 1 R 0 push -1 force 113.11
355 L 1 R 0 push -1 force 113.15
357 L 1 R 0 push -1 force 113.13
358 L 0 R 1 push 1 force 113.07
359 L 0 R 1 push 1 force 113.05
360 L 1 R 0 push -1 force 113.09
361 L 1 R 0 push -1 force 113.08
362 L 1 R 0 push -1 force 113.01
363 L 1 R 0 push -1 force 112.90
365 L 0 R 1 push 1 force 112.57
368 L 1 R 0 push -1 force 112.23
371 L 1 R 0 push -1 force 111.73
372 L 0 R 1 push 1 force 111.52
373 L 1 R 0 push -1 force 111.36
375 L 1 R 0 push -1 force 110.93
376 L 0 R 1 push 1 force 110.67
377 L 0 R 1 push 1 force 110.45
378 L 0 R 1 push 1 force 110.29
382 L 1 R 0 push -1 force 109.84
383 L 1 R 0 push -1 force 109.68
384 L 1 R 0 push -1 force 109.47
386 L 0 R 1 push 1 force 108.95
391 L 0 R 1 push 1 force 107.90
393 L 0 R 1 push 1 force 107.58
398 L 1 R 0 push -1 force 107.04
399 L 1 R 0 push -1 force 106.88
400 L 1 R 0 push -1 force 106.67
401 L 0 R 1 push 1 force 106.41
403 L 0 R 1 push 1 force 105.99
404 L 1 R 0 push -1 force 105.84
405 L 0 R 1 push 1 force 105.63
408 L 0 R 1 push 1 force 105.16
409 L 1 R 0 push -1 force 105.05
410 L 1 R 0 push -1 force 104.90
411 L 0 R 1 push 1 force 104.69
414 L 1 R 0 push -1 force 104.22
418 L 0 R 1 push 1 force 103.40
421 L 1 R 0 push -1 force 102.94
422 L 0 R 1 push 1 force 102.74
423 L 1 R 0 push -1 force 102.59
424 L 1 R 0 push -1 force 102.38
429 L 1 R 0 push -1 force 101.13
430 L 0 R 1 push 1 force 100.83
431 L 0 R 1 push 1 force 100.58
432 L 0 R 1 push 1 force 100.38
436 L 1 R 0 push -1 force 99.79
438 L 0 R 1 push 1 force 99.39
440 L 0 R 1 push 1 force 99.10
441 L 0 R 1 push 1 force 99.00
445 L 0 R 1 push 1 force 98.81
447 L 0 R 1 push 1 force 98.82
448 L 0 R 1 push 1 force 98.87
449 L 0 R 1 push 1 force 98.97
453 L 0 R 1 push 1 force 99.55
454 L 1 R 0 push -1 force 99.74
455 L 1 R 0 push -1 force 99.88
458 L 0 R 1 push 1 force 100.15
459 L 1 R 0 push -1 force 100.28
463 L 1 R 0 push -1 force 100.62
465 L 1 R 0 push -1 force 100.68
467 L 0 R 1 push 1 force 100.64
468 L 0 R 1 push 1 force 100.67
470 L 0 R 1 push 1 force 100.82
471 L 1 R 0 push -1 force 100.95
473 L 1 R 0 push -1 force 101.10
474 L 1 R 0 push -1 force 101.12
478 L 0 R 1 push 1 force 101.00
479 L 1 R 0 push -1 force 101.02
481 L 1 R 0 push -1 force 100.96
482 L 1 R 0 push -1 force 100.88
483 L 0 R 1 push 1 force 100.75
485 L 0 R 1 push 1 force 100.58
488 L 1 R 0 push -1 force 100.48
489 L 0 R 1 push 1 force 100.40
492 L 1 R 0 push -1 force 100.30
493 L 1 R 0 push -1 force 100.21
494 L 0 R 1 push 1 force 100.08
495 L 1 R 0 push -1 force 99.99
496 L 1 R 0 push -1 force 99.86
497 L 0 R 1 push 1 force 99.67
500 L 0 R 1 push 1 force 99.27
503 L 1 R 0 push -1 force 99.01
505 L 1 R 0 push -1 force 98.74
509 L 0 R 1 push 1 force 98.00
510 L 0 R 1 push 1 force 97.87
511 L 1 R 0 push -1 force 97.78
512 L 1 R 0 push -1 force 97.65
513 L 1 R 0 push -1 force 97.46
514 L 1 R 0 push -1 force 97.23
515 L 0 R 1 push 1 force 96.95
517 L 0 R 1 push 1 force 96.48
519 L 1 R 0 push -1 force 96.12
521 L 0 R 1 push 1 force 95.66
522 L 1 R 0 push -1 force 95.48
523 L 1 R 0 push -1 force 95.25
524 L 0 R 1 push 1 force 94.97
526 L 1 R 0 push -1 force 94.52
528 L 0 R 1 push 1 force 93.96
529 L 1 R 0 push -1 force 93.74
531 L 1 R 0 push -1 force 93.19
532 L 1 R 0 push -1 force 92.87
534 L 0 R 1 push 1 force 92.13
535 L 1 R 0 push -1 force 91.81
536 L 1 R 0 push -1 force 91.44
541 L 1 R 0 push -1 force 89.37
547 L 1 R 0 push -1 force 86.64
548 L 0 R 1 push 1 force 86.14
552 L 0 R 1 push 1 force 84.37
556 L 1 R 0 push -1 force 82.82
559 L 1 R 0 push -1 force 81.52
560 L 1 R 0 push -1 force 81.04
562 L 0 R 1 push 1 force 79.99
563 L 0 R 1 push 1 force 79.51
571 L 1 R 0 push -1 force 76.19
572 L 1 R 0 push -1 force 75.73
574 L 0 R 1 push 1 force 74.72
575 L 1 R 0 push -1 force 74.26
577 L 1 R 0 push -1 force 73.26
579 L 1 R 0 push -1 force 72.17
581 L 0 R 1 push 1 force 70.99
582 L 1 R 0 push -1 force 70.45
583 L 1 R 0 push -1 force 69.87
585 L 1 R 0 push -1 force 68.61
587 L 0 R 1 push 1 force 67.26
588 L 1 R 0 push -1 force 66.64
589 L 1 R 0 push -1 force 65.97
590 L 0 R 1 push 1 force 65.25
593 L 1 R 0 push -1 force 63.28
596 L 1 R 0 push -1 force 61.18
597 L 1 R 0 push -1 force 60.43
601 L 1 R 0 push -1 force 57.30
602 L 1 R 0 push -1 force 56.47
607 L 0 R 1 push 1 force 52.15
608 L 0 R 1 push 1 force 51.35
609 L 0 R 1 push 1 force 50.60
610 L 0 R 1 push 1 force 49.90
613 L 0 R 1 push 1 force 47.99
616 L 1 R 0 push -1 force 46.24
617 L 0 R 1 push 1 force 45.62
618 L 1 R 0 push -1 force 45.04
619 L 0 R 1 push 1 force 44.42
621 L 1 R 0 push -1 force 43.29
622 L 0 R 1 push 1 force 42.68
623 L 0 R 1 push 1 force 42.12
624 L 1 R 0 push -1 force 41.61
627 L 1 R 0 push -1 force 39.95
632 L 1 R 0 push -1 force 36.99
633 L 1 R 0 push -1 force 36.36
634 L 1 R 0 push -1 force 35.68
636 L 0 R 1 push 1 force 34.23
637 L 0 R 1 push 1 force 33.56
641 L 0 R 1 push 1 force 31.10
644 L 0 R 1 push 1 force 29.44
645 L 0 R 1 push 1 force 28.94
646 L 1 R 0 push -1 force 28.50
647 L 1 R 0 push -1 force 28.00
649 L 1 R 0 push -1 force 26.92
650 L 0 R 1 push 1 force 26.33
651 L 0 R 1 push 1 force 25.80
652 L 0 R 1 push 1 force 25.32
654 L 0 R 1 push 1 force 24.46
657 L 1 R 0 push -1 force 23.34
659 L 1 R 0 push -1 force 22.50
660 L 0 R 1 push 1 force 22.03
662 L 0 R 1 push 1 force 21.21
663 L 0 R 1 push 1 force 20.85
665 L 0 R 1 push 1 force 20.23
668 L 0 R 1 push 1 force 19.46
669 L 1 R 0 push -1 force 19.26
670 L 1 R 0 push -1 force 19.01
672 L 1 R 0 push -1 force 18.41
673 L 0 R 1 push 1 force 18.06
675 L 1 R 0 push -1 force 17.47
676 L 0 R 1 push 1 force 17.12
678 L 1 R 0 push -1 force 16.54
681 L 1 R 0 push -1 force 15.53
688 L 1 R 0 push -1 force 12.87
689 L 0 R 1 push 1 force 12.45
690 L 1 R 0 push -1 force 12.08
693 L 1 R 0 push -1 force 10.84
694 L 0 R 1 push 1 force 10.37
695 L 1 R 0 push -1 force 9.96
698 L 0 R 1 push 1 force 8.60
700 L 1 R 0 push -1 force 7.80
701 L 1 R 0 push -1 force 7.35
702 L 0 R 1 push 1 force 6.86
706 L 1 R 0 push -1 force 5.10
708 L 0 R 1 push 1 force 4.14
709 L 0 R 1 push 1 force 3.71
712 L 0 R 1 push 1 force 2.58
715 L 0 R 1 push 1 force 1.62
718 L 0 R 1 push 1 force 0.82
720 L 0 R 1 push 1 force 0.40
721 L 1 R 0 push -1 force 0.24
726 L 0 R 1 push 1 force -0.80
728 L 1 R 0 push -1 force -1.11
730 L 0 R 1 push 1 force -1.52
732 L 0 R 1 push 1 force -1.82
733 L 0 R 1 push 1 force -1.92
734 L 0 R 1 push 1 force -1.97
735 L 0 R 1 push 1 force -1.97
737 L 0 R 1 push 1 force -1.87
738 L 0 R 1 push 1 force -1.77
739 L 1 R 0 push -1 force -1.62
741 L 1 R 0 push -1 force -1.43
743 L 1 R 0 push -1 force -1.33
744 L 1 R 0 push -1 force -1.33
745 L 0 R 1 push 1 force -1.39
746 L 1 R 0 push -1 force -1.39
747 L 1 R 0 push -1 force -1.44
751 L 0 R 1 push 1 force -1.84
752 L 0 R 1 push 1 force -1.89
753 L 0 R 1 push 1 force -1.89
754 L 1 R 0 push -1 force -1.84
755 L 1 R 0 push -1 force -1.84
756 L 1 R 0 push -1 force -1.89
758 L 1 R 0 push -1 force -2.09
759 L 0 R 1 push 1 force -2.24
761 L 1 R 0 push -1 force -2.44
762 L 1 R 0 push -1 force -2.58
763 L 0 R 1 push 1 force -2.78
766 L 1 R 0 push -1 force -3.21
768 L 0 R 1 push 1 force -3.59
770 L 1 R 0 push -1 force -3.88
771 L 0 R 1 push 1 force -4.06
775 L 1 R 0 push -1 force -4.61
777 L 0 R 1 push 1 force -4.98
778 L 1 R 0 push -1 force -5.12
779 L 0 R 1 push 1 force -5.30
780 L 1 R 0 push -1 force -5.43
781 L 1 R 0 push -1 force -5.61
783 L 0 R 1 push 1 force -6.07
785 L 0 R 1 push 1 force -6.43
786 L 0 R 1 push 1 force -6.55
788 L 0 R 1 push 1 force -6.70
791 L 1 R 0 push -1 force -6.78
793 L 1 R 0 push -1 force -6.92
795 L 0 R 1 push 1 force -7.17
796 L 0 R 1 push 1 force -7.24
797 L 1 R 0 push -1 force -7.26
798 L 1 R 0 push -1 force -7.34
800 L 1 R 0 push -1 force -7.58
801 L 0 R 1 push 1 force -7.75
802 L 1 R 0 push -1 force -7.86
803 L 1 R 0 push -1 force -8.03
804 L 0 R 1 push 1 force -8.25
805 L 1 R 0 push -1 force -8.42
806 L 0 R 1 push 1 force -8.63
810 L 1 R 0 push -1 force -9.28
812 L 0 R 1 push 1 force -9.70
815 L 0 R 1 push 1 force -10.17
817 L 1 R 0 push -1 force -10.38
819 L 0 R 1 push 1 force -10.69
823 L 0 R 1 push 1 force -11.10
829 L 1 R 0 push -1 force -11.40
830 L 0 R 1 push 1 force -11.50
835 L 1 R 0 push -1 force -11.74
836 L 0 R 1 push 1 force -11.84
837 L 1 R 0 push -1 force -11.88
841 L 0 R 1 push 1 force -12.26
842 L 0 R 1 push 1 force -12.31
852 L 0 R 1 push 1 force -12.24
854 L 0 R 1 push 1 force -12.13
855 L 0 R 1 push 1 force -12.02
859 L 0 R 1 push 1 force -11.40
860 L 1 R 0 push -1 force -11.20
861 L 1 R 0 push -1 force -11.05
862 L 0 R 1 push 1 force -10.95
864 L 1 R 0 push -1 force -10.64
866 L 1 R 0 push -1 force -10.45
869 L 1 R 0 push -1 force -10.30
870 L 1 R 0 push -1 force -10.30
872 L 1 R 0 push -1 force -10.40
874 L 0 R 1 push 1 force -10.61
876 L 0 R 1 push 1 force -10.70
878 L 0 R 1 push 1 force -10.70
879 L 0 R 1 push 1 force -10.65
880 L 0 R 1 push 1 force -10.55
885 L 1 R 0 push -1 force -9.81
887 L 1 R 0 push -1 force -9.62
892 L 0 R 1 push 1 force -9.39
894 L 1 R 0 push -1 force -9.20
898 L 1 R 0 push -1 force -9.02
902 L 0 R 1 push 1 force -9.05
904 L 0 R 1 push 1 force -8.96
908 L 0 R 1 push 1 force -8.59
909 L 0 R 1 push 1 force -8.44
910 L 1 R 0 push -1 force -8.25
911 L 1 R 0 push -1 force -8.11
914 L 0 R 1 push 1 force -7.84
916 L 1 R 0 push -1 force -7.57
920 L 0 R 1 push 1 force -7.22
924 L 1 R 0 push -1 force -6.68
927 L 1 R 0 push -1 force -6.43
928 L 0 R 1 push 1 force -6.40
929 L 1 R 0 push -1 force -6.32
931 L 0 R 1 push 1 force -6.26
933 L 1 R 0 push -1 force -6.09
934 L 0 R 1 push 1 force -6.06
935 L 0 R 1 push 1 force -5.98
939 L 1 R 0 push -1 force -5.47
940 L 1 R 0 push -1 force -5.39
942 L 0 R 1 push 1 force -5.33
946 L 0 R 1 push 1 force -5.03
947 L 1 R 0 push -1 force -4.90
948 L 0 R 1 push 1 force -4.83
950 L 0 R 1 push 1 force -4.58
951 L 0 R 1 push 1 force -4.41
952 L 0 R 1 push 1 force -4.18
953 L 0 R 1 push 1 force -3.91
960 L 1 R 0 push -1 force -1.71
965 L 1 R 0 push -1 force -0.42
966 L 1 R 0 push -1 force -0.22
969 L 0 R 1 push 1 force 0.23
970 L 1 R 0 push -1 force 0.43
971 L 0 R 1 push 1 force 0.58
973 L 1 R 0 push -1 force 0.97
976 L 0 R 1 push 1 force 1.41
978 L 1 R 0 push -1 force 1.80
979 L 0 R 1 push 1 force 1.94
982 L 0 R 1 push 1 force 2.51
983 L 1 R 0 push -1 force 2.75
984 L 1 R 0 push -1 force 2.93
985 L 1 R 0 push -1 force 3.07
986 L 0 R 1 push 1 force 3.15
991 L 1 R 0 push -1 force 3.82
992 L 1 R 0 push -1 force 3.90
993 L 0 R 1 push 1 force 3.93
994 L 0 R 1 push 1 force 4.01
996 L 0 R 1 push 1 force 4.27
997 L 0 R 1 push 1 force 4.45
999 L 1 R 0 push -1 force 4.91
1001 L 0 R 1 push 1 force 5.26
1003 L 1 R 0 push -1 force 5.70
1005 L 0 R 1 push 1 force 6.05
1006 L 1 R 0 push -1 force 6.27
1007 L 0 R 1 push 1 force 6.43
1008 L 0 R 1 push 1 force 6.65
1009 L 1 R 0 push -1 force 6.92
1010 L 1 R 0 push -1 force 7.13
1012 L 0 R 1 push 1 force 7.46
1014 L 1 R 0 push -1 force 7.88
1015 L 1 R 0 push -1 force 8.04
1017 L 1 R 0 push -1 force 8.26
1019 L 0 R 1 push 1 force 8.38
1020 L 1 R 0 push -1 force 8.49
1023 L 0 R 1 push 1 force 8.66
1025 L 1 R 0 push -1 force 8.87
1026 L 0 R 1 push 1 force 8.92
1027 L 1 R 0 push -1 force 9.03
1028 L 0 R 1 push 1 force 9.08
1029 L 1 R 0 push -1 force 9.19
1031 L 1 R 0 push -1 force 9.29
1033 L 0 R 1 push 1 force 9.30
1034 L 0 R 1 push 1 force 9.35
1035 L 0 R 1 push 1 force 9.45
1036 L 0 R 1 push 1 force 9.60
1037 L 0 R 1 push 1 force 9.80
1040 L 1 R 0 push -1 force 10.55
1042 L 1 R 0 push -1 force 10.94
1047 L 1 R 0 push -1 force 11.64
1048 L 1 R 0 push -1 force 11.73
1050 L 1 R 0 push -1 force 11.81
1051 L 1 R 0 push -1 force 11.80
1053 L 1 R 0 push -1 force 11.68
1055 L 0 R 1 push 1 force 11.46
1063 L 0 R 1 push 1 force 10.99
1065 L 0 R 1 push 1 force 10.97
1066 L 1 R 0 push -1 force 11.01
1067 L 1 R 0 push -1 force 11.00
1068 L 0 R 1 push 1 force 10.95
1070 L 1 R 0 push -1 force 10.93
1071 L 0 R 1 push 1 force 10.87
1073 L 0 R 1 push 1 force 10.86
1074 L 1 R 0 push -1 force 10.90
1075 L 0 R 1 push 1 force 10.89
1078 L 0 R 1 push 1 force 11.01
1081 L 0 R 1 push 1 force 11.28
1083 L 0 R 1 push 1 force 11.56
1084 L 1 R 0 push -1 force 11.75
1087 L 1 R 0 push -1 force 12.15
1088 L 1 R 0 push -1 force 12.24
1090 L 1 R 0 push -1 force 12.31
1093 L 0 R 1 push 1 force 12.26
1095 L 1 R 0 push -1 force 12.32
1096 L 0 R 1 push 1 force 12.31
1097 L 0 R 1 push 1 force 12.34
1098 L 1 R 0 push -1 force 12.42
1100 L 1 R 0 push -1 force 12.49
1101 L 1 R 0 push -1 force 12.47
1103 L 1 R 0 push -1 force 12.33
1105 L 1 R 0 push -1 force 12.10
1108 L 1 R 0 push -1 force 11.60
1112 L 1 R 0 push -1 force 10.75
1114 L 0 R 1 push 1 force 10.23
1123 L 1 R 0 push -1 force 8.40
1124 L 0 R 1 push 1 force 8.15
1125 L 0 R 1 push 1 force 7.95
1126 L 0 R 1 push 1 force 7.81
1127 L 1 R 0 push -1 force 7.71
1129 L 1 R 0 push -1 force 7.42
1130 L 1 R 0 push -1 force 7.23
1132 L 0 R 1 push 1 force 6.74
1135 L 1 R 0 push -1 force 6.17
1137 L 1 R 0 push -1 force 5.70
1138 L 0 R 1 push 1 force 5.41
1142 L 1 R 0 push -1 force 4.48
1143 L 1 R 0 push -1 force 4.20
1144 L 0 R 1 push 1 force 3.87
1145 L 0 R 1 push 1 force 3.59
1148 L 1 R 0 push -1 force 2.92
1149 L 0 R 1 push 1 force 2.65
1150 L 1 R 0 push -1 force 2.43
1151 L 1 R 0 push -1 force 2.16
1152 L 1 R 0 push -1 force 1.84
1153 L 1 R 0 push -1 force 1.47
1155 L 1 R 0 push -1 force 0.65
1156 L 1 R 0 push -1 force 0.19
1157 L 1 R 0 push -1 force -0.32
1163 L 1 R 0 push -1 force -3.61
1165 L 1 R 0 push -1 force -4.79
1167 L 1 R 0 push -1 force -6.05
1169 L 0 R 1 push 1 force -7.40
1171 L 0 R 1 push 1 force -8.63
1175 L 0 R 1 push 1 force -10.87
1177 L 1 R 0 push -1 force -11.87
1180 L 0 R 1 push 1 force -13.50
1182 L 0 R 1 push 1 force -14.48
1183 L 1 R 0 push -1 force -14.91
1187 L 0 R 1 push 1 force -16.82
1189 L 0 R 1 push 1 force -17.66
1192 L 0 R 1 push 1 force -18.76
1194 L 0 R 1 push 1 force -19.38
1195 L 1 R 0 push -1 force -19.64
1199 L 0 R 1 push 1 force -20.85
1202 L 0 R 1 push 1 force -21.60
1203 L 1 R 0 push -1 force -21.80
1204 L 0 R 1 push 1 force -22.04
1206 L 0 R 1 push 1 force -22.43
1207 L 0 R 1 push 1 force -22.57
1209 L 1 R 0 push -1 force -22.75
1212 L 1 R 0 push -1 force -23.17
1213 L 1 R 0 push -1 force -23.35
1214 L 0 R 1 push 1 force -23.59
1215 L 0 R 1 push 1 force -23.77
1217 L 1 R 0 push -1 force -24.04
1222 L 0 R 1 push 1 force -24.94
1227 L 1 R 0 push -1 force -25.57
1231 L 1 R 0 push -1 force -26.25
1232 L 0 R 1 push 1 force -26.47
1233 L 0 R 1 push 1 force -26.64
1235 L 0 R 1 push 1 force -26.87
1236 L 0 R 1 push 1 force -26.93
1238 L 1 R 0 push -1 force -26.96
1243 L 0 R 1 push 1 force -27.28
1244 L 1 R 0 push -1 force -27.29
1249 L 0 R 1 push 1 force -27.60
1250 L 0 R 1 push 1 force -27.60
1251 L 0 R 1 push 1 force -27.56
1252 L 1 R 0 push -1 force -27.47
1254 L 0 R 1 push 1 force -27.39
1255 L 1 R 0 push -1 force -27.30
1260 L 1 R 0 push -1 force -27.10
1261 L 0 R 1 push 1 force -27.11
1262 L 0 R 1 push 1 force -27.07
1263 L 0 R 1 push 1 force -26.98
1264 L 0 R 1 push 1 force -26.84
1267 L 0 R 1 push 1 force -26.28
1268 L 0 R 1 push 1 force -26.04
1269 L 1 R 0 push -1 force -25.76
1270 L 1 R 0 push -1 force -25.52
1272 L 0 R 1 push 1 force -25.16
1273 L 1 R 0 push -1 force -24.92
1274 L 0 R 1 push 1 force -24.74
1275 L 0 R 1 push 1 force -24.51
1276 L 1 R 0 push -1 force -24.23
1277 L 1 R 0 push -1 force -24.01
1278 L 1 R 0 push -1 force -23.83
1281 L 1 R 0 push -1 force -23.45
1282 L 1 R 0 push -1 force -23.38
1284 L 0 R 1 push 1 force -23.33
1285 L 0 R 1 push 1 force -23.25
1287 L 1 R 0 push -1 force -23.00
1289 L 1 R 0 push -1 force -22.86
1290 L 0 R 1 push 1 force -22.83
1291 L 1 R 0 push -1 force -22.76
1292 L 0 R 1 push 1 force -22.74
1294 L 1 R 0 push -1 force -22.59
1295 L 1 R 0 push -1 force -22.57
1296 L 0 R 1 push 1 force -22.60
1299 L 0 R 1 push 1 force -22.53
1300 L 0 R 1 push 1 force -22.45
1301 L 1 R 0 push -1 force -22.33
1302 L 1 R 0 push -1 force -22.26
1304 L 1 R 0 push -1 force -22.22
1305 L 1 R 0 push -1 force -22.24
1306 L 0 R 1 push 1 force -22.32
1307 L 0 R 1 push 1 force -22.35
1308 L 0 R 1 push 1 force -22.32
1312 L 0 R 1 push 1 force -22.03
1313 L 0 R 1 push 1 force -21.91
1314 L 0 R 1 push 1 force -21.74
1315 L 1 R 0 push -1 force -21.52
1316 L 0 R 1 push 1 force -21.35
1318 L 0 R 1 push 1 force -20.91
1319 L 1 R 0 push -1 force -20.64
1320 L 1 R 0 push -1 force -20.43
1322 L 0 R 1 push 1 force -20.10
1323 L 1 R 0 push -1 force -19.89
1324 L 0 R 1 push 1 force -19.72
1325 L 0 R 1 push 1 force -19.51
1326 L 1 R 0 push -1 force -19.25
1328 L 1 R 0 push -1 force -18.83
1329 L 1 R 0 push -1 force -18.67
1333 L 1 R 0 push -1 force -18.25
1334 L 1 R 0 push -1 force -18.19
1335 L 0 R 1 push 1 force -18.18
1337 L 0 R 1 push 1 force -18.07
1338 L 0 R 1 push 1 force -17.97
1339 L 0 R 1 push 1 force -17.81
1344 L 0 R 1 push 1 force -16.80
1345 L 1 R 0 push -1 force -16.55
1346 L 1 R 0 push -1 force -16.35
1349 L 0 R 1 push 1 force -15.91
1350 L 0 R 1 push 1 force -15.72
1351 L 0 R 1 push 1 force -15.47
1353 L 0 R 1 push 1 force -14.89
1357 L 1 R 0 push -1 force -13.53
1364 L 0 R 1 push 1 force -11.57
1366 L 0 R 1 push 1 force -10.92
1368 L 1 R 0 push -1 force -10.18
1371 L 1 R 0 push -1 force -9.23
1377 L 0 R 1 push 1 force -7.67
1381 L 0 R 1 push 1 force -6.45
1382 L 1 R 0 push -1 force -6.10
1383 L 0 R 1 push 1 force -5.80
1384 L 1 R 0 push -1 force -5.46
1385 L 1 R 0 push -1 force -5.16
1389 L 0 R 1 push 1 force -4.19
1390 L 0 R 1 push 1 force -3.90
1392 L 1 R 0 push -1 force -3.23
1394 L 0 R 1 push 1 force -2.66
1395 L 0 R 1 push 1 force -2.33
1396 L 0 R 1 push 1 force -1.95
1398 L 1 R 0 push -1 force -1.09
1399 L 1 R 0 push -1 force -0.72
1401 L 1 R 0 push -1 force -0.08
1402 L 0 R 1 push 1 force 0.19
1403 L 1 R 0 push -1 force 0.51
1404 L 0 R 1 push 1 force 0.77
1407 L 1 R 0 push -1 force 1.71
1408 L 1 R 0 push -1 force 1.97
1410 L 0 R 1 push 1 force 2.39
1411 L 1 R 0 push -1 force 2.65
1412 L 0 R 1 push 1 force 2.85
1414 L 1 R 0 push -1 force 3.36
1419 L 1 R 0 push -1 force 4.36
1420 L 0 R 1 push 1 force 4.50
1421 L 1 R 0 push -1 force 4.70
1426 L 0 R 1 push 1 force 5.42
1429 L 1 R 0 push -1 force 5.99
1430 L 1 R 0 push -1 force 6.13
1431 L 1 R 0 push -1 force 6.21
1438 L 1 R 0 push -1 force 6.47
1441 L 1 R 0 push -1 force 6.43
1443 L 1 R 0 push -1 force 6.30
1444 L 0 R 1 push 1 force 6.19
1445 L 0 R 1 push 1 force 6.13
1448 L 0 R 1 push 1 force 6.09
1450 L 0 R 1 push 1 force 6.16
1451 L 0 R 1 push 1 force 6.25
1452 L 0 R 1 push 1 force 6.39
1453 L 0 R 1 push 1 force 6.57
1455 L 1 R 0 push -1 force 7.04
1456 L 0 R 1 push 1 force 7.22
1458 L 1 R 0 push -1 force 7.68
1459 L 0 R 1 push 1 force 7.86
1460 L 1 R 0 push -1 force 8.09
1461 L 0 R 1 push 1 force 8.26
1465 L 0 R 1 push 1 force 9.16
1466 L 1 R 0 push -1 force 9.43
1469 L 1 R 0 push -1 force 10.08
1470 L 0 R 1 push 1 force 10.25
1472 L 0 R 1 push 1 force 10.68
1473 L 0 R 1 push 1 force 10.94
1474 L 0 R 1 push 1 force 11.25
1476 L 0 R 1 push 1 force 11.97
1477 L 1 R 0 push -1 force 12.37
1480 L 1 R 0 push -1 force 13.43
1481 L 0 R 1 push 1 force 13.73
1482 L 0 R 1 push 1 force 14.07
1483 L 0 R 1 push 1 force 14.47
1485 L 1 R 0 push -1 force 15.35
1486 L 1 R 0 push -1 force 15.74
1491 L 1 R 0 push -1 force 17.40
1493 L 0 R 1 push 1 force 17.95
1494 L 1 R 0 push -1 force 18.28
1495 L 1 R 0 push -1 force 18.55
1498 L 1 R 0 push -1 force 19.21
1500 L 0 R 1 push 1 force 19.54
1501 L 1 R 0 push -1 force 19.76
1502 L 1 R 0 push -1 force 19.92
1503 L 0 R 1 push 1 force 20.04
1507 L 1 R 0 push -1 force 20.68
1512 L 0 R 1 push 1 force 21.22
1514 L 0 R 1 push 1 force 21.53
1515 L 0 R 1 push 1 force 21.74
1518 L 0 R 1 push 1 force 22.49
1519 L 1 R 0 push -1 force 22.79
1521 L 0 R 1 push 1 force 23.28
1522 L 0 R 1 push 1 force 23.58
1526 L 0 R 1 push 1 force 24.93
1528 L 1 R 0 push -1 force 25.70
1529 L 0 R 1 push 1 force 26.03
1530 L 0 R 1 push 1 force 26.41
1532 L 1 R 0 push -1 force 27.26
1538 L 1 R 0 push -1 force 29.46
1540 L 0 R 1 push 1 force 30.08
1543 L 1 R 0 push -1 force 31.15
1544 L 0 R 1 push 1 force 31.45
1547 L 0 R 1 push 1 force 32.49
1549 L 1 R 0 push -1 force 33.27
1551 L 1 R 0 push -1 force 33.95
1552 L 0 R 1 push 1 force 34.23
1553 L 0 R 1 push 1 force 34.57
1554 L 1 R 0 push -1 force 34.95
1555 L 1 R 0 push -1 force 35.28
1558 L 1 R 0 push -1 force 36.11
1562 L 1 R 0 push -1 force 36.99
1567 L 1 R 0 push -1 force 37.82
1568 L 1 R 0 push -1 force 37.93
1569 L 0 R 1 push 1 force 37.99
1570 L 0 R 1 push 1 force 38.11
1572 L 1 R 0 push -1 force 38.43
1576 L 1 R 0 push -1 force 38.86
1578 L 0 R 1 push 1 force 38.97
1579 L 1 R 0 push -1 force 39.07
1580 L 1 R 0 push -1 force 39.12
1583 L 0 R 1 push 1 force 39.13
1584 L 1 R 0 push -1 force 39.19
1588 L 1 R 0 push -1 force 39.19
1589 L 0 R 1 push 1 force 39.14
1592 L 0 R 1 push 1 force 39.15
1594 L 1 R 0 push -1 force 39.25
1596 L 0 R 1 push 1 force 39.24
1597 L 0 R 1 push 1 force 39.29
1601 L 1 R 0 push -1 force 39.68
1602 L 1 R 0 push -1 force 39.73
1604 L 0 R 1 push 1 force 39.71
1605 L 0 R 1 push 1 force 39.76
1606 L 0 R 1 push 1 force 39.85
1609 L 0 R 1 push 1 force 40.28
1610 L 1 R 0 push -1 force 40.47
1612 L 0 R 1 push 1 force 40.75
1613 L 1 R 0 push -1 force 40.93
1614 L 1 R 0 push -1 force 41.07
1617 L 0 R 1 push 1 force 41.32
1618 L 1 R 0 push -1 force 41.45
1620 L 0 R 1 push 1 force 41.62
1623 L 0 R 1 push 1 force 42.01
1624 L 1 R 0 push -1 force 42.18
1626 L 0 R 1 push 1 force 42.44
1628 L 0 R 1 push 1 force 42.78
1629 L 1 R 0 push -1 force 43.01
1630 L 0 R 1 push 1 force 43.18
1632 L 0 R 1 push 1 force 43.62
1633 L 1 R 0 push -1 force 43.88
1634 L 0 R 1 push 1 force 44.10
1638 L 0 R 1 push 1 force 45.15
1640 L 0 R 1 push 1 force 45.76
1642 L 0 R 1 push 1 force 46.46
1644 L 0 R 1 push 1 force 47.26
1648 L 1 R 0 push -1 force 49.03
1651 L 0 R 1 push 1 force 50.18
1652 L 1 R 0 push -1 force 50.60
1653 L 0 R 1 push 1 force 50.98
1654 L 1 R 0 push -1 force 51.40
1655 L 0 R 1 push 1 force 51.77
1656 L 1 R 0 push -1 force 52.19
1658 L 1 R 0 push -1 force 52.92
1662 L 0 R 1 push 1 force 54.16
1667 L 0 R 1 push 1 force 55.92
1669 L 1 R 0 push -1 force 56.70
1671 L 0 R 1 push 1 force 57.38
1672 L 0 R 1 push 1 force 57.77
1674 L 0 R 1 push 1 force 58.63
1676 L 1 R 0 push -1 force 59.58
1684 L 0 R 1 push 1 force 62.90
1685 L 0 R 1 push 1 force 63.35
1687 L 0 R 1 push 1 force 64.35
1694 L 0 R 1 push 1 force 68.09
1696 L 0 R 1 push 1 force 69.23
1697 L 0 R 1 push 1 force 69.85
1701 L 1 R 0 push -1 force 72.48
1706 L 0 R 1 push 1 force 75.43
1707 L 1 R 0 push -1 force 76.06
1713 L 1 R 0 push -1 force 79.47
1715 L 0 R 1 push 1 force 80.48
1716 L 0 R 1 push 1 force 81.03
1717 L 1 R 0 push -1 force 81.63
1718 L 0 R 1 push 1 force 82.17
1720 L 1 R 0 push -1 force 83.35
1726 L 0 R 1 push 1 force 86.51
1727 L 1 R 0 push -1 force 87.07
1728 L 0 R 1 push 1 force 87.58
1730 L 0 R 1 push 1 force 88.70
1733 L 0 R 1 push 1 force 90.49
1736 L 1 R 0 push -1 force 92.40
1737 L 1 R 0 push -1 force 92.98
1741 L 0 R 1 push 1 force 95.07
1742 L 0 R 1 push 1 force 95.63
1744 L 0 R 1 push 1 force 96.85
1745 L 1 R 0 push -1 force 97.50
1746 L 0 R 1 push 1 force 98.10
1747 L 0 R 1 push 1 force 98.75
1748 L 0 R 1 push 1 force 99.44
1749 L 0 R 1 push 1 force 100.18
1750 L 1 R 0 push -1 force 100.96
1751 L 0 R 1 push 1 force 101.69
1752 L 0 R 1 push 1 force 102.46
1753 L 1 R 0 push -1 force 103.28
1754 L 0 R 1 push 1 force 104.04
1755 L 0 R 1 push 1 force 104.85
1756 L 1 R 0 push -1 force 105.71
1757 L 0 R 1 push 1 force 106.51
1760 L 0 R 1 push 1 force 109.03
1761 L 1 R 0 push -1 force 109.91
1762 L 1 R 0 push -1 force 110.74
1765 L 0 R 1 push 1 force 113.04
1770 L 0 R 1 push 1 force 117.03
1771 L 1 R 0 push -1 force 117.86
1772 L 1 R 0 push -1 force 118.64
1774 L 1 R 0 push -1 force 120.09
1776 L 1 R 0 push -1 force 121.41
1777 L 0 R 1 push 1 force 122.02
1778 L 0 R 1 push 1 force 122.68
1782 L 0 R 1 push 1 force 125.45
1783 L 0 R 1 push 1 force 126.18
1786 L 1 R 0 push -1 force 128.51
1787 L 1 R 0 push -1 force 129.22
1789 L 1 R 0 push -1 force 130.54
1791 L 0 R 1 push 1 force 131.74
1792 L 1 R 0 push -1 force 132.38
1795 L 0 R 1 push 1 force 134.14
1796 L 1 R 0 push -1 force 134.77
1797 L 1 R 0 push -1 force 135.35
1802 L 0 R 1 push 1 force 137.92
1804 L 0 R 1 push 1 force 139.03
1811 L 1 R 0 push -1 force 143.13
1818 L 0 R 1 push 1 force 146.70
1820 L 0 R 1 push 1 force 147.79
1821 L 0 R 1 push 1 force 148.37
1822 L 0 R 1 push 1 force 149.01
1823 L 0 R 1 push 1 force 149.69
1824 L 1 R 0 push -1 force 150.42
1830 L 0 R 1 push 1 force 154.38
1833 L 1 R 0 push -1 force 156.46
1834 L 0 R 1 push 1 force 157.09
1835 L 0 R 1 push 1 force 157.77
1837 L 0 R 1 push 1 force 159.21
1838 L 0 R 1 push 1 force 159.98
1840 L 0 R 1 push 1 force 161.59
1842 L 0 R 1 push 1 force 163.29
1843 L 1 R 0 push -1 force 164.18
1844 L 1 R 0 push -1 force 165.01
1845 L 1 R 0 push -1 force 165.79
1846 L 1 R 0 push -1 force 166.52
1849 L 1 R 0 push -1 force 168.51
1851 L 1 R 0 push -1 force 169.72
1852 L 1 R 0 push -1 force 170.27
1853 L 0 R 1 push 1 force 170.76
1855 L 1 R 0 push -1 force 171.84
1856 L 1 R 0 push -1 force 172.33
1857 L 0 R 1 push 1 force 172.76
1858 L 0 R 1 push 1 force 173.23
1860 L 1 R 0 push -1 force 174.28
1863 L 0 R 1 push 1 force 175.67
1864 L 1 R 0 push -1 force 176.17
1867 L 0 R 1 push 1 force 177.52
1870 L 1 R 0 push -1 force 178.99
1871 L 1 R 0 push -1 force 179.42
1874 L 1 R 0 push -1 force 180.54
1876 L 0 R 1 push 1 force 181.18
1879 L 0 R 1 push 1 force 182.27
1880 L 1 R 0 push -1 force 182.67
1889 L 0 R 1 push 1 force 185.74
1909 L 1 R 0 push -1 force 192.70
Pole balanced successfully for at least 10000 steps at 1 trials
Max steps: 10000, Total Steps: 12959 
Firing rate (spikes/sec): 4667.03 (L: 2307.28, R: 2359.75)
Number of spikes        : 3024 (L: 1495, R: 1529)
Balanced = 3
Elapsed time: 9 seconds

------------- Run 4 -------------
3 L 0 R 1 push 1 force 0.00
4 L 1 R 0 push -1 force 0.05
6 L 0 R 1 push 1 force 0.05
11 L 1 R 0 push -1 force 0.30
12 L 0 R 1 push 1 force 0.29
14 L 1 R 0 push -1 force 0.39
16 L 0 R 1 push 1 force 0.39
17 L 0 R 1 push 1 force 0.43
18 L 1 R 0 push -1 force 0.53
20 L 0 R 1 push 1 force 0.63
23 L 0 R 1 push 1 force 0.91
24 L 1 R 0 push -1 force 1.06
25 L 0 R 1 push 1 force 1.15
26 L 0 R 1 push 1 force 1.30
27 L 1 R 0 push -1 force 1.49
29 L 1 R 0 push -1 force 1.77
30 L 0 R 1 push 1 force 1.86
31 L 0 R 1 push 1 force 2.00
34 L 0 R 1 push 1 force 2.57
39 L 0 R 1 push 1 force 3.74
40 L 0 R 1 push 1 force 4.02
42 L 0 R 1 push 1 force 4.68
44 L 1 R 0 push -1 force 5.43
47 L 0 R 1 push 1 force 6.39
51 L 1 R 0 push -1 force 7.84
53 L 1 R 0 push -1 force 8.46
55 L 1 R 0 push -1 force 8.97
56 L 1 R 0 push -1 force 9.17
58 L 1 R 0 push -1 force 9.48
60 L 0 R 1 push 1 force 9.68
61 L 0 R 1 push 1 force 9.83
64 L 0 R 1 push 1 force 10.42
66 L 1 R 0 push -1 force 10.91
68 L 1 R 0 push -1 force 11.30
72 L 1 R 0 push -1 force 11.86
73 L 0 R 1 push 1 force 11.95
78 L 1 R 0 push -1 force 12.63
80 L 0 R 1 push 1 force 12.80
81 L 0 R 1 push 1 force 12.93
86 L 1 R 0 push -1 force 13.83
88 L 0 R 1 push 1 force 14.09
90 L 1 R 0 push -1 force 14.44
91 L 1 R 0 push -1 force 14.56
92 L 1 R 0 push -1 force 14.63
97 L 0 R 1 push 1 force 14.75
98 L 0 R 1 push 1 force 14.82
104 L 0 R 1 push 1 force 15.54
108 L 0 R 1 push 1 force 16.20
113 L 1 R 0 push -1 force 17.25
116 L 1 R 0 push -1 force 17.72
117 L 1 R 0 push -1 force 17.83
122 L 1 R 0 push -1 force 18.10
124 L 0 R 1 push 1 force 18.10
126 L 0 R 1 push 1 force 18.21
128 L 0 R 1 push 1 force 18.41
130 L 0 R 1 push 1 force 18.71
131 L 0 R 1 push 1 force 18.91
133 L 0 R 1 push 1 force 19.40
135 L 1 R 0 push -1 force 19.99
136 L 0 R 1 push 1 force 20.23
137 L 1 R 0 push -1 force 20.52
141 L 0 R 1 push 1 force 21.46
142 L 1 R 0 push -1 force 21.75
143 L 0 R 1 push 1 force 21.98
147 L 0 R 1 push 1 force 23.09
148 L 1 R 0 push -1 force 23.41
149 L 0 R 1 push 1 force 23.68
150 L 1 R 0 push -1 force 24.01
155 L 1 R 0 push -1 force 25.34
159 L 0 R 1 push 1 force 26.17
160 L 0 R 1 push 1 force 26.43
165 L 0 R 1 push 1 force 27.94
166 L 1 R 0 push -1 force 28.29
167 L 0 R 1 push 1 force 28.58
171 L 0 R 1 push 1 force 29.94
172 L 1 R 0 push -1 force 30.33
173 L 0 R 1 push 1 force 30.66
174 L 0 R 1 push 1 force 31.04
176 L 0 R 1 push 1 force 31.90
177 L 1 R 0 push -1 force 32.37
179 L 1 R 0 push -1 force 33.22
180 L 0 R 1 push 1 force 33.58
181 L 1 R 0 push -1 force 34.00
182 L 0 R 1 push 1 force 34.36
183 L 1 R 0 push -1 force 34.77
184 L 0 R 1 push 1 force 35.13
185 L 1 R 0 push -1 force 35.54
187 L 1 R 0 push -1 force 36.25
188 L 1 R 0 push -1 force 36.55
189 L 1 R 0 push -1 force 36.80
192 L 0 R 1 push 1 force 37.39
195 L 0 R 1 push 1 force 38.11
196 L 1 R 0 push -1 force 38.40
198 L 0 R 1 push 1 force 38.88
200 L 1 R 0 push -1 force 39.45
201 L 1 R 0 push -1 force 39.68
202 L 0 R 1 push 1 force 39.86
204 L 1 R 0 push -1 force 40.32
206 L 1 R 0 push -1 force 40.67
207 L 0 R 1 push 1 force 40.79
208 L 1 R 0 push -1 force 40.97
209 L 0 R 1 push 1 force 41.09
213 L 0 R 1 push 1 force 41.77
214 L 1 R 0 push -1 force 41.99
215 L 1 R 0 push -1 force 42.15
216 L 1 R 0 push -1 force 42.27
220 L 0 R 1 push 1 force 42.52
221 L 0 R 1 push 1 force 42.63
226 L 0 R 1 push 1 force 43.42
228 L 0 R 1 push 1 force 43.83
229 L 0 R 1 push 1 force 44.09
231 L 0 R 1 push 1 force 44.69
233 L 0 R 1 push 1 force 45.38
234 L 0 R 1 push 1 force 45.77
235 L 0 R 1 push 1 force 46.21
236 L 0 R 1 push 1 force 46.70
237 L 0 R 1 push 1 force 47.24
242 L 0 R 1 push 1 force 50.11
245 L 0 R 1 push 1 force 51.95
246 L 1 R 0 push -1 force 52.61
247 L 0 R 1 push 1 force 53.21
249 L 1 R 0 push -1 force 54.51
250 L 0 R 1 push 1 force 55.10
252 L 0 R 1 push 1 force 56.37
254 L 1 R 0 push -1 force 57.73
259 L 0 R 1 push 1 force 60.82
261 L 1 R 0 push -1 force 62.13
264 L 0 R 1 push 1 force 63.91
268 L 0 R 1 push 1 force 66.45
270 L 1 R 0 push -1 force 67.80
272 L 0 R 1 push 1 force 69.03
273 L 0 R 1 push 1 force 69.69
274 L 1 R 0 push -1 force 70.39
275 L 0 R 1 push 1 force 71.05
276 L 0 R 1 push 1 force 71.74
284 L 0 R 1 push 1 force 77.59
285 L 0 R 1 push 1 force 78.35
286 L 1 R 0 push -1 force 79.16
287 L 0 R 1 push 1 force 79.91
290 L 0 R 1 push 1 force 82.29
291 L 0 R 1 push 1 force 83.13
292 L 0 R 1 push 1 force 84.01
296 L 0 R 1 push 1 force 87.68
298 L 0 R 1 push 1 force 89.58
299 L 0 R 1 push 1 force 90.57
300 L 1 R 0 push -1 force 91.61
302 L 0 R 1 push 1 force 93.57
303 L 1 R 0 push -1 force 94.59
309 L 1 R 0 push -1 force 100.31
310 L 1 R 0 push -1 force 101.19
311 L 0 R 1 push 1 force 102.02
314 L 0 R 1 push 1 force 104.63
315 L 0 R 1 push 1 force 105.54
316 L 0 R 1 push 1 force 106.49
318 L 0 R 1 push 1 force 108.48
320 L 0 R 1 push 1 force 110.55
321 L 1 R 0 push -1 force 111.62
322 L 0 R 1 push 1 force 112.64
323 L 1 R 0 push -1 force 113.71
325 L 0 R 1 push 1 force 115.71
326 L 0 R 1 push 1 force 116.76
328 L 1 R 0 push -1 force 118.93
330 L 0 R 1 push 1 force 120.98
331 L 1 R 0 push -1 force 122.05
332 L 0 R 1 push 1 force 123.06
334 L 1 R 0 push -1 force 125.16
338 L 1 R 0 push -1 force 129.09
340 L 1 R 0 push -1 force 130.92
341 L 1 R 0 push -1 force 131.78
342 L 1 R 0 push -1 force 132.59
344 L 1 R 0 push -1 force 134.08
348 L 1 R 0 push -1 force 136.81
349 L 1 R 0 push -1 force 137.44
351 L 0 R 1 push 1 force 138.57
352 L 0 R 1 push 1 force 139.18
356 L 0 R 1 push 1 force 141.79
357 L 0 R 1 push 1 force 142.48
360 L 1 R 0 push -1 force 144.67
361 L 0 R 1 push 1 force 145.35
368 L 0 R 1 push 1 force 150.28
369 L 1 R 0 push -1 force 151.02
371 L 0 R 1 push 1 force 152.38
376 L 0 R 1 push 1 force 155.95
379 L 0 R 1 push 1 force 158.19
380 L 1 R 0 push -1 force 158.98
381 L 0 R 1 push 1 force 159.71
382 L 1 R 0 push -1 force 160.49
383 L 0 R 1 push 1 force 161.21
384 L 0 R 1 push 1 force 161.98
386 L 0 R 1 push 1 force 163.60
390 L 1 R 0 push -1 force 166.98
392 L 0 R 1 push 1 force 168.54
393 L 1 R 0 push -1 force 169.36
396 L 1 R 0 push -1 force 171.65
397 L 0 R 1 push 1 force 172.35
398 L 0 R 1 push 1 force 173.10
399 L 0 R 1 push 1 force 173.89
400 L 1 R 0 push -1 force 174.73
403 L 1 R 0 push -1 force 177.06
404 L 1 R 0 push -1 force 177.78
406 L 0 R 1 push 1 force 179.10
408 L 0 R 1 push 1 force 180.50
409 L 1 R 0 push -1 force 181.25
412 L 1 R 0 push -1 force 183.30
413 L 1 R 0 push -1 force 183.93
424 L 1 R 0 push -1 force 190.01
426 L 1 R 0 push -1 force 190.96
429 L 0 R 1 push 1 force 192.22
431 L 1 R 0 push -1 force 193.14
432 L 0 R 1 push 1 force 193.55
433 L 0 R 1 push 1 force 194.00
435 L 0 R 1 push 1 force 194.99
437 L 1 R 0 push -1 force 196.07
439 L 0 R 1 push 1 force 197.03
445 L 0 R 1 push 1 force 200.13
446 L 0 R 1 push 1 force 200.68
447 L 1 R 0 push -1 force 201.28
449 L 0 R 1 push 1 force 202.37
450 L 1 R 0 push -1 force 202.95
451 L 0 R 1 push 1 force 203.49
452 L 1 R 0 push -1 force 204.06
453 L 1 R 0 push -1 force 204.59
455 L 1 R 0 push -1 force 205.53
458 L 0 R 1 push 1 force 206.76
463 L 1 R 0 push -1 force 208.99
468 L 0 R 1 push 1 force 210.89
469 L 1 R 0 push -1 force 211.31
471 L 0 R 1 push 1 force 212.04
473 L 0 R 1 push 1 force 212.85
474 L 0 R 1 push 1 force 213.31
476 L 1 R 0 push -1 force 214.30
480 L 0 R 1 push 1 force 216.05
483 L 0 R 1 push 1 force 217.47
484 L 1 R 0 push -1 force 217.99
486 L 1 R 0 push -1 force 218.91
488 L 0 R 1 push 1 force 219.72
490 L 0 R 1 push 1 force 220.61
491 L 1 R 0 push -1 force 221.10
492 L 0 R 1 push 1 force 221.54
493 L 0 R 1 push 1 force 222.02
494 L 0 R 1 push 1 force 222.55
496 L 0 R 1 push 1 force 223.70
497 L 0 R 1 push 1 force 224.32
501 L 1 R 0 push -1 force 226.94
502 L 1 R 0 push -1 force 227.53
506 L 0 R 1 push 1 force 229.67
507 L 1 R 0 push -1 force 230.24
510 L 1 R 0 push -1 force 231.79
511 L 1 R 0 push -1 force 232.24
515 L 1 R 0 push -1 force 233.84
517 L 0 R 1 push 1 force 234.51
520 L 0 R 1 push 1 force 235.65
523 L 1 R 0 push -1 force 236.91
524 L 0 R 1 push 1 force 237.28
525 L 1 R 0 push -1 force 237.69
526 L 0 R 1 push 1 force 238.04
528 L 1 R 0 push -1 force 238.84
529 L 1 R 0 push -1 force 239.19
530 L 1 R 0 push -1 force 239.48
531 L 0 R 1 push 1 force 239.72
534 L 1 R 0 push -1 force 240.57
535 L 0 R 1 push 1 force 240.80
536 L 1 R 0 push -1 force 241.08
538 L 0 R 1 push 1 force 241.52
540 L 0 R 1 push 1 force 242.05
543 L 0 R 1 push 1 force 242.98
549 L 0 R 1 push 1 force 245.04
551 L 0 R 1 push 1 force 245.81
552 L 1 R 0 push -1 force 246.23
559 L 1 R 0 push -1 force 248.77
560 L 0 R 1 push 1 force 249.07
566 L 1 R 0 push -1 force 251.09
570 L 1 R 0 push -1 force 252.18
571 L 1 R 0 push -1 force 252.40
573 L 1 R 0 push -1 force 252.72
574 L 0 R 1 push 1 force 252.83
575 L 1 R 0 push -1 force 252.98
576 L 1 R 0 push -1 force 253.09
577 L 0 R 1 push 1 force 253.14
578 L 0 R 1 push 1 force 253.24
579 L 0 R 1 push 1 force 253.38
581 L 0 R 1 push 1 force 253.77
582 L 1 R 0 push -1 force 254.01
585 L 1 R 0 push -1 force 254.56
588 L 0 R 1 push 1 force 254.94
589 L 0 R 1 push 1 force 255.12
590 L 0 R 1 push 1 force 255.34
594 L 1 R 0 push -1 force 256.39
595 L 0 R 1 push 1 force 256.59
596 L 0 R 1 push 1 force 256.85
597 L 1 R 0 push -1 force 257.15
598 L 0 R 1 push 1 force 257.39
599 L 0 R 1 push 1 force 257.69
600 L 1 R 0 push -1 force 258.03
601 L 1 R 0 push -1 force 258.32
602 L 1 R 0 push -1 force 258.55
603 L 1 R 0 push -1 force 258.73
605 L 1 R 0 push -1 force 258.99
607 L 0 R 1 push 1 force 259.14
610 L 1 R 0 push -1 force 259.50
612 L 1 R 0 push -1 force 259.62
613 L 0 R 1 push 1 force 259.64
617 L 1 R 0 push -1 force 259.86
621 L 0 R 1 push 1 force 259.86
622 L 1 R 0 push -1 force 259.90
623 L 1 R 0 push -1 force 259.90
624 L 1 R 0 push -1 force 259.84
625 L 0 R 1 push 1 force 259.73
626 L 0 R 1 push 1 force 259.67
628 L 1 R 0 push -1 force 259.64
629 L 1 R 0 push -1 force 259.58
630 L 1 R 0 push -1 force 259.46
633 L 1 R 0 push -1 force 258.96
634 L 1 R 0 push -1 force 258.74
635 L 0 R 1 push 1 force 258.47
636 L 0 R 1 push 1 force 258.25
637 L 1 R 0 push -1 force 258.08
640 L 0 R 1 push 1 force 257.41
641 L 0 R 1 push 1 force 257.24
642 L 0 R 1 push 1 force 257.12
645 L 0 R 1 push 1 force 256.89
646 L 0 R 1 push 1 force 256.86
649 L 1 R 0 push -1 force 256.91
650 L 1 R 0 push -1 force 256.88
652 L 1 R 0 push -1 force 256.71
653 L 1 R 0 push -1 force 256.57
654 L 1 R 0 push -1 force 256.38
656 L 1 R 0 push -1 force 255.90
659 L 0 R 1 push 1 force 255.02
660 L 1 R 0 push -1 force 254.78
662 L 1 R 0 push -1 force 254.20
663 L 0 R 1 push 1 force 253.86
665 L 0 R 1 push 1 force 253.28
667 L 0 R 1 push 1 force 252.79
668 L 0 R 1 push 1 force 252.60
669 L 1 R 0 push -1 force 252.45
670 L 0 R 1 push 1 force 252.26
671 L 1 R 0 push -1 force 252.12
679 L 1 R 0 push -1 force 250.53
680 L 0 R 1 push 1 force 250.28
682 L 0 R 1 push 1 force 249.88
684 L 0 R 1 push 1 force 249.58
686 L 0 R 1 push 1 force 249.37
687 L 0 R 1 push 1 force 249.31
688 L 1 R 0 push -1 force 249.30
689 L 0 R 1 push 1 force 249.25
690 L 1 R 0 push -1 force 249.24
691 L 1 R 0 push -1 force 249.17
694 L 0 R 1 push 1 force 248.83
697 L 1 R 0 push -1 force 248.63
700 L 0 R 1 push 1 force 248.27
701 L 0 R 1 push 1 force 248.20
704 L 1 R 0 push -1 force 248.13
705 L 0 R 1 push 1 force 248.05
706 L 1 R 0 push -1 force 248.02
707 L 0 R 1 push 1 force 247.94
709 L 1 R 0 push -1 force 247.87
710 L 1 R 0 push -1 force 247.79
711 L 1 R 0 push -1 force 247.66
712 L 1 R 0 push -1 force 247.47
713 L 0 R 1 push 1 force 247.23
714 L 1 R 0 push -1 force 247.05
716 L 1 R 0 push -1 force 246.57
718 L 0 R 1 push 1 force 246.00
720 L 0 R 1 push 1 force 245.52
721 L 0 R 1 push 1 force 245.33
724 L 1 R 0 push -1 force 244.91
727 L 1 R 0 push -1 force 244.33
730 L 0 R 1 push 1 force 243.60
731 L 0 R 1 push 1 force 243.40
734 L 0 R 1 push 1 force 242.97
737 L 0 R 1 push 1 force 242.67
738 L 0 R 1 push 1 force 242.62
740 L 0 R 1 push 1 force 242.61
741 L 0 R 1 push 1 force 242.66
742 L 1 R 0 push -1 force 242.75
746 L 0 R 1 push 1 force 242.90
754 L 1 R 0 push -1 force 243.52
Pole balanced successfully for at least 10000 steps at 2 trials
Max steps: 10000, Total Steps: 17946 
Firing rate (spikes/sec): 2048.37 (L: 1003.01, R: 1045.36)
Number of spikes        : 1838 (L: 900, R: 938)
Balanced = 4
Elapsed time: 11 seconds

------------- Run 5 -------------
0 L 0 R 1 push 1 force 0.00
2 L 0 R 1 push 1 force 0.10
3 L 0 R 1 push 1 force 0.20
5 L 1 R 0 push -1 force 0.50
8 L 1 R 0 push -1 force 0.79
10 L 1 R 0 push -1 force 0.88
12 L 1 R 0 push -1 force 0.87
13 L 1 R 0 push -1 force 0.81
14 L 1 R 0 push -1 force 0.71
15 L 0 R 1 push 1 force 0.56
16 L 0 R 1 push 1 force 0.45
17 L 1 R 0 push -1 force 0.40
18 L 0 R 1 push 1 force 0.30
22 L 1 R 0 push -1 force 0.10
23 L 1 R 0 push -1 force -0.00
29 L 0 R 1 push 1 force -0.89
30 L 1 R 0 push -1 force -0.99
31 L 0 R 1 push 1 force -1.13
32 L 0 R 1 push 1 force -1.23
35 L 0 R 1 push 1 force -1.36
36 L 1 R 0 push -1 force -1.35
38 L 1 R 0 push -1 force -1.44
39 L 0 R 1 push 1 force -1.53
41 L 0 R 1 push 1 force -1.61
44 L 0 R 1 push 1 force -1.59
47 L 1 R 0 push -1 force -1.41
50 L 1 R 0 push -1 force -1.39
52 L 1 R 0 push -1 force -1.48
53 L 1 R 0 push -1 force -1.57
56 L 1 R 0 push -1 force -1.99
57 L 1 R 0 push -1 force -2.18
58 L 1 R 0 push -1 force -2.42
60 L 0 R 1 push 1 force -2.99
61 L 1 R 0 push -1 force -3.23
64 L 1 R 0 push -1 force -4.07
65 L 1 R 0 push -1 force -4.40
68 L 1 R 0 push -1 force -5.53
69 L 1 R 0 push -1 force -5.95
74 L 1 R 0 push -1 force -8.27
76 L 1 R 0 push -1 force -9.28
80 L 1 R 0 push -1 force -11.46
83 L 1 R 0 push -1 force -13.23
84 L 1 R 0 push -1 force -13.86
87 L 1 R 0 push -1 force -15.88
91 L 1 R 0 push -1 force -18.73
94 L 0 R 1 push 1 force -20.97
95 L 1 R 0 push -1 force -21.66
97 L 1 R 0 push -1 force -23.13
103 L 1 R 0 push -1 force -27.75
104 L 0 R 1 push 1 force -28.55
108 L 1 R 0 push -1 force -31.53
111 L 1 R 0 push -1 force -33.88
113 L 1 R 0 push -1 force -35.52
114 L 0 R 1 push 1 force -36.39
115 L 1 R 0 push -1 force -37.19
117 L 0 R 1 push 1 force -38.90
119 L 1 R 0 push -1 force -40.49
127 L 0 R 1 push 1 force -47.07
129 L 0 R 1 push 1 force -48.57
132 L 1 R 0 push -1 force -50.65
133 L 0 R 1 push 1 force -51.38
134 L 0 R 1 push 1 force -52.06
135 L 1 R 0 push -1 force -52.69
136 L 1 R 0 push -1 force -53.36
140 L 1 R 0 push -1 force -56.21
147 L 0 R 1 push 1 force -61.40
149 L 0 R 1 push 1 force -62.75
153 L 0 R 1 push 1 force -65.20
154 L 1 R 0 push -1 force -65.75
155 L 1 R 0 push -1 force -66.35
160 L 1 R 0 push -1 force -69.55
164 L 1 R 0 push -1 force -72.24
165 L 0 R 1 push 1 force -72.95
168 L 1 R 0 push -1 force -74.92
170 L 0 R 1 push 1 force -76.31
172 L 0 R 1 push 1 force -77.59
174 L 1 R 0 push -1 force -78.75
177 L 1 R 0 push -1 force -80.62
179 L 1 R 0 push -1 force -81.95
180 L 0 R 1 push 1 force -82.66
181 L 0 R 1 push 1 force -83.31
184 L 0 R 1 push 1 force -85.10
185 L 1 R 0 push -1 force -85.64
186 L 1 R 0 push -1 force -86.23
187 L 1 R 0 push -1 force -86.86
188 L 0 R 1 push 1 force -87.54
189 L 0 R 1 push 1 force -88.16
190 L 1 R 0 push -1 force -88.74
191 L 0 R 1 push 1 force -89.35
192 L 1 R 0 push -1 force -89.92
196 L 0 R 1 push 1 force -92.34
198 L 0 R 1 push 1 force -93.43
200 L 1 R 0 push -1 force -94.41
201 L 1 R 0 push -1 force -94.94
203 L 0 R 1 push 1 force -96.10
205 L 1 R 0 push -1 force -97.15
206 L 1 R 0 push -1 force -97.71
208 L 0 R 1 push 1 force -98.94
210 L 1 R 0 push -1 force -100.05
213 L 1 R 0 push -1 force -101.84
214 L 1 R 0 push -1 force -102.47
215 L 1 R 0 push -1 force -103.16
219 L 1 R 0 push -1 force -106.06
220 L 0 R 1 push 1 force -106.82
222 L 1 R 0 push -1 force -108.23
224 L 0 R 1 push 1 force -109.73
226 L 0 R 1 push 1 force -111.11
227 L 1 R 0 push -1 force -111.74
231 L 0 R 1 push 1 force -114.44
234 L 1 R 0 push -1 force -116.27
236 L 1 R 0 push -1 force -117.57
237 L 0 R 1 push 1 force -118.26
238 L 1 R 0 push -1 force -118.90
242 L 0 R 1 push 1 force -121.62
243 L 1 R 0 push -1 force -122.24
246 L 1 R 0 push -1 force -124.23
248 L 0 R 1 push 1 force -125.63
249 L 0 R 1 push 1 force -126.27
250 L 1 R 0 push -1 force -126.86
253 L 0 R 1 push 1 force -128.76
255 L 0 R 1 push 1 force -129.91
256 L 0 R 1 push 1 force -130.43
258 L 0 R 1 push 1 force -131.35
260 L 0 R 1 push 1 force -132.17
261 L 0 R 1 push 1 force -132.52
263 L 1 R 0 push -1 force -133.12
268 L 0 R 1 push 1 force -134.83
269 L 0 R 1 push 1 force -135.11
270 L 0 R 1 push 1 force -135.34
272 L 0 R 1 push 1 force -135.70
274 L 1 R 0 push -1 force -135.95
275 L 0 R 1 push 1 force -136.12
278 L 0 R 1 push 1 force -136.48
280 L 1 R 0 push -1 force -136.61
283 L 1 R 0 push -1 force -136.95
284 L 1 R 0 push -1 force -137.11
286 L 1 R 0 push -1 force -137.53
291 L 0 R 1 push 1 force -138.78
292 L 1 R 0 push -1 force -138.97
293 L 1 R 0 push -1 force -139.22
295 L 0 R 1 push 1 force -139.79
296 L 0 R 1 push 1 force -140.03
297 L 1 R 0 push -1 force -140.21
302 L 0 R 1 push 1 force -141.35
304 L 0 R 1 push 1 force -141.69
306 L 1 R 0 push -1 force -141.93
307 L 1 R 0 push -1 force -142.09
310 L 1 R 0 push -1 force -142.73
311 L 1 R 0 push -1 force -142.98
315 L 1 R 0 push -1 force -144.19
318 L 1 R 0 push -1 force -145.22
320 L 1 R 0 push -1 force -145.99
322 L 1 R 0 push -1 force -146.85
323 L 1 R 0 push -1 force -147.33
327 L 0 R 1 push 1 force -149.39
331 L 0 R 1 push 1 force -151.21
332 L 0 R 1 push 1 force -151.60
333 L 1 R 0 push -1 force -151.95
336 L 0 R 1 push 1 force -153.11
338 L 0 R 1 push 1 force -153.77
340 L 0 R 1 push 1 force -154.32
343 L 1 R 0 push -1 force -154.98
345 L 1 R 0 push -1 force -155.51
346 L 0 R 1 push 1 force -155.82
347 L 1 R 0 push -1 force -156.07
348 L 1 R 0 push -1 force -156.38
354 L 1 R 0 push -1 force -158.46
356 L 1 R 0 push -1 force -159.23
358 L 0 R 1 push 1 force -160.09
361 L 0 R 1 push 1 force -161.21
362 L 1 R 0 push -1 force -161.52
364 L 0 R 1 push 1 force -162.25
367 L 0 R 1 push 1 force -163.16
369 L 1 R 0 push -1 force -163.66
372 L 0 R 1 push 1 force -164.54
373 L 0 R 1 push 1 force -164.78
375 L 1 R 0 push -1 force -165.15
378 L 0 R 1 push 1 force -165.84
379 L 0 R 1 push 1 force -166.02
383 L 1 R 0 push -1 force -166.51
386 L 1 R 0 push -1 force -167.01
387 L 1 R 0 push -1 force -167.22
388 L 1 R 0 push -1 force -167.48
389 L 1 R 0 push -1 force -167.78
390 L 0 R 1 push 1 force -168.14
392 L 1 R 0 push -1 force -168.74
395 L 1 R 0 push -1 force -169.77
400 L 1 R 0 push -1 force -171.68
401 L 1 R 0 push -1 force -172.11
403 L 1 R 0 push -1 force -173.04
404 L 1 R 0 push -1 force -173.56
405 L 1 R 0 push -1 force -174.11
408 L 0 R 1 push 1 force -175.92
410 L 0 R 1 push 1 force -177.00
412 L 1 R 0 push -1 force -177.97
413 L 1 R 0 push -1 force -178.50
414 L 1 R 0 push -1 force -179.07
417 L 1 R 0 push -1 force -180.92
418 L 1 R 0 push -1 force -181.58
419 L 1 R 0 push -1 force -182.28
422 L 1 R 0 push -1 force -184.51
424 L 0 R 1 push 1 force -186.07
426 L 1 R 0 push -1 force -187.52
429 L 1 R 0 push -1 force -189.79
430 L 0 R 1 push 1 force -190.59
431 L 1 R 0 push -1 force -191.34
433 L 1 R 0 push -1 force -192.91
435 L 1 R 0 push -1 force -194.56
438 L 0 R 1 push 1 force -197.15
439 L 1 R 0 push -1 force -197.95
442 L 0 R 1 push 1 force -200.47
444 L 1 R 0 push -1 force -202.02
448 L 0 R 1 push 1 force -205.27
450 L 0 R 1 push 1 force -206.76
453 L 1 R 0 push -1 force -208.81
455 L 1 R 0 push -1 force -210.26
456 L 0 R 1 push 1 force -211.02
458 L 1 R 0 push -1 force -212.43
461 L 1 R 0 push -1 force -214.67
464 L 1 R 0 push -1 force -217.00
465 L 1 R 0 push -1 force -217.82
466 L 1 R 0 push -1 force -218.68
468 L 0 R 1 push 1 force -220.49
469 L 0 R 1 push 1 force -221.34
470 L 0 R 1 push 1 force -222.13
471 L 0 R 1 push 1 force -222.86
475 L 1 R 0 push -1 force -225.55
478 L 1 R 0 push -1 force -227.67
479 L 1 R 0 push -1 force -228.42
480 L 1 R 0 push -1 force -229.21
481 L 1 R 0 push -1 force -230.04
482 L 1 R 0 push -1 force -230.92
483 L 0 R 1 push 1 force -231.84
484 L 1 R 0 push -1 force -232.71
485 L 1 R 0 push -1 force -233.62
486 L 1 R 0 push -1 force -234.58
487 L 1 R 0 push -1 force -235.58
489 L 0 R 1 push 1 force -237.65
490 L 1 R 0 push -1 force -238.63
492 L 0 R 1 push 1 force -240.67
494 L 0 R 1 push 1 force -242.58
498 L 1 R 0 push -1 force -246.14
499 L 0 R 1 push 1 force -247.06
502 L 0 R 1 push 1 force -249.64
503 L 1 R 0 push -1 force -250.44
504 L 1 R 0 push -1 force -251.29
506 L 0 R 1 push 1 force -253.06
508 L 1 R 0 push -1 force -254.71
509 L 1 R 0 push -1 force -255.57
512 L 1 R 0 push -1 force -258.28
514 L 1 R 0 push -1 force -260.15
515 L 1 R 0 push -1 force -261.13
516 L 0 R 1 push 1 force -262.15
524 L 0 R 1 push 1 force -269.69
Pole balanced successfully for at least 10000 steps at 2 trials
Max steps: 10000, Total Steps: 20635 
Firing rate (spikes/sec): 498.18 (L: 274.29, R: 223.89)
Number of spikes        : 514 (L: 283, R: 231)
Balanced = 5
Elapsed time: 14 seconds

============== SUMMARY ===============
Final Max Steps: 10000
Success rate: 100.00 percent (5/5)
Elapsed time: 52 seconds
MAX_FAILURES	= 20000
TARGET_STEPS	= 10000
STEPSIZE (ms)	= 0.05
TAU      (sec)	= 0.02
MAX_FORCE 	= 1000
#./demo.o > demo.log
