gcc -fopenmp -o demo.o demo.c -lm
./demo.o
demo
demo
demo
demo
MAX_FAILURES	= 10000
TARGET_STEPS	= 200
LAST_STEPS	= 100
STEPSIZE (ms)	= 20.00
TAU      (ms)	= 20
MAX_FORCE 	= 1000

------------- Run 1 -------------
2 (2) L 0 R 1 push 1 force 0.00
3 (3) L 1 R 0 push -1 force 7.36
4 (4) L 1 R 0 push -1 force -1.94
6 (6) L 0 R 1 push 1 force -6.94
8 (8) L 0 R 1 push 1 force 3.57
10 (10) L 1 R 0 push -1 force 6.51
12 (12) L 0 R 1 push 1 force -3.72
13 (13) L 0 R 1 push 1 force 5.14
16 (16) L 1 R 0 push -1 force 4.22
17 (17) L 0 R 1 push 1 force -5.32
19 (19) L 0 R 1 push 1 force 2.83
20 (20) L 0 R 1 push 1 force 9.05
21 (21) L 0 R 1 push 1 force 13.64
22 (22) L 1 R 0 push -1 force 16.16
23 (23) L 0 R 1 push 1 force 2.69
26 (26) L 0 R 1 push 1 force 2.63
27 (27) L 1 R 0 push -1 force 8.63
28 (28) L 1 R 0 push -1 force -1.36
29 (29) L 0 R 1 push 1 force -9.53
30 (30) L 0 R 1 push 1 force 0.53
31 (31) L 1 R 0 push -1 force 9.04
32 (32) L 1 R 0 push -1 force -0.78
35 (35) L 1 R 0 push -1 force -3.64
36 (36) L 1 R 0 push -1 force -9.14
38 (38) L 1 R 0 push -1 force -8.76
41 (41) L 0 R 1 push 1 force -3.99
42 (42) L 1 R 0 push -1 force 5.46
46 (46) L 0 R 1 push 1 force -0.86
1 (1) L 0 R 1 push 1 force 0.00
2 (2) L 1 R 0 push -1 force 7.36
4 (4) L 0 R 1 push 1 force -2.43
7 (7) L 1 R 0 push -1 force 2.61
9 (9) L 0 R 1 push 1 force -4.81
10 (10) L 1 R 0 push -1 force 4.64
12 (12) L 1 R 0 push -1 force -3.05
13 (13) L 1 R 0 push -1 force -9.16
14 (14) L 0 R 1 push 1 force -13.68
20 (20) L 1 R 0 push -1 force 0.11
9 (9) L 0 R 1 push 1 force 0.00
17 (17) L 0 R 1 push 1 force 0.05
21 (21) L 0 R 1 push 1 force 1.47
22 (22) L 0 R 1 push 1 force 8.03
1 (1) L 0 R 1 push 1 force 0.00
Pole not balanced. Stopping after 10000 failures 
Max steps: 146, Total Steps: 323545 
Firing rate (spikes/sec): 0.01 (L: 0.01, R: 0.01)
Number of spikes        : 95 (L: 45, R: 50)
Elapsed time: 51 seconds

------------- Run 2 -------------
0 (0) L 0 R 1 push 1 force 0.00
2 (2) L 0 R 1 push 1 force 5.41
5 (5) L 1 R 0 push -1 force 3.66
6 (6) L 0 R 1 push 1 force -5.59
7 (7) L 0 R 1 push 1 force 2.75
11 (11) L 1 R 0 push -1 force 1.87
13 (13) L 1 R 0 push -1 force -5.04
0 (0) L 1 R 0 push -1 force 0.00
3 (3) L 0 R 1 push 1 force -2.99
4 (4) L 0 R 1 push 1 force 5.89
6 (6) L 0 R 1 push 1 force 8.10
9 (9) L 1 R 0 push -1 force 3.94
10 (10) L 1 R 0 push -1 force -5.48
12 (12) L 1 R 0 push -1 force -8.03
13 (13) L 0 R 1 push 1 force -11.65
14 (14) L 0 R 1 push 1 force -0.13
15 (15) L 1 R 0 push -1 force 8.84
16 (16) L 0 R 1 push 1 force -0.84
18 (18) L 1 R 0 push -1 force 4.19
19 (19) L 1 R 0 push -1 force -5.02
21 (21) L 0 R 1 push 1 force -7.87
0 (0) L 0 R 1 push 1 force 0.00
1 (1) L 0 R 1 push 1 force 7.36
2 (2) L 0 R 1 push 1 force 12.77
5 (5) L 1 R 0 push -1 force 5.13
8 (8) L 1 R 0 push -1 force -2.51
10 (10) L 0 R 1 push 1 force -6.00
11 (11) L 0 R 1 push 1 force 4.11
15 (15) L 0 R 1 push 1 force 2.00
18 (18) L 1 R 0 push -1 force 3.16
7 (7) L 0 R 1 push 1 force 0.00
10 (10) L 0 R 1 push 1 force 2.99
12 (12) L 1 R 0 push -1 force 6.09
14 (14) L 0 R 1 push 1 force -3.82
18 (18) L 1 R 0 push -1 force 1.23
22 (22) L 0 R 1 push 1 force -1.42
23 (23) L 0 R 1 push 1 force 6.70
24 (24) L 0 R 1 push 1 force 12.48
25 (25) L 0 R 1 push 1 force 15.63
27 (27) L 0 R 1 push 1 force 10.52
31 (31) L 1 R 0 push -1 force 1.97
34 (34) L 0 R 1 push 1 force -2.82
2 (2) L 1 R 0 push -1 force 0.00
Pole not balanced. Stopping after 10000 failures 
Max steps: 128, Total Steps: 319829 
Firing rate (spikes/sec): 0.02 (L: 0.01, R: 0.01)
Number of spikes        : 135 (L: 63, R: 72)
Elapsed time: 50 seconds

------------- Run 3 -------------
1 (1) L 1 R 0 push -1 force 0.00
2 (2) L 1 R 0 push -1 force -7.36
3 (3) L 1 R 0 push -1 force -12.77
9 (9) L 1 R 0 push -1 force -0.48
15 (15) L 1 R 0 push -1 force -0.30
17 (17) L 1 R 0 push -1 force -5.47
19 (19) L 1 R 0 push -1 force -6.89
20 (20) L 1 R 0 push -1 force -11.02
3 (3) L 0 R 1 push 1 force 0.00
5 (5) L 0 R 1 push 1 force 5.41
6 (6) L 0 R 1 push 1 force 10.34
7 (7) L 0 R 1 push 1 force 14.24
14 (14) L 1 R 0 push -1 force 0.21
17 (17) L 0 R 1 push 1 force -2.97
18 (18) L 0 R 1 push 1 force 5.90
19 (19) L 1 R 0 push -1 force 12.10
7 (7) L 1 R 0 push -1 force 0.00
10 (10) L 0 R 1 push 1 force -2.99
12 (12) L 1 R 0 push -1 force 4.74
16 (16) L 1 R 0 push -1 force -1.19
17 (17) L 1 R 0 push -1 force -7.91
18 (18) L 1 R 0 push -1 force -13.02
20 (20) L 1 R 0 push -1 force -9.91
21 (21) L 1 R 0 push -1 force -12.50
24 (24) L 0 R 1 push 1 force -4.93
25 (25) L 1 R 0 push -1 force 5.01
29 (29) L 1 R 0 push -1 force -0.87
30 (30) L 0 R 1 push 1 force -7.77
31 (31) L 1 R 0 push -1 force 1.76
2 (2) L 0 R 1 push 1 force 0.00
8 (8) L 1 R 0 push -1 force 0.30
12 (12) L 1 R 0 push -1 force -1.46
17 (17) L 1 R 0 push -1 force -0.70
24 (24) L 0 R 1 push 1 force -0.13
27 (27) L 0 R 1 push 1 force 2.98
28 (28) L 1 R 0 push -1 force 8.82
3 (3) L 1 R 0 push -1 force 0.00
16 (16) L 1 R 0 push -1 force 0.00
Pole not balanced. Stopping after 10000 failures 
Max steps: 145, Total Steps: 322588 
Firing rate (spikes/sec): 0.31 (L: 0.16, R: 0.15)
Number of spikes        : 1996 (L: 1005, R: 991)
Elapsed time: 50 seconds

------------- Run 4 -------------
0 (0) L 0 R 1 push 1 force 0.00
1 (1) L 0 R 1 push 1 force 7.36
5 (5) L 1 R 0 push -1 force 2.14
7 (7) L 1 R 0 push -1 force -4.99
8 (8) L 1 R 0 push -1 force -10.16
9 (9) L 1 R 0 push -1 force -14.16
11 (11) L 1 R 0 push -1 force -10.15
17 (17) L 1 R 0 push -1 force -0.38
19 (19) L 0 R 1 push 1 force -5.48
21 (21) L 0 R 1 push 1 force 3.94
23 (23) L 1 R 0 push -1 force 6.58
24 (24) L 0 R 1 push 1 force -3.82
0 (0) L 0 R 1 push 1 force 0.00
1 (1) L 0 R 1 push 1 force 7.36
3 (3) L 0 R 1 push 1 force 8.40
4 (4) L 0 R 1 push 1 force 11.81
1 (1) L 1 R 0 push -1 force 0.00
4 (4) L 1 R 0 push -1 force -2.99
5 (5) L 0 R 1 push 1 force -8.82
7 (7) L 1 R 0 push -1 force 2.13
8 (8) L 1 R 0 push -1 force -5.96
9 (9) L 1 R 0 push -1 force -12.03
10 (10) L 1 R 0 push -1 force -15.40
12 (12) L 0 R 1 push 1 force -10.47
13 (13) L 0 R 1 push 1 force 1.96
14 (14) L 0 R 1 push 1 force 10.22
16 (16) L 0 R 1 push 1 force 9.37
17 (17) L 0 R 1 push 1 force 12.27
18 (18) L 1 R 0 push -1 force 15.12
19 (19) L 0 R 1 push 1 force 2.11
20 (20) L 0 R 1 push 1 force 6.86
23 (23) L 0 R 1 push 1 force 4.24
25 (25) L 1 R 0 push -1 force 6.34
27 (27) L 1 R 0 push -1 force -3.78
31 (31) L 1 R 0 push -1 force -1.70
32 (32) L 1 R 0 push -1 force -8.13
33 (33) L 0 R 1 push 1 force -13.11
0 (0) L 1 R 0 push -1 force 0.00
23 (23) L 1 R 0 push -1 force 0.00
Pole not balanced. Stopping after 10000 failures 
Max steps: 145, Total Steps: 319480 
Firing rate (spikes/sec): 0.06 (L: 0.03, R: 0.03)
Number of spikes        : 375 (L: 188, R: 187)
Elapsed time: 50 seconds

------------- Run 5 -------------
1 (1) L 1 R 0 push -1 force 0.00
2 (2) L 0 R 1 push 1 force -7.36
4 (4) L 0 R 1 push 1 force 2.43
5 (5) L 0 R 1 push 1 force 8.88
6 (6) L 1 R 0 push -1 force 13.56
7 (7) L 1 R 0 push -1 force 1.42
8 (8) L 0 R 1 push 1 force -8.15
9 (9) L 0 R 1 push 1 force 1.17
10 (10) L 1 R 0 push -1 force 9.32
11 (11) L 0 R 1 push 1 force -0.66
15 (15) L 0 R 1 push 1 force 1.15
17 (17) L 1 R 0 push -1 force 5.65
18 (18) L 1 R 0 push -1 force -4.27
0 (0) L 1 R 0 push -1 force 0.00
1 (1) L 1 R 0 push -1 force -7.36
3 (3) L 0 R 1 push 1 force -8.40
5 (5) L 1 R 0 push -1 force 3.27
6 (6) L 1 R 0 push -1 force -5.34
7 (7) L 0 R 1 push 1 force -11.73
9 (9) L 1 R 0 push -1 force 1.18
10 (10) L 0 R 1 push 1 force -6.41
11 (11) L 0 R 1 push 1 force 2.48
13 (13) L 0 R 1 push 1 force 7.06
14 (14) L 1 R 0 push -1 force 11.19
17 (17) L 1 R 0 push -1 force -1.15
19 (19) L 1 R 0 push -1 force -5.72
22 (22) L 1 R 0 push -1 force -3.69
4 (4) L 1 R 0 push -1 force 0.00
5 (5) L 1 R 0 push -1 force -7.36
6 (6) L 0 R 1 push 1 force -12.77
7 (7) L 1 R 0 push -1 force -1.04
9 (9) L 1 R 0 push -1 force -4.57
15 (15) L 1 R 0 push -1 force -0.34
16 (16) L 0 R 1 push 1 force -7.50
18 (18) L 0 R 1 push 1 force 2.40
19 (19) L 1 R 0 push -1 force 8.87
23 (23) L 0 R 1 push 1 force -0.72
27 (27) L 1 R 0 push -1 force 1.44
28 (28) L 1 R 0 push -1 force -6.70
29 (29) L 1 R 0 push -1 force -12.48
31 (31) L 1 R 0 push -1 force -9.81
0 (0) L 0 R 1 push 1 force 0.00
2 (2) L 0 R 1 push 1 force 5.41
3 (3) L 0 R 1 push 1 force 10.34
4 (4) L 0 R 1 push 1 force 14.24
5 (5) L 0 R 1 push 1 force 16.43
6 (6) L 1 R 0 push -1 force 17.52
8 (8) L 0 R 1 push 1 force 0.06
10 (10) L 1 R 0 push -1 force 5.11
11 (11) L 0 R 1 push 1 force -4.54
12 (12) L 1 R 0 push -1 force 3.33
14 (14) L 1 R 0 push -1 force -3.61
15 (15) L 0 R 1 push 1 force -9.43
17 (17) L 0 R 1 push 1 force 1.94
0 (0) L 1 R 0 push -1 force 0.00
1 (1) L 0 R 1 push 1 force -7.36
5 (5) L 0 R 1 push 1 force 0.79
9 (9) L 0 R 1 push 1 force 1.50
10 (10) L 0 R 1 push 1 force 8.04
14 (14) L 1 R 0 push -1 force 2.16
15 (15) L 0 R 1 push 1 force -6.38
16 (16) L 0 R 1 push 1 force 2.37
17 (17) L 0 R 1 push 1 force 9.97
20 (20) L 0 R 1 push 1 force 4.84
21 (21) L 0 R 1 push 1 force 9.67
22 (22) L 1 R 0 push -1 force 13.82
23 (23) L 1 R 0 push -1 force 1.50
24 (24) L 1 R 0 push -1 force -8.12
0 (0) L 1 R 0 push -1 force 0.00
1 (1) L 1 R 0 push -1 force -7.36
5 (5) L 1 R 0 push -1 force -2.14
6 (6) L 1 R 0 push -1 force -8.33
8 (8) L 0 R 1 push 1 force -8.58
10 (10) L 1 R 0 push -1 force 3.24
12 (12) L 1 R 0 push -1 force -4.38
14 (14) L 0 R 1 push 1 force -6.66
15 (15) L 1 R 0 push -1 force 3.79
16 (16) L 0 R 1 push 1 force -3.67
14 (14) L 0 R 1 push 1 force 0.00
Pole not balanced. Stopping after 10000 failures 
Max steps: 126, Total Steps: 319561 
Firing rate (spikes/sec): 1.44 (L: 0.72, R: 0.72)
Number of spikes        : 9187 (L: 4595, R: 4592)
Elapsed time: 49 seconds

============== SUMMARY ===============
Final Max Steps: 146
Success rate: 0.00 percent (0/5)
Elapsed time: 250 seconds
MAX_FAILURES	= 10000
TARGET_STEPS	= 200
LAST_STEPS	= 100
STEPSIZE (ms)	= 20.00
TAU      (ms)	= 20
MAX_FORCE 	= 1000
#./demo.o > demo.log
