gcc -fopenmp -o demo.o demo.c -lm
./demo.o
demo
demo
demo
demo
MAX_FAILURES	= 20000
TARGET_STEPS	= 50000
STEPSIZE (ms)	= 0.05
TAU      (sec)	= 0.02
MAX_FORCE 	= 1000

------------- Run 1 -------------
0 L 1 R 0 push -1 force 0.00
3 L 0 R 1 push 1 force -0.15
4 L 1 R 0 push -1 force -0.15
5 L 0 R 1 push 1 force -0.20
10 L 1 R 0 push -1 force -0.19
11 L 1 R 0 push -1 force -0.24
14 L 1 R 0 push -1 force -0.54
19 L 1 R 0 push -1 force -1.26
20 L 1 R 0 push -1 force -1.46
21 L 0 R 1 push 1 force -1.70
22 L 0 R 1 push 1 force -1.89
23 L 0 R 1 push 1 force -2.03
26 L 1 R 0 push -1 force -2.30
28 L 0 R 1 push 1 force -2.57
30 L 1 R 0 push -1 force -2.74
31 L 1 R 0 push -1 force -2.88
32 L 1 R 0 push -1 force -3.07
33 L 0 R 1 push 1 force -3.30
36 L 0 R 1 push 1 force -3.84
39 L 0 R 1 push 1 force -4.23
40 L 1 R 0 push -1 force -4.31
42 L 1 R 0 push -1 force -4.57
44 L 1 R 0 push -1 force -4.92
45 L 1 R 0 push -1 force -5.14
46 L 0 R 1 push 1 force -5.41
47 L 1 R 0 push -1 force -5.64
54 L 0 R 1 push 1 force -7.50
55 L 1 R 0 push -1 force -7.71
58 L 0 R 1 push 1 force -8.49
62 L 0 R 1 push 1 force -9.30
63 L 0 R 1 push 1 force -9.46
64 L 1 R 0 push -1 force -9.56
65 L 0 R 1 push 1 force -9.71
67 L 0 R 1 push 1 force -9.91
68 L 1 R 0 push -1 force -9.96
70 L 0 R 1 push 1 force -10.15
72 L 1 R 0 push -1 force -10.25
76 L 0 R 1 push 1 force -10.63
79 L 1 R 0 push -1 force -10.76
80 L 1 R 0 push -1 force -10.85
81 L 1 R 0 push -1 force -11.00
82 L 0 R 1 push 1 force -11.19
83 L 1 R 0 push -1 force -11.33
84 L 1 R 0 push -1 force -11.52
85 L 0 R 1 push 1 force -11.76
87 L 0 R 1 push 1 force -12.13
89 L 1 R 0 push -1 force -12.41
90 L 0 R 1 push 1 force -12.59
91 L 1 R 0 push -1 force -12.72
97 L 0 R 1 push 1 force -13.80
99 L 1 R 0 push -1 force -14.06
100 L 0 R 1 push 1 force -14.23
101 L 0 R 1 push 1 force -14.36
105 L 1 R 0 push -1 force -14.65
107 L 0 R 1 push 1 force -14.89
108 L 0 R 1 push 1 force -14.96
110 L 0 R 1 push 1 force -15.00
111 L 0 R 1 push 1 force -14.97
113 L 0 R 1 push 1 force -14.81
114 L 1 R 0 push -1 force -14.68
119 L 0 R 1 push 1 force -14.29
121 L 1 R 0 push -1 force -14.04
122 L 0 R 1 push 1 force -13.97
123 L 0 R 1 push 1 force -13.84
124 L 1 R 0 push -1 force -13.66
126 L 0 R 1 push 1 force -13.42
128 L 0 R 1 push 1 force -13.07
129 L 0 R 1 push 1 force -12.85
130 L 1 R 0 push -1 force -12.58
132 L 0 R 1 push 1 force -12.14
137 L 0 R 1 push 1 force -10.82
138 L 1 R 0 push -1 force -10.51
141 L 0 R 1 push 1 force -9.74
143 L 1 R 0 push -1 force -9.13
144 L 1 R 0 push -1 force -8.87
145 L 1 R 0 push -1 force -8.67
147 L 0 R 1 push 1 force -8.37
151 L 0 R 1 push 1 force -7.58
155 L 1 R 0 push -1 force -6.61
156 L 0 R 1 push 1 force -6.41
157 L 1 R 0 push -1 force -6.17
160 L 1 R 0 push -1 force -5.61
162 L 1 R 0 push -1 force -5.34
163 L 0 R 1 push 1 force -5.25
165 L 0 R 1 push 1 force -4.99
166 L 0 R 1 push 1 force -4.80
169 L 1 R 0 push -1 force -4.11
172 L 0 R 1 push 1 force -3.58
173 L 0 R 1 push 1 force -3.35
188 L 1 R 0 push -1 force 0.63
189 L 1 R 0 push -1 force 0.84
193 L 1 R 0 push -1 force 1.45
194 L 1 R 0 push -1 force 1.55
195 L 1 R 0 push -1 force 1.60
199 L 1 R 0 push -1 force 1.61
200 L 0 R 1 push 1 force 1.56
201 L 1 R 0 push -1 force 1.56
202 L 0 R 1 push 1 force 1.51
203 L 0 R 1 push 1 force 1.51
204 L 1 R 0 push -1 force 1.56
205 L 0 R 1 push 1 force 1.56
207 L 1 R 0 push -1 force 1.66
209 L 0 R 1 push 1 force 1.66
213 L 0 R 1 push 1 force 1.86
215 L 0 R 1 push 1 force 2.06
217 L 1 R 0 push -1 force 2.36
219 L 1 R 0 push -1 force 2.55
223 L 0 R 1 push 1 force 2.73
226 L 0 R 1 push 1 force 3.01
227 L 0 R 1 push 1 force 3.16
230 L 0 R 1 push 1 force 3.73
231 L 1 R 0 push -1 force 3.97
233 L 0 R 1 push 1 force 4.34
234 L 1 R 0 push -1 force 4.58
235 L 0 R 1 push 1 force 4.76
237 L 0 R 1 push 1 force 5.23
238 L 1 R 0 push -1 force 5.51
240 L 1 R 0 push -1 force 5.97
241 L 0 R 1 push 1 force 6.15
243 L 0 R 1 push 1 force 6.60
246 L 1 R 0 push -1 force 7.42
247 L 1 R 0 push -1 force 7.64
250 L 1 R 0 push -1 force 8.14
251 L 0 R 1 push 1 force 8.26
253 L 0 R 1 push 1 force 8.59
255 L 0 R 1 push 1 force 9.02
256 L 1 R 0 push -1 force 9.28
258 L 1 R 0 push -1 force 9.70
259 L 0 R 1 push 1 force 9.86
260 L 0 R 1 push 1 force 10.07
261 L 0 R 1 push 1 force 10.32
264 L 1 R 0 push -1 force 11.23
265 L 1 R 0 push -1 force 11.48
266 L 0 R 1 push 1 force 11.68
267 L 1 R 0 push -1 force 11.93
269 L 0 R 1 push 1 force 12.32
270 L 1 R 0 push -1 force 12.56
271 L 1 R 0 push -1 force 12.76
273 L 1 R 0 push -1 force 13.04
275 L 1 R 0 push -1 force 13.22
277 L 0 R 1 push 1 force 13.30
279 L 1 R 0 push -1 force 13.48
283 L 1 R 0 push -1 force 13.63
284 L 0 R 1 push 1 force 13.61
288 L 1 R 0 push -1 force 13.76
289 L 0 R 1 push 1 force 13.75
290 L 0 R 1 push 1 force 13.78
293 L 0 R 1 push 1 force 14.04
296 L 1 R 0 push -1 force 14.44
299 L 0 R 1 push 1 force 14.68
300 L 1 R 0 push -1 force 14.81
303 L 1 R 0 push -1 force 15.05
304 L 0 R 1 push 1 force 15.08
305 L 0 R 1 push 1 force 15.15
309 L 1 R 0 push -1 force 15.66
311 L 1 R 0 push -1 force 15.81
312 L 0 R 1 push 1 force 15.83
314 L 1 R 0 push -1 force 15.98
315 L 0 R 1 push 1 force 16.00
316 L 0 R 1 push 1 force 16.07
318 L 1 R 0 push -1 force 16.31
319 L 1 R 0 push -1 force 16.38
321 L 1 R 0 push -1 force 16.42
322 L 1 R 0 push -1 force 16.39
324 L 1 R 0 push -1 force 16.23
326 L 1 R 0 push -1 force 15.97
327 L 0 R 1 push 1 force 15.80
329 L 0 R 1 push 1 force 15.54
331 L 1 R 0 push -1 force 15.39
336 L 1 R 0 push -1 force 14.76
338 L 0 R 1 push 1 force 14.42
339 L 0 R 1 push 1 force 14.30
341 L 1 R 0 push -1 force 14.15
342 L 0 R 1 push 1 force 14.03
343 L 1 R 0 push -1 force 13.96
344 L 1 R 0 push -1 force 13.84
349 L 1 R 0 push -1 force 13.00
351 L 0 R 1 push 1 force 12.57
353 L 0 R 1 push 1 force 12.25
354 L 1 R 0 push -1 force 12.14
355 L 1 R 0 push -1 force 11.97
358 L 0 R 1 push 1 force 11.35
359 L 0 R 1 push 1 force 11.19
362 L 1 R 0 push -1 force 10.87
368 L 0 R 1 push 1 force 9.94
371 L 0 R 1 push 1 force 9.64
372 L 0 R 1 push 1 force 9.59
374 L 0 R 1 push 1 force 9.59
378 L 1 R 0 push -1 force 9.78
379 L 1 R 0 push -1 force 9.78
382 L 0 R 1 push 1 force 9.63
383 L 1 R 0 push -1 force 9.63
384 L 0 R 1 push 1 force 9.57
385 L 1 R 0 push -1 force 9.57
387 L 0 R 1 push 1 force 9.47
388 L 1 R 0 push -1 force 9.47
390 L 0 R 1 push 1 force 9.37
394 L 0 R 1 push 1 force 9.37
396 L 0 R 1 push 1 force 9.47
397 L 0 R 1 push 1 force 9.56
398 L 1 R 0 push -1 force 9.71
404 L 0 R 1 push 1 force 10.29
405 L 1 R 0 push -1 force 10.43
406 L 0 R 1 push 1 force 10.52
410 L 0 R 1 push 1 force 11.09
412 L 0 R 1 push 1 force 11.47
413 L 1 R 0 push -1 force 11.70
415 L 1 R 0 push -1 force 12.07
419 L 1 R 0 push -1 force 12.61
422 L 0 R 1 push 1 force 12.85
424 L 0 R 1 push 1 force 13.11
427 L 1 R 0 push -1 force 13.64
428 L 0 R 1 push 1 force 13.76
429 L 0 R 1 push 1 force 13.94
434 L 1 R 0 push -1 force 15.04
435 L 1 R 0 push -1 force 15.21
436 L 1 R 0 push -1 force 15.33
440 L 0 R 1 push 1 force 15.59
450 L 1 R 0 push -1 force 16.70
451 L 0 R 1 push 1 force 16.76
452 L 1 R 0 push -1 force 16.87
455 L 1 R 0 push -1 force 17.04
456 L 1 R 0 push -1 force 17.05
457 L 1 R 0 push -1 force 17.00
458 L 0 R 1 push 1 force 16.91
459 L 0 R 1 push 1 force 16.86
463 L 0 R 1 push 1 force 16.89
464 L 0 R 1 push 1 force 16.94
465 L 1 R 0 push -1 force 17.05
466 L 0 R 1 push 1 force 17.10
467 L 0 R 1 push 1 force 17.21
468 L 1 R 0 push -1 force 17.36
470 L 0 R 1 push 1 force 17.57
472 L 0 R 1 push 1 force 17.87
478 L 0 R 1 push 1 force 19.05
479 L 0 R 1 push 1 force 19.29
486 L 1 R 0 push -1 force 21.30
492 L 0 R 1 push 1 force 22.66
493 L 0 R 1 push 1 force 22.93
494 L 0 R 1 push 1 force 23.25
495 L 0 R 1 push 1 force 23.62
496 L 1 R 0 push -1 force 24.04
502 L 0 R 1 push 1 force 26.20
508 L 0 R 1 push 1 force 28.59
510 L 0 R 1 push 1 force 29.47
511 L 0 R 1 push 1 force 29.95
514 L 0 R 1 push 1 force 31.54
517 L 1 R 0 push -1 force 33.25
518 L 0 R 1 push 1 force 33.77
519 L 1 R 0 push -1 force 34.33
522 L 1 R 0 push -1 force 35.85
524 L 1 R 0 push -1 force 36.75
525 L 0 R 1 push 1 force 37.14
526 L 0 R 1 push 1 force 37.59
529 L 0 R 1 push 1 force 39.05
535 L 1 R 0 push -1 force 42.21
536 L 0 R 1 push 1 force 42.67
538 L 0 R 1 push 1 force 43.70
540 L 0 R 1 push 1 force 44.81
541 L 1 R 0 push -1 force 45.41
543 L 0 R 1 push 1 force 46.50
548 L 0 R 1 push 1 force 49.43
550 L 0 R 1 push 1 force 50.68
551 L 1 R 0 push -1 force 51.35
560 L 1 R 0 push -1 force 56.76
563 L 1 R 0 push -1 force 58.36
564 L 1 R 0 push -1 force 58.84
568 L 1 R 0 push -1 force 60.52
570 L 1 R 0 push -1 force 61.24
574 L 1 R 0 push -1 force 62.47
578 L 0 R 1 push 1 force 63.47
579 L 0 R 1 push 1 force 63.76
580 L 1 R 0 push -1 force 64.11
582 L 0 R 1 push 1 force 64.69
585 L 1 R 0 push -1 force 65.70
588 L 0 R 1 push 1 force 66.53
592 L 1 R 0 push -1 force 67.83
597 L 1 R 0 push -1 force 69.15
599 L 1 R 0 push -1 force 69.57
602 L 0 R 1 push 1 force 70.03
605 L 0 R 1 push 1 force 70.64
606 L 1 R 0 push -1 force 70.88
607 L 0 R 1 push 1 force 71.08
608 L 0 R 1 push 1 force 71.33
609 L 1 R 0 push -1 force 71.62
615 L 1 R 0 push -1 force 73.05
616 L 1 R 0 push -1 force 73.23
618 L 1 R 0 push -1 force 73.49
621 L 1 R 0 push -1 force 73.72
623 L 0 R 1 push 1 force 73.77
628 L 1 R 0 push -1 force 74.14
630 L 1 R 0 push -1 force 74.18
633 L 0 R 1 push 1 force 74.09
634 L 1 R 0 push -1 force 74.11
635 L 0 R 1 push 1 force 74.08
637 L 1 R 0 push -1 force 74.11
642 L 1 R 0 push -1 force 73.94
643 L 0 R 1 push 1 force 73.86
646 L 0 R 1 push 1 force 73.76
649 L 0 R 1 push 1 force 73.80
661 L 1 R 0 push -1 force 74.50
666 L 0 R 1 push 1 force 74.52
667 L 0 R 1 push 1 force 74.57
670 L 0 R 1 push 1 force 74.87
675 L 1 R 0 push -1 force 75.59
677 L 0 R 1 push 1 force 75.77
679 L 0 R 1 push 1 force 76.05
680 L 0 R 1 push 1 force 76.24
681 L 0 R 1 push 1 force 76.47
682 L 1 R 0 push -1 force 76.76
691 L 1 R 0 push -1 force 78.79
692 L 1 R 0 push -1 force 78.96
696 L 0 R 1 push 1 force 79.42
698 L 0 R 1 push 1 force 79.74
703 L 0 R 1 push 1 force 80.77
704 L 1 R 0 push -1 force 81.02
706 L 1 R 0 push -1 force 81.42
707 L 0 R 1 push 1 force 81.57
709 L 1 R 0 push -1 force 81.96
710 L 1 R 0 push -1 force 82.10
712 L 1 R 0 push -1 force 82.28
713 L 1 R 0 push -1 force 82.33
714 L 0 R 1 push 1 force 82.31
715 L 1 R 0 push -1 force 82.35
716 L 1 R 0 push -1 force 82.34
717 L 1 R 0 push -1 force 82.28
718 L 0 R 1 push 1 force 82.17
719 L 1 R 0 push -1 force 82.11
720 L 0 R 1 push 1 force 81.99
721 L 0 R 1 push 1 force 81.93
722 L 0 R 1 push 1 force 81.92
724 L 0 R 1 push 1 force 81.99
727 L 0 R 1 push 1 force 82.24
728 L 1 R 0 push -1 force 82.38
731 L 0 R 1 push 1 force 82.62
732 L 0 R 1 push 1 force 82.75
733 L 1 R 0 push -1 force 82.92
734 L 1 R 0 push -1 force 83.05
735 L 0 R 1 push 1 force 83.12
736 L 0 R 1 push 1 force 83.25
737 L 1 R 0 push -1 force 83.42
738 L 0 R 1 push 1 force 83.54
739 L 1 R 0 push -1 force 83.71
740 L 1 R 0 push -1 force 83.83
742 L 1 R 0 push -1 force 83.96
746 L 0 R 1 push 1 force 84.03
747 L 0 R 1 push 1 force 84.09
748 L 0 R 1 push 1 force 84.20
750 L 0 R 1 push 1 force 84.52
751 L 1 R 0 push -1 force 84.73
752 L 0 R 1 push 1 force 84.89
753 L 0 R 1 push 1 force 85.10
756 L 0 R 1 push 1 force 85.85
758 L 0 R 1 push 1 force 86.45
761 L 0 R 1 push 1 force 87.47
763 L 0 R 1 push 1 force 88.25
764 L 0 R 1 push 1 force 88.68
765 L 1 R 0 push -1 force 89.16
767 L 0 R 1 push 1 force 90.01
769 L 0 R 1 push 1 force 90.95
771 L 0 R 1 push 1 force 91.98
772 L 1 R 0 push -1 force 92.54
777 L 1 R 0 push -1 force 95.03
778 L 1 R 0 push -1 force 95.48
779 L 1 R 0 push -1 force 95.86
783 L 1 R 0 push -1 force 97.19
784 L 0 R 1 push 1 force 97.47
787 L 0 R 1 push 1 force 98.43
788 L 0 R 1 push 1 force 98.80
789 L 0 R 1 push 1 force 99.22
792 L 1 R 0 push -1 force 100.60
794 L 0 R 1 push 1 force 101.40
795 L 1 R 0 push -1 force 101.85
799 L 1 R 0 push -1 force 103.41
804 L 0 R 1 push 1 force 105.07
807 L 0 R 1 push 1 force 106.18
809 L 0 R 1 push 1 force 107.01
815 L 0 R 1 push 1 force 109.73
816 L 0 R 1 push 1 force 110.22
817 L 0 R 1 push 1 force 110.76
819 L 1 R 0 push -1 force 111.93
820 L 0 R 1 push 1 force 112.46
825 L 1 R 0 push -1 force 115.30
827 L 0 R 1 push 1 force 116.31
829 L 0 R 1 push 1 force 117.41
832 L 1 R 0 push -1 force 119.18
833 L 1 R 0 push -1 force 119.71
835 L 0 R 1 push 1 force 120.67
838 L 1 R 0 push -1 force 122.23
839 L 0 R 1 push 1 force 122.69
842 L 1 R 0 push -1 force 124.21
844 L 1 R 0 push -1 force 125.11
846 L 1 R 0 push -1 force 125.90
847 L 0 R 1 push 1 force 126.24
849 L 0 R 1 push 1 force 127.01
850 L 1 R 0 push -1 force 127.44
851 L 1 R 0 push -1 force 127.82
855 L 0 R 1 push 1 force 129.11
859 L 1 R 0 push -1 force 130.55
864 L 0 R 1 push 1 force 132.06
865 L 1 R 0 push -1 force 132.40
866 L 0 R 1 push 1 force 132.69
867 L 0 R 1 push 1 force 133.03
868 L 0 R 1 push 1 force 133.42
878 L 0 R 1 push 1 force 137.62
879 L 1 R 0 push -1 force 138.07
881 L 0 R 1 push 1 force 138.87
882 L 0 R 1 push 1 force 139.32
883 L 1 R 0 push -1 force 139.81
884 L 0 R 1 push 1 force 140.25
886 L 1 R 0 push -1 force 141.22
887 L 1 R 0 push -1 force 141.65
888 L 0 R 1 push 1 force 142.02
890 L 0 R 1 push 1 force 142.87
891 L 1 R 0 push -1 force 143.33
892 L 1 R 0 push -1 force 143.75
895 L 0 R 1 push 1 force 144.82
896 L 0 R 1 push 1 force 145.23
897 L 0 R 1 push 1 force 145.68
900 L 1 R 0 push -1 force 147.16
901 L 0 R 1 push 1 force 147.59
904 L 0 R 1 push 1 force 149.03
905 L 0 R 1 push 1 force 149.56
906 L 0 R 1 push 1 force 150.13
910 L 1 R 0 push -1 force 152.57
911 L 0 R 1 push 1 force 153.12
915 L 1 R 0 push -1 force 155.48
919 L 0 R 1 push 1 force 157.58
920 L 1 R 0 push -1 force 158.14
921 L 0 R 1 push 1 force 158.66
923 L 1 R 0 push -1 force 159.77
925 L 1 R 0 push -1 force 160.77
926 L 1 R 0 push -1 force 161.21
927 L 0 R 1 push 1 force 161.61
928 L 1 R 0 push -1 force 162.04
932 L 0 R 1 push 1 force 163.57
933 L 0 R 1 push 1 force 163.99
936 L 1 R 0 push -1 force 165.39
938 L 0 R 1 push 1 force 166.21
940 L 0 R 1 push 1 force 167.11
941 L 0 R 1 push 1 force 167.61
942 L 1 R 0 push -1 force 168.16
944 L 0 R 1 push 1 force 169.13
947 L 1 R 0 push -1 force 170.72
948 L 1 R 0 push -1 force 171.19
949 L 0 R 1 push 1 force 171.61
951 L 1 R 0 push -1 force 172.54
952 L 1 R 0 push -1 force 172.95
953 L 1 R 0 push -1 force 173.30
956 L 0 R 1 push 1 force 174.20
958 L 0 R 1 push 1 force 174.89
959 L 0 R 1 push 1 force 175.28
960 L 1 R 0 push -1 force 175.72
962 L 0 R 1 push 1 force 176.48
967 L 0 R 1 push 1 force 178.58
973 L 0 R 1 push 1 force 181.30
977 L 0 R 1 push 1 force 183.24
978 L 0 R 1 push 1 force 183.76
979 L 0 R 1 push 1 force 184.33
980 L 0 R 1 push 1 force 184.95
982 L 1 R 0 push -1 force 186.28
983 L 0 R 1 push 1 force 186.88
984 L 0 R 1 push 1 force 187.53
986 L 0 R 1 push 1 force 188.92
991 L 1 R 0 push -1 force 192.55
992 L 0 R 1 push 1 force 193.22
994 L 1 R 0 push -1 force 194.63
995 L 0 R 1 push 1 force 195.28
996 L 1 R 0 push -1 force 195.97
998 L 1 R 0 push -1 force 197.24
1002 L 0 R 1 push 1 force 199.54
1003 L 1 R 0 push -1 force 200.16
1004 L 0 R 1 push 1 force 200.72
1006 L 1 R 0 push -1 force 201.93
1010 L 0 R 1 push 1 force 204.09
1013 L 1 R 0 push -1 force 205.82
1017 L 0 R 1 push 1 force 207.88
1018 L 0 R 1 push 1 force 208.43
1034 L 0 R 1 push 1 force 217.52
Pole balanced successfully for at least 50000 steps at 1147 trials
Max steps: 50000, Total Steps: 14091290 
Firing rate (spikes/sec): 1.10 (L: 0.52, R: 0.58)
Number of spikes        : 777 (L: 368, R: 409)
Balanced = 1
Elapsed time: 13537 seconds

------------- Run 2 -------------
0 L 0 R 1 push 1 force 0.00
1 L 1 R 0 push -1 force 0.05
3 L 1 R 0 push -1 force 0.05
4 L 1 R 0 push -1 force -0.00
6 L 0 R 1 push 1 force -0.20
7 L 0 R 1 push 1 force -0.25
8 L 1 R 0 push -1 force -0.25
12 L 1 R 0 push -1 force -0.44
15 L 0 R 1 push 1 force -0.73
17 L 1 R 0 push -1 force -0.82
18 L 0 R 1 push 1 force -0.92
20 L 1 R 0 push -1 force -1.01
22 L 0 R 1 push 1 force -1.20
24 L 0 R 1 push 1 force -1.29
26 L 1 R 0 push -1 force -1.27
27 L 0 R 1 push 1 force -1.32
29 L 0 R 1 push 1 force -1.30
30 L 0 R 1 push 1 force -1.25
34 L 1 R 0 push -1 force -0.83
40 L 1 R 0 push -1 force -0.50
43 L 0 R 1 push 1 force -0.50
44 L 0 R 1 push 1 force -0.44
48 L 1 R 0 push -1 force -0.04
50 L 0 R 1 push 1 force 0.06
51 L 0 R 1 push 1 force 0.16
52 L 0 R 1 push 1 force 0.31
56 L 0 R 1 push 1 force 1.10
58 L 1 R 0 push -1 force 1.58
60 L 0 R 1 push 1 force 1.97
66 L 0 R 1 push 1 force 3.39
67 L 0 R 1 push 1 force 3.67
70 L 0 R 1 push 1 force 4.66
71 L 0 R 1 push 1 force 5.03
73 L 1 R 0 push -1 force 5.88
74 L 0 R 1 push 1 force 6.25
75 L 0 R 1 push 1 force 6.66
76 L 0 R 1 push 1 force 7.13
81 L 0 R 1 push 1 force 9.67
82 L 1 R 0 push -1 force 10.22
84 L 0 R 1 push 1 force 11.21
85 L 0 R 1 push 1 force 11.75
87 L 1 R 0 push -1 force 12.93
89 L 0 R 1 push 1 force 13.99
95 L 1 R 0 push -1 force 17.41
96 L 0 R 1 push 1 force 17.92
101 L 1 R 0 push -1 force 20.68
102 L 1 R 0 push -1 force 21.17
106 L 0 R 1 push 1 force 22.92
108 L 1 R 0 push -1 force 23.88
109 L 0 R 1 push 1 force 24.30
110 L 0 R 1 push 1 force 24.78
114 L 1 R 0 push -1 force 26.84
115 L 1 R 0 push -1 force 27.30
116 L 0 R 1 push 1 force 27.71
118 L 0 R 1 push 1 force 28.62
119 L 0 R 1 push 1 force 29.12
121 L 0 R 1 push 1 force 30.21
123 L 1 R 0 push -1 force 31.39
124 L 0 R 1 push 1 force 31.93
125 L 0 R 1 push 1 force 32.51
126 L 1 R 0 push -1 force 33.14
129 L 0 R 1 push 1 force 34.86
132 L 1 R 0 push -1 force 36.70
134 L 0 R 1 push 1 force 37.81
135 L 1 R 0 push -1 force 38.41
139 L 1 R 0 push -1 force 40.59
140 L 1 R 0 push -1 force 41.07
141 L 1 R 0 push -1 force 41.51
142 L 1 R 0 push -1 force 41.89
144 L 1 R 0 push -1 force 42.54
145 L 1 R 0 push -1 force 42.82
146 L 0 R 1 push 1 force 43.04
149 L 1 R 0 push -1 force 43.86
150 L 0 R 1 push 1 force 44.07
154 L 0 R 1 push 1 force 45.13
156 L 0 R 1 push 1 force 45.75
157 L 0 R 1 push 1 force 46.10
158 L 0 R 1 push 1 force 46.51
162 L 0 R 1 push 1 force 48.30
164 L 0 R 1 push 1 force 49.28
165 L 1 R 0 push -1 force 49.81
166 L 1 R 0 push -1 force 50.30
172 L 0 R 1 push 1 force 52.84
173 L 1 R 0 push -1 force 53.30
175 L 0 R 1 push 1 force 54.13
177 L 1 R 0 push -1 force 55.04
178 L 0 R 1 push 1 force 55.44
179 L 0 R 1 push 1 force 55.89
180 L 1 R 0 push -1 force 56.39
182 L 0 R 1 push 1 force 57.28
184 L 0 R 1 push 1 force 58.26
185 L 0 R 1 push 1 force 58.79
186 L 0 R 1 push 1 force 59.37
188 L 1 R 0 push -1 force 60.62
190 L 1 R 0 push -1 force 61.76
191 L 0 R 1 push 1 force 62.27
192 L 0 R 1 push 1 force 62.83
193 L 0 R 1 push 1 force 63.44
195 L 0 R 1 push 1 force 64.75
200 L 0 R 1 push 1 force 68.19
204 L 1 R 0 push -1 force 71.08
206 L 0 R 1 push 1 force 72.40
209 L 0 R 1 push 1 force 74.50
215 L 0 R 1 push 1 force 78.88
216 L 1 R 0 push -1 force 79.65
218 L 0 R 1 push 1 force 81.07
221 L 1 R 0 push -1 force 83.32
222 L 1 R 0 push -1 force 84.02
223 L 0 R 1 push 1 force 84.65
226 L 1 R 0 push -1 force 86.69
229 L 0 R 1 push 1 force 88.55
230 L 0 R 1 push 1 force 89.21
231 L 1 R 0 push -1 force 89.92
232 L 0 R 1 push 1 force 90.57
233 L 0 R 1 push 1 force 91.27
234 L 0 R 1 push 1 force 92.02
235 L 1 R 0 push -1 force 92.81
237 L 0 R 1 push 1 force 94.28
239 L 0 R 1 push 1 force 95.83
241 L 1 R 0 push -1 force 97.46
242 L 1 R 0 push -1 force 98.22
245 L 0 R 1 push 1 force 100.33
247 L 1 R 0 push -1 force 101.81
248 L 1 R 0 push -1 force 102.49
250 L 1 R 0 push -1 force 103.75
251 L 0 R 1 push 1 force 104.32
253 L 0 R 1 push 1 force 105.56
255 L 0 R 1 push 1 force 106.88
256 L 1 R 0 push -1 force 107.58
257 L 1 R 0 push -1 force 108.23
264 L 1 R 0 push -1 force 112.33
267 L 0 R 1 push 1 force 113.88
268 L 0 R 1 push 1 force 114.44
269 L 0 R 1 push 1 force 115.05
272 L 1 R 0 push -1 force 116.99
273 L 1 R 0 push -1 force 117.59
274 L 0 R 1 push 1 force 118.12
275 L 0 R 1 push 1 force 118.71
278 L 1 R 0 push -1 force 120.59
279 L 0 R 1 push 1 force 121.16
280 L 0 R 1 push 1 force 121.77
281 L 0 R 1 push 1 force 122.44
282 L 0 R 1 push 1 force 123.14
284 L 0 R 1 push 1 force 124.64
285 L 1 R 0 push -1 force 125.44
286 L 1 R 0 push -1 force 126.18
287 L 1 R 0 push -1 force 126.86
288 L 0 R 1 push 1 force 127.49
290 L 0 R 1 push 1 force 128.84
291 L 0 R 1 push 1 force 129.56
292 L 1 R 0 push -1 force 130.32
296 L 1 R 0 push -1 force 133.13
297 L 0 R 1 push 1 force 133.78
298 L 0 R 1 push 1 force 134.46
299 L 0 R 1 push 1 force 135.20
301 L 1 R 0 push -1 force 136.75
306 L 0 R 1 push 1 force 140.30
307 L 0 R 1 push 1 force 141.05
308 L 0 R 1 push 1 force 141.84
309 L 0 R 1 push 1 force 142.68
310 L 1 R 0 push -1 force 143.56
313 L 0 R 1 push 1 force 146.03
315 L 0 R 1 push 1 force 147.75
316 L 0 R 1 push 1 force 148.65
319 L 0 R 1 push 1 force 151.47
321 L 1 R 0 push -1 force 153.42
322 L 1 R 0 push -1 force 154.34
324 L 1 R 0 push -1 force 156.06
325 L 1 R 0 push -1 force 156.86
331 L 1 R 0 push -1 force 161.27
333 L 1 R 0 push -1 force 162.60
334 L 0 R 1 push 1 force 163.21
336 L 1 R 0 push -1 force 164.52
337 L 0 R 1 push 1 force 165.12
338 L 0 R 1 push 1 force 165.76
339 L 1 R 0 push -1 force 166.45
340 L 0 R 1 push 1 force 167.09
344 L 1 R 0 push -1 force 169.78
345 L 1 R 0 push -1 force 170.40
346 L 1 R 0 push -1 force 170.96
348 L 1 R 0 push -1 force 171.96
350 L 0 R 1 push 1 force 172.86
353 L 1 R 0 push -1 force 174.32
354 L 0 R 1 push 1 force 174.75
362 L 0 R 1 push 1 force 178.48
364 L 0 R 1 push 1 force 179.48
365 L 0 R 1 push 1 force 180.02
366 L 0 R 1 push 1 force 180.61
367 L 1 R 0 push -1 force 181.24
368 L 0 R 1 push 1 force 181.82
369 L 1 R 0 push -1 force 182.45
371 L 0 R 1 push 1 force 183.59
373 L 0 R 1 push 1 force 184.81
374 L 0 R 1 push 1 force 185.47
376 L 1 R 0 push -1 force 186.87
377 L 1 R 0 push -1 force 187.51
380 L 0 R 1 push 1 force 189.26
383 L 1 R 0 push -1 force 191.12
384 L 0 R 1 push 1 force 191.69
387 L 0 R 1 push 1 force 193.50
388 L 1 R 0 push -1 force 194.14
392 L 0 R 1 push 1 force 196.48
393 L 1 R 0 push -1 force 197.11
395 L 0 R 1 push 1 force 198.25
396 L 1 R 0 push -1 force 198.86
397 L 0 R 1 push 1 force 199.42
399 L 0 R 1 push 1 force 200.62
400 L 0 R 1 push 1 force 201.27
401 L 0 R 1 push 1 force 201.96
403 L 1 R 0 push -1 force 203.42
404 L 1 R 0 push -1 force 204.10
405 L 0 R 1 push 1 force 204.72
407 L 0 R 1 push 1 force 206.05
409 L 0 R 1 push 1 force 207.46
410 L 0 R 1 push 1 force 208.21
411 L 0 R 1 push 1 force 209.00
413 L 1 R 0 push -1 force 210.67
414 L 0 R 1 push 1 force 211.45
415 L 0 R 1 push 1 force 212.27
417 L 0 R 1 push 1 force 214.00
418 L 0 R 1 push 1 force 214.90
419 L 1 R 0 push -1 force 215.85
420 L 1 R 0 push -1 force 216.74
421 L 1 R 0 push -1 force 217.58
422 L 1 R 0 push -1 force 218.36
423 L 0 R 1 push 1 force 219.09
428 L 1 R 0 push -1 force 222.89
429 L 1 R 0 push -1 force 223.59
430 L 0 R 1 push 1 force 224.23
431 L 0 R 1 push 1 force 224.91
432 L 0 R 1 push 1 force 225.64
433 L 0 R 1 push 1 force 226.42
434 L 1 R 0 push -1 force 227.24
438 L 0 R 1 push 1 force 230.27
439 L 0 R 1 push 1 force 231.06
440 L 0 R 1 push 1 force 231.90
441 L 0 R 1 push 1 force 232.78
443 L 0 R 1 push 1 force 234.63
446 L 1 R 0 push -1 force 237.51
447 L 1 R 0 push -1 force 238.40
450 L 0 R 1 push 1 force 240.91
458 L 1 R 0 push -1 force 247.73
460 L 1 R 0 push -1 force 249.28
461 L 0 R 1 push 1 force 249.99
463 L 0 R 1 push 1 force 251.51
465 L 0 R 1 push 1 force 253.10
466 L 1 R 0 push -1 force 253.94
468 L 0 R 1 push 1 force 255.50
469 L 0 R 1 push 1 force 256.32
471 L 1 R 0 push -1 force 258.05
472 L 0 R 1 push 1 force 258.86
474 L 1 R 0 push -1 force 260.55
475 L 0 R 1 push 1 force 261.34
477 L 1 R 0 push -1 force 262.99
479 L 0 R 1 push 1 force 264.53
480 L 1 R 0 push -1 force 265.34
485 L 1 R 0 push -1 force 269.05
486 L 0 R 1 push 1 force 269.73
489 L 0 R 1 push 1 force 271.88
491 L 0 R 1 push 1 force 273.38
494 L 1 R 0 push -1 force 275.75
496 L 0 R 1 push 1 force 277.20
497 L 1 R 0 push -1 force 277.97
498 L 1 R 0 push -1 force 278.68
499 L 0 R 1 push 1 force 279.34
500 L 1 R 0 push -1 force 280.04
502 L 1 R 0 push -1 force 281.33
505 L 0 R 1 push 1 force 283.07
506 L 0 R 1 push 1 force 283.69
507 L 0 R 1 push 1 force 284.36
509 L 0 R 1 push 1 force 285.78
512 L 1 R 0 push -1 force 288.02
513 L 0 R 1 push 1 force 288.70
514 L 0 R 1 push 1 force 289.43
515 L 0 R 1 push 1 force 290.21
517 L 1 R 0 push -1 force 291.84
521 L 0 R 1 push 1 force 294.83
522 L 1 R 0 push -1 force 295.61
525 L 0 R 1 push 1 force 297.78
526 L 0 R 1 push 1 force 298.54
527 L 1 R 0 push -1 force 299.35
528 L 1 R 0 push -1 force 300.10
529 L 0 R 1 push 1 force 300.80
530 L 1 R 0 push -1 force 301.54
532 L 1 R 0 push -1 force 302.90
533 L 1 R 0 push -1 force 303.52
534 L 1 R 0 push -1 force 304.09
535 L 1 R 0 push -1 force 304.61
536 L 0 R 1 push 1 force 305.07
538 L 0 R 1 push 1 force 306.07
545 L 0 R 1 push 1 force 309.80
547 L 0 R 1 push 1 force 310.93
553 L 0 R 1 push 1 force 314.48
554 L 0 R 1 push 1 force 315.11
555 L 1 R 0 push -1 force 315.78
558 L 0 R 1 push 1 force 317.61
559 L 0 R 1 push 1 force 318.25
563 L 0 R 1 push 1 force 321.00
568 L 1 R 0 push -1 force 324.56
569 L 0 R 1 push 1 force 325.20
571 L 0 R 1 push 1 force 326.57
572 L 0 R 1 push 1 force 327.30
573 L 0 R 1 push 1 force 328.08
577 L 0 R 1 push 1 force 331.31
578 L 1 R 0 push -1 force 332.15
582 L 0 R 1 push 1 force 335.26
584 L 1 R 0 push -1 force 336.87
587 L 0 R 1 push 1 force 339.11
589 L 0 R 1 push 1 force 340.66
592 L 1 R 0 push -1 force 343.11
597 L 1 R 0 push -1 force 346.81
598 L 1 R 0 push -1 force 347.48
599 L 0 R 1 push 1 force 348.10
601 L 0 R 1 push 1 force 349.41
602 L 0 R 1 push 1 force 350.12
604 L 0 R 1 push 1 force 351.60
605 L 0 R 1 push 1 force 352.38
606 L 0 R 1 push 1 force 353.21
607 L 0 R 1 push 1 force 354.08
608 L 0 R 1 push 1 force 354.99
609 L 0 R 1 push 1 force 355.95
610 L 0 R 1 push 1 force 356.95
611 L 1 R 0 push -1 force 357.99
615 L 0 R 1 push 1 force 361.89
616 L 0 R 1 push 1 force 362.90
620 L 1 R 0 push -1 force 367.05
621 L 0 R 1 push 1 force 368.02
626 L 0 R 1 push 1 force 373.01
629 L 1 R 0 push -1 force 376.06
