balanced 0 test_flag 0
[Run 1] Ep 10000 not balanced. Max 111 steps (0.0006 hrs). 1 sec
[Run 2] Ep 10000 not balanced. Max 140 steps (0.0008 hrs). 2 sec
[Run 3] Ep 10000 not balanced. Max 109 steps (0.0006 hrs). 1 sec
[Run 4] Ep 10000 not balanced. Max 1594 steps (0.0089 hrs). 1 sec
[Run 5] Ep 10000 not balanced. Max 109 steps (0.0006 hrs). 2 sec
[Run 6] Ep 10000 not balanced. Max 106 steps (0.0006 hrs). 1 sec
[Run 7] Ep 10000 not balanced. Max 115 steps (0.0006 hrs). 1 sec
[Run 8] Ep 10000 not balanced. Max 122 steps (0.0007 hrs). 1 sec
[Run 9] Ep 10000 not balanced. Max 110 steps (0.0006 hrs). 1 sec
[Run 10] Ep 10000 not balanced. Max 120 steps (0.0007 hrs). 1 sec
[Run 11] Ep 10000 not balanced. Max 104 steps (0.0006 hrs). 1 sec
[Run 12] Ep 10000 not balanced. Max 106 steps (0.0006 hrs). 1 sec
[Run 13] Ep 10000 not balanced. Max 3280 steps (0.0182 hrs). 1 sec
[Run 14] Ep 10000 not balanced. Max 147 steps (0.0008 hrs). 1 sec
[Run 15] Ep 10000 not balanced. Max 111 steps (0.0006 hrs). 1 sec
[Run 16] Ep 10000 not balanced. Max 112 steps (0.0006 hrs). 1 sec
[Run 17] Ep 10000 not balanced. Max 104 steps (0.0006 hrs). 1 sec
[Run 18] Ep 10000 not balanced. Max 112 steps (0.0006 hrs). 1 sec
[Run 19] Ep 10000 not balanced. Max 121 steps (0.0007 hrs). 1 sec
[Run 20] Ep 10000 not balanced. Max 126 steps (0.0007 hrs). 1 sec
[Run 21] Ep 10000 not balanced. Max 118 steps (0.0007 hrs). 1 sec
[Run 22] Ep 10000 not balanced. Max 116 steps (0.0006 hrs). 1 sec
[Run 23] Ep 10000 not balanced. Max 93 steps (0.0005 hrs). 1 sec
[Run 24] Ep 10000 not balanced. Max 7617 steps (0.0423 hrs). 4 sec
[Run 25] Ep 10000 not balanced. Max 146 steps (0.0008 hrs). 1 sec
[Run 26] Ep 10000 not balanced. Max 122 steps (0.0007 hrs). 1 sec
[Run 27] Ep 10000 not balanced. Max 124 steps (0.0007 hrs). 1 sec
[Run 28] Ep 10000 not balanced. Max 5551 steps (0.0308 hrs). 2 sec
[Run 29] Ep 10000 not balanced. Max 102 steps (0.0006 hrs). 1 sec
[Run 30] Ep 10000 not balanced. Max 107 steps (0.0006 hrs). 1 sec
[Run 31] Ep 10000 not balanced. Max 107904 steps (0.5995 hrs). 9 sec
[Run 32] Ep 10000 not balanced. Max 112 steps (0.0006 hrs). 1 sec
[Run 33] Ep 10000 not balanced. Max 113 steps (0.0006 hrs). 1 sec
[Run 34] Ep 10000 not balanced. Max 158 steps (0.0009 hrs). 1 sec
[Run 35] Ep 10000 not balanced. Max 38 steps (0.0002 hrs). 0 sec
[Run 36] Ep 10000 not balanced. Max 122 steps (0.0007 hrs). 1 sec
[Run 37] Ep 10000 not balanced. Max 113 steps (0.0006 hrs). 2 sec
[Run 38] Ep 10000 not balanced. Max 98 steps (0.0005 hrs). 1 sec
[Run 39] Ep 10000 not balanced. Max 107 steps (0.0006 hrs). 1 sec
[Run 40] Ep 10000 not balanced. Max 168 steps (0.0009 hrs). 1 sec
[Run 41] Ep 10000 not balanced. Max 117 steps (0.0006 hrs). 1 sec
[Run 42] Ep 10000 not balanced. Max 107 steps (0.0006 hrs). 1 sec
[Run 43] Ep 10000 not balanced. Max 132 steps (0.0007 hrs). 1 sec
[Run 44] Ep 10000 not balanced. Max 116 steps (0.0006 hrs). 1 sec
[Run 45] Ep 10000 not balanced. Max 676 steps (0.0038 hrs). 1 sec
[Run 46] Ep 10000 not balanced. Max 113 steps (0.0006 hrs). 1 sec
[Run 47] Ep 10000 not balanced. Max 20977 steps (0.1165 hrs). 4 sec
[Run 48] Ep 10000 not balanced. Max 104 steps (0.0006 hrs). 1 sec
[Run 49] Ep 10000 not balanced. Max 111 steps (0.0006 hrs). 1 sec
[Run 50] Ep 10000 not balanced. Max 110 steps (0.0006 hrs). 1 sec
[Run 51] Ep 10000 not balanced. Max 117 steps (0.0006 hrs). 2 sec
[Run 52] Ep 10000 not balanced. Max 11439 steps (0.0635 hrs). 2 sec
[Run 53] Ep 10000 not balanced. Max 14083 steps (0.0782 hrs). 2 sec
[Run 54] Ep 10000 not balanced. Max 507 steps (0.0028 hrs). 2 sec
[Run 55] Ep 10000 not balanced. Max 99 steps (0.0005 hrs). 1 sec
[Run 56] Ep 10000 not balanced. Max 122 steps (0.0007 hrs). 1 sec
[Run 57] Ep 10000 not balanced. Max 99 steps (0.0005 hrs). 1 sec
[Run 58] Ep 10000 not balanced. Max 16496 steps (0.0916 hrs). 3 sec
[Run 59] Ep 10000 not balanced. Max 5802 steps (0.0322 hrs). 2 sec
[Run 60] Ep 10000 not balanced. Max 111 steps (0.0006 hrs). 1 sec
[Run 61] Ep 10000 not balanced. Max 117 steps (0.0006 hrs). 1 sec
[Run 62] Ep 10000 not balanced. Max 121 steps (0.0007 hrs). 1 sec
[Run 63] Ep 10000 not balanced. Max 104 steps (0.0006 hrs). 1 sec
[Run 64] Ep 10000 not balanced. Max 138 steps (0.0008 hrs). 1 sec
[Run 65] Ep 10000 not balanced. Max 147 steps (0.0008 hrs). 1 sec
[Run 66] Ep 10000 not balanced. Max 131 steps (0.0007 hrs). 1 sec
[Run 67] Ep 10000 not balanced. Max 17462 steps (0.0970 hrs). 2 sec
[Run 68] Ep 10000 not balanced. Max 120 steps (0.0007 hrs). 1 sec
[Run 69] Ep 10000 not balanced. Max 102 steps (0.0006 hrs). 1 sec
[Run 70] Ep 10000 not balanced. Max 123 steps (0.0007 hrs). 1 sec
[Run 71] Ep 10000 not balanced. Max 125 steps (0.0007 hrs). 1 sec
[Run 72] Ep 10000 not balanced. Max 125 steps (0.0007 hrs). 1 sec
[Run 73] Ep 10000 not balanced. Max 112 steps (0.0006 hrs). 1 sec
[Run 74] Ep 10000 not balanced. Max 135 steps (0.0008 hrs). 1 sec
[Run 75] Ep 10000 not balanced. Max 112 steps (0.0006 hrs). 1 sec
[Run 76] Ep 10000 not balanced. Max 141 steps (0.0008 hrs). 1 sec
[Run 77] Ep 10000 not balanced. Max 1213 steps (0.0067 hrs). 2 sec
[Run 78] Ep 10000 not balanced. Max 110 steps (0.0006 hrs). 1 sec
[Run 79] Ep 10000 not balanced. Max 111 steps (0.0006 hrs). 1 sec
[Run 80] Ep 10000 not balanced. Max 1595 steps (0.0089 hrs). 1 sec
[Run 81] Ep 10000 not balanced. Max 116 steps (0.0006 hrs). 1 sec
[Run 82] Ep 10000 not balanced. Max 142 steps (0.0008 hrs). 1 sec
[Run 83] Ep 10000 not balanced. Max 158 steps (0.0009 hrs). 1 sec
[Run 84] Ep 10000 not balanced. Max 111 steps (0.0006 hrs). 1 sec
[Run 85] Ep 10000 not balanced. Max 110 steps (0.0006 hrs). 1 sec
[Run 86] Ep 10000 not balanced. Max 122 steps (0.0007 hrs). 1 sec
[Run 87] Ep 10000 not balanced. Max 113 steps (0.0006 hrs). 1 sec
[Run 88] Ep 10000 not balanced. Max 98 steps (0.0005 hrs). 2 sec
[Run 89] Ep 10000 not balanced. Max 21699 steps (0.1205 hrs). 2 sec
[Run 90] Ep 10000 not balanced. Max 136 steps (0.0008 hrs). 1 sec
[Run 91] Ep 10000 not balanced. Max 136 steps (0.0008 hrs). 1 sec
[Run 92] Ep 10000 not balanced. Max 104 steps (0.0006 hrs). 1 sec
[Run 93] Ep 10000 not balanced. Max 107 steps (0.0006 hrs). 1 sec
[Run 94] Ep 10000 not balanced. Max 122 steps (0.0007 hrs). 1 sec
[Run 95] Ep 10000 not balanced. Max 100 steps (0.0006 hrs). 1 sec
[Run 96] Ep 10000 not balanced. Max 102 steps (0.0006 hrs). 1 sec
[Run 97] Ep 10000 not balanced. Max 165 steps (0.0009 hrs). 1 sec
[Run 98] Ep 10000 not balanced. Max 126 steps (0.0007 hrs). 1 sec
[Run 99] Ep 10000 not balanced. Max 119 steps (0.0007 hrs). 2 sec
[Run 100] Ep 10000 not balanced. Max 127 steps (0.0007 hrs). 1 sec
[Run 101] Ep 10000 not balanced. Max 112 steps (0.0006 hrs). 1 sec
[Run 102] Ep 10000 not balanced. Max 122 steps (0.0007 hrs). 1 sec
[Run 103] Ep 10000 not balanced. Max 123 steps (0.0007 hrs). 1 sec
[Run 104] Ep 10000 not balanced. Max 122 steps (0.0007 hrs). 1 sec
[Run 105] Ep 10000 not balanced. Max 16080 steps (0.0893 hrs). 1 sec
[Run 106] Ep 10000 not balanced. Max 134 steps (0.0007 hrs). 1 sec
[Run 107] Ep 10000 not balanced. Max 104 steps (0.0006 hrs). 1 sec
[Run 108] Ep 10000 not balanced. Max 112 steps (0.0006 hrs). 1 sec
[Run 109] Ep 10000 not balanced. Max 129 steps (0.0007 hrs). 1 sec
[Run 110] Ep 10000 not balanced. Max 580 steps (0.0032 hrs). 1 sec
[Run 111] Ep 10000 not balanced. Max 110 steps (0.0006 hrs). 2 sec
[Run 112] Ep 10000 not balanced. Max 104 steps (0.0006 hrs). 1 sec
[Run 113] Ep 10000 not balanced. Max 401 steps (0.0022 hrs). 1 sec
[Run 114] Ep 10000 not balanced. Max 117 steps (0.0006 hrs). 1 sec
[Run 115] Ep 10000 not balanced. Max 155 steps (0.0009 hrs). 1 sec
[Run 116] Ep 10000 not balanced. Max 2016 steps (0.0112 hrs). 1 sec
[Run 117] Ep 10000 not balanced. Max 137 steps (0.0008 hrs). 1 sec
[Run 118] Ep 10000 not balanced. Max 147 steps (0.0008 hrs). 1 sec
[Run 119] Ep 10000 not balanced. Max 130 steps (0.0007 hrs). 1 sec
[Run 120] Ep 10000 not balanced. Max 130 steps (0.0007 hrs). 1 sec
[Run 121] Ep 10000 not balanced. Max 122 steps (0.0007 hrs). 1 sec
[Run 122] Ep 10000 not balanced. Max 16207 steps (0.0900 hrs). 3 sec
[Run 123] Ep 10000 not balanced. Max 132 steps (0.0007 hrs). 1 sec
[Run 124] Ep 10000 not balanced. Max 140 steps (0.0008 hrs). 1 sec
[Run 125] Ep 10000 not balanced. Max 113 steps (0.0006 hrs). 1 sec
[Run 126] Ep 10000 not balanced. Max 139 steps (0.0008 hrs). 1 sec
[Run 127] Ep 10000 not balanced. Max 126 steps (0.0007 hrs). 1 sec
[Run 128] Ep 10000 not balanced. Max 118 steps (0.0007 hrs). 1 sec
[Run 129] Ep 10000 not balanced. Max 102 steps (0.0006 hrs). 1 sec
[Run 130] Ep 10000 not balanced. Max 108 steps (0.0006 hrs). 1 sec
[Run 131] Ep 10000 not balanced. Max 101 steps (0.0006 hrs). 1 sec
[Run 132] Ep 10000 not balanced. Max 119 steps (0.0007 hrs). 1 sec
[Run 133] Ep 10000 not balanced. Max 118 steps (0.0007 hrs). 1 sec
[Run 134] Ep 10000 not balanced. Max 96 steps (0.0005 hrs). 1 sec
[Run 135] Ep 10000 not balanced. Max 123 steps (0.0007 hrs). 1 sec
[Run 136] Ep 10000 not balanced. Max 20 steps (0.0001 hrs). 1 sec
[Run 137] Ep 10000 not balanced. Max 113 steps (0.0006 hrs). 1 sec
[Run 138] Ep 10000 not balanced. Max 117 steps (0.0006 hrs). 1 sec
[Run 139] Ep 10000 not balanced. Max 108 steps (0.0006 hrs). 1 sec
[Run 140] Ep 10000 not balanced. Max 100 steps (0.0006 hrs). 1 sec
[Run 141] Ep 10000 not balanced. Max 3051 steps (0.0170 hrs). 2 sec
[Run 142] Ep 10000 not balanced. Max 97 steps (0.0005 hrs). 1 sec
[Run 143] Ep 10000 not balanced. Max 133 steps (0.0007 hrs). 1 sec
[Run 144] Ep 10000 not balanced. Max 112 steps (0.0006 hrs). 1 sec
[Run 145] Ep 10000 not balanced. Max 137 steps (0.0008 hrs). 1 sec
[Run 146] Ep 10000 not balanced. Max 98 steps (0.0005 hrs). 1 sec
[Run 147] Ep 10000 not balanced. Max 118 steps (0.0007 hrs). 1 sec
[Run 148] Ep 10000 not balanced. Max 144 steps (0.0008 hrs). 1 sec
[Run 149] Ep 10000 not balanced. Max 144319 steps (0.8018 hrs). 4 sec
[Run 150] Ep 10000 not balanced. Max 113 steps (0.0006 hrs). 1 sec
[Run 151] Ep 10000 not balanced. Max 5968 steps (0.0332 hrs). 2 sec
[Run 152] Ep 10000 not balanced. Max 99 steps (0.0005 hrs). 1 sec
[Run 153] Ep 10000 not balanced. Max 112 steps (0.0006 hrs). 1 sec
[Run 154] Ep 10000 not balanced. Max 128 steps (0.0007 hrs). 1 sec
[Run 155] Ep 10000 not balanced. Max 95 steps (0.0005 hrs). 1 sec
[Run 156] Ep 10000 not balanced. Max 115 steps (0.0006 hrs). 1 sec
[Run 157] Ep 10000 not balanced. Max 101 steps (0.0006 hrs). 1 sec
[Run 158] Ep 10000 not balanced. Max 114 steps (0.0006 hrs). 1 sec
[Run 159] Ep 10000 not balanced. Max 111 steps (0.0006 hrs). 1 sec
[Run 160] Ep 10000 not balanced. Max 115 steps (0.0006 hrs). 1 sec
[Run 161] Ep 10000 not balanced. Max 133 steps (0.0007 hrs). 1 sec
[Run 162] Ep 10000 not balanced. Max 141 steps (0.0008 hrs). 1 sec
[Run 163] Ep 10000 not balanced. Max 102 steps (0.0006 hrs). 1 sec
[Run 164] Ep 10000 not balanced. Max 111 steps (0.0006 hrs). 1 sec
[Run 165] Ep 10000 not balanced. Max 144 steps (0.0008 hrs). 1 sec
[Run 166] Ep 10000 not balanced. Max 105 steps (0.0006 hrs). 1 sec
[Run 167] Ep 10000 not balanced. Max 101 steps (0.0006 hrs). 1 sec
[Run 168] Ep 10000 not balanced. Max 116 steps (0.0006 hrs). 1 sec
[Run 169] Ep 10000 not balanced. Max 99 steps (0.0005 hrs). 1 sec
[Run 170] Ep 10000 not balanced. Max 108 steps (0.0006 hrs). 1 sec
[Run 171] Ep 10000 not balanced. Max 115 steps (0.0006 hrs). 1 sec
[Run 172] Ep 10000 not balanced. Max 133 steps (0.0007 hrs). 1 sec
[Run 173] Ep 10000 not balanced. Max 133 steps (0.0007 hrs). 2 sec
[Run 174] Ep 10000 not balanced. Max 106 steps (0.0006 hrs). 1 sec
[Run 175] Ep 10000 not balanced. Max 115 steps (0.0006 hrs). 1 sec
[Run 176] Ep 10000 not balanced. Max 134 steps (0.0007 hrs). 1 sec
[Run 177] Ep 10000 not balanced. Max 120 steps (0.0007 hrs). 1 sec
[Run 178] Ep 10000 not balanced. Max 100 steps (0.0006 hrs). 1 sec
[Run 179] Ep 10000 not balanced. Max 100 steps (0.0006 hrs). 1 sec
[Run 180] Ep 9453 balanced for 180000 steps (1.0000 hrs). 3 sec
Wrote current weights to latest.weights
Total Elapsed time: 220 seconds
Wrote current data to latest.train
