balanced 0 test_flag 0
------------- Run 1 -------------
Ep 10000 not balanced. Max 457 steps (0.0025 hrs).
Elapsed time: 1 seconds
------------- Run 2 -------------
Ep 10000 not balanced. Max 127 steps (0.0007 hrs).
Elapsed time: 2 seconds
------------- Run 3 -------------
Ep 10000 not balanced. Max 57070 steps (0.3171 hrs).
Elapsed time: 3 seconds
------------- Run 4 -------------
Ep 10000 not balanced. Max 132 steps (0.0007 hrs).
Elapsed time: 2 seconds
------------- Run 5 -------------
Ep 10000 not balanced. Max 145 steps (0.0008 hrs).
Elapsed time: 1 seconds
------------- Run 6 -------------
Ep 10000 not balanced. Max 114 steps (0.0006 hrs).
Elapsed time: 1 seconds
------------- Run 7 -------------
Ep 10000 not balanced. Max 72185 steps (0.4010 hrs).
Elapsed time: 6 seconds
------------- Run 8 -------------
Ep 10000 not balanced. Max 124 steps (0.0007 hrs).
Elapsed time: 1 seconds
------------- Run 9 -------------
Ep 10000 not balanced. Max 119 steps (0.0007 hrs).
Elapsed time: 1 seconds
------------- Run 10 -------------
Ep 10000 not balanced. Max 67642 steps (0.3758 hrs).
Elapsed time: 9 seconds
------------- Run 11 -------------
Ep 10000 not balanced. Max 133 steps (0.0007 hrs).
Elapsed time: 2 seconds
------------- Run 12 -------------
Ep 10000 not balanced. Max 1386 steps (0.0077 hrs).
Elapsed time: 3 seconds
------------- Run 13 -------------
Ep 10000 not balanced. Max 128 steps (0.0007 hrs).
Elapsed time: 1 seconds
------------- Run 14 -------------
Ep 10000 not balanced. Max 120 steps (0.0007 hrs).
Elapsed time: 2 seconds
------------- Run 15 -------------
Ep 10000 not balanced. Max 119 steps (0.0007 hrs).
Elapsed time: 1 seconds
------------- Run 16 -------------
Ep 10000 not balanced. Max 12140 steps (0.0674 hrs).
Elapsed time: 3 seconds
------------- Run 17 -------------
Ep 10000 not balanced. Max 134 steps (0.0007 hrs).
Elapsed time: 1 seconds
------------- Run 18 -------------
Ep 10000 not balanced. Max 120 steps (0.0007 hrs).
Elapsed time: 1 seconds
------------- Run 19 -------------
Ep 10000 not balanced. Max 18991 steps (0.1055 hrs).
Elapsed time: 9 seconds
------------- Run 20 -------------
Ep 10000 not balanced. Max 131 steps (0.0007 hrs).
Elapsed time: 1 seconds
------------- Run 21 -------------
Ep 10000 not balanced. Max 104 steps (0.0006 hrs).
Elapsed time: 1 seconds
------------- Run 22 -------------
Ep 10000 not balanced. Max 73794 steps (0.4100 hrs).
Elapsed time: 9 seconds
------------- Run 23 -------------
Ep 10000 not balanced. Max 131 steps (0.0007 hrs).
Elapsed time: 1 seconds
------------- Run 24 -------------
Ep 10000 not balanced. Max 90367 steps (0.5020 hrs).
Elapsed time: 8 seconds
------------- Run 25 -------------
Ep 10000 not balanced. Max 124 steps (0.0007 hrs).
Elapsed time: 1 seconds
------------- Run 26 -------------
Ep 10000 not balanced. Max 97 steps (0.0005 hrs).
Elapsed time: 1 seconds
------------- Run 27 -------------
Ep 10000 not balanced. Max 119 steps (0.0007 hrs).
Elapsed time: 2 seconds
------------- Run 28 -------------
Ep 10000 not balanced. Max 102 steps (0.0006 hrs).
Elapsed time: 1 seconds
------------- Run 29 -------------
Ep 10000 not balanced. Max 112 steps (0.0006 hrs).
Elapsed time: 1 seconds
------------- Run 30 -------------
Ep 10000 not balanced. Max 111 steps (0.0006 hrs).
Elapsed time: 2 seconds
------------- Run 31 -------------
Ep 10000 not balanced. Max 103 steps (0.0006 hrs).
Elapsed time: 1 seconds
------------- Run 32 -------------
Ep 10000 not balanced. Max 103 steps (0.0006 hrs).
Elapsed time: 1 seconds
------------- Run 33 -------------
Ep 10000 not balanced. Max 113 steps (0.0006 hrs).
Elapsed time: 1 seconds
------------- Run 34 -------------
Ep 10000 not balanced. Max 119 steps (0.0007 hrs).
Elapsed time: 2 seconds
------------- Run 35 -------------
Ep 10000 not balanced. Max 121 steps (0.0007 hrs).
Elapsed time: 1 seconds
------------- Run 36 -------------
Ep 10000 not balanced. Max 23382 steps (0.1299 hrs).
Elapsed time: 7 seconds
------------- Run 37 -------------
Ep 10000 not balanced. Max 136 steps (0.0008 hrs).
Elapsed time: 2 seconds
------------- Run 38 -------------
Ep 10000 not balanced. Max 45726 steps (0.2540 hrs).
Elapsed time: 9 seconds
------------- Run 39 -------------
Ep 10000 not balanced. Max 111 steps (0.0006 hrs).
Elapsed time: 1 seconds
------------- Run 40 -------------
Ep 10000 not balanced. Max 123110 steps (0.6839 hrs).
Elapsed time: 10 seconds
------------- Run 41 -------------
Ep 10000 not balanced. Max 121 steps (0.0007 hrs).
Elapsed time: 1 seconds
------------- Run 42 -------------
Ep 10000 not balanced. Max 142 steps (0.0008 hrs).
Elapsed time: 1 seconds
------------- Run 43 -------------
Ep 10000 not balanced. Max 107 steps (0.0006 hrs).
Elapsed time: 1 seconds
------------- Run 44 -------------
Ep 10000 not balanced. Max 157 steps (0.0009 hrs).
Elapsed time: 2 seconds
------------- Run 45 -------------
Ep 10000 not balanced. Max 13086 steps (0.0727 hrs).
Elapsed time: 3 seconds
------------- Run 46 -------------
Ep 10000 not balanced. Max 115 steps (0.0006 hrs).
Elapsed time: 1 seconds
------------- Run 47 -------------
Ep 10000 not balanced. Max 137 steps (0.0008 hrs).
Elapsed time: 1 seconds
------------- Run 48 -------------
Ep 10000 not balanced. Max 95 steps (0.0005 hrs).
Elapsed time: 2 seconds
------------- Run 49 -------------
Ep 10000 not balanced. Max 121 steps (0.0007 hrs).
Elapsed time: 1 seconds
------------- Run 50 -------------
Ep 10000 not balanced. Max 106 steps (0.0006 hrs).
Elapsed time: 1 seconds
------------- Run 51 -------------
Ep 10000 not balanced. Max 135 steps (0.0007 hrs).
Elapsed time: 2 seconds
------------- Run 52 -------------
Ep 10000 not balanced. Max 137 steps (0.0008 hrs).
Elapsed time: 1 seconds
------------- Run 53 -------------
Ep 10000 not balanced. Max 128 steps (0.0007 hrs).
Elapsed time: 1 seconds
------------- Run 54 -------------
Ep 10000 not balanced. Max 167 steps (0.0009 hrs).
Elapsed time: 2 seconds
------------- Run 55 -------------
Ep 10000 not balanced. Max 120 steps (0.0007 hrs).
Elapsed time: 1 seconds
------------- Run 56 -------------
Ep 10000 not balanced. Max 130 steps (0.0007 hrs).
Elapsed time: 1 seconds
------------- Run 57 -------------
Ep 10000 not balanced. Max 108 steps (0.0006 hrs).
Elapsed time: 2 seconds
------------- Run 58 -------------
Ep 10000 not balanced. Max 155 steps (0.0009 hrs).
Elapsed time: 1 seconds
------------- Run 59 -------------
Ep 10000 not balanced. Max 26748 steps (0.1486 hrs).
Elapsed time: 5 seconds
------------- Run 60 -------------
Ep 10000 not balanced. Max 59 steps (0.0003 hrs).
Elapsed time: 1 seconds
------------- Run 61 -------------
Ep 10000 not balanced. Max 102 steps (0.0006 hrs).
Elapsed time: 1 seconds
------------- Run 62 -------------
Ep 10000 not balanced. Max 106 steps (0.0006 hrs).
Elapsed time: 1 seconds
------------- Run 63 -------------
Ep 10000 not balanced. Max 156 steps (0.0009 hrs).
Elapsed time: 1 seconds
------------- Run 64 -------------
Ep 10000 not balanced. Max 110 steps (0.0006 hrs).
Elapsed time: 2 seconds
------------- Run 65 -------------
Ep 10000 not balanced. Max 3917 steps (0.0218 hrs).
Elapsed time: 2 seconds
------------- Run 66 -------------
Ep 10000 not balanced. Max 111 steps (0.0006 hrs).
Elapsed time: 1 seconds
------------- Run 67 -------------
Ep 10000 not balanced. Max 131 steps (0.0007 hrs).
Elapsed time: 1 seconds
------------- Run 68 -------------
Ep 10000 not balanced. Max 134 steps (0.0007 hrs).
Elapsed time: 2 seconds
------------- Run 69 -------------
Ep 10000 not balanced. Max 44826 steps (0.2490 hrs).
Elapsed time: 9 seconds
------------- Run 70 -------------
Ep 10000 not balanced. Max 125 steps (0.0007 hrs).
Elapsed time: 1 seconds
------------- Run 71 -------------
Ep 10000 not balanced. Max 116 steps (0.0006 hrs).
Elapsed time: 1 seconds
------------- Run 72 -------------
Ep 10000 not balanced. Max 140 steps (0.0008 hrs).
Elapsed time: 1 seconds
------------- Run 73 -------------
Ep 10000 not balanced. Max 119 steps (0.0007 hrs).
Elapsed time: 2 seconds
------------- Run 74 -------------
Ep 10000 not balanced. Max 108 steps (0.0006 hrs).
Elapsed time: 1 seconds
------------- Run 75 -------------
Ep 10000 not balanced. Max 4044 steps (0.0225 hrs).
Elapsed time: 1 seconds
------------- Run 76 -------------
Ep 10000 not balanced. Max 2158 steps (0.0120 hrs).
Elapsed time: 3 seconds
------------- Run 77 -------------
Ep 10000 not balanced. Max 124 steps (0.0007 hrs).
Elapsed time: 1 seconds
------------- Run 78 -------------
Ep 10000 not balanced. Max 142 steps (0.0008 hrs).
Elapsed time: 1 seconds
------------- Run 79 -------------
Ep 10000 not balanced. Max 171 steps (0.0009 hrs).
Elapsed time: 1 seconds
------------- Run 80 -------------
Ep 4933 balanced for 180000 steps (1.0000 hrs).
Elapsed time: 3 seconds
Wrote current weights to latest.weights
Wrote current data to latest.train
