balanced 0 test_flag 0
[Run 1] Ep 10000 not balanced. Max 2856 steps (0.0159 hrs). 2 sec
[Run 2] Ep 10000 not balanced. Max 211 steps (0.0012 hrs). 1 sec
[Run 3] Ep 10000 not balanced. Max 114 steps (0.0006 hrs). 1 sec
[Run 4] Ep 10000 not balanced. Max 120 steps (0.0007 hrs). 1 sec
[Run 5] Ep 10000 not balanced. Max 125 steps (0.0007 hrs). 1 sec
[Run 6] Ep 10000 not balanced. Max 1776 steps (0.0099 hrs). 2 sec
[Run 7] Ep 10000 not balanced. Max 109 steps (0.0006 hrs). 1 sec
[Run 8] Ep 10000 not balanced. Max 109 steps (0.0006 hrs). 1 sec
[Run 9] Ep 10000 not balanced. Max 110 steps (0.0006 hrs). 1 sec
[Run 10] Ep 10000 not balanced. Max 163 steps (0.0009 hrs). 1 sec
[Run 11] Ep 10000 not balanced. Max 175 steps (0.0010 hrs). 1 sec
[Run 12] Ep 10000 not balanced. Max 134 steps (0.0007 hrs). 1 sec
[Run 13] Ep 10000 not balanced. Max 167 steps (0.0009 hrs). 1 sec
[Run 14] Ep 10000 not balanced. Max 117 steps (0.0006 hrs). 1 sec
[Run 15] Ep 10000 not balanced. Max 98 steps (0.0005 hrs). 1 sec
[Run 16] Ep 10000 not balanced. Max 155998 steps (0.8667 hrs). 4 sec
[Run 17] Ep 10000 not balanced. Max 137 steps (0.0008 hrs). 1 sec
[Run 18] Ep 10000 not balanced. Max 116 steps (0.0006 hrs). 1 sec
[Run 19] Ep 10000 not balanced. Max 161 steps (0.0009 hrs). 1 sec
[Run 20] Ep 10000 not balanced. Max 105 steps (0.0006 hrs). 1 sec
[Run 21] Ep 10000 not balanced. Max 911 steps (0.0051 hrs). 1 sec
[Run 22] Ep 10000 not balanced. Max 131 steps (0.0007 hrs). 1 sec
[Run 23] Ep 10000 not balanced. Max 147 steps (0.0008 hrs). 1 sec
[Run 24] Ep 10000 not balanced. Max 505 steps (0.0028 hrs). 2 sec
[Run 25] Ep 10000 not balanced. Max 111 steps (0.0006 hrs). 1 sec
[Run 26] Ep 10000 not balanced. Max 122 steps (0.0007 hrs). 1 sec
[Run 27] Ep 9300 balanced for 180000 steps (1.0000 hrs). 3 sec
Wrote current weights to latest.weights
Total Elapsed time: 35 seconds
Wrote current data to latest.train
