 
TRAINING AGAIN BUT WITHOUT GRAPHICS
balanced 0 test_flag 0
Run 1: Trial 10000 not balanced. Max 7660 steps (0.042556 hours).
Run 2: Trial 10000 not balanced. Max 153 steps (0.000850 hours).
Run 3: Trial 10000 not balanced. Max 3271 steps (0.018172 hours).
Run 4: Trial 10000 not balanced. Max 7022 steps (0.039011 hours).
Run 5: Trial 10000 not balanced. Max 154 steps (0.000856 hours).
Run 6: Trial 10000 not balanced. Max 2306 steps (0.012811 hours).
Run 7: Trial 10000 not balanced. Max 39969 steps (0.222050 hours).
Run 8: Trial 10000 not balanced. Max 20695 steps (0.114972 hours).
Run 9: Trial 10000 not balanced. Max 15418 steps (0.085656 hours).
Run 10: Trial 10000 not balanced. Max 3289 steps (0.018272 hours).
Run 11: Trial 10000 not balanced. Max 6101 steps (0.033894 hours).
Run 12: Trial 10000 not balanced. Max 94 steps (0.000522 hours).
Run 13: Trial 10000 not balanced. Max 15104 steps (0.083911 hours).
Run 14: Trial 10000 not balanced. Max 79277 steps (0.440428 hours).
Run 15: Trial 10000 not balanced. Max 12190 steps (0.067722 hours).
Run 16: Trial 10000 not balanced. Max 8593 steps (0.047739 hours).
Run 17: Trial 10000 not balanced. Max 21794 steps (0.121078 hours).
Run 18: Trial 10000 not balanced. Max 7458 steps (0.041433 hours).
Run 19: Trial 10000 not balanced. Max 11300 steps (0.062778 hours).
Run 20: Trial 10000 not balanced. Max 22970 steps (0.127611 hours).
Run 21: Trial 10000 not balanced. Max 242 steps (0.001344 hours).
Run 22: Trial 10000 not balanced. Max 4953 steps (0.027517 hours).
Run 23: Trial 10000 not balanced. Max 197 steps (0.001094 hours).
Run 24: Trial 10000 not balanced. Max 252 steps (0.001400 hours).
Run 25: Trial 10000 not balanced. Max 322 steps (0.001789 hours).
Run 26: Trial 10000 not balanced. Max 23163 steps (0.128683 hours).
Run 27: Trial 10000 not balanced. Max 289 steps (0.001606 hours).
Run 28: Trial 10000 not balanced. Max 14947 steps (0.083039 hours).
Run 29: Trial 10000 not balanced. Max 29757 steps (0.165317 hours).
Run 30: Trial 10000 not balanced. Max 13829 steps (0.076828 hours).
Run 31: Trial 10000 not balanced. Max 11674 steps (0.064856 hours).
Run 32: Trial 10000 not balanced. Max 285 steps (0.001583 hours).
Run 33: Trial 10000 not balanced. Max 313 steps (0.001739 hours).
Run 34: Trial 10000 not balanced. Max 247 steps (0.001372 hours).
Run 35: Trial 10000 not balanced. Max 4254 steps (0.023633 hours).
Run 36: Trial 10000 not balanced. Max 218 steps (0.001211 hours).
Run 37: Trial 10000 not balanced. Max 31178 steps (0.173211 hours).
Run 38: Trial 10000 not balanced. Max 8854 steps (0.049189 hours).
Run 39: Trial 10000 not balanced. Max 6996 steps (0.038867 hours).
Run 40: Trial 10000 not balanced. Max 242 steps (0.001344 hours).
Run 41: Trial 10000 not balanced. Max 212 steps (0.001178 hours).
Run 42: Trial 10000 not balanced. Max 19433 steps (0.107961 hours).
Run 43: Trial 10000 not balanced. Max 112 steps (0.000622 hours).
Run 44: Trial 10000 not balanced. Max 173 steps (0.000961 hours).
Run 45: Trial 10000 not balanced. Max 13232 steps (0.073511 hours).
Run 46: Trial 10000 not balanced. Max 244 steps (0.001356 hours).
Run 47: Trial 10000 not balanced. Max 21734 steps (0.120744 hours).
Run 48: Trial 10000 not balanced. Max 238 steps (0.001322 hours).
Run 49: Trial 10000 not balanced. Max 3849 steps (0.021383 hours).
Run 50: Trial 10000 not balanced. Max 127 steps (0.000706 hours).
Run 51: Trial 10000 not balanced. Max 3071 steps (0.017061 hours).
Run 52: Trial 10000 not balanced. Max 9822 steps (0.054567 hours).
Run 53: Trial 10000 not balanced. Max 218 steps (0.001211 hours).
Run 54: Trial 10000 not balanced. Max 4906 steps (0.027256 hours).
Run 55: Trial 10000 not balanced. Max 8958 steps (0.049767 hours).
Run 56: Trial 10000 not balanced. Max 263 steps (0.001461 hours).
Run 57: Trial 10000 not balanced. Max 167 steps (0.000928 hours).
Run 58: Trial 10000 not balanced. Max 143 steps (0.000794 hours).
Run 59: Trial 10000 not balanced. Max 27539 steps (0.152994 hours).
Run 60: Trial 10000 not balanced. Max 3839 steps (0.021328 hours).
Run 61: Trial 10000 not balanced. Max 4868 steps (0.027044 hours).
Run 62: Trial 10000 not balanced. Max 36599 steps (0.203328 hours).
Run 63: Trial 10000 not balanced. Max 7045 steps (0.039139 hours).
Run 64: Trial 10000 not balanced. Max 8433 steps (0.046850 hours).
Run 65: Trial 10000 not balanced. Max 3366 steps (0.018700 hours).
Run 66: Trial 10000 not balanced. Max 19585 steps (0.108806 hours).
Run 67: Trial 10000 not balanced. Max 4908 steps (0.027267 hours).
Run 68: Trial 10000 not balanced. Max 8261 steps (0.045894 hours).
Run 69: Trial 10000 not balanced. Max 25411 steps (0.141172 hours).
Run 70: Trial 10000 not balanced. Max 8148 steps (0.045267 hours).
Run 71: Trial 10000 not balanced. Max 277 steps (0.001539 hours).
Run 72: Trial 10000 not balanced. Max 104 steps (0.000578 hours).
Run 73: Trial 10000 not balanced. Max 12269 steps (0.068161 hours).
Run 74: Trial 10000 not balanced. Max 4246 steps (0.023589 hours).
Run 75: Trial 10000 not balanced. Max 2141 steps (0.011894 hours).
Run 76: Trial 10000 not balanced. Max 23286 steps (0.129367 hours).
Run 77: Trial 10000 not balanced. Max 229 steps (0.001272 hours).
Run 78: Trial 10000 not balanced. Max 4144 steps (0.023022 hours).
Run 79: Trial 10000 not balanced. Max 9529 steps (0.052939 hours).
Run 80: Trial 10000 not balanced. Max 285 steps (0.001583 hours).
Run 81: Trial 10000 not balanced. Max 14784 steps (0.082133 hours).
Run 82: Trial 10000 not balanced. Max 4318 steps (0.023989 hours).
Run 83: Trial 10000 not balanced. Max 6834 steps (0.037967 hours).
Run 84: Trial 10000 not balanced. Max 16314 steps (0.090633 hours).
Run 85: Trial 10000 not balanced. Max 6271 steps (0.034839 hours).
Run 86: Trial 10000 not balanced. Max 12546 steps (0.069700 hours).
Run 87: Trial 10000 not balanced. Max 4980 steps (0.027667 hours).
Run 88: Trial 10000 not balanced. Max 46482 steps (0.258233 hours).
Run 89: Trial 10000 not balanced. Max 8336 steps (0.046311 hours).
Run 90: Trial 10000 not balanced. Max 15696 steps (0.087200 hours).
Run 91: Trial 10000 not balanced. Max 10827 steps (0.060150 hours).
Run 92: Trial 10000 not balanced. Max 261 steps (0.001450 hours).
Run 93: Trial 10000 not balanced. Max 19164 steps (0.106467 hours).
Run 94: Trial 10000 not balanced. Max 10414 steps (0.057856 hours).
Run 95: Trial 10000 not balanced. Max 15779 steps (0.087661 hours).
Run 96: Trial 10000 not balanced. Max 11484 steps (0.063800 hours).
Run 97: Trial 10000 not balanced. Max 254 steps (0.001411 hours).
Run 98: Trial 10000 not balanced. Max 136 steps (0.000756 hours).
Run 99: Trial 10000 not balanced. Max 146 steps (0.000811 hours).
Run 100: Trial 10000 not balanced. Max 4913 steps (0.027294 hours).
Run 101: Trial 10000 not balanced. Max 104 steps (0.000578 hours).
Run 102: Trial 10000 not balanced. Max 102 steps (0.000567 hours).
Run 103: Trial 10000 not balanced. Max 152 steps (0.000844 hours).
Run 104: Trial 10000 not balanced. Max 4263 steps (0.023683 hours).
Run 105: Trial 10000 not balanced. Max 260 steps (0.001444 hours).
Run 106: Trial 10000 not balanced. Max 141 steps (0.000783 hours).
Run 107: Trial 10000 not balanced. Max 3475 steps (0.019306 hours).
Run 108: Trial 10000 not balanced. Max 7184 steps (0.039911 hours).
Run 109: Trial 10000 not balanced. Max 107 steps (0.000594 hours).
Run 110: Trial 10000 not balanced. Max 19180 steps (0.106556 hours).
Run 111: Trial 10000 not balanced. Max 4965 steps (0.027583 hours).
Run 112: Trial 10000 not balanced. Max 111 steps (0.000617 hours).
Run 113: Trial 10000 not balanced. Max 11783 steps (0.065461 hours).
Run 114: Trial 10000 not balanced. Max 9991 steps (0.055506 hours).
Run 115: Trial 10000 not balanced. Max 262 steps (0.001456 hours).
Run 116: Trial 10000 not balanced. Max 107 steps (0.000594 hours).
Run 117: Trial 10000 not balanced. Max 161 steps (0.000894 hours).
Run 118: Trial 10000 not balanced. Max 2008 steps (0.011156 hours).
Run 119: Trial 10000 not balanced. Max 8855 steps (0.049194 hours).
Run 120: Trial 10000 not balanced. Max 45689 steps (0.253828 hours).
Run 121: Trial 10000 not balanced. Max 9792 steps (0.054400 hours).
Run 122: Trial 10000 not balanced. Max 121 steps (0.000672 hours).
Run 123: Trial 10000 not balanced. Max 13948 steps (0.077489 hours).
Run 124: Trial 10000 not balanced. Max 8461 steps (0.047006 hours).
Run 125: Trial 10000 not balanced. Max 6277 steps (0.034872 hours).
Run 126: Trial 10000 not balanced. Max 2452 steps (0.013622 hours).
Run 127: Trial 10000 not balanced. Max 4848 steps (0.026933 hours).
Run 128: Trial 10000 not balanced. Max 118 steps (0.000656 hours).
Run 129: Trial 10000 not balanced. Max 5992 steps (0.033289 hours).
Run 130: Trial 10000 not balanced. Max 19749 steps (0.109717 hours).
Run 131: Trial 10000 not balanced. Max 27388 steps (0.152156 hours).
Run 132: Trial 10000 not balanced. Max 297 steps (0.001650 hours).
Run 133: Trial 10000 not balanced. Max 310 steps (0.001722 hours).
Run 134: Trial 10000 not balanced. Max 222 steps (0.001233 hours).
Run 135: Trial 10000 not balanced. Max 1942 steps (0.010789 hours).
Run 136: Trial 10000 not balanced. Max 18906 steps (0.105033 hours).
Run 137: Trial 10000 not balanced. Max 2249 steps (0.012494 hours).
Run 138: Trial 10000 not balanced. Max 6104 steps (0.033911 hours).
Run 139: Trial 10000 not balanced. Max 2873 steps (0.015961 hours).
Run 140: Trial 10000 not balanced. Max 5447 steps (0.030261 hours).
Run 141: Trial 10000 not balanced. Max 8047 steps (0.044706 hours).
Run 142: Trial 10000 not balanced. Max 2918 steps (0.016211 hours).
Run 143: Trial 10000 not balanced. Max 50084 steps (0.278244 hours).
Run 144: Trial 10000 not balanced. Max 255 steps (0.001417 hours).
Run 145: Trial 10000 not balanced. Max 130 steps (0.000722 hours).
Run 146: Trial 10000 not balanced. Max 117 steps (0.000650 hours).
Run 147: Trial 10000 not balanced. Max 296 steps (0.001644 hours).
Run 148: Trial 10000 not balanced. Max 8707 steps (0.048372 hours).
Run 149: Trial 10000 not balanced. Max 313 steps (0.001739 hours).
Run 150: Trial 10000 not balanced. Max 7135 steps (0.039639 hours).
Run 151: Trial 10000 not balanced. Max 32305 steps (0.179472 hours).
Run 152: Trial 10000 not balanced. Max 15406 steps (0.085589 hours).
Run 153: Trial 10000 not balanced. Max 14068 steps (0.078156 hours).
Run 154: Trial 10000 not balanced. Max 264 steps (0.001467 hours).
Run 155: Trial 10000 not balanced. Max 23996 steps (0.133311 hours).
Run 156: Trial 10000 not balanced. Max 208 steps (0.001156 hours).
Run 157: Trial 10000 not balanced. Max 17197 steps (0.095539 hours).
Run 158: Trial 10000 not balanced. Max 294 steps (0.001633 hours).
Run 159: Trial 10000 not balanced. Max 98 steps (0.000544 hours).
Run 160: Trial 10000 not balanced. Max 12123 steps (0.067350 hours).
Run 161: Trial 10000 not balanced. Max 22616 steps (0.125644 hours).
Run 162: Trial 10000 not balanced. Max 2474 steps (0.013744 hours).
Run 163: Trial 10000 not balanced. Max 256 steps (0.001422 hours).
Run 164: Trial 10000 not balanced. Max 4948 steps (0.027489 hours).
Run 165: Trial 10000 not balanced. Max 219 steps (0.001217 hours).
Run 166: Trial 10000 not balanced. Max 8113 steps (0.045072 hours).
Run 167: Trial 10000 not balanced. Max 116 steps (0.000644 hours).
Run 168: Trial 10000 not balanced. Max 259 steps (0.001439 hours).
Run 169: Trial 10000 not balanced. Max 20686 steps (0.114922 hours).
Run 170: Trial 10000 not balanced. Max 11276 steps (0.062644 hours).
Run 171: Trial 10000 not balanced. Max 10955 steps (0.060861 hours).
Run 172: Trial 10000 not balanced. Max 141 steps (0.000783 hours).
Run 173: Trial 10000 not balanced. Max 272 steps (0.001511 hours).
Run 174: Trial 10000 not balanced. Max 245 steps (0.001361 hours).
Run 175: Trial 10000 not balanced. Max 135 steps (0.000750 hours).
Run 176: Trial 10000 not balanced. Max 249 steps (0.001383 hours).
Run 177: Trial 10000 not balanced. Max 310 steps (0.001722 hours).
Run 178: Trial 10000 not balanced. Max 10224 steps (0.056800 hours).
Run 179: Trial 10000 not balanced. Max 185 steps (0.001028 hours).
Run 180: Trial 10000 not balanced. Max 17485 steps (0.097139 hours).
Run 181: Trial 10000 not balanced. Max 9989 steps (0.055494 hours).
Run 182: Trial 10000 not balanced. Max 2524 steps (0.014022 hours).
Run 183: Trial 10000 not balanced. Max 277 steps (0.001539 hours).
Run 184: Trial 10000 not balanced. Max 260 steps (0.001444 hours).
Run 185: Trial 10000 not balanced. Max 7040 steps (0.039111 hours).
Run 186: Trial 10000 not balanced. Max 210 steps (0.001167 hours).
Run 187: Trial 10000 not balanced. Max 4119 steps (0.022883 hours).
Run 188: Trial 10000 not balanced. Max 11513 steps (0.063961 hours).
Run 189: Trial 10000 not balanced. Max 12310 steps (0.068389 hours).
Run 190: Trial 10000 not balanced. Max 17124 steps (0.095133 hours).
Run 191: Trial 10000 not balanced. Max 4517 steps (0.025094 hours).
Run 192: Trial 10000 not balanced. Max 667 steps (0.003706 hours).
Run 193: Trial 10000 not balanced. Max 18074 steps (0.100411 hours).
Run 194: Trial 10000 not balanced. Max 2188 steps (0.012156 hours).
Run 195: Trial 10000 not balanced. Max 264 steps (0.001467 hours).
Run 196: Trial 10000 not balanced. Max 4148 steps (0.023044 hours).
Run 197: Trial 10000 not balanced. Max 4494 steps (0.024967 hours).
Run 198: Trial 10000 not balanced. Max 21640 steps (0.120222 hours).
Run 199: Trial 10000 not balanced. Max 282 steps (0.001567 hours).
Run 200: Trial 10000 not balanced. Max 10258 steps (0.056989 hours).
Run 201: Trial 10000 not balanced. Max 291 steps (0.001617 hours).
Run 202: Trial 10000 not balanced. Max 18660 steps (0.103667 hours).
Run 203: Trial 10000 not balanced. Max 5873 steps (0.032628 hours).
Run 204: Trial 10000 not balanced. Max 19043 steps (0.105794 hours).
Run 205: Trial 10000 not balanced. Max 18451 steps (0.102506 hours).
Run 206: Trial 10000 not balanced. Max 248 steps (0.001378 hours).
Run 207: Trial 10000 not balanced. Max 11112 steps (0.061733 hours).
Run 208: Trial 10000 not balanced. Max 3387 steps (0.018817 hours).
Run 209: Trial 10000 not balanced. Max 9874 steps (0.054856 hours).
Run 210: Trial 10000 not balanced. Max 203 steps (0.001128 hours).
Run 211: Trial 10000 not balanced. Max 24538 steps (0.136322 hours).
Run 212: Trial 10000 not balanced. Max 229 steps (0.001272 hours).
Run 213: Trial 10000 not balanced. Max 12787 steps (0.071039 hours).
Run 214: Trial 10000 not balanced. Max 4056 steps (0.022533 hours).
Run 215: Trial 10000 not balanced. Max 996 steps (0.005533 hours).
Run 216: Trial 10000 not balanced. Max 2604 steps (0.014467 hours).
Run 217: Trial 10000 not balanced. Max 234 steps (0.001300 hours).
Run 218: Trial 10000 not balanced. Max 262 steps (0.001456 hours).
Run 219: Trial 10000 not balanced. Max 21532 steps (0.119622 hours).
Run 220: Trial 10000 not balanced. Max 222 steps (0.001233 hours).
Run 221: Trial 10000 not balanced. Max 10716 steps (0.059533 hours).
Run 222: Trial 10000 not balanced. Max 241 steps (0.001339 hours).
Run 223: Trial 10000 not balanced. Max 291 steps (0.001617 hours).
Run 224: Trial 10000 not balanced. Max 11814 steps (0.065633 hours).
Run 225: Trial 10000 not balanced. Max 240 steps (0.001333 hours).
Run 226: Trial 10000 not balanced. Max 115 steps (0.000639 hours).
Run 227: Trial 10000 not balanced. Max 14884 steps (0.082689 hours).
Run 228: Trial 10000 not balanced. Max 14948 steps (0.083044 hours).
Run 229: Trial 10000 not balanced. Max 21971 steps (0.122061 hours).
Run 230: Trial 10000 not balanced. Max 2819 steps (0.015661 hours).
Run 231: Trial 10000 not balanced. Max 256 steps (0.001422 hours).
Run 232: Trial 10000 not balanced. Max 259 steps (0.001439 hours).
Run 233: Trial 10000 not balanced. Max 6976 steps (0.038756 hours).
Run 234: Trial 10000 not balanced. Max 3261 steps (0.018117 hours).
Run 235: Trial 10000 not balanced. Max 2440 steps (0.013556 hours).
Run 236: Trial 10000 not balanced. Max 3704 steps (0.020578 hours).
Run 237: Trial 10000 not balanced. Max 233 steps (0.001294 hours).
Run 238: Trial 10000 not balanced. Max 21181 steps (0.117672 hours).
Run 239: Trial 10000 not balanced. Max 3497 steps (0.019428 hours).
Run 240: Trial 10000 not balanced. Max 22198 steps (0.123322 hours).
Run 241: Trial 10000 not balanced. Max 106 steps (0.000589 hours).
Run 242: Trial 10000 not balanced. Max 10527 steps (0.058483 hours).
Run 243: Trial 10000 not balanced. Max 14859 steps (0.082550 hours).
Run 244: Trial 10000 not balanced. Max 1933 steps (0.010739 hours).
Run 245: Trial 10000 not balanced. Max 9648 steps (0.053600 hours).
Run 246: Trial 10000 not balanced. Max 266 steps (0.001478 hours).
Run 247: Trial 10000 not balanced. Max 3892 steps (0.021622 hours).
Run 248: Trial 10000 not balanced. Max 10515 steps (0.058417 hours).
Run 249: Trial 10000 not balanced. Max 2669 steps (0.014828 hours).
Run 250: Trial 10000 not balanced. Max 4425 steps (0.024583 hours).
Run 251: Trial 10000 not balanced. Max 19071 steps (0.105950 hours).
Run 252: Trial 10000 not balanced. Max 66060 steps (0.367000 hours).
Run 253: Trial 10000 not balanced. Max 29199 steps (0.162217 hours).
Run 254: Trial 10000 not balanced. Max 13817 steps (0.076761 hours).
Run 255: Trial 10000 not balanced. Max 274 steps (0.001522 hours).
Run 256: Trial 10000 not balanced. Max 8089 steps (0.044939 hours).
Run 257: Trial 10000 not balanced. Max 185 steps (0.001028 hours).
Run 258: Trial 10000 not balanced. Max 15457 steps (0.085872 hours).
Run 259: Trial 10000 not balanced. Max 15516 steps (0.086200 hours).
Run 260: Trial 10000 not balanced. Max 14088 steps (0.078267 hours).
Run 261: Trial 10000 not balanced. Max 17138 steps (0.095211 hours).
Run 262: Trial 10000 not balanced. Max 124 steps (0.000689 hours).
Run 263: Trial 10000 not balanced. Max 4559 steps (0.025328 hours).
Run 264: Trial 10000 not balanced. Max 10024 steps (0.055689 hours).
Run 265: Trial 10000 not balanced. Max 35757 steps (0.198650 hours).
Run 266: Trial 10000 not balanced. Max 13091 steps (0.072728 hours).
Run 267: Trial 10000 not balanced. Max 2751 steps (0.015283 hours).
Run 268: Trial 10000 not balanced. Max 4938 steps (0.027433 hours).
Run 269: Trial 10000 not balanced. Max 214 steps (0.001189 hours).
Run 270: Trial 10000 not balanced. Max 188 steps (0.001044 hours).
Run 271: Trial 10000 not balanced. Max 245 steps (0.001361 hours).
Run 272: Trial 10000 not balanced. Max 197 steps (0.001094 hours).
Run 273: Trial 10000 not balanced. Max 2332 steps (0.012956 hours).
Run 274: Trial 10000 not balanced. Max 233 steps (0.001294 hours).
Run 275: Trial 10000 not balanced. Max 3586 steps (0.019922 hours).
Run 276: Trial 10000 not balanced. Max 5751 steps (0.031950 hours).
Run 277: Trial 10000 not balanced. Max 17672 steps (0.098178 hours).
Run 278: Trial 10000 not balanced. Max 13505 steps (0.075028 hours).
Run 279: Trial 10000 not balanced. Max 5168 steps (0.028711 hours).
Run 280: Trial 10000 not balanced. Max 7340 steps (0.040778 hours).
Run 281: Trial 10000 not balanced. Max 21866 steps (0.121478 hours).
Run 282: Trial 10000 not balanced. Max 7784 steps (0.043244 hours).
Run 283: Trial 10000 not balanced. Max 232 steps (0.001289 hours).
Run 284: Trial 10000 not balanced. Max 108 steps (0.000600 hours).
Run 285: Trial 10000 not balanced. Max 15050 steps (0.083611 hours).
Run 286: Trial 10000 not balanced. Max 12423 steps (0.069017 hours).
Run 287: Trial 10000 not balanced. Max 236 steps (0.001311 hours).
Run 288: Trial 10000 not balanced. Max 8008 steps (0.044489 hours).
Run 289: Trial 10000 not balanced. Max 133 steps (0.000739 hours).
Run 290: Trial 10000 not balanced. Max 3769 steps (0.020939 hours).
Run 291: Trial 10000 not balanced. Max 4187 steps (0.023261 hours).
Run 292: Trial 10000 not balanced. Max 6577 steps (0.036539 hours).
Run 293: Trial 10000 not balanced. Max 3111 steps (0.017283 hours).
Run 294: Trial 10000 not balanced. Max 21802 steps (0.121122 hours).
Run 295: Trial 10000 not balanced. Max 335 steps (0.001861 hours).
Run 296: Trial 10000 not balanced. Max 171 steps (0.000950 hours).
Run 297: Trial 10000 not balanced. Max 9096 steps (0.050533 hours).
Run 298: Trial 10000 not balanced. Max 1613 steps (0.008961 hours).
Run 299: Trial 10000 not balanced. Max 5323 steps (0.029572 hours).
Run 300: Trial 10000 not balanced. Max 287 steps (0.001594 hours).
Run 301: Trial 10000 not balanced. Max 33737 steps (0.187428 hours).
Run 302: Trial 10000 not balanced. Max 235 steps (0.001306 hours).
Run 303: Trial 10000 not balanced. Max 107 steps (0.000594 hours).
Run 304: Trial 10000 not balanced. Max 116 steps (0.000644 hours).
Run 305: Trial 10000 not balanced. Max 5263 steps (0.029239 hours).
Run 306: Trial 10000 not balanced. Max 21241 steps (0.118006 hours).
Run 307: Trial 10000 not balanced. Max 4962 steps (0.027567 hours).
Run 308: Trial 10000 not balanced. Max 7922 steps (0.044011 hours).
Run 309: Trial 10000 not balanced. Max 23002 steps (0.127789 hours).
Run 310: Trial 10000 not balanced. Max 28733 steps (0.159628 hours).
Run 311: Trial 10000 not balanced. Max 15418 steps (0.085656 hours).
Run 312: Trial 10000 not balanced. Max 117 steps (0.000650 hours).
Run 313: Trial 10000 not balanced. Max 235 steps (0.001306 hours).
Run 314: Trial 10000 not balanced. Max 239 steps (0.001328 hours).
Run 315: Trial 10000 not balanced. Max 262 steps (0.001456 hours).
Run 316: Trial 10000 not balanced. Max 8773 steps (0.048739 hours).
Run 317: Trial 10000 not balanced. Max 101 steps (0.000561 hours).
Run 318: Trial 10000 not balanced. Max 15055 steps (0.083639 hours).
Run 319: Trial 10000 not balanced. Max 3740 steps (0.020778 hours).
Run 320: Trial 10000 not balanced. Max 10806 steps (0.060033 hours).
Run 321: Trial 10000 not balanced. Max 136 steps (0.000756 hours).
Run 322: Trial 10000 not balanced. Max 22252 steps (0.123622 hours).
Run 323: Trial 10000 not balanced. Max 11576 steps (0.064311 hours).
Run 324: Trial 10000 not balanced. Max 10226 steps (0.056811 hours).
Run 325: Trial 10000 not balanced. Max 13342 steps (0.074122 hours).
Run 326: Trial 10000 not balanced. Max 267 steps (0.001483 hours).
Run 327: Trial 10000 not balanced. Max 8635 steps (0.047972 hours).
Run 328: Trial 10000 not balanced. Max 5202 steps (0.028900 hours).
Run 329: Trial 10000 not balanced. Max 307 steps (0.001706 hours).
Run 330: Trial 10000 not balanced. Max 2315 steps (0.012861 hours).
Run 331: Trial 10000 not balanced. Max 10391 steps (0.057728 hours).
Run 332: Trial 10000 not balanced. Max 8810 steps (0.048944 hours).
Run 333: Trial 10000 not balanced. Max 297 steps (0.001650 hours).
Run 334: Trial 10000 not balanced. Max 4225 steps (0.023472 hours).
Run 335: Trial 10000 not balanced. Max 227 steps (0.001261 hours).
Run 336: Trial 10000 not balanced. Max 251 steps (0.001394 hours).
Run 337: Trial 10000 not balanced. Max 11634 steps (0.064633 hours).
Run 338: Trial 10000 not balanced. Max 4423 steps (0.024572 hours).
Run 339: Trial 10000 not balanced. Max 16493 steps (0.091628 hours).
Run 340: Trial 10000 not balanced. Max 6979 steps (0.038772 hours).
Run 341: Trial 10000 not balanced. Max 309 steps (0.001717 hours).
Run 342: Trial 10000 not balanced. Max 18230 steps (0.101278 hours).
Run 343: Trial 10000 not balanced. Max 219 steps (0.001217 hours).
Run 344: Trial 10000 not balanced. Max 9107 steps (0.050594 hours).
Run 345: Trial 10000 not balanced. Max 211 steps (0.001172 hours).
Run 346: Trial 10000 not balanced. Max 4290 steps (0.023833 hours).
Run 347: Trial 10000 not balanced. Max 21529 steps (0.119606 hours).
Run 348: Trial 10000 not balanced. Max 42723 steps (0.237350 hours).
Run 349: Trial 10000 not balanced. Max 99 steps (0.000550 hours).
Run 350: Trial 10000 not balanced. Max 10400 steps (0.057778 hours).
Run 351: Trial 10000 not balanced. Max 5689 steps (0.031606 hours).
Run 352: Trial 10000 not balanced. Max 13783 steps (0.076572 hours).
Run 353: Trial 10000 not balanced. Max 106 steps (0.000589 hours).
Run 354: Trial 10000 not balanced. Max 14786 steps (0.082144 hours).
Run 355: Trial 10000 not balanced. Max 200 steps (0.001111 hours).
Run 356: Trial 10000 not balanced. Max 12008 steps (0.066711 hours).
Run 357: Trial 10000 not balanced. Max 14316 steps (0.079533 hours).
Run 358: Trial 10000 not balanced. Max 179 steps (0.000994 hours).
Run 359: Trial 10000 not balanced. Max 252 steps (0.001400 hours).
Run 360: Trial 10000 not balanced. Max 3321 steps (0.018450 hours).
Run 361: Trial 10000 not balanced. Max 11805 steps (0.065583 hours).
Run 362: Trial 10000 not balanced. Max 201 steps (0.001117 hours).
Run 363: Trial 10000 not balanced. Max 5992 steps (0.033289 hours).
Run 364: Trial 10000 not balanced. Max 18645 steps (0.103583 hours).
Run 365: Trial 10000 not balanced. Max 184 steps (0.001022 hours).
Run 366: Trial 10000 not balanced. Max 28667 steps (0.159261 hours).
Run 367: Trial 10000 not balanced. Max 193 steps (0.001072 hours).
Run 368: Trial 10000 not balanced. Max 258 steps (0.001433 hours).
Run 369: Trial 10000 not balanced. Max 4904 steps (0.027244 hours).
Run 370: Trial 10000 not balanced. Max 24244 steps (0.134689 hours).
Run 371: Trial 10000 not balanced. Max 328 steps (0.001822 hours).
Run 372: Trial 10000 not balanced. Max 260 steps (0.001444 hours).
Run 373: Trial 10000 not balanced. Max 261 steps (0.001450 hours).
Run 374: Trial 10000 not balanced. Max 14427 steps (0.080150 hours).
Run 375: Trial 10000 not balanced. Max 222 steps (0.001233 hours).
Run 376: Trial 10000 not balanced. Max 14223 steps (0.079017 hours).
Run 377: Trial 10000 not balanced. Max 6268 steps (0.034822 hours).
Run 378: Trial 10000 not balanced. Max 110 steps (0.000611 hours).
Run 379: Trial 10000 not balanced. Max 9236 steps (0.051311 hours).
Run 380: Trial 10000 not balanced. Max 242 steps (0.001344 hours).
Run 381: Trial 10000 not balanced. Max 11829 steps (0.065717 hours).
Run 382: Trial 10000 not balanced. Max 117 steps (0.000650 hours).
Run 383: Trial 10000 not balanced. Max 111 steps (0.000617 hours).
Run 384: Trial 10000 not balanced. Max 236 steps (0.001311 hours).
Run 385: Trial 10000 not balanced. Max 16650 steps (0.092500 hours).
Run 386: Trial 10000 not balanced. Max 19490 steps (0.108278 hours).
Run 387: Trial 10000 not balanced. Max 1772 steps (0.009844 hours).
Run 388: Trial 10000 not balanced. Max 26619 steps (0.147883 hours).
Run 389: Trial 10000 not balanced. Max 289 steps (0.001606 hours).
Run 390: Trial 10000 not balanced. Max 172 steps (0.000956 hours).
Run 391: Trial 10000 not balanced. Max 126 steps (0.000700 hours).
Run 392: Trial 10000 not balanced. Max 13967 steps (0.077594 hours).
Run 393: Trial 10000 not balanced. Max 240 steps (0.001333 hours).
Run 394: Trial 10000 not balanced. Max 5503 steps (0.030572 hours).
Run 395: Trial 10000 not balanced. Max 3786 steps (0.021033 hours).
Run 396: Trial 10000 not balanced. Max 30713 steps (0.170628 hours).
Run 397: Trial 10000 not balanced. Max 255 steps (0.001417 hours).
Run 398: Trial 10000 not balanced. Max 125 steps (0.000694 hours).
Run 399: Trial 10000 not balanced. Max 1378 steps (0.007656 hours).
Run 400: Trial 10000 not balanced. Max 171 steps (0.000950 hours).
Run 401: Trial 10000 not balanced. Max 21092 steps (0.117178 hours).
Run 402: Trial 10000 not balanced. Max 277 steps (0.001539 hours).
Run 403: Trial 10000 not balanced. Max 281 steps (0.001561 hours).
Run 404: Trial 10000 not balanced. Max 106 steps (0.000589 hours).
Run 405: Trial 10000 not balanced. Max 14517 steps (0.080650 hours).
Run 406: Trial 10000 not balanced. Max 10083 steps (0.056017 hours).
Run 407: Trial 10000 not balanced. Max 20184 steps (0.112133 hours).
Run 408: Trial 10000 not balanced. Max 16350 steps (0.090833 hours).
Run 409: Trial 10000 not balanced. Max 26526 steps (0.147367 hours).
Run 410: Trial 10000 not balanced. Max 12047 steps (0.066928 hours).
Run 411: Trial 10000 not balanced. Max 241 steps (0.001339 hours).
Run 412: Trial 10000 not balanced. Max 15973 steps (0.088739 hours).
Run 413: Trial 10000 not balanced. Max 3953 steps (0.021961 hours).
Run 414: Trial 10000 not balanced. Max 2611 steps (0.014506 hours).
Run 415: Trial 10000 not balanced. Max 14412 steps (0.080067 hours).
Run 416: Trial 10000 not balanced. Max 2116 steps (0.011756 hours).
Run 417: Trial 10000 not balanced. Max 327 steps (0.001817 hours).
Run 418: Trial 10000 not balanced. Max 240 steps (0.001333 hours).
Run 419: Trial 10000 not balanced. Max 2716 steps (0.015089 hours).
Run 420: Trial 10000 not balanced. Max 2603 steps (0.014461 hours).
Run 421: Trial 10000 not balanced. Max 34238 steps (0.190211 hours).
Run 422: Trial 10000 not balanced. Max 238 steps (0.001322 hours).
Run 423: Trial 10000 not balanced. Max 21726 steps (0.120700 hours).
Run 424: Trial 10000 not balanced. Max 6656 steps (0.036978 hours).
Run 425: Trial 10000 not balanced. Max 12111 steps (0.067283 hours).
Run 426: Trial 10000 not balanced. Max 2419 steps (0.013439 hours).
Run 427: Trial 10000 not balanced. Max 114 steps (0.000633 hours).
Run 428: Trial 10000 not balanced. Max 14955 steps (0.083083 hours).
Run 429: Trial 10000 not balanced. Max 334 steps (0.001856 hours).
Run 430: Trial 10000 not balanced. Max 257 steps (0.001428 hours).
Run 431: Trial 10000 not balanced. Max 220 steps (0.001222 hours).
Run 432: Trial 10000 not balanced. Max 302 steps (0.001678 hours).
Run 433: Trial 10000 not balanced. Max 12143 steps (0.067461 hours).
Run 434: Trial 10000 not balanced. Max 7227 steps (0.040150 hours).
Run 435: Trial 10000 not balanced. Max 7022 steps (0.039011 hours).
Run 436: Trial 10000 not balanced. Max 240 steps (0.001333 hours).
Run 437: Trial 10000 not balanced. Max 8122 steps (0.045122 hours).
Run 438: Trial 10000 not balanced. Max 7243 steps (0.040239 hours).
Run 439: Trial 10000 not balanced. Max 13197 steps (0.073317 hours).
Run 440: Trial 10000 not balanced. Max 278 steps (0.001544 hours).
Run 441: Trial 10000 not balanced. Max 31967 steps (0.177594 hours).
Run 442: Trial 10000 not balanced. Max 21786 steps (0.121033 hours).
Run 443: Trial 10000 not balanced. Max 3399 steps (0.018883 hours).
Run 444: Trial 10000 not balanced. Max 9784 steps (0.054356 hours).
Run 445: Trial 10000 not balanced. Max 2155 steps (0.011972 hours).
Run 446: Trial 10000 not balanced. Max 237 steps (0.001317 hours).
Run 447: Trial 10000 not balanced. Max 142 steps (0.000789 hours).
Run 448: Trial 10000 not balanced. Max 224 steps (0.001244 hours).
Run 449: Trial 10000 not balanced. Max 7085 steps (0.039361 hours).
Run 450: Trial 10000 not balanced. Max 14530 steps (0.080722 hours).
Run 451: Trial 10000 not balanced. Max 288 steps (0.001600 hours).
Run 452: Trial 10000 not balanced. Max 11851 steps (0.065839 hours).
Run 453: Trial 10000 not balanced. Max 7755 steps (0.043083 hours).
Run 454: Trial 10000 not balanced. Max 6274 steps (0.034856 hours).
Run 455: Trial 10000 not balanced. Max 133 steps (0.000739 hours).
Run 456: Trial 10000 not balanced. Max 121 steps (0.000672 hours).
Run 457: Trial 10000 not balanced. Max 221 steps (0.001228 hours).
Run 458: Trial 10000 not balanced. Max 4197 steps (0.023317 hours).
Run 459: Trial 10000 not balanced. Max 4112 steps (0.022844 hours).
Run 460: Trial 10000 not balanced. Max 160 steps (0.000889 hours).
Run 461: Trial 10000 not balanced. Max 231 steps (0.001283 hours).
Run 462: Trial 10000 not balanced. Max 6051 steps (0.033617 hours).
Run 463: Trial 10000 not balanced. Max 8328 steps (0.046267 hours).
Run 464: Trial 10000 not balanced. Max 2146 steps (0.011922 hours).
Run 465: Trial 10000 not balanced. Max 5774 steps (0.032078 hours).
Run 466: Trial 10000 not balanced. Max 120 steps (0.000667 hours).
Run 467: Trial 10000 not balanced. Max 244 steps (0.001356 hours).
Run 468: Trial 10000 not balanced. Max 9293 steps (0.051628 hours).
Run 469: Trial 10000 not balanced. Max 12480 steps (0.069333 hours).
Run 470: Trial 10000 not balanced. Max 3634 steps (0.020189 hours).
Run 471: Trial 10000 not balanced. Max 121 steps (0.000672 hours).
Run 472: Trial 10000 not balanced. Max 11374 steps (0.063189 hours).
Run 473: Trial 10000 not balanced. Max 8717 steps (0.048428 hours).
Run 474: Trial 10000 not balanced. Max 6040 steps (0.033556 hours).
Run 475: Trial 10000 not balanced. Max 104 steps (0.000578 hours).
Run 476: Trial 10000 not balanced. Max 3980 steps (0.022111 hours).
Run 477: Trial 10000 not balanced. Max 6222 steps (0.034567 hours).
Run 478: Trial 10000 not balanced. Max 2008 steps (0.011156 hours).
Run 479: Trial 9570 balanced for 180000 steps (1.000000 hours).
Wrote current weights to latest.weights
Wrote current data to latest.train
2156.474u 725.885s 2:28:23.39 32.3%	0+0k 0+38326624io 0pf+0w
 
TESTING USING THE TRAINED WEIGHTS
