balanced 0 test_flag 0
[Run 1] Ep 10000 not balanced. Max 113 steps (0.0006 hrs). 1 sec
[Run 2] Ep 10000 not balanced. Max 105 steps (0.0006 hrs). 1 sec
[Run 3] Ep 10000 not balanced. Max 116 steps (0.0006 hrs). 1 sec
[Run 4] Ep 10000 not balanced. Max 114 steps (0.0006 hrs). 1 sec
[Run 5] Ep 10000 not balanced. Max 109 steps (0.0006 hrs). 1 sec
[Run 6] Ep 10000 not balanced. Max 93 steps (0.0005 hrs). 1 sec
[Run 7] Ep 10000 not balanced. Max 41793 steps (0.2322 hrs). 3 sec
[Run 8] Ep 10000 not balanced. Max 104 steps (0.0006 hrs). 1 sec
[Run 9] Ep 10000 not balanced. Max 145 steps (0.0008 hrs). 1 sec
[Run 10] Ep 10000 not balanced. Max 110 steps (0.0006 hrs). 1 sec
[Run 11] Ep 10000 not balanced. Max 120 steps (0.0007 hrs). 1 sec
[Run 12] Ep 10000 not balanced. Max 111 steps (0.0006 hrs). 1 sec
[Run 13] Ep 10000 not balanced. Max 126 steps (0.0007 hrs). 1 sec
[Run 14] Ep 10000 not balanced. Max 1536 steps (0.0085 hrs). 2 sec
[Run 15] Ep 10000 not balanced. Max 124 steps (0.0007 hrs). 1 sec
[Run 16] Ep 10000 not balanced. Max 11708 steps (0.0650 hrs). 2 sec
[Run 17] Ep 10000 not balanced. Max 134 steps (0.0007 hrs). 1 sec
[Run 18] Ep 10000 not balanced. Max 130 steps (0.0007 hrs). 1 sec
[Run 19] Ep 10000 not balanced. Max 114 steps (0.0006 hrs). 1 sec
[Run 20] Ep 10000 not balanced. Max 89 steps (0.0005 hrs). 1 sec
[Run 21] Ep 10000 not balanced. Max 116 steps (0.0006 hrs). 1 sec
[Run 22] Ep 10000 not balanced. Max 125 steps (0.0007 hrs). 1 sec
[Run 23] Ep 10000 not balanced. Max 116 steps (0.0006 hrs). 1 sec
[Run 24] Ep 10000 not balanced. Max 112 steps (0.0006 hrs). 1 sec
[Run 25] Ep 10000 not balanced. Max 188 steps (0.0010 hrs). 1 sec
[Run 26] Ep 10000 not balanced. Max 128 steps (0.0007 hrs). 1 sec
[Run 27] Ep 10000 not balanced. Max 138 steps (0.0008 hrs). 1 sec
[Run 28] Ep 10000 not balanced. Max 1248 steps (0.0069 hrs). 2 sec
[Run 29] Ep 10000 not balanced. Max 108 steps (0.0006 hrs). 1 sec
[Run 30] Ep 10000 not balanced. Max 109 steps (0.0006 hrs). 1 sec
[Run 31] Ep 10000 not balanced. Max 188 steps (0.0010 hrs). 1 sec
[Run 32] Ep 10000 not balanced. Max 128 steps (0.0007 hrs). 1 sec
[Run 33] Ep 10000 not balanced. Max 109 steps (0.0006 hrs). 1 sec
[Run 34] Ep 10000 not balanced. Max 113 steps (0.0006 hrs). 1 sec
[Run 35] Ep 10000 not balanced. Max 133 steps (0.0007 hrs). 1 sec
[Run 36] Ep 10000 not balanced. Max 140 steps (0.0008 hrs). 1 sec
[Run 37] Ep 10000 not balanced. Max 102 steps (0.0006 hrs). 1 sec
[Run 38] Ep 10000 not balanced. Max 144 steps (0.0008 hrs). 1 sec
[Run 39] Ep 10000 not balanced. Max 104 steps (0.0006 hrs). 1 sec
[Run 40] Ep 10000 not balanced. Max 119 steps (0.0007 hrs). 2 sec
[Run 41] Ep 10000 not balanced. Max 1464 steps (0.0081 hrs). 1 sec
[Run 42] Ep 10000 not balanced. Max 139 steps (0.0008 hrs). 1 sec
[Run 43] Ep 10000 not balanced. Max 112 steps (0.0006 hrs). 1 sec
[Run 44] Ep 10000 not balanced. Max 150 steps (0.0008 hrs). 1 sec
[Run 45] Ep 10000 not balanced. Max 163 steps (0.0009 hrs). 1 sec
[Run 46] Ep 10000 not balanced. Max 124 steps (0.0007 hrs). 1 sec
[Run 47] Ep 10000 not balanced. Max 132 steps (0.0007 hrs). 1 sec
[Run 48] Ep 10000 not balanced. Max 199 steps (0.0011 hrs). 2 sec
[Run 49] Ep 10000 not balanced. Max 143 steps (0.0008 hrs). 1 sec
[Run 50] Ep 10000 not balanced. Max 176 steps (0.0010 hrs). 1 sec
[Run 51] Ep 10000 not balanced. Max 103 steps (0.0006 hrs). 1 sec
[Run 52] Ep 10000 not balanced. Max 123 steps (0.0007 hrs). 1 sec
[Run 53] Ep 10000 not balanced. Max 924 steps (0.0051 hrs). 1 sec
[Run 54] Ep 10000 not balanced. Max 11381 steps (0.0632 hrs). 3 sec
[Run 55] Ep 10000 not balanced. Max 151 steps (0.0008 hrs). 1 sec
[Run 56] Ep 10000 not balanced. Max 171 steps (0.0009 hrs). 1 sec
[Run 57] Ep 10000 not balanced. Max 146 steps (0.0008 hrs). 1 sec
[Run 58] Ep 10000 not balanced. Max 114 steps (0.0006 hrs). 1 sec
[Run 59] Ep 10000 not balanced. Max 114 steps (0.0006 hrs). 1 sec
[Run 60] Ep 10000 not balanced. Max 1149 steps (0.0064 hrs). 1 sec
[Run 61] Ep 10000 not balanced. Max 116 steps (0.0006 hrs). 1 sec
[Run 62] Ep 10000 not balanced. Max 148 steps (0.0008 hrs). 1 sec
[Run 63] Ep 10000 not balanced. Max 137 steps (0.0008 hrs). 1 sec
[Run 64] Ep 10000 not balanced. Max 128 steps (0.0007 hrs). 1 sec
[Run 65] Ep 10000 not balanced. Max 108 steps (0.0006 hrs). 1 sec
[Run 66] Ep 10000 not balanced. Max 105 steps (0.0006 hrs). 1 sec
[Run 67] Ep 10000 not balanced. Max 114 steps (0.0006 hrs). 1 sec
[Run 68] Ep 10000 not balanced. Max 6807 steps (0.0378 hrs). 3 sec
[Run 69] Ep 10000 not balanced. Max 139 steps (0.0008 hrs). 1 sec
[Run 70] Ep 10000 not balanced. Max 199 steps (0.0011 hrs). 1 sec
[Run 71] Ep 10000 not balanced. Max 112 steps (0.0006 hrs). 1 sec
[Run 72] Ep 10000 not balanced. Max 1245 steps (0.0069 hrs). 1 sec
[Run 73] Ep 10000 not balanced. Max 121 steps (0.0007 hrs). 1 sec
[Run 74] Ep 10000 not balanced. Max 123 steps (0.0007 hrs). 1 sec
[Run 75] Ep 10000 not balanced. Max 104 steps (0.0006 hrs). 1 sec
[Run 76] Ep 10000 not balanced. Max 113 steps (0.0006 hrs). 1 sec
[Run 77] Ep 10000 not balanced. Max 1385 steps (0.0077 hrs). 2 sec
[Run 78] Ep 10000 not balanced. Max 124 steps (0.0007 hrs). 1 sec
[Run 79] Ep 10000 not balanced. Max 102 steps (0.0006 hrs). 1 sec
[Run 80] Ep 10000 not balanced. Max 108 steps (0.0006 hrs). 1 sec
[Run 81] Ep 10000 not balanced. Max 177 steps (0.0010 hrs). 1 sec
[Run 82] Ep 10000 not balanced. Max 106 steps (0.0006 hrs). 1 sec
[Run 83] Ep 10000 not balanced. Max 112 steps (0.0006 hrs). 1 sec
[Run 84] Ep 10000 not balanced. Max 120 steps (0.0007 hrs). 1 sec
[Run 85] Ep 10000 not balanced. Max 132 steps (0.0007 hrs). 1 sec
[Run 86] Ep 10000 not balanced. Max 157 steps (0.0009 hrs). 1 sec
[Run 87] Ep 10000 not balanced. Max 124 steps (0.0007 hrs). 1 sec
[Run 88] Ep 10000 not balanced. Max 1203 steps (0.0067 hrs). 1 sec
[Run 89] Ep 10000 not balanced. Max 103 steps (0.0006 hrs). 2 sec
[Run 90] Ep 10000 not balanced. Max 141 steps (0.0008 hrs). 1 sec
[Run 91] Ep 10000 not balanced. Max 109 steps (0.0006 hrs). 1 sec
[Run 92] Ep 10000 not balanced. Max 124 steps (0.0007 hrs). 1 sec
[Run 93] Ep 10000 not balanced. Max 126 steps (0.0007 hrs). 1 sec
[Run 94] Ep 10000 not balanced. Max 108 steps (0.0006 hrs). 1 sec
[Run 95] Ep 10000 not balanced. Max 126 steps (0.0007 hrs). 1 sec
[Run 96] Ep 10000 not balanced. Max 136 steps (0.0008 hrs). 1 sec
[Run 97] Ep 10000 not balanced. Max 155 steps (0.0009 hrs). 1 sec
[Run 98] Ep 10000 not balanced. Max 145 steps (0.0008 hrs). 1 sec
[Run 99] Ep 10000 not balanced. Max 113 steps (0.0006 hrs). 1 sec
[Run 100] Ep 10000 not balanced. Max 128 steps (0.0007 hrs). 1 sec
[Run 101] Ep 10000 not balanced. Max 115 steps (0.0006 hrs). 1 sec
[Run 102] Ep 10000 not balanced. Max 101 steps (0.0006 hrs). 1 sec
[Run 103] Ep 10000 not balanced. Max 173 steps (0.0010 hrs). 1 sec
[Run 104] Ep 10000 not balanced. Max 118 steps (0.0007 hrs). 1 sec
[Run 105] Ep 10000 not balanced. Max 183 steps (0.0010 hrs). 1 sec
[Run 106] Ep 10000 not balanced. Max 118 steps (0.0007 hrs). 1 sec
[Run 107] Ep 10000 not balanced. Max 125 steps (0.0007 hrs). 1 sec
[Run 108] Ep 10000 not balanced. Max 108 steps (0.0006 hrs). 1 sec
[Run 109] Ep 10000 not balanced. Max 152 steps (0.0008 hrs). 1 sec
[Run 110] Ep 10000 not balanced. Max 110 steps (0.0006 hrs). 1 sec
[Run 111] Ep 10000 not balanced. Max 111 steps (0.0006 hrs). 1 sec
[Run 112] Ep 10000 not balanced. Max 123 steps (0.0007 hrs). 1 sec
[Run 113] Ep 10000 not balanced. Max 113 steps (0.0006 hrs). 1 sec
[Run 114] Ep 10000 not balanced. Max 707 steps (0.0039 hrs). 3 sec
[Run 115] Ep 10000 not balanced. Max 151 steps (0.0008 hrs). 1 sec
[Run 116] Ep 10000 not balanced. Max 118 steps (0.0007 hrs). 1 sec
[Run 117] Ep 10000 not balanced. Max 145 steps (0.0008 hrs). 1 sec
[Run 118] Ep 10000 not balanced. Max 133 steps (0.0007 hrs). 1 sec
[Run 119] Ep 10000 not balanced. Max 174 steps (0.0010 hrs). 1 sec
[Run 120] Ep 10000 not balanced. Max 111 steps (0.0006 hrs). 1 sec
[Run 121] Ep 10000 not balanced. Max 145 steps (0.0008 hrs). 1 sec
[Run 122] Ep 10000 not balanced. Max 138 steps (0.0008 hrs). 1 sec
[Run 123] Ep 10000 not balanced. Max 121 steps (0.0007 hrs). 1 sec
[Run 124] Ep 10000 not balanced. Max 20686 steps (0.1149 hrs). 2 sec
[Run 125] Ep 10000 not balanced. Max 158 steps (0.0009 hrs). 1 sec
[Run 126] Ep 10000 not balanced. Max 17719 steps (0.0984 hrs). 1 sec
[Run 127] Ep 10000 not balanced. Max 130 steps (0.0007 hrs). 1 sec
[Run 128] Ep 10000 not balanced. Max 113 steps (0.0006 hrs). 1 sec
[Run 129] Ep 10000 not balanced. Max 100 steps (0.0006 hrs). 1 sec
[Run 130] Ep 10000 not balanced. Max 147 steps (0.0008 hrs). 2 sec
[Run 131] Ep 10000 not balanced. Max 106 steps (0.0006 hrs). 1 sec
[Run 132] Ep 10000 not balanced. Max 118 steps (0.0007 hrs). 1 sec
[Run 133] Ep 10000 not balanced. Max 137 steps (0.0008 hrs). 1 sec
[Run 134] Ep 9757 balanced for 180000 steps (1.0000 hrs). 3 sec
Wrote current weights to latest.weights
Total Elapsed time: 153 seconds
Wrote current data to latest.train
