balanced 0 test_flag 0
[Run 1] Ep 10000 not balanced. Max 146 steps (0.0008 hrs). 1 sec
[Run 2] Ep 10000 not balanced. Max 100 steps (0.0006 hrs). 1 sec
[Run 3] Ep 10000 not balanced. Max 131 steps (0.0007 hrs). 1 sec
[Run 4] Ep 10000 not balanced. Max 113 steps (0.0006 hrs). 1 sec
[Run 5] Ep 10000 not balanced. Max 102 steps (0.0006 hrs). 1 sec
[Run 6] Ep 10000 not balanced. Max 141 steps (0.0008 hrs). 1 sec
[Run 7] Ep 10000 not balanced. Max 102 steps (0.0006 hrs). 1 sec
[Run 8] Ep 10000 not balanced. Max 116 steps (0.0006 hrs). 1 sec
[Run 9] Ep 10000 not balanced. Max 115 steps (0.0006 hrs). 1 sec
[Run 10] Ep 10000 not balanced. Max 126 steps (0.0007 hrs). 1 sec
[Run 11] Ep 10000 not balanced. Max 1632 steps (0.0091 hrs). 2 sec
[Run 12] Ep 10000 not balanced. Max 115 steps (0.0006 hrs). 1 sec
[Run 13] Ep 10000 not balanced. Max 121 steps (0.0007 hrs). 1 sec
[Run 14] Ep 10000 not balanced. Max 109 steps (0.0006 hrs). 1 sec
[Run 15] Ep 10000 not balanced. Max 122 steps (0.0007 hrs). 1 sec
[Run 16] Ep 10000 not balanced. Max 158 steps (0.0009 hrs). 1 sec
[Run 17] Ep 10000 not balanced. Max 110 steps (0.0006 hrs). 1 sec
[Run 18] Ep 10000 not balanced. Max 115 steps (0.0006 hrs). 1 sec
[Run 19] Ep 10000 not balanced. Max 117 steps (0.0006 hrs). 1 sec
[Run 20] Ep 10000 not balanced. Max 120 steps (0.0007 hrs). 2 sec
[Run 21] Ep 10000 not balanced. Max 133 steps (0.0007 hrs). 1 sec
[Run 22] Ep 10000 not balanced. Max 102 steps (0.0006 hrs). 1 sec
[Run 23] Ep 10000 not balanced. Max 130 steps (0.0007 hrs). 1 sec
[Run 24] Ep 10000 not balanced. Max 812 steps (0.0045 hrs). 1 sec
[Run 25] Ep 10000 not balanced. Max 107 steps (0.0006 hrs). 1 sec
[Run 26] Ep 10000 not balanced. Max 127 steps (0.0007 hrs). 1 sec
[Run 27] Ep 10000 not balanced. Max 117 steps (0.0006 hrs). 1 sec
[Run 28] Ep 10000 not balanced. Max 146 steps (0.0008 hrs). 1 sec
[Run 29] Ep 10000 not balanced. Max 137 steps (0.0008 hrs). 1 sec
[Run 30] Ep 10000 not balanced. Max 128 steps (0.0007 hrs). 1 sec
[Run 31] Ep 10000 not balanced. Max 98 steps (0.0005 hrs). 1 sec
[Run 32] Ep 10000 not balanced. Max 96 steps (0.0005 hrs). 1 sec
[Run 33] Ep 10000 not balanced. Max 100 steps (0.0006 hrs). 1 sec
[Run 34] Ep 10000 not balanced. Max 141 steps (0.0008 hrs). 1 sec
[Run 35] Ep 10000 not balanced. Max 2507 steps (0.0139 hrs). 2 sec
[Run 36] Ep 10000 not balanced. Max 1372 steps (0.0076 hrs). 1 sec
[Run 37] Ep 10000 not balanced. Max 125 steps (0.0007 hrs). 1 sec
[Run 38] Ep 10000 not balanced. Max 147 steps (0.0008 hrs). 1 sec
[Run 39] Ep 10000 not balanced. Max 109 steps (0.0006 hrs). 1 sec
[Run 40] Ep 10000 not balanced. Max 120 steps (0.0007 hrs). 1 sec
[Run 41] Ep 10000 not balanced. Max 111 steps (0.0006 hrs). 2 sec
[Run 42] Ep 10000 not balanced. Max 116 steps (0.0006 hrs). 1 sec
[Run 43] Ep 10000 not balanced. Max 112 steps (0.0006 hrs). 1 sec
[Run 44] Ep 10000 not balanced. Max 106 steps (0.0006 hrs). 1 sec
[Run 45] Ep 10000 not balanced. Max 115 steps (0.0006 hrs). 1 sec
[Run 46] Ep 10000 not balanced. Max 115 steps (0.0006 hrs). 1 sec
[Run 47] Ep 10000 not balanced. Max 122 steps (0.0007 hrs). 1 sec
[Run 48] Ep 10000 not balanced. Max 136 steps (0.0008 hrs). 1 sec
[Run 49] Ep 10000 not balanced. Max 132 steps (0.0007 hrs). 1 sec
[Run 50] Ep 10000 not balanced. Max 21196 steps (0.1178 hrs). 4 sec
[Run 51] Ep 10000 not balanced. Max 122 steps (0.0007 hrs). 1 sec
[Run 52] Ep 10000 not balanced. Max 96 steps (0.0005 hrs). 2 sec
[Run 53] Ep 10000 not balanced. Max 125 steps (0.0007 hrs). 1 sec
[Run 54] Ep 10000 not balanced. Max 144 steps (0.0008 hrs). 1 sec
[Run 55] Ep 10000 not balanced. Max 115 steps (0.0006 hrs). 1 sec
[Run 56] Ep 10000 not balanced. Max 136 steps (0.0008 hrs). 1 sec
[Run 57] Ep 10000 not balanced. Max 137 steps (0.0008 hrs). 1 sec
[Run 58] Ep 10000 not balanced. Max 115 steps (0.0006 hrs). 1 sec
[Run 59] Ep 10000 not balanced. Max 102 steps (0.0006 hrs). 1 sec
[Run 60] Ep 10000 not balanced. Max 144 steps (0.0008 hrs). 1 sec
[Run 61] Ep 10000 not balanced. Max 111 steps (0.0006 hrs). 1 sec
[Run 62] Ep 10000 not balanced. Max 112 steps (0.0006 hrs). 1 sec
[Run 63] Ep 10000 not balanced. Max 130 steps (0.0007 hrs). 1 sec
[Run 64] Ep 10000 not balanced. Max 113 steps (0.0006 hrs). 1 sec
[Run 65] Ep 10000 not balanced. Max 140 steps (0.0008 hrs). 1 sec
[Run 66] Ep 10000 not balanced. Max 110 steps (0.0006 hrs). 1 sec
[Run 67] Ep 10000 not balanced. Max 114 steps (0.0006 hrs). 1 sec
[Run 68] Ep 10000 not balanced. Max 12933 steps (0.0719 hrs). 2 sec
[Run 69] Ep 10000 not balanced. Max 112 steps (0.0006 hrs). 1 sec
[Run 70] Ep 10000 not balanced. Max 134 steps (0.0007 hrs). 1 sec
[Run 71] Ep 10000 not balanced. Max 103 steps (0.0006 hrs). 1 sec
[Run 72] Ep 10000 not balanced. Max 114 steps (0.0006 hrs). 1 sec
[Run 73] Ep 10000 not balanced. Max 107 steps (0.0006 hrs). 1 sec
[Run 74] Ep 10000 not balanced. Max 131 steps (0.0007 hrs). 1 sec
[Run 75] Ep 10000 not balanced. Max 102 steps (0.0006 hrs). 1 sec
[Run 76] Ep 10000 not balanced. Max 24898 steps (0.1383 hrs). 2 sec
[Run 77] Ep 10000 not balanced. Max 107 steps (0.0006 hrs). 1 sec
[Run 78] Ep 10000 not balanced. Max 105188 steps (0.5844 hrs). 4 sec
[Run 79] Ep 10000 not balanced. Max 139 steps (0.0008 hrs). 1 sec
[Run 80] Ep 10000 not balanced. Max 109 steps (0.0006 hrs). 2 sec
[Run 81] Ep 10000 not balanced. Max 122 steps (0.0007 hrs). 1 sec
[Run 82] Ep 10000 not balanced. Max 130 steps (0.0007 hrs). 1 sec
[Run 83] Ep 10000 not balanced. Max 158 steps (0.0009 hrs). 1 sec
[Run 84] Ep 10000 not balanced. Max 102 steps (0.0006 hrs). 1 sec
[Run 85] Ep 10000 not balanced. Max 36 steps (0.0002 hrs). 1 sec
[Run 86] Ep 10000 not balanced. Max 101 steps (0.0006 hrs). 1 sec
[Run 87] Ep 10000 not balanced. Max 125 steps (0.0007 hrs). 1 sec
[Run 88] Ep 10000 not balanced. Max 138 steps (0.0008 hrs). 1 sec
[Run 89] Ep 10000 not balanced. Max 121 steps (0.0007 hrs). 1 sec
[Run 90] Ep 10000 not balanced. Max 113 steps (0.0006 hrs). 1 sec
[Run 91] Ep 10000 not balanced. Max 121 steps (0.0007 hrs). 1 sec
[Run 92] Ep 10000 not balanced. Max 125 steps (0.0007 hrs). 1 sec
[Run 93] Ep 10000 not balanced. Max 121 steps (0.0007 hrs). 1 sec
[Run 94] Ep 10000 not balanced. Max 98 steps (0.0005 hrs). 2 sec
[Run 95] Ep 10000 not balanced. Max 107 steps (0.0006 hrs). 1 sec
[Run 96] Ep 10000 not balanced. Max 100 steps (0.0006 hrs). 1 sec
[Run 97] Ep 9720 balanced for 180000 steps (1.0000 hrs). 3 sec
Wrote current weights to latest.weights
Total Elapsed time: 114 seconds
Wrote current data to latest.train
