balanced 0 test_flag 0
[Run 1] Ep 10000 not balanced. Max 130 steps (0.0007 hrs). 1 sec
[Run 2] Ep 10000 not balanced. Max 100 steps (0.0006 hrs). 1 sec
[Run 3] Ep 10000 not balanced. Max 127 steps (0.0007 hrs). 1 sec
[Run 4] Ep 10000 not balanced. Max 105 steps (0.0006 hrs). 1 sec
[Run 5] Ep 10000 not balanced. Max 101 steps (0.0006 hrs). 1 sec
[Run 6] Ep 10000 not balanced. Max 121 steps (0.0007 hrs). 1 sec
[Run 7] Ep 10000 not balanced. Max 131 steps (0.0007 hrs). 1 sec
[Run 8] Ep 10000 not balanced. Max 138 steps (0.0008 hrs). 1 sec
[Run 9] Ep 10000 not balanced. Max 110 steps (0.0006 hrs). 1 sec
[Run 10] Ep 10000 not balanced. Max 115 steps (0.0006 hrs). 2 sec
[Run 11] Ep 10000 not balanced. Max 104 steps (0.0006 hrs). 1 sec
[Run 12] Ep 10000 not balanced. Max 144 steps (0.0008 hrs). 1 sec
[Run 13] Ep 10000 not balanced. Max 117 steps (0.0006 hrs). 1 sec
[Run 14] Ep 10000 not balanced. Max 134 steps (0.0007 hrs). 1 sec
[Run 15] Ep 10000 not balanced. Max 129 steps (0.0007 hrs). 1 sec
[Run 16] Ep 10000 not balanced. Max 113 steps (0.0006 hrs). 1 sec
[Run 17] Ep 10000 not balanced. Max 278 steps (0.0015 hrs). 1 sec
[Run 18] Ep 10000 not balanced. Max 121 steps (0.0007 hrs). 1 sec
[Run 19] Ep 10000 not balanced. Max 132 steps (0.0007 hrs). 1 sec
[Run 20] Ep 10000 not balanced. Max 111 steps (0.0006 hrs). 1 sec
[Run 21] Ep 10000 not balanced. Max 107 steps (0.0006 hrs). 1 sec
[Run 22] Ep 10000 not balanced. Max 135 steps (0.0008 hrs). 1 sec
[Run 23] Ep 10000 not balanced. Max 164 steps (0.0009 hrs). 1 sec
[Run 24] Ep 10000 not balanced. Max 164 steps (0.0009 hrs). 1 sec
[Run 25] Ep 10000 not balanced. Max 165 steps (0.0009 hrs). 1 sec
[Run 26] Ep 10000 not balanced. Max 202 steps (0.0011 hrs). 1 sec
[Run 27] Ep 10000 not balanced. Max 105 steps (0.0006 hrs). 1 sec
[Run 28] Ep 10000 not balanced. Max 106 steps (0.0006 hrs). 2 sec
[Run 29] Ep 10000 not balanced. Max 6855 steps (0.0381 hrs). 1 sec
[Run 30] Ep 10000 not balanced. Max 137 steps (0.0008 hrs). 1 sec
[Run 31] Ep 10000 not balanced. Max 123 steps (0.0007 hrs). 1 sec
[Run 32] Ep 10000 not balanced. Max 182 steps (0.0010 hrs). 1 sec
[Run 33] Ep 10000 not balanced. Max 114 steps (0.0006 hrs). 1 sec
[Run 34] Ep 10000 not balanced. Max 424 steps (0.0024 hrs). 2 sec
[Run 35] Ep 10000 not balanced. Max 103 steps (0.0006 hrs). 1 sec
[Run 36] Ep 10000 not balanced. Max 116 steps (0.0006 hrs). 1 sec
[Run 37] Ep 10000 not balanced. Max 154 steps (0.0009 hrs). 1 sec
[Run 38] Ep 10000 not balanced. Max 2113 steps (0.0117 hrs). 2 sec
[Run 39] Ep 10000 not balanced. Max 114 steps (0.0006 hrs). 1 sec
[Run 40] Ep 10000 not balanced. Max 115 steps (0.0006 hrs). 1 sec
[Run 41] Ep 10000 not balanced. Max 137 steps (0.0008 hrs). 1 sec
[Run 42] Ep 10000 not balanced. Max 110 steps (0.0006 hrs). 1 sec
[Run 43] Ep 10000 not balanced. Max 8907 steps (0.0495 hrs). 3 sec
[Run 44] Ep 10000 not balanced. Max 103 steps (0.0006 hrs). 1 sec
[Run 45] Ep 10000 not balanced. Max 142 steps (0.0008 hrs). 1 sec
[Run 46] Ep 10000 not balanced. Max 134 steps (0.0007 hrs). 1 sec
[Run 47] Ep 10000 not balanced. Max 519 steps (0.0029 hrs). 1 sec
[Run 48] Ep 10000 not balanced. Max 108 steps (0.0006 hrs). 1 sec
[Run 49] Ep 10000 not balanced. Max 153 steps (0.0008 hrs). 1 sec
[Run 50] Ep 10000 not balanced. Max 148 steps (0.0008 hrs). 2 sec
[Run 51] Ep 10000 not balanced. Max 108 steps (0.0006 hrs). 1 sec
[Run 52] Ep 10000 not balanced. Max 120 steps (0.0007 hrs). 1 sec
[Run 53] Ep 10000 not balanced. Max 117 steps (0.0006 hrs). 1 sec
[Run 54] Ep 10000 not balanced. Max 148 steps (0.0008 hrs). 1 sec
[Run 55] Ep 10000 not balanced. Max 185 steps (0.0010 hrs). 1 sec
[Run 56] Ep 10000 not balanced. Max 146 steps (0.0008 hrs). 1 sec
[Run 57] Ep 10000 not balanced. Max 109 steps (0.0006 hrs). 1 sec
[Run 58] Ep 10000 not balanced. Max 116 steps (0.0006 hrs). 1 sec
[Run 59] Ep 10000 not balanced. Max 973 steps (0.0054 hrs). 1 sec
[Run 60] Ep 10000 not balanced. Max 105 steps (0.0006 hrs). 1 sec
[Run 61] Ep 10000 not balanced. Max 171 steps (0.0009 hrs). 1 sec
[Run 62] Ep 10000 not balanced. Max 140 steps (0.0008 hrs). 1 sec
[Run 63] Ep 10000 not balanced. Max 106 steps (0.0006 hrs). 1 sec
[Run 64] Ep 10000 not balanced. Max 119 steps (0.0007 hrs). 1 sec
[Run 65] Ep 10000 not balanced. Max 643 steps (0.0036 hrs). 2 sec
[Run 66] Ep 10000 not balanced. Max 116 steps (0.0006 hrs). 1 sec
[Run 67] Ep 10000 not balanced. Max 133 steps (0.0007 hrs). 1 sec
[Run 68] Ep 10000 not balanced. Max 107 steps (0.0006 hrs). 1 sec
[Run 69] Ep 10000 not balanced. Max 137 steps (0.0008 hrs). 1 sec
[Run 70] Ep 10000 not balanced. Max 109 steps (0.0006 hrs). 1 sec
[Run 71] Ep 10000 not balanced. Max 129 steps (0.0007 hrs). 1 sec
[Run 72] Ep 10000 not balanced. Max 145 steps (0.0008 hrs). 1 sec
[Run 73] Ep 10000 not balanced. Max 100 steps (0.0006 hrs). 1 sec
[Run 74] Ep 10000 not balanced. Max 111 steps (0.0006 hrs). 1 sec
[Run 75] Ep 10000 not balanced. Max 145 steps (0.0008 hrs). 1 sec
[Run 76] Ep 10000 not balanced. Max 117 steps (0.0006 hrs). 1 sec
[Run 77] Ep 10000 not balanced. Max 173 steps (0.0010 hrs). 1 sec
[Run 78] Ep 10000 not balanced. Max 109 steps (0.0006 hrs). 1 sec
[Run 79] Ep 10000 not balanced. Max 177 steps (0.0010 hrs). 1 sec
[Run 80] Ep 10000 not balanced. Max 116 steps (0.0006 hrs). 1 sec
[Run 81] Ep 10000 not balanced. Max 114 steps (0.0006 hrs). 2 sec
[Run 82] Ep 10000 not balanced. Max 117 steps (0.0006 hrs). 1 sec
[Run 83] Ep 10000 not balanced. Max 121 steps (0.0007 hrs). 1 sec
[Run 84] Ep 10000 not balanced. Max 120 steps (0.0007 hrs). 1 sec
[Run 85] Ep 10000 not balanced. Max 108 steps (0.0006 hrs). 1 sec
[Run 86] Ep 10000 not balanced. Max 126 steps (0.0007 hrs). 1 sec
[Run 87] Ep 10000 not balanced. Max 145 steps (0.0008 hrs). 1 sec
[Run 88] Ep 10000 not balanced. Max 127 steps (0.0007 hrs). 1 sec
[Run 89] Ep 10000 not balanced. Max 168 steps (0.0009 hrs). 1 sec
[Run 90] Ep 10000 not balanced. Max 122 steps (0.0007 hrs). 1 sec
[Run 91] Ep 10000 not balanced. Max 202 steps (0.0011 hrs). 1 sec
[Run 92] Ep 10000 not balanced. Max 139 steps (0.0008 hrs). 1 sec
[Run 93] Ep 10000 not balanced. Max 132 steps (0.0007 hrs). 1 sec
[Run 94] Ep 10000 not balanced. Max 104 steps (0.0006 hrs). 1 sec
[Run 95] Ep 10000 not balanced. Max 4383 steps (0.0243 hrs). 2 sec
[Run 96] Ep 10000 not balanced. Max 105 steps (0.0006 hrs). 1 sec
[Run 97] Ep 10000 not balanced. Max 118 steps (0.0007 hrs). 1 sec
[Run 98] Ep 10000 not balanced. Max 117 steps (0.0006 hrs). 1 sec
[Run 99] Ep 10000 not balanced. Max 195 steps (0.0011 hrs). 1 sec
[Run 100] Ep 10000 not balanced. Max 120 steps (0.0007 hrs). 1 sec
[Run 101] Ep 10000 not balanced. Max 121 steps (0.0007 hrs). 1 sec
[Run 102] Ep 10000 not balanced. Max 127 steps (0.0007 hrs). 1 sec
[Run 103] Ep 10000 not balanced. Max 111 steps (0.0006 hrs). 1 sec
[Run 104] Ep 10000 not balanced. Max 202 steps (0.0011 hrs). 2 sec
[Run 105] Ep 10000 not balanced. Max 111 steps (0.0006 hrs). 1 sec
[Run 106] Ep 10000 not balanced. Max 118 steps (0.0007 hrs). 1 sec
[Run 107] Ep 10000 not balanced. Max 140 steps (0.0008 hrs). 1 sec
[Run 108] Ep 10000 not balanced. Max 91 steps (0.0005 hrs). 1 sec
[Run 109] Ep 10000 not balanced. Max 133 steps (0.0007 hrs). 1 sec
[Run 110] Ep 10000 not balanced. Max 122 steps (0.0007 hrs). 1 sec
[Run 111] Ep 10000 not balanced. Max 7137 steps (0.0396 hrs). 2 sec
[Run 112] Ep 10000 not balanced. Max 5395 steps (0.0300 hrs). 2 sec
[Run 113] Ep 10000 not balanced. Max 138 steps (0.0008 hrs). 1 sec
[Run 114] Ep 10000 not balanced. Max 130 steps (0.0007 hrs). 1 sec
[Run 115] Ep 10000 not balanced. Max 117 steps (0.0006 hrs). 1 sec
[Run 116] Ep 10000 not balanced. Max 118 steps (0.0007 hrs). 1 sec
[Run 117] Ep 10000 not balanced. Max 1580 steps (0.0088 hrs). 2 sec
[Run 118] Ep 10000 not balanced. Max 104 steps (0.0006 hrs). 1 sec
[Run 119] Ep 10000 not balanced. Max 875 steps (0.0049 hrs). 2 sec
[Run 120] Ep 10000 not balanced. Max 2068 steps (0.0115 hrs). 1 sec
[Run 121] Ep 10000 not balanced. Max 134 steps (0.0007 hrs). 1 sec
[Run 122] Ep 10000 not balanced. Max 203 steps (0.0011 hrs). 1 sec
[Run 123] Ep 10000 not balanced. Max 29038 steps (0.1613 hrs). 2 sec
[Run 124] Ep 10000 not balanced. Max 119 steps (0.0007 hrs). 1 sec
[Run 125] Ep 10000 not balanced. Max 854 steps (0.0047 hrs). 2 sec
[Run 126] Ep 10000 not balanced. Max 110 steps (0.0006 hrs). 1 sec
[Run 127] Ep 10000 not balanced. Max 144 steps (0.0008 hrs). 1 sec
[Run 128] Ep 10000 not balanced. Max 83629 steps (0.4646 hrs). 6 sec
[Run 129] Ep 10000 not balanced. Max 202 steps (0.0011 hrs). 1 sec
[Run 130] Ep 10000 not balanced. Max 125 steps (0.0007 hrs). 1 sec
[Run 131] Ep 10000 not balanced. Max 1132 steps (0.0063 hrs). 2 sec
[Run 132] Ep 10000 not balanced. Max 148 steps (0.0008 hrs). 1 sec
[Run 133] Ep 10000 not balanced. Max 147 steps (0.0008 hrs). 1 sec
[Run 134] Ep 10000 not balanced. Max 119 steps (0.0007 hrs). 1 sec
[Run 135] Ep 10000 not balanced. Max 116 steps (0.0006 hrs). 1 sec
[Run 136] Ep 10000 not balanced. Max 112 steps (0.0006 hrs). 1 sec
[Run 137] Ep 10000 not balanced. Max 118 steps (0.0007 hrs). 1 sec
[Run 138] Ep 10000 not balanced. Max 768 steps (0.0043 hrs). 1 sec
[Run 139] Ep 10000 not balanced. Max 170 steps (0.0009 hrs). 1 sec
[Run 140] Ep 10000 not balanced. Max 203 steps (0.0011 hrs). 2 sec
[Run 141] Ep 10000 not balanced. Max 143 steps (0.0008 hrs). 1 sec
[Run 142] Ep 10000 not balanced. Max 90 steps (0.0005 hrs). 1 sec
[Run 143] Ep 10000 not balanced. Max 106 steps (0.0006 hrs). 1 sec
[Run 144] Ep 10000 not balanced. Max 134 steps (0.0007 hrs). 1 sec
[Run 145] Ep 10000 not balanced. Max 148 steps (0.0008 hrs). 1 sec
[Run 146] Ep 10000 not balanced. Max 211 steps (0.0012 hrs). 1 sec
[Run 147] Ep 10000 not balanced. Max 113 steps (0.0006 hrs). 1 sec
[Run 148] Ep 10000 not balanced. Max 109 steps (0.0006 hrs). 1 sec
[Run 149] Ep 10000 not balanced. Max 111 steps (0.0006 hrs). 1 sec
[Run 150] Ep 10000 not balanced. Max 118 steps (0.0007 hrs). 1 sec
[Run 151] Ep 10000 not balanced. Max 128 steps (0.0007 hrs). 1 sec
[Run 152] Ep 10000 not balanced. Max 156 steps (0.0009 hrs). 1 sec
[Run 153] Ep 10000 not balanced. Max 209 steps (0.0012 hrs). 1 sec
[Run 154] Ep 10000 not balanced. Max 107 steps (0.0006 hrs). 1 sec
[Run 155] Ep 10000 not balanced. Max 129 steps (0.0007 hrs). 1 sec
[Run 156] Ep 10000 not balanced. Max 132 steps (0.0007 hrs). 2 sec
[Run 157] Ep 10000 not balanced. Max 99 steps (0.0005 hrs). 1 sec
[Run 158] Ep 10000 not balanced. Max 152 steps (0.0008 hrs). 1 sec
[Run 159] Ep 10000 not balanced. Max 105 steps (0.0006 hrs). 1 sec
[Run 160] Ep 10000 not balanced. Max 152 steps (0.0008 hrs). 1 sec
[Run 161] Ep 10000 not balanced. Max 121 steps (0.0007 hrs). 1 sec
[Run 162] Ep 10000 not balanced. Max 110 steps (0.0006 hrs). 1 sec
[Run 163] Ep 10000 not balanced. Max 161 steps (0.0009 hrs). 1 sec
[Run 164] Ep 10000 not balanced. Max 123 steps (0.0007 hrs). 1 sec
[Run 165] Ep 10000 not balanced. Max 125 steps (0.0007 hrs). 1 sec
[Run 166] Ep 10000 not balanced. Max 137 steps (0.0008 hrs). 1 sec
[Run 167] Ep 10000 not balanced. Max 130 steps (0.0007 hrs). 1 sec
[Run 168] Ep 10000 not balanced. Max 126 steps (0.0007 hrs). 1 sec
[Run 169] Ep 10000 not balanced. Max 112 steps (0.0006 hrs). 1 sec
[Run 170] Ep 10000 not balanced. Max 127 steps (0.0007 hrs). 1 sec
[Run 171] Ep 10000 not balanced. Max 115 steps (0.0006 hrs). 1 sec
[Run 172] Ep 10000 not balanced. Max 145 steps (0.0008 hrs). 1 sec
[Run 173] Ep 10000 not balanced. Max 110 steps (0.0006 hrs). 1 sec
[Run 174] Ep 10000 not balanced. Max 120 steps (0.0007 hrs). 1 sec
[Run 175] Ep 10000 not balanced. Max 416 steps (0.0023 hrs). 1 sec
[Run 176] Ep 10000 not balanced. Max 118 steps (0.0007 hrs). 1 sec
[Run 177] Ep 10000 not balanced. Max 106 steps (0.0006 hrs). 1 sec
[Run 178] Ep 10000 not balanced. Max 110 steps (0.0006 hrs). 1 sec
[Run 179] Ep 10000 not balanced. Max 103 steps (0.0006 hrs). 2 sec
[Run 180] Ep 10000 not balanced. Max 122 steps (0.0007 hrs). 1 sec
[Run 181] Ep 10000 not balanced. Max 98 steps (0.0005 hrs). 1 sec
[Run 182] Ep 10000 not balanced. Max 107 steps (0.0006 hrs). 1 sec
[Run 183] Ep 10000 not balanced. Max 116 steps (0.0006 hrs). 1 sec
[Run 184] Ep 10000 not balanced. Max 166 steps (0.0009 hrs). 1 sec
[Run 185] Ep 10000 not balanced. Max 130 steps (0.0007 hrs). 1 sec
[Run 186] Ep 10000 not balanced. Max 126 steps (0.0007 hrs). 1 sec
[Run 187] Ep 10000 not balanced. Max 211 steps (0.0012 hrs). 1 sec
[Run 188] Ep 10000 not balanced. Max 2547 steps (0.0141 hrs). 2 sec
[Run 189] Ep 10000 not balanced. Max 210 steps (0.0012 hrs). 1 sec
[Run 190] Ep 10000 not balanced. Max 110 steps (0.0006 hrs). 1 sec
[Run 191] Ep 10000 not balanced. Max 187 steps (0.0010 hrs). 1 sec
[Run 192] Ep 10000 not balanced. Max 162 steps (0.0009 hrs). 1 sec
[Run 193] Ep 10000 not balanced. Max 130 steps (0.0007 hrs). 1 sec
[Run 194] Ep 10000 not balanced. Max 11688 steps (0.0649 hrs). 2 sec
[Run 195] Ep 10000 not balanced. Max 155 steps (0.0009 hrs). 1 sec
[Run 196] Ep 10000 not balanced. Max 120 steps (0.0007 hrs). 1 sec
[Run 197] Ep 9070 balanced for 180000 steps (1.0000 hrs). 7 sec
Wrote current weights to latest.weights
Total Elapsed time: 231 seconds
Wrote current data to latest.train
