balanced 0 test_flag 0
------------- Run 1 -------------
Ep 10000 not balanced. Max 136 steps (0.0008 hrs).
Elapsed time: 2 seconds
------------- Run 2 -------------
Ep 10000 not balanced. Max 110 steps (0.0006 hrs).
Elapsed time: 1 seconds
------------- Run 3 -------------
Ep 10000 not balanced. Max 72839 steps (0.4047 hrs).
Elapsed time: 10 seconds
------------- Run 4 -------------
Ep 10000 not balanced. Max 174192 steps (0.9677 hrs).
Elapsed time: 12 seconds
------------- Run 5 -------------
Ep 10000 not balanced. Max 105 steps (0.0006 hrs).
Elapsed time: 1 seconds
------------- Run 6 -------------
Ep 10000 not balanced. Max 116 steps (0.0006 hrs).
Elapsed time: 1 seconds
------------- Run 7 -------------
Ep 10000 not balanced. Max 18842 steps (0.1047 hrs).
Elapsed time: 6 seconds
------------- Run 8 -------------
Ep 10000 not balanced. Max 74700 steps (0.4150 hrs).
Elapsed time: 11 seconds
------------- Run 9 -------------
Ep 10000 not balanced. Max 115 steps (0.0006 hrs).
Elapsed time: 1 seconds
------------- Run 10 -------------
Ep 10000 not balanced. Max 121 steps (0.0007 hrs).
Elapsed time: 1 seconds
------------- Run 11 -------------
Ep 10000 not balanced. Max 90449 steps (0.5025 hrs).
Elapsed time: 10 seconds
------------- Run 12 -------------
Ep 10000 not balanced. Max 133 steps (0.0007 hrs).
Elapsed time: 1 seconds
------------- Run 13 -------------
Ep 10000 not balanced. Max 114 steps (0.0006 hrs).
Elapsed time: 1 seconds
------------- Run 14 -------------
Ep 10000 not balanced. Max 83327 steps (0.4629 hrs).
Elapsed time: 8 seconds
------------- Run 15 -------------
Ep 10000 not balanced. Max 102 steps (0.0006 hrs).
Elapsed time: 1 seconds
------------- Run 16 -------------
Ep 10000 not balanced. Max 91 steps (0.0005 hrs).
Elapsed time: 1 seconds
------------- Run 17 -------------
Ep 10000 not balanced. Max 126 steps (0.0007 hrs).
Elapsed time: 1 seconds
------------- Run 18 -------------
Ep 10000 not balanced. Max 133 steps (0.0007 hrs).
Elapsed time: 1 seconds
------------- Run 19 -------------
Ep 10000 not balanced. Max 120 steps (0.0007 hrs).
Elapsed time: 1 seconds
------------- Run 20 -------------
Ep 10000 not balanced. Max 132 steps (0.0007 hrs).
Elapsed time: 2 seconds
------------- Run 21 -------------
Ep 10000 not balanced. Max 118 steps (0.0007 hrs).
Elapsed time: 1 seconds
------------- Run 22 -------------
Ep 10000 not balanced. Max 112 steps (0.0006 hrs).
Elapsed time: 2 seconds
------------- Run 23 -------------
Ep 10000 not balanced. Max 129 steps (0.0007 hrs).
Elapsed time: 1 seconds
------------- Run 24 -------------
Ep 10000 not balanced. Max 145 steps (0.0008 hrs).
Elapsed time: 1 seconds
------------- Run 25 -------------
Ep 10000 not balanced. Max 101 steps (0.0006 hrs).
Elapsed time: 2 seconds
------------- Run 26 -------------
Ep 10000 not balanced. Max 53565 steps (0.2976 hrs).
Elapsed time: 4 seconds
------------- Run 27 -------------
Ep 10000 not balanced. Max 158 steps (0.0009 hrs).
Elapsed time: 2 seconds
------------- Run 28 -------------
Ep 10000 not balanced. Max 77825 steps (0.4324 hrs).
Elapsed time: 9 seconds
------------- Run 29 -------------
Ep 10000 not balanced. Max 174 steps (0.0010 hrs).
Elapsed time: 1 seconds
------------- Run 30 -------------
Ep 10000 not balanced. Max 105 steps (0.0006 hrs).
Elapsed time: 2 seconds
------------- Run 31 -------------
Ep 10000 not balanced. Max 129 steps (0.0007 hrs).
Elapsed time: 1 seconds
------------- Run 32 -------------
Ep 10000 not balanced. Max 138 steps (0.0008 hrs).
Elapsed time: 1 seconds
------------- Run 33 -------------
Ep 10000 not balanced. Max 118891 steps (0.6605 hrs).
Elapsed time: 11 seconds
------------- Run 34 -------------
Ep 10000 not balanced. Max 120 steps (0.0007 hrs).
Elapsed time: 1 seconds
------------- Run 35 -------------
Ep 10000 not balanced. Max 14264 steps (0.0792 hrs).
Elapsed time: 3 seconds
------------- Run 36 -------------
Ep 10000 not balanced. Max 124 steps (0.0007 hrs).
Elapsed time: 1 seconds
------------- Run 37 -------------
Ep 10000 not balanced. Max 173935 steps (0.9663 hrs).
Elapsed time: 12 seconds
------------- Run 38 -------------
Ep 10000 not balanced. Max 27964 steps (0.1554 hrs).
Elapsed time: 5 seconds
------------- Run 39 -------------
Ep 10000 not balanced. Max 24882 steps (0.1382 hrs).
Elapsed time: 7 seconds
------------- Run 40 -------------
Ep 10000 not balanced. Max 140 steps (0.0008 hrs).
Elapsed time: 1 seconds
------------- Run 41 -------------
Ep 10000 not balanced. Max 115 steps (0.0006 hrs).
Elapsed time: 1 seconds
------------- Run 42 -------------
Ep 10000 not balanced. Max 132 steps (0.0007 hrs).
Elapsed time: 2 seconds
------------- Run 43 -------------
Ep 10000 not balanced. Max 13290 steps (0.0738 hrs).
Elapsed time: 4 seconds
------------- Run 44 -------------
Ep 10000 not balanced. Max 134 steps (0.0007 hrs).
Elapsed time: 2 seconds
------------- Run 45 -------------
Ep 10000 not balanced. Max 36049 steps (0.2003 hrs).
Elapsed time: 7 seconds
------------- Run 46 -------------
Ep 10000 not balanced. Max 125 steps (0.0007 hrs).
Elapsed time: 2 seconds
------------- Run 47 -------------
Ep 10000 not balanced. Max 111 steps (0.0006 hrs).
Elapsed time: 1 seconds
------------- Run 48 -------------
Ep 10000 not balanced. Max 155 steps (0.0009 hrs).
Elapsed time: 1 seconds
------------- Run 49 -------------
Ep 10000 not balanced. Max 109 steps (0.0006 hrs).
Elapsed time: 1 seconds
------------- Run 50 -------------
Ep 10000 not balanced. Max 123 steps (0.0007 hrs).
Elapsed time: 2 seconds
------------- Run 51 -------------
Ep 10000 not balanced. Max 130 steps (0.0007 hrs).
Elapsed time: 1 seconds
------------- Run 52 -------------
Ep 10000 not balanced. Max 153 steps (0.0008 hrs).
Elapsed time: 1 seconds
------------- Run 53 -------------
Ep 10000 not balanced. Max 131 steps (0.0007 hrs).
Elapsed time: 2 seconds
------------- Run 54 -------------
Ep 10000 not balanced. Max 111 steps (0.0006 hrs).
Elapsed time: 1 seconds
------------- Run 55 -------------
Ep 10000 not balanced. Max 102 steps (0.0006 hrs).
Elapsed time: 2 seconds
------------- Run 56 -------------
Ep 10000 not balanced. Max 125 steps (0.0007 hrs).
Elapsed time: 1 seconds
------------- Run 57 -------------
Ep 10000 not balanced. Max 18681 steps (0.1038 hrs).
Elapsed time: 6 seconds
------------- Run 58 -------------
Ep 10000 not balanced. Max 122 steps (0.0007 hrs).
Elapsed time: 1 seconds
------------- Run 59 -------------
Ep 10000 not balanced. Max 14 steps (0.0001 hrs).
Elapsed time: 1 seconds
------------- Run 60 -------------
Ep 10000 not balanced. Max 121 steps (0.0007 hrs).
Elapsed time: 1 seconds
------------- Run 61 -------------
Ep 10000 not balanced. Max 104 steps (0.0006 hrs).
Elapsed time: 1 seconds
------------- Run 62 -------------
Ep 10000 not balanced. Max 127 steps (0.0007 hrs).
Elapsed time: 2 seconds
------------- Run 63 -------------
Ep 10000 not balanced. Max 106 steps (0.0006 hrs).
Elapsed time: 1 seconds
------------- Run 64 -------------
Ep 10000 not balanced. Max 17040 steps (0.0947 hrs).
Elapsed time: 4 seconds
------------- Run 65 -------------
Ep 10000 not balanced. Max 115 steps (0.0006 hrs).
Elapsed time: 1 seconds
------------- Run 66 -------------
Ep 10000 not balanced. Max 101 steps (0.0006 hrs).
Elapsed time: 1 seconds
------------- Run 67 -------------
Ep 10000 not balanced. Max 125 steps (0.0007 hrs).
Elapsed time: 1 seconds
------------- Run 68 -------------
Ep 10000 not balanced. Max 168553 steps (0.9364 hrs).
Elapsed time: 6 seconds
------------- Run 69 -------------
Ep 10000 not balanced. Max 23632 steps (0.1313 hrs).
Elapsed time: 6 seconds
------------- Run 70 -------------
Ep 10000 not balanced. Max 121 steps (0.0007 hrs).
Elapsed time: 1 seconds
------------- Run 71 -------------
Ep 10000 not balanced. Max 134 steps (0.0007 hrs).
Elapsed time: 1 seconds
------------- Run 72 -------------
Ep 10000 not balanced. Max 84115 steps (0.4673 hrs).
Elapsed time: 5 seconds
------------- Run 73 -------------
Ep 10000 not balanced. Max 134 steps (0.0007 hrs).
Elapsed time: 1 seconds
------------- Run 74 -------------
Ep 10000 not balanced. Max 123 steps (0.0007 hrs).
Elapsed time: 1 seconds
------------- Run 75 -------------
Ep 10000 not balanced. Max 108 steps (0.0006 hrs).
Elapsed time: 2 seconds
------------- Run 76 -------------
Ep 10000 not balanced. Max 110 steps (0.0006 hrs).
Elapsed time: 1 seconds
------------- Run 77 -------------
Ep 10000 not balanced. Max 128 steps (0.0007 hrs).
Elapsed time: 2 seconds
------------- Run 78 -------------
Ep 10000 not balanced. Max 107 steps (0.0006 hrs).
Elapsed time: 1 seconds
------------- Run 79 -------------
Ep 10000 not balanced. Max 130 steps (0.0007 hrs).
Elapsed time: 1 seconds
------------- Run 80 -------------
Ep 3567 balanced for 180000 steps (1.0000 hrs).
Elapsed time: 3 seconds
Wrote current weights to latest.weights
Wrote current data to latest.train

real	3m43.047s
user	3m14.490s
sys	0m28.540s
Copied to 180k-fm80-r2.train, 180k-fm80-r2.weights
1 1 -0.0003 -0.0003 0.0149 0.1186 -0.5867 -0.0087 0.0000
1 1 -0.0004 -0.0004 -0.0261 -0.0893 -0.4749 0.0010 0.0000
1 1 0.0001 0.0001 0.0188 -0.1983 -0.7173 0.0046 0.0000

88.484169 spikes/sec (L:44.241945 R:44.242223)
1.769683 spikes/step (L:0.884839 R:0.884844)
318543 spikes (L:159271 R:159272), j = 180000, dt = 0.0200
