balanced 0 test_flag 0
------------- Run 1 -------------
Ep 10000 not balanced. Max 120 steps (0.0007 hrs).
Elapsed time: 2 seconds
------------- Run 2 -------------
Ep 10000 not balanced. Max 103 steps (0.0006 hrs).
Elapsed time: 1 seconds
------------- Run 3 -------------
Ep 10000 not balanced. Max 118 steps (0.0007 hrs).
Elapsed time: 1 seconds
------------- Run 4 -------------
Ep 10000 not balanced. Max 126 steps (0.0007 hrs).
Elapsed time: 1 seconds
------------- Run 5 -------------
Ep 10000 not balanced. Max 112 steps (0.0006 hrs).
Elapsed time: 1 seconds
------------- Run 6 -------------
Ep 10000 not balanced. Max 67327 steps (0.3740 hrs).
Elapsed time: 7 seconds
------------- Run 7 -------------
Ep 10000 not balanced. Max 9884 steps (0.0549 hrs).
Elapsed time: 3 seconds
------------- Run 8 -------------
Ep 10000 not balanced. Max 120 steps (0.0007 hrs).
Elapsed time: 1 seconds
------------- Run 9 -------------
Ep 10000 not balanced. Max 117 steps (0.0006 hrs).
Elapsed time: 1 seconds
------------- Run 10 -------------
Ep 10000 not balanced. Max 120 steps (0.0007 hrs).
Elapsed time: 2 seconds
------------- Run 11 -------------
Ep 10000 not balanced. Max 130 steps (0.0007 hrs).
Elapsed time: 1 seconds
------------- Run 12 -------------
Ep 10000 not balanced. Max 112 steps (0.0006 hrs).
Elapsed time: 1 seconds
------------- Run 13 -------------
Ep 10000 not balanced. Max 130 steps (0.0007 hrs).
Elapsed time: 1 seconds
------------- Run 14 -------------
Ep 10000 not balanced. Max 117 steps (0.0006 hrs).
Elapsed time: 1 seconds
------------- Run 15 -------------
Ep 10000 not balanced. Max 117 steps (0.0006 hrs).
Elapsed time: 2 seconds
------------- Run 16 -------------
Ep 10000 not balanced. Max 145 steps (0.0008 hrs).
Elapsed time: 1 seconds
------------- Run 17 -------------
Ep 10000 not balanced. Max 152 steps (0.0008 hrs).
Elapsed time: 1 seconds
------------- Run 18 -------------
Ep 10000 not balanced. Max 57 steps (0.0003 hrs).
Elapsed time: 1 seconds
------------- Run 19 -------------
Ep 10000 not balanced. Max 106 steps (0.0006 hrs).
Elapsed time: 1 seconds
------------- Run 20 -------------
Ep 10000 not balanced. Max 107 steps (0.0006 hrs).
Elapsed time: 1 seconds
------------- Run 21 -------------
Ep 10000 not balanced. Max 141 steps (0.0008 hrs).
Elapsed time: 2 seconds
------------- Run 22 -------------
Ep 10000 not balanced. Max 47888 steps (0.2660 hrs).
Elapsed time: 9 seconds
------------- Run 23 -------------
Ep 10000 not balanced. Max 128 steps (0.0007 hrs).
Elapsed time: 1 seconds
------------- Run 24 -------------
Ep 10000 not balanced. Max 105 steps (0.0006 hrs).
Elapsed time: 1 seconds
------------- Run 25 -------------
Ep 10000 not balanced. Max 117 steps (0.0006 hrs).
Elapsed time: 2 seconds
------------- Run 26 -------------
Ep 10000 not balanced. Max 65599 steps (0.3644 hrs).
Elapsed time: 10 seconds
------------- Run 27 -------------
Ep 10000 not balanced. Max 129 steps (0.0007 hrs).
Elapsed time: 1 seconds
------------- Run 28 -------------
Ep 10000 not balanced. Max 151 steps (0.0008 hrs).
Elapsed time: 1 seconds
------------- Run 29 -------------
Ep 10000 not balanced. Max 151 steps (0.0008 hrs).
Elapsed time: 1 seconds
------------- Run 30 -------------
Ep 10000 not balanced. Max 127 steps (0.0007 hrs).
Elapsed time: 2 seconds
------------- Run 31 -------------
Ep 10000 not balanced. Max 115 steps (0.0006 hrs).
Elapsed time: 1 seconds
------------- Run 32 -------------
Ep 10000 not balanced. Max 106 steps (0.0006 hrs).
Elapsed time: 1 seconds
------------- Run 33 -------------
Ep 10000 not balanced. Max 68560 steps (0.3809 hrs).
Elapsed time: 5 seconds
------------- Run 34 -------------
Ep 10000 not balanced. Max 124 steps (0.0007 hrs).
Elapsed time: 1 seconds
------------- Run 35 -------------
Ep 10000 not balanced. Max 117 steps (0.0006 hrs).
Elapsed time: 1 seconds
------------- Run 36 -------------
Ep 10000 not balanced. Max 137 steps (0.0008 hrs).
Elapsed time: 2 seconds
------------- Run 37 -------------
Ep 10000 not balanced. Max 168663 steps (0.9370 hrs).
Elapsed time: 8 seconds
------------- Run 38 -------------
Ep 10000 not balanced. Max 129 steps (0.0007 hrs).
Elapsed time: 1 seconds
------------- Run 39 -------------
Ep 10000 not balanced. Max 105 steps (0.0006 hrs).
Elapsed time: 1 seconds
------------- Run 40 -------------
Ep 10000 not balanced. Max 109 steps (0.0006 hrs).
Elapsed time: 1 seconds
------------- Run 41 -------------
Ep 10000 not balanced. Max 104 steps (0.0006 hrs).
Elapsed time: 2 seconds
------------- Run 42 -------------
Ep 10000 not balanced. Max 117 steps (0.0006 hrs).
Elapsed time: 1 seconds
------------- Run 43 -------------
Ep 10000 not balanced. Max 160 steps (0.0009 hrs).
Elapsed time: 15 seconds
------------- Run 44 -------------
Ep 10000 not balanced. Max 20810 steps (0.1156 hrs).
Elapsed time: 8 seconds
------------- Run 45 -------------
Ep 10000 not balanced. Max 109 steps (0.0006 hrs).
Elapsed time: 1 seconds
------------- Run 46 -------------
Ep 10000 not balanced. Max 113 steps (0.0006 hrs).
Elapsed time: 2 seconds
------------- Run 47 -------------
Ep 10000 not balanced. Max 128 steps (0.0007 hrs).
Elapsed time: 1 seconds
------------- Run 48 -------------
Ep 10000 not balanced. Max 102 steps (0.0006 hrs).
Elapsed time: 1 seconds
------------- Run 49 -------------
Ep 10000 not balanced. Max 111 steps (0.0006 hrs).
Elapsed time: 2 seconds
------------- Run 50 -------------
Ep 10000 not balanced. Max 10996 steps (0.0611 hrs).
Elapsed time: 3 seconds
------------- Run 51 -------------
Ep 10000 not balanced. Max 128 steps (0.0007 hrs).
Elapsed time: 2 seconds
------------- Run 52 -------------
Ep 10000 not balanced. Max 109 steps (0.0006 hrs).
Elapsed time: 1 seconds
------------- Run 53 -------------
Ep 10000 not balanced. Max 139 steps (0.0008 hrs).
Elapsed time: 1 seconds
------------- Run 54 -------------
Ep 10000 not balanced. Max 122 steps (0.0007 hrs).
Elapsed time: 1 seconds
------------- Run 55 -------------
Ep 10000 not balanced. Max 130 steps (0.0007 hrs).
Elapsed time: 2 seconds
------------- Run 56 -------------
Ep 10000 not balanced. Max 110 steps (0.0006 hrs).
Elapsed time: 1 seconds
------------- Run 57 -------------
Ep 10000 not balanced. Max 124 steps (0.0007 hrs).
Elapsed time: 1 seconds
------------- Run 58 -------------
Ep 10000 not balanced. Max 125 steps (0.0007 hrs).
Elapsed time: 2 seconds
------------- Run 59 -------------
Ep 10000 not balanced. Max 143 steps (0.0008 hrs).
Elapsed time: 1 seconds
------------- Run 60 -------------
Ep 10000 not balanced. Max 91 steps (0.0005 hrs).
Elapsed time: 1 seconds
------------- Run 61 -------------
Ep 10000 not balanced. Max 67661 steps (0.3759 hrs).
Elapsed time: 4 seconds
------------- Run 62 -------------
Ep 10000 not balanced. Max 2727 steps (0.0151 hrs).
Elapsed time: 1 seconds
------------- Run 63 -------------
Ep 10000 not balanced. Max 25047 steps (0.1391 hrs).
Elapsed time: 7 seconds
------------- Run 64 -------------
Ep 10000 not balanced. Max 116 steps (0.0006 hrs).
Elapsed time: 1 seconds
------------- Run 65 -------------
Ep 10000 not balanced. Max 145 steps (0.0008 hrs).
Elapsed time: 1 seconds
------------- Run 66 -------------
Ep 10000 not balanced. Max 9567 steps (0.0531 hrs).
Elapsed time: 8 seconds
------------- Run 67 -------------
Ep 10000 not balanced. Max 133 steps (0.0007 hrs).
Elapsed time: 2 seconds
------------- Run 68 -------------
Ep 10000 not balanced. Max 106 steps (0.0006 hrs).
Elapsed time: 1 seconds
------------- Run 69 -------------
Ep 10000 not balanced. Max 120 steps (0.0007 hrs).
Elapsed time: 1 seconds
------------- Run 70 -------------
Ep 10000 not balanced. Max 107 steps (0.0006 hrs).
Elapsed time: 2 seconds
------------- Run 71 -------------
Ep 10000 not balanced. Max 172 steps (0.0010 hrs).
Elapsed time: 1 seconds
------------- Run 72 -------------
Ep 10000 not balanced. Max 100 steps (0.0006 hrs).
Elapsed time: 1 seconds
------------- Run 73 -------------
Ep 10000 not balanced. Max 99 steps (0.0005 hrs).
Elapsed time: 1 seconds
------------- Run 74 -------------
Ep 10000 not balanced. Max 56102 steps (0.3117 hrs).
Elapsed time: 8 seconds
------------- Run 75 -------------
Ep 10000 not balanced. Max 133 steps (0.0007 hrs).
Elapsed time: 1 seconds
------------- Run 76 -------------
Ep 10000 not balanced. Max 116 steps (0.0006 hrs).
Elapsed time: 1 seconds
------------- Run 77 -------------
Ep 10000 not balanced. Max 28089 steps (0.1560 hrs).
Elapsed time: 7 seconds
------------- Run 78 -------------
Ep 10000 not balanced. Max 125 steps (0.0007 hrs).
Elapsed time: 1 seconds
------------- Run 79 -------------
Ep 10000 not balanced. Max 117 steps (0.0006 hrs).
Elapsed time: 2 seconds
------------- Run 80 -------------
Ep 10000 not balanced. Max 119 steps (0.0007 hrs).
Elapsed time: 1 seconds
------------- Run 81 -------------
Ep 10000 not balanced. Max 117 steps (0.0006 hrs).
Elapsed time: 1 seconds
------------- Run 82 -------------
Ep 10000 not balanced. Max 147 steps (0.0008 hrs).
Elapsed time: 1 seconds
------------- Run 83 -------------
Ep 10000 not balanced. Max 179 steps (0.0010 hrs).
Elapsed time: 2 seconds
------------- Run 84 -------------
Ep 10000 not balanced. Max 103 steps (0.0006 hrs).
Elapsed time: 1 seconds
------------- Run 85 -------------
Ep 10000 not balanced. Max 119 steps (0.0007 hrs).
Elapsed time: 1 seconds
------------- Run 86 -------------
Ep 10000 not balanced. Max 118 steps (0.0007 hrs).
Elapsed time: 1 seconds
------------- Run 87 -------------
Ep 10000 not balanced. Max 124 steps (0.0007 hrs).
Elapsed time: 1 seconds
------------- Run 88 -------------
Ep 10000 not balanced. Max 107 steps (0.0006 hrs).
Elapsed time: 2 seconds
------------- Run 89 -------------
Ep 10000 not balanced. Max 106 steps (0.0006 hrs).
Elapsed time: 1 seconds
------------- Run 90 -------------
Ep 10000 not balanced. Max 103 steps (0.0006 hrs).
Elapsed time: 1 seconds
------------- Run 91 -------------
Ep 10000 not balanced. Max 105 steps (0.0006 hrs).
Elapsed time: 2 seconds
------------- Run 92 -------------
Ep 10000 not balanced. Max 117 steps (0.0006 hrs).
Elapsed time: 1 seconds
------------- Run 93 -------------
Ep 10000 not balanced. Max 123 steps (0.0007 hrs).
Elapsed time: 1 seconds
------------- Run 94 -------------
Ep 10000 not balanced. Max 114 steps (0.0006 hrs).
Elapsed time: 1 seconds
------------- Run 95 -------------
Ep 10000 not balanced. Max 135 steps (0.0007 hrs).
Elapsed time: 2 seconds
------------- Run 96 -------------
Ep 10000 not balanced. Max 34413 steps (0.1912 hrs).
Elapsed time: 6 seconds
------------- Run 97 -------------
Ep 10000 not balanced. Max 36187 steps (0.2010 hrs).
Elapsed time: 8 seconds
------------- Run 98 -------------
Ep 10000 not balanced. Max 136 steps (0.0008 hrs).
Elapsed time: 1 seconds
------------- Run 99 -------------
Ep 10000 not balanced. Max 97 steps (0.0005 hrs).
Elapsed time: 2 seconds
------------- Run 100 -------------
Ep 10000 not balanced. Max 166543 steps (0.9252 hrs).
Elapsed time: 13 seconds
------------- Run 101 -------------
Ep 10000 not balanced. Max 116 steps (0.0006 hrs).
Elapsed time: 1 seconds
------------- Run 102 -------------
Ep 10000 not balanced. Max 105 steps (0.0006 hrs).
Elapsed time: 1 seconds
------------- Run 103 -------------
Ep 10000 not balanced. Max 26915 steps (0.1495 hrs).
Elapsed time: 8 seconds
------------- Run 104 -------------
Ep 10000 not balanced. Max 115 steps (0.0006 hrs).
Elapsed time: 1 seconds
------------- Run 105 -------------
Ep 10000 not balanced. Max 107 steps (0.0006 hrs).
Elapsed time: 1 seconds
------------- Run 106 -------------
Ep 10000 not balanced. Max 109 steps (0.0006 hrs).
Elapsed time: 2 seconds
------------- Run 107 -------------
Ep 10000 not balanced. Max 106 steps (0.0006 hrs).
Elapsed time: 1 seconds
------------- Run 108 -------------
Ep 10000 not balanced. Max 128 steps (0.0007 hrs).
Elapsed time: 2 seconds
------------- Run 109 -------------
Ep 10000 not balanced. Max 134 steps (0.0007 hrs).
Elapsed time: 1 seconds
------------- Run 110 -------------
Ep 10000 not balanced. Max 154 steps (0.0009 hrs).
Elapsed time: 1 seconds
------------- Run 111 -------------
Ep 10000 not balanced. Max 68681 steps (0.3816 hrs).
Elapsed time: 7 seconds
------------- Run 112 -------------
Ep 10000 not balanced. Max 146 steps (0.0008 hrs).
Elapsed time: 2 seconds
------------- Run 113 -------------
Ep 10000 not balanced. Max 5516 steps (0.0306 hrs).
Elapsed time: 2 seconds
------------- Run 114 -------------
Ep 10000 not balanced. Max 105 steps (0.0006 hrs).
Elapsed time: 1 seconds
------------- Run 115 -------------
Ep 10000 not balanced. Max 119 steps (0.0007 hrs).
Elapsed time: 1 seconds
------------- Run 116 -------------
Ep 10000 not balanced. Max 123 steps (0.0007 hrs).
Elapsed time: 2 seconds
------------- Run 117 -------------
Ep 10000 not balanced. Max 161 steps (0.0009 hrs).
Elapsed time: 1 seconds
------------- Run 118 -------------
Ep 10000 not balanced. Max 106 steps (0.0006 hrs).
Elapsed time: 1 seconds
------------- Run 119 -------------
Ep 10000 not balanced. Max 98084 steps (0.5449 hrs).
Elapsed time: 14 seconds
------------- Run 120 -------------
Ep 10000 not balanced. Max 120 steps (0.0007 hrs).
Elapsed time: 1 seconds
------------- Run 121 -------------
Ep 10000 not balanced. Max 104 steps (0.0006 hrs).
Elapsed time: 2 seconds
------------- Run 122 -------------
Ep 10000 not balanced. Max 140 steps (0.0008 hrs).
Elapsed time: 1 seconds
------------- Run 123 -------------
Ep 10000 not balanced. Max 12966 steps (0.0720 hrs).
Elapsed time: 12 seconds
------------- Run 124 -------------
Ep 10000 not balanced. Max 73547 steps (0.4086 hrs).
Elapsed time: 7 seconds
------------- Run 125 -------------
Ep 10000 not balanced. Max 105 steps (0.0006 hrs).
Elapsed time: 1 seconds
------------- Run 126 -------------
Ep 10000 not balanced. Max 156556 steps (0.8698 hrs).
Elapsed time: 8 seconds
------------- Run 127 -------------
Ep 10000 not balanced. Max 117 steps (0.0006 hrs).
Elapsed time: 2 seconds
------------- Run 128 -------------
Ep 10000 not balanced. Max 178 steps (0.0010 hrs).
Elapsed time: 1 seconds
------------- Run 129 -------------
Ep 10000 not balanced. Max 122 steps (0.0007 hrs).
Elapsed time: 1 seconds
------------- Run 130 -------------
Ep 10000 not balanced. Max 184 steps (0.0010 hrs).
Elapsed time: 1 seconds
------------- Run 131 -------------
Ep 10000 not balanced. Max 131 steps (0.0007 hrs).
Elapsed time: 2 seconds
------------- Run 132 -------------
Ep 10000 not balanced. Max 140 steps (0.0008 hrs).
Elapsed time: 1 seconds
------------- Run 133 -------------
Ep 10000 not balanced. Max 126 steps (0.0007 hrs).
Elapsed time: 1 seconds
------------- Run 134 -------------
Ep 10000 not balanced. Max 98 steps (0.0005 hrs).
Elapsed time: 2 seconds
------------- Run 135 -------------
Ep 10000 not balanced. Max 91305 steps (0.5072 hrs).
Elapsed time: 8 seconds
------------- Run 136 -------------
Ep 10000 not balanced. Max 131 steps (0.0007 hrs).
Elapsed time: 1 seconds
------------- Run 137 -------------
Ep 10000 not balanced. Max 128 steps (0.0007 hrs).
Elapsed time: 1 seconds
------------- Run 138 -------------
Ep 10000 not balanced. Max 112 steps (0.0006 hrs).
Elapsed time: 2 seconds
------------- Run 139 -------------
Ep 10000 not balanced. Max 12635 steps (0.0702 hrs).
Elapsed time: 6 seconds
------------- Run 140 -------------
Ep 10000 not balanced. Max 110 steps (0.0006 hrs).
Elapsed time: 2 seconds
------------- Run 141 -------------
Ep 10000 not balanced. Max 120 steps (0.0007 hrs).
Elapsed time: 1 seconds
------------- Run 142 -------------
Ep 10000 not balanced. Max 9 steps (0.0000 hrs).
Elapsed time: 1 seconds
------------- Run 143 -------------
Ep 10000 not balanced. Max 108 steps (0.0006 hrs).
Elapsed time: 1 seconds
------------- Run 144 -------------
Ep 10000 not balanced. Max 112 steps (0.0006 hrs).
Elapsed time: 1 seconds
------------- Run 145 -------------
Ep 10000 not balanced. Max 146 steps (0.0008 hrs).
Elapsed time: 1 seconds
------------- Run 146 -------------
Ep 10000 not balanced. Max 110 steps (0.0006 hrs).
Elapsed time: 2 seconds
------------- Run 147 -------------
Ep 10000 not balanced. Max 109 steps (0.0006 hrs).
Elapsed time: 1 seconds
------------- Run 148 -------------
Ep 10000 not balanced. Max 116 steps (0.0006 hrs).
Elapsed time: 2 seconds
------------- Run 149 -------------
Ep 10000 not balanced. Max 111 steps (0.0006 hrs).
Elapsed time: 1 seconds
------------- Run 150 -------------
Ep 10000 not balanced. Max 108 steps (0.0006 hrs).
Elapsed time: 1 seconds
------------- Run 151 -------------
Ep 10000 not balanced. Max 127 steps (0.0007 hrs).
Elapsed time: 1 seconds
------------- Run 152 -------------
Ep 10000 not balanced. Max 122 steps (0.0007 hrs).
Elapsed time: 2 seconds
------------- Run 153 -------------
Ep 10000 not balanced. Max 141 steps (0.0008 hrs).
Elapsed time: 1 seconds
------------- Run 154 -------------
Ep 10000 not balanced. Max 122 steps (0.0007 hrs).
Elapsed time: 1 seconds
------------- Run 155 -------------
Ep 10000 not balanced. Max 120 steps (0.0007 hrs).
Elapsed time: 1 seconds
------------- Run 156 -------------
Ep 10000 not balanced. Max 20245 steps (0.1125 hrs).
Elapsed time: 5 seconds
------------- Run 157 -------------
Ep 10000 not balanced. Max 114 steps (0.0006 hrs).
Elapsed time: 1 seconds
------------- Run 158 -------------
Ep 10000 not balanced. Max 168 steps (0.0009 hrs).
Elapsed time: 1 seconds
------------- Run 159 -------------
Ep 10000 not balanced. Max 101 steps (0.0006 hrs).
Elapsed time: 1 seconds
------------- Run 160 -------------
Ep 10000 not balanced. Max 109 steps (0.0006 hrs).
Elapsed time: 2 seconds
------------- Run 161 -------------
Ep 10000 not balanced. Max 116 steps (0.0006 hrs).
Elapsed time: 1 seconds
------------- Run 162 -------------
Ep 10000 not balanced. Max 81836 steps (0.4546 hrs).
Elapsed time: 8 seconds
------------- Run 163 -------------
Ep 10000 not balanced. Max 122 steps (0.0007 hrs).
Elapsed time: 2 seconds
------------- Run 164 -------------
Ep 10000 not balanced. Max 102 steps (0.0006 hrs).
Elapsed time: 1 seconds
------------- Run 165 -------------
Ep 10000 not balanced. Max 128268 steps (0.7126 hrs).
Elapsed time: 11 seconds
------------- Run 166 -------------
Ep 10000 not balanced. Max 125 steps (0.0007 hrs).
Elapsed time: 1 seconds
------------- Run 167 -------------
Ep 10000 not balanced. Max 30454 steps (0.1692 hrs).
Elapsed time: 2 seconds
------------- Run 168 -------------
Ep 10000 not balanced. Max 20506 steps (0.1139 hrs).
Elapsed time: 8 seconds
------------- Run 169 -------------
Ep 10000 not balanced. Max 116 steps (0.0006 hrs).
Elapsed time: 1 seconds
------------- Run 170 -------------
Ep 10000 not balanced. Max 67768 steps (0.3765 hrs).
Elapsed time: 8 seconds
------------- Run 171 -------------
Ep 10000 not balanced. Max 105 steps (0.0006 hrs).
Elapsed time: 1 seconds
------------- Run 172 -------------
Ep 10000 not balanced. Max 140 steps (0.0008 hrs).
Elapsed time: 1 seconds
------------- Run 173 -------------
Ep 10000 not balanced. Max 21903 steps (0.1217 hrs).
Elapsed time: 7 seconds
------------- Run 174 -------------
Ep 10000 not balanced. Max 126 steps (0.0007 hrs).
Elapsed time: 1 seconds
------------- Run 175 -------------
Ep 10000 not balanced. Max 66888 steps (0.3716 hrs).
Elapsed time: 7 seconds
------------- Run 176 -------------
Ep 10000 not balanced. Max 29588 steps (0.1644 hrs).
Elapsed time: 5 seconds
------------- Run 177 -------------
Ep 10000 not balanced. Max 109 steps (0.0006 hrs).
Elapsed time: 1 seconds
------------- Run 178 -------------
Ep 10000 not balanced. Max 113 steps (0.0006 hrs).
Elapsed time: 1 seconds
------------- Run 179 -------------
Ep 10000 not balanced. Max 116 steps (0.0006 hrs).
Elapsed time: 2 seconds
------------- Run 180 -------------
Ep 10000 not balanced. Max 141 steps (0.0008 hrs).
Elapsed time: 1 seconds
------------- Run 181 -------------
Ep 10000 not balanced. Max 104 steps (0.0006 hrs).
Elapsed time: 1 seconds
------------- Run 182 -------------
Ep 10000 not balanced. Max 124 steps (0.0007 hrs).
Elapsed time: 1 seconds
------------- Run 183 -------------
Ep 10000 not balanced. Max 150 steps (0.0008 hrs).
Elapsed time: 1 seconds
------------- Run 184 -------------
Ep 10000 not balanced. Max 106012 steps (0.5890 hrs).
Elapsed time: 6 seconds
------------- Run 185 -------------
Ep 10000 not balanced. Max 137 steps (0.0008 hrs).
Elapsed time: 1 seconds
------------- Run 186 -------------
Ep 10000 not balanced. Max 142 steps (0.0008 hrs).
Elapsed time: 2 seconds
------------- Run 187 -------------
Ep 10000 not balanced. Max 257 steps (0.0014 hrs).
Elapsed time: 1 seconds
------------- Run 188 -------------
Ep 10000 not balanced. Max 27349 steps (0.1519 hrs).
Elapsed time: 9 seconds
------------- Run 189 -------------
Ep 10000 not balanced. Max 31944 steps (0.1775 hrs).
Elapsed time: 8 seconds
------------- Run 190 -------------
Ep 10000 not balanced. Max 113892 steps (0.6327 hrs).
Elapsed time: 9 seconds
------------- Run 191 -------------
Ep 10000 not balanced. Max 99408 steps (0.5523 hrs).
Elapsed time: 8 seconds
------------- Run 192 -------------
Ep 10000 not balanced. Max 126 steps (0.0007 hrs).
Elapsed time: 2 seconds
------------- Run 193 -------------
Ep 10000 not balanced. Max 103 steps (0.0006 hrs).
Elapsed time: 1 seconds
------------- Run 194 -------------
Ep 10000 not balanced. Max 104 steps (0.0006 hrs).
Elapsed time: 1 seconds
------------- Run 195 -------------
Ep 10000 not balanced. Max 119 steps (0.0007 hrs).
Elapsed time: 1 seconds
------------- Run 196 -------------
Ep 10000 not balanced. Max 110107 steps (0.6117 hrs).
Elapsed time: 9 seconds
------------- Run 197 -------------
Ep 10000 not balanced. Max 134 steps (0.0007 hrs).
Elapsed time: 1 seconds
------------- Run 198 -------------
Ep 10000 not balanced. Max 126 steps (0.0007 hrs).
Elapsed time: 1 seconds
------------- Run 199 -------------
Ep 10000 not balanced. Max 94 steps (0.0005 hrs).
Elapsed time: 2 seconds
------------- Run 200 -------------
Ep 10000 not balanced. Max 145 steps (0.0008 hrs).
Elapsed time: 1 seconds
------------- Run 201 -------------
Ep 10000 not balanced. Max 113 steps (0.0006 hrs).
Elapsed time: 1 seconds
------------- Run 202 -------------
Ep 10000 not balanced. Max 116 steps (0.0006 hrs).
Elapsed time: 2 seconds
------------- Run 203 -------------
Ep 10000 not balanced. Max 110 steps (0.0006 hrs).
Elapsed time: 1 seconds
------------- Run 204 -------------
Ep 10000 not balanced. Max 109 steps (0.0006 hrs).
Elapsed time: 1 seconds
------------- Run 205 -------------
Ep 10000 not balanced. Max 114 steps (0.0006 hrs).
Elapsed time: 1 seconds
------------- Run 206 -------------
Ep 10000 not balanced. Max 103 steps (0.0006 hrs).
Elapsed time: 1 seconds
------------- Run 207 -------------
Ep 10000 not balanced. Max 106 steps (0.0006 hrs).
Elapsed time: 2 seconds
------------- Run 208 -------------
Ep 10000 not balanced. Max 113 steps (0.0006 hrs).
Elapsed time: 1 seconds
------------- Run 209 -------------
Ep 10000 not balanced. Max 42341 steps (0.2352 hrs).
Elapsed time: 4 seconds
------------- Run 210 -------------
Ep 10000 not balanced. Max 139350 steps (0.7742 hrs).
Elapsed time: 11 seconds
------------- Run 211 -------------
Ep 10000 not balanced. Max 114 steps (0.0006 hrs).
Elapsed time: 1 seconds
------------- Run 212 -------------
Ep 10000 not balanced. Max 53620 steps (0.2979 hrs).
Elapsed time: 9 seconds
------------- Run 213 -------------
Ep 10000 not balanced. Max 125 steps (0.0007 hrs).
Elapsed time: 2 seconds
------------- Run 214 -------------
Ep 10000 not balanced. Max 148 steps (0.0008 hrs).
Elapsed time: 1 seconds
------------- Run 215 -------------
Ep 10000 not balanced. Max 19933 steps (0.1107 hrs).
Elapsed time: 7 seconds
------------- Run 216 -------------
Ep 10000 not balanced. Max 103 steps (0.0006 hrs).
Elapsed time: 2 seconds
------------- Run 217 -------------
Ep 8042 balanced for 180000 steps (1.0000 hrs).
Elapsed time: 9 seconds
Wrote current weights to latest.weights
Wrote current data to latest.train
